ARM GAS  C:\Users\Owner\AppData\Local\Temp\cc1PooV3.s 			page 1


   1              		.syntax unified
   2              		.cpu cortex-m3
   3              		.fpu softvfp
   4              		.eabi_attribute 20, 1
   5              		.eabi_attribute 21, 1
   6              		.eabi_attribute 23, 3
   7              		.eabi_attribute 24, 1
   8              		.eabi_attribute 25, 1
   9              		.eabi_attribute 26, 1
  10              		.eabi_attribute 30, 6
  11              		.eabi_attribute 34, 1
  12              		.eabi_attribute 18, 4
  13              		.thumb
  14              		.file	"Cm3Start.c"
  15              		.text
  16              	.Ltext0:
  17              		.cfi_sections	.debug_frame
  18              		.section	.noinit,"aw",%progbits
  19              		.align	2
  20              		.type	cySysNoInitDataValid, %object
  21              		.size	cySysNoInitDataValid, 4
  22              	cySysNoInitDataValid:
  23 0000 00000000 		.space	4
  24              		.global	CyRamVectors
  25              		.section	.ramvectors,"aw",%progbits
  26              		.align	8
  27              		.type	CyRamVectors, %object
  28              		.size	CyRamVectors, 192
  29              	CyRamVectors:
  30 0000 00000000 		.space	192
  30      00000000 
  30      00000000 
  30      00000000 
  30      00000000 
  31 00c0 00000000 		.section	.text.IntDefaultHandler,"ax",%progbits
  31      00000000 
  31      00000000 
  31      00000000 
  31      00000000 
  32              		.align	2
  33              		.global	IntDefaultHandler
  34              		.thumb
  35              		.thumb_func
  36              		.type	IntDefaultHandler, %function
  37              	IntDefaultHandler:
  38              	.LFB0:
  39              		.file 1 ".\\Generated_Source\\PSoC5\\Cm3Start.c"
   1:.\Generated_Source\PSoC5/Cm3Start.c **** /*******************************************************************************
   2:.\Generated_Source\PSoC5/Cm3Start.c **** * File Name: Cm3Start.c
   3:.\Generated_Source\PSoC5/Cm3Start.c **** * Version 4.10
   4:.\Generated_Source\PSoC5/Cm3Start.c **** *
   5:.\Generated_Source\PSoC5/Cm3Start.c **** *  Description:
   6:.\Generated_Source\PSoC5/Cm3Start.c **** *  Startup code for the ARM CM3.
   7:.\Generated_Source\PSoC5/Cm3Start.c **** *
   8:.\Generated_Source\PSoC5/Cm3Start.c **** ********************************************************************************
   9:.\Generated_Source\PSoC5/Cm3Start.c **** * Copyright 2008-2014, Cypress Semiconductor Corporation. All rights reserved.
  10:.\Generated_Source\PSoC5/Cm3Start.c **** * You may use this file only in accordance with the license, terms, conditions,
ARM GAS  C:\Users\Owner\AppData\Local\Temp\cc1PooV3.s 			page 2


  11:.\Generated_Source\PSoC5/Cm3Start.c **** * disclaimers, and limitations in the end user license agreement accompanying
  12:.\Generated_Source\PSoC5/Cm3Start.c **** * the software package with which this file was provided.
  13:.\Generated_Source\PSoC5/Cm3Start.c **** *******************************************************************************/
  14:.\Generated_Source\PSoC5/Cm3Start.c **** 
  15:.\Generated_Source\PSoC5/Cm3Start.c **** #include <limits.h>
  16:.\Generated_Source\PSoC5/Cm3Start.c **** #include "cydevice_trm.h"
  17:.\Generated_Source\PSoC5/Cm3Start.c **** #include "cytypes.h"
  18:.\Generated_Source\PSoC5/Cm3Start.c **** #include "cyfitter_cfg.h"
  19:.\Generated_Source\PSoC5/Cm3Start.c **** #include "CyLib.h"
  20:.\Generated_Source\PSoC5/Cm3Start.c **** #include "CyDmac.h"
  21:.\Generated_Source\PSoC5/Cm3Start.c **** #include "cyfitter.h"
  22:.\Generated_Source\PSoC5/Cm3Start.c **** 
  23:.\Generated_Source\PSoC5/Cm3Start.c **** #define CY_NUM_INTERRUPTS           (32u)
  24:.\Generated_Source\PSoC5/Cm3Start.c **** #define CY_NUM_VECTORS              (CYINT_IRQ_BASE + CY_NUM_INTERRUPTS)
  25:.\Generated_Source\PSoC5/Cm3Start.c **** #define CY_NUM_ROM_VECTORS          (4u)
  26:.\Generated_Source\PSoC5/Cm3Start.c **** #define CY_NVIC_APINT_PTR           ((reg32 *) CYREG_NVIC_APPLN_INTR)
  27:.\Generated_Source\PSoC5/Cm3Start.c **** #define CY_NVIC_CFG_CTRL_PTR        ((reg32 *) CYREG_NVIC_CFG_CONTROL)
  28:.\Generated_Source\PSoC5/Cm3Start.c **** #define CY_NVIC_APINT_PRIGROUP_3_5  (0x00000400u)  /* Priority group 3.5 split */
  29:.\Generated_Source\PSoC5/Cm3Start.c **** #define CY_NVIC_APINT_VECTKEY       (0x05FA0000u)  /* This key is required in order to write the NV
  30:.\Generated_Source\PSoC5/Cm3Start.c **** #define CY_NVIC_CFG_STACKALIGN      (0x00000200u)  /* This specifies that the exception stack must 
  31:.\Generated_Source\PSoC5/Cm3Start.c **** 
  32:.\Generated_Source\PSoC5/Cm3Start.c **** 
  33:.\Generated_Source\PSoC5/Cm3Start.c **** /* Extern functions */
  34:.\Generated_Source\PSoC5/Cm3Start.c **** extern void CyBtldr_CheckLaunch(void);
  35:.\Generated_Source\PSoC5/Cm3Start.c **** 
  36:.\Generated_Source\PSoC5/Cm3Start.c **** /* Function prototypes */
  37:.\Generated_Source\PSoC5/Cm3Start.c **** void initialize_psoc(void);
  38:.\Generated_Source\PSoC5/Cm3Start.c **** CY_ISR(IntDefaultHandler);
  39:.\Generated_Source\PSoC5/Cm3Start.c **** void Reset(void);
  40:.\Generated_Source\PSoC5/Cm3Start.c **** CY_ISR(IntDefaultHandler);
  41:.\Generated_Source\PSoC5/Cm3Start.c **** 
  42:.\Generated_Source\PSoC5/Cm3Start.c **** #if defined(__ARMCC_VERSION)
  43:.\Generated_Source\PSoC5/Cm3Start.c ****     #define INITIAL_STACK_POINTER ((cyisraddress)(uint32)&Image$$ARM_LIB_STACK$$ZI$$Limit)
  44:.\Generated_Source\PSoC5/Cm3Start.c **** #elif defined (__GNUC__)
  45:.\Generated_Source\PSoC5/Cm3Start.c ****     #define INITIAL_STACK_POINTER (&__cy_stack)
  46:.\Generated_Source\PSoC5/Cm3Start.c **** #elif defined (__ICCARM__)
  47:.\Generated_Source\PSoC5/Cm3Start.c ****     #pragma language=extended
  48:.\Generated_Source\PSoC5/Cm3Start.c ****     #pragma segment="CSTACK"
  49:.\Generated_Source\PSoC5/Cm3Start.c ****     #define INITIAL_STACK_POINTER  { .__ptr = __sfe( "CSTACK" ) }
  50:.\Generated_Source\PSoC5/Cm3Start.c **** 
  51:.\Generated_Source\PSoC5/Cm3Start.c ****     extern void __iar_program_start( void );
  52:.\Generated_Source\PSoC5/Cm3Start.c ****     extern void __iar_data_init3 (void);
  53:.\Generated_Source\PSoC5/Cm3Start.c **** #endif  /* (__ARMCC_VERSION) */
  54:.\Generated_Source\PSoC5/Cm3Start.c **** 
  55:.\Generated_Source\PSoC5/Cm3Start.c **** /* Global variables */
  56:.\Generated_Source\PSoC5/Cm3Start.c **** #if !defined (__ICCARM__)
  57:.\Generated_Source\PSoC5/Cm3Start.c ****     CY_NOINIT static uint32 cySysNoInitDataValid;
  58:.\Generated_Source\PSoC5/Cm3Start.c **** #endif  /* !defined (__ICCARM__) */
  59:.\Generated_Source\PSoC5/Cm3Start.c **** 
  60:.\Generated_Source\PSoC5/Cm3Start.c **** 
  61:.\Generated_Source\PSoC5/Cm3Start.c **** /*******************************************************************************
  62:.\Generated_Source\PSoC5/Cm3Start.c **** * Default Ram Interrupt Vector table storage area. Must be 256-byte aligned.
  63:.\Generated_Source\PSoC5/Cm3Start.c **** *******************************************************************************/
  64:.\Generated_Source\PSoC5/Cm3Start.c **** #if defined (__ICCARM__)
  65:.\Generated_Source\PSoC5/Cm3Start.c ****     #pragma location=".ramvectors"
  66:.\Generated_Source\PSoC5/Cm3Start.c ****     #pragma data_alignment=256
  67:.\Generated_Source\PSoC5/Cm3Start.c **** #else
ARM GAS  C:\Users\Owner\AppData\Local\Temp\cc1PooV3.s 			page 3


  68:.\Generated_Source\PSoC5/Cm3Start.c ****     CY_SECTION(".ramvectors")
  69:.\Generated_Source\PSoC5/Cm3Start.c ****     CY_ALIGN(256)
  70:.\Generated_Source\PSoC5/Cm3Start.c **** #endif  /* defined (__ICCARM__) */
  71:.\Generated_Source\PSoC5/Cm3Start.c **** cyisraddress CyRamVectors[CY_NUM_VECTORS];
  72:.\Generated_Source\PSoC5/Cm3Start.c **** 
  73:.\Generated_Source\PSoC5/Cm3Start.c **** 
  74:.\Generated_Source\PSoC5/Cm3Start.c **** /*******************************************************************************
  75:.\Generated_Source\PSoC5/Cm3Start.c **** * Function Name: IntDefaultHandler
  76:.\Generated_Source\PSoC5/Cm3Start.c **** ********************************************************************************
  77:.\Generated_Source\PSoC5/Cm3Start.c **** *
  78:.\Generated_Source\PSoC5/Cm3Start.c **** * Summary:
  79:.\Generated_Source\PSoC5/Cm3Start.c **** *  This function is called for all interrupts, other than a reset that gets
  80:.\Generated_Source\PSoC5/Cm3Start.c **** *  called before the system is setup.
  81:.\Generated_Source\PSoC5/Cm3Start.c **** *
  82:.\Generated_Source\PSoC5/Cm3Start.c **** * Parameters:
  83:.\Generated_Source\PSoC5/Cm3Start.c **** *  None
  84:.\Generated_Source\PSoC5/Cm3Start.c **** *
  85:.\Generated_Source\PSoC5/Cm3Start.c **** * Return:
  86:.\Generated_Source\PSoC5/Cm3Start.c **** *  None
  87:.\Generated_Source\PSoC5/Cm3Start.c **** *
  88:.\Generated_Source\PSoC5/Cm3Start.c **** * Theory:
  89:.\Generated_Source\PSoC5/Cm3Start.c **** *  Any value other than zero is acceptable.
  90:.\Generated_Source\PSoC5/Cm3Start.c **** *
  91:.\Generated_Source\PSoC5/Cm3Start.c **** *******************************************************************************/
  92:.\Generated_Source\PSoC5/Cm3Start.c **** CY_ISR(IntDefaultHandler)
  93:.\Generated_Source\PSoC5/Cm3Start.c **** {
  40              		.loc 1 93 0
  41              		.cfi_startproc
  42              		@ args = 0, pretend = 0, frame = 0
  43              		@ frame_needed = 1, uses_anonymous_args = 0
  44              		@ link register save eliminated.
  45 0000 80B4     		push	{r7}
  46              		.cfi_def_cfa_offset 4
  47              		.cfi_offset 7, -4
  48 0002 00AF     		add	r7, sp, #0
  49              		.cfi_def_cfa_register 7
  50              	.L2:
  94:.\Generated_Source\PSoC5/Cm3Start.c **** 
  95:.\Generated_Source\PSoC5/Cm3Start.c ****     while(1)
  96:.\Generated_Source\PSoC5/Cm3Start.c ****     {
  97:.\Generated_Source\PSoC5/Cm3Start.c ****         /***********************************************************************
  98:.\Generated_Source\PSoC5/Cm3Start.c ****         * We must not get here. If we do, a serious problem occurs, so go
  99:.\Generated_Source\PSoC5/Cm3Start.c ****         * into an infinite loop.
 100:.\Generated_Source\PSoC5/Cm3Start.c ****         ***********************************************************************/
 101:.\Generated_Source\PSoC5/Cm3Start.c ****     }
  51              		.loc 1 101 0 discriminator 1
  52 0004 FEE7     		b	.L2
  53              		.cfi_endproc
  54              	.LFE0:
  55              		.size	IntDefaultHandler, .-IntDefaultHandler
  56              		.section	.text.Reset,"ax",%progbits
  57              		.align	2
  58              		.global	Reset
  59              		.thumb
  60              		.thumb_func
  61              		.type	Reset, %function
  62              	Reset:
ARM GAS  C:\Users\Owner\AppData\Local\Temp\cc1PooV3.s 			page 4


  63              	.LFB1:
 102:.\Generated_Source\PSoC5/Cm3Start.c **** }
 103:.\Generated_Source\PSoC5/Cm3Start.c **** 
 104:.\Generated_Source\PSoC5/Cm3Start.c **** 
 105:.\Generated_Source\PSoC5/Cm3Start.c **** #if defined(__ARMCC_VERSION)
 106:.\Generated_Source\PSoC5/Cm3Start.c **** 
 107:.\Generated_Source\PSoC5/Cm3Start.c **** /* Local function for device reset. */
 108:.\Generated_Source\PSoC5/Cm3Start.c **** extern void Reset(void);
 109:.\Generated_Source\PSoC5/Cm3Start.c **** 
 110:.\Generated_Source\PSoC5/Cm3Start.c **** /* Application entry point. */
 111:.\Generated_Source\PSoC5/Cm3Start.c **** extern void $Super$$main(void);
 112:.\Generated_Source\PSoC5/Cm3Start.c **** 
 113:.\Generated_Source\PSoC5/Cm3Start.c **** /* Linker-generated Stack Base addresses, Two Region and One Region */
 114:.\Generated_Source\PSoC5/Cm3Start.c **** extern uint32 Image$$ARM_LIB_STACK$$ZI$$Limit;
 115:.\Generated_Source\PSoC5/Cm3Start.c **** 
 116:.\Generated_Source\PSoC5/Cm3Start.c **** /* RealView C Library initialization. */
 117:.\Generated_Source\PSoC5/Cm3Start.c **** extern int __main(void);
 118:.\Generated_Source\PSoC5/Cm3Start.c **** 
 119:.\Generated_Source\PSoC5/Cm3Start.c **** 
 120:.\Generated_Source\PSoC5/Cm3Start.c **** /*******************************************************************************
 121:.\Generated_Source\PSoC5/Cm3Start.c **** * Function Name: Reset
 122:.\Generated_Source\PSoC5/Cm3Start.c **** ********************************************************************************
 123:.\Generated_Source\PSoC5/Cm3Start.c **** *
 124:.\Generated_Source\PSoC5/Cm3Start.c **** * Summary:
 125:.\Generated_Source\PSoC5/Cm3Start.c **** *  This function handles the reset interrupt for the RVDS/MDK toolchains.
 126:.\Generated_Source\PSoC5/Cm3Start.c **** *  This is the first bit of code that is executed at startup.
 127:.\Generated_Source\PSoC5/Cm3Start.c **** *
 128:.\Generated_Source\PSoC5/Cm3Start.c **** * Parameters:
 129:.\Generated_Source\PSoC5/Cm3Start.c **** *  None
 130:.\Generated_Source\PSoC5/Cm3Start.c **** *
 131:.\Generated_Source\PSoC5/Cm3Start.c **** * Return:
 132:.\Generated_Source\PSoC5/Cm3Start.c **** *  None
 133:.\Generated_Source\PSoC5/Cm3Start.c **** *
 134:.\Generated_Source\PSoC5/Cm3Start.c **** *******************************************************************************/
 135:.\Generated_Source\PSoC5/Cm3Start.c **** void Reset(void)
 136:.\Generated_Source\PSoC5/Cm3Start.c **** {
 137:.\Generated_Source\PSoC5/Cm3Start.c ****     #if(CYDEV_PROJ_TYPE != CYDEV_PROJ_TYPE_LOADABLE)
 138:.\Generated_Source\PSoC5/Cm3Start.c **** 
 139:.\Generated_Source\PSoC5/Cm3Start.c ****         /* For PSoC 5LP, debugging is enabled by default */
 140:.\Generated_Source\PSoC5/Cm3Start.c ****         #if(CYDEV_DEBUGGING_ENABLE == 0)
 141:.\Generated_Source\PSoC5/Cm3Start.c ****             *(reg32 *)(CYDEV_DEBUG_ENABLE_REGISTER) |= CYDEV_DEBUG_ENABLE_MASK;
 142:.\Generated_Source\PSoC5/Cm3Start.c ****         #endif /* (CYDEV_DEBUGGING_ENABLE) */
 143:.\Generated_Source\PSoC5/Cm3Start.c **** 
 144:.\Generated_Source\PSoC5/Cm3Start.c ****         /* Reset Status Register has Read-to-clear SW access mode.
 145:.\Generated_Source\PSoC5/Cm3Start.c ****         * Preserve current RESET_SR0 state to make it available for next reading.
 146:.\Generated_Source\PSoC5/Cm3Start.c ****         */
 147:.\Generated_Source\PSoC5/Cm3Start.c ****         *(reg32 *)(CYREG_PHUB_CFGMEM23_CFG1) = *(reg32 *)(CYREG_RESET_SR0);
 148:.\Generated_Source\PSoC5/Cm3Start.c **** 
 149:.\Generated_Source\PSoC5/Cm3Start.c ****     #endif  /* (CYDEV_PROJ_TYPE != CYDEV_PROJ_TYPE_LOADABLE) */
 150:.\Generated_Source\PSoC5/Cm3Start.c **** 
 151:.\Generated_Source\PSoC5/Cm3Start.c ****     #if(CYDEV_BOOTLOADER_ENABLE)
 152:.\Generated_Source\PSoC5/Cm3Start.c ****         CyBtldr_CheckLaunch();
 153:.\Generated_Source\PSoC5/Cm3Start.c ****     #endif /* (CYDEV_BOOTLOADER_ENABLE) */
 154:.\Generated_Source\PSoC5/Cm3Start.c **** 
 155:.\Generated_Source\PSoC5/Cm3Start.c ****     __main();
 156:.\Generated_Source\PSoC5/Cm3Start.c **** }
 157:.\Generated_Source\PSoC5/Cm3Start.c **** 
ARM GAS  C:\Users\Owner\AppData\Local\Temp\cc1PooV3.s 			page 5


 158:.\Generated_Source\PSoC5/Cm3Start.c **** 
 159:.\Generated_Source\PSoC5/Cm3Start.c **** /*******************************************************************************
 160:.\Generated_Source\PSoC5/Cm3Start.c **** * Function Name: $Sub$$main
 161:.\Generated_Source\PSoC5/Cm3Start.c **** ********************************************************************************
 162:.\Generated_Source\PSoC5/Cm3Start.c **** *
 163:.\Generated_Source\PSoC5/Cm3Start.c **** * Summary:
 164:.\Generated_Source\PSoC5/Cm3Start.c **** *  This function is called immediately before the users main
 165:.\Generated_Source\PSoC5/Cm3Start.c **** *
 166:.\Generated_Source\PSoC5/Cm3Start.c **** * Parameters:
 167:.\Generated_Source\PSoC5/Cm3Start.c **** *  None
 168:.\Generated_Source\PSoC5/Cm3Start.c **** *
 169:.\Generated_Source\PSoC5/Cm3Start.c **** * Return:
 170:.\Generated_Source\PSoC5/Cm3Start.c **** *  None
 171:.\Generated_Source\PSoC5/Cm3Start.c **** *
 172:.\Generated_Source\PSoC5/Cm3Start.c **** *******************************************************************************/
 173:.\Generated_Source\PSoC5/Cm3Start.c **** void $Sub$$main(void)
 174:.\Generated_Source\PSoC5/Cm3Start.c **** {
 175:.\Generated_Source\PSoC5/Cm3Start.c ****     initialize_psoc();
 176:.\Generated_Source\PSoC5/Cm3Start.c **** 
 177:.\Generated_Source\PSoC5/Cm3Start.c ****     /* Call original main */
 178:.\Generated_Source\PSoC5/Cm3Start.c ****     $Super$$main();
 179:.\Generated_Source\PSoC5/Cm3Start.c **** 
 180:.\Generated_Source\PSoC5/Cm3Start.c ****     while (1)
 181:.\Generated_Source\PSoC5/Cm3Start.c ****     {
 182:.\Generated_Source\PSoC5/Cm3Start.c ****         /* If main returns, it is undefined what we should do. */
 183:.\Generated_Source\PSoC5/Cm3Start.c ****     }
 184:.\Generated_Source\PSoC5/Cm3Start.c **** }
 185:.\Generated_Source\PSoC5/Cm3Start.c **** 
 186:.\Generated_Source\PSoC5/Cm3Start.c **** #elif defined(__GNUC__)
 187:.\Generated_Source\PSoC5/Cm3Start.c **** 
 188:.\Generated_Source\PSoC5/Cm3Start.c **** void Start_c(void);
 189:.\Generated_Source\PSoC5/Cm3Start.c **** 
 190:.\Generated_Source\PSoC5/Cm3Start.c **** /* Stack Base address */
 191:.\Generated_Source\PSoC5/Cm3Start.c **** extern void __cy_stack(void);
 192:.\Generated_Source\PSoC5/Cm3Start.c **** 
 193:.\Generated_Source\PSoC5/Cm3Start.c **** /* Application entry point. */
 194:.\Generated_Source\PSoC5/Cm3Start.c **** extern int main(void);
 195:.\Generated_Source\PSoC5/Cm3Start.c **** 
 196:.\Generated_Source\PSoC5/Cm3Start.c **** /* Static objects constructors initializer */
 197:.\Generated_Source\PSoC5/Cm3Start.c **** extern void __libc_init_array(void);
 198:.\Generated_Source\PSoC5/Cm3Start.c **** 
 199:.\Generated_Source\PSoC5/Cm3Start.c **** typedef unsigned char __cy_byte_align8 __attribute ((aligned (8)));
 200:.\Generated_Source\PSoC5/Cm3Start.c **** 
 201:.\Generated_Source\PSoC5/Cm3Start.c **** struct __cy_region
 202:.\Generated_Source\PSoC5/Cm3Start.c **** {
 203:.\Generated_Source\PSoC5/Cm3Start.c ****     __cy_byte_align8 *init; /* Initial contents of this region.  */
 204:.\Generated_Source\PSoC5/Cm3Start.c ****     __cy_byte_align8 *data; /* Start address of region.  */
 205:.\Generated_Source\PSoC5/Cm3Start.c ****     size_t init_size;       /* Size of initial data.  */
 206:.\Generated_Source\PSoC5/Cm3Start.c ****     size_t zero_size;       /* Additional size to be zeroed.  */
 207:.\Generated_Source\PSoC5/Cm3Start.c **** };
 208:.\Generated_Source\PSoC5/Cm3Start.c **** 
 209:.\Generated_Source\PSoC5/Cm3Start.c **** extern const struct __cy_region __cy_regions[];
 210:.\Generated_Source\PSoC5/Cm3Start.c **** extern const char __cy_region_num __attribute__((weak));
 211:.\Generated_Source\PSoC5/Cm3Start.c **** #define __cy_region_num ((size_t)&__cy_region_num)
 212:.\Generated_Source\PSoC5/Cm3Start.c **** 
 213:.\Generated_Source\PSoC5/Cm3Start.c **** 
 214:.\Generated_Source\PSoC5/Cm3Start.c **** /*******************************************************************************
ARM GAS  C:\Users\Owner\AppData\Local\Temp\cc1PooV3.s 			page 6


 215:.\Generated_Source\PSoC5/Cm3Start.c **** * Function Name: Reset
 216:.\Generated_Source\PSoC5/Cm3Start.c **** ********************************************************************************
 217:.\Generated_Source\PSoC5/Cm3Start.c **** *
 218:.\Generated_Source\PSoC5/Cm3Start.c **** * Summary:
 219:.\Generated_Source\PSoC5/Cm3Start.c **** *  This function handles the reset interrupt for the GCC toolchain. This is the
 220:.\Generated_Source\PSoC5/Cm3Start.c **** *  first bit of code that is executed at startup.
 221:.\Generated_Source\PSoC5/Cm3Start.c **** *
 222:.\Generated_Source\PSoC5/Cm3Start.c **** * Parameters:
 223:.\Generated_Source\PSoC5/Cm3Start.c **** *  None
 224:.\Generated_Source\PSoC5/Cm3Start.c **** *
 225:.\Generated_Source\PSoC5/Cm3Start.c **** * Return:
 226:.\Generated_Source\PSoC5/Cm3Start.c **** *  None
 227:.\Generated_Source\PSoC5/Cm3Start.c **** *
 228:.\Generated_Source\PSoC5/Cm3Start.c **** *******************************************************************************/
 229:.\Generated_Source\PSoC5/Cm3Start.c **** void Reset(void)
 230:.\Generated_Source\PSoC5/Cm3Start.c **** {
  64              		.loc 1 230 0
  65              		.cfi_startproc
  66              		@ args = 0, pretend = 0, frame = 0
  67              		@ frame_needed = 1, uses_anonymous_args = 0
  68 0000 80B5     		push	{r7, lr}
  69              		.cfi_def_cfa_offset 8
  70              		.cfi_offset 7, -8
  71              		.cfi_offset 14, -4
  72 0002 00AF     		add	r7, sp, #0
  73              		.cfi_def_cfa_register 7
 231:.\Generated_Source\PSoC5/Cm3Start.c ****     #if(CYDEV_PROJ_TYPE != CYDEV_PROJ_TYPE_LOADABLE)
 232:.\Generated_Source\PSoC5/Cm3Start.c **** 
 233:.\Generated_Source\PSoC5/Cm3Start.c ****         /* For PSoC 5LP, debugging is enabled by default */
 234:.\Generated_Source\PSoC5/Cm3Start.c ****         #if(CYDEV_DEBUGGING_ENABLE == 0)
 235:.\Generated_Source\PSoC5/Cm3Start.c ****             *(reg32 *)(CYDEV_DEBUG_ENABLE_REGISTER) |= CYDEV_DEBUG_ENABLE_MASK;
 236:.\Generated_Source\PSoC5/Cm3Start.c ****         #endif /* (CYDEV_DEBUGGING_ENABLE) */
 237:.\Generated_Source\PSoC5/Cm3Start.c **** 
 238:.\Generated_Source\PSoC5/Cm3Start.c ****         /* Reset Status Register has Read-to-clear SW access mode.
 239:.\Generated_Source\PSoC5/Cm3Start.c ****         * Preserve current RESET_SR0 state to make it available for next reading.
 240:.\Generated_Source\PSoC5/Cm3Start.c ****         */
 241:.\Generated_Source\PSoC5/Cm3Start.c ****         *(reg32 *)(CYREG_PHUB_CFGMEM23_CFG1) = *(reg32 *)(CYREG_RESET_SR0);
  74              		.loc 1 241 0
  75 0004 024B     		ldr	r3, .L4
  76 0006 034A     		ldr	r2, .L4+4
  77 0008 1268     		ldr	r2, [r2]
  78 000a 1A60     		str	r2, [r3]
 242:.\Generated_Source\PSoC5/Cm3Start.c **** 
 243:.\Generated_Source\PSoC5/Cm3Start.c ****     #endif  /* (CYDEV_PROJ_TYPE != CYDEV_PROJ_TYPE_LOADABLE) */
 244:.\Generated_Source\PSoC5/Cm3Start.c **** 
 245:.\Generated_Source\PSoC5/Cm3Start.c ****     #if(CYDEV_BOOTLOADER_ENABLE)
 246:.\Generated_Source\PSoC5/Cm3Start.c ****         CyBtldr_CheckLaunch();
 247:.\Generated_Source\PSoC5/Cm3Start.c ****     #endif /* (CYDEV_BOOTLOADER_ENABLE) */
 248:.\Generated_Source\PSoC5/Cm3Start.c **** 
 249:.\Generated_Source\PSoC5/Cm3Start.c ****     Start_c();
  79              		.loc 1 249 0
  80 000c FFF7FEFF 		bl	Start_c
  81              	.L5:
  82              		.align	2
  83              	.L4:
  84 0010 BC760040 		.word	1073772220
  85 0014 FA460040 		.word	1073759994
ARM GAS  C:\Users\Owner\AppData\Local\Temp\cc1PooV3.s 			page 7


  86              		.cfi_endproc
  87              	.LFE1:
  88              		.size	Reset, .-Reset
  89              		.section	.text._exit,"ax",%progbits
  90              		.align	2
  91              		.weak	_exit
  92              		.thumb
  93              		.thumb_func
  94              		.type	_exit, %function
  95              	_exit:
  96              	.LFB2:
 250:.\Generated_Source\PSoC5/Cm3Start.c **** }
 251:.\Generated_Source\PSoC5/Cm3Start.c **** 
 252:.\Generated_Source\PSoC5/Cm3Start.c **** __attribute__((weak))
 253:.\Generated_Source\PSoC5/Cm3Start.c **** void _exit(int status)
 254:.\Generated_Source\PSoC5/Cm3Start.c **** {
  97              		.loc 1 254 0
  98              		.cfi_startproc
  99              		@ args = 0, pretend = 0, frame = 16
 100              		@ frame_needed = 1, uses_anonymous_args = 0
 101              		@ link register save eliminated.
 102 0000 80B4     		push	{r7}
 103              		.cfi_def_cfa_offset 4
 104              		.cfi_offset 7, -4
 105 0002 85B0     		sub	sp, sp, #20
 106              		.cfi_def_cfa_offset 24
 107 0004 00AF     		add	r7, sp, #0
 108              		.cfi_def_cfa_register 7
 109 0006 7860     		str	r0, [r7, #4]
 255:.\Generated_Source\PSoC5/Cm3Start.c ****     /* Cause divide by 0 exception */
 256:.\Generated_Source\PSoC5/Cm3Start.c ****     int x = status / INT_MAX;
 110              		.loc 1 256 0
 111 0008 7B68     		ldr	r3, [r7, #4]
 112 000a 064A     		ldr	r2, .L8
 113 000c 82FB0312 		smull	r1, r2, r2, r3
 114 0010 5217     		asrs	r2, r2, #29
 115 0012 DB17     		asrs	r3, r3, #31
 116 0014 D31A     		subs	r3, r2, r3
 117 0016 FB60     		str	r3, [r7, #12]
 257:.\Generated_Source\PSoC5/Cm3Start.c ****     x = 4 / x;
 118              		.loc 1 257 0
 119 0018 0422     		movs	r2, #4
 120 001a FB68     		ldr	r3, [r7, #12]
 121 001c 92FBF3F3 		sdiv	r3, r2, r3
 122 0020 FB60     		str	r3, [r7, #12]
 123              	.L7:
 258:.\Generated_Source\PSoC5/Cm3Start.c **** 
 259:.\Generated_Source\PSoC5/Cm3Start.c ****     while(1)
 260:.\Generated_Source\PSoC5/Cm3Start.c ****     {
 261:.\Generated_Source\PSoC5/Cm3Start.c ****     }
 124              		.loc 1 261 0 discriminator 1
 125 0022 FEE7     		b	.L7
 126              	.L9:
 127              		.align	2
 128              	.L8:
 129 0024 01000040 		.word	1073741825
 130              		.cfi_endproc
ARM GAS  C:\Users\Owner\AppData\Local\Temp\cc1PooV3.s 			page 8


 131              	.LFE2:
 132              		.size	_exit, .-_exit
 133              		.section	.text.Start_c,"ax",%progbits
 134              		.align	2
 135              		.global	Start_c
 136              		.thumb
 137              		.thumb_func
 138              		.type	Start_c, %function
 139              	Start_c:
 140              	.LFB3:
 262:.\Generated_Source\PSoC5/Cm3Start.c **** }
 263:.\Generated_Source\PSoC5/Cm3Start.c **** 
 264:.\Generated_Source\PSoC5/Cm3Start.c **** /*******************************************************************************
 265:.\Generated_Source\PSoC5/Cm3Start.c **** * Function Name: Start_c
 266:.\Generated_Source\PSoC5/Cm3Start.c **** ********************************************************************************
 267:.\Generated_Source\PSoC5/Cm3Start.c **** *
 268:.\Generated_Source\PSoC5/Cm3Start.c **** * Summary:
 269:.\Generated_Source\PSoC5/Cm3Start.c **** *  This function handles initializing the .data and .bss sections in
 270:.\Generated_Source\PSoC5/Cm3Start.c **** *  preparation for running the standard C code.  Once initialization is complete
 271:.\Generated_Source\PSoC5/Cm3Start.c **** *  it will call main(). This function will never return.
 272:.\Generated_Source\PSoC5/Cm3Start.c **** *
 273:.\Generated_Source\PSoC5/Cm3Start.c **** * Parameters:
 274:.\Generated_Source\PSoC5/Cm3Start.c **** *  None
 275:.\Generated_Source\PSoC5/Cm3Start.c **** *
 276:.\Generated_Source\PSoC5/Cm3Start.c **** * Return:
 277:.\Generated_Source\PSoC5/Cm3Start.c **** *  None
 278:.\Generated_Source\PSoC5/Cm3Start.c **** *
 279:.\Generated_Source\PSoC5/Cm3Start.c **** *******************************************************************************/
 280:.\Generated_Source\PSoC5/Cm3Start.c **** void Start_c(void)  __attribute__ ((noreturn));
 281:.\Generated_Source\PSoC5/Cm3Start.c **** void Start_c(void)
 282:.\Generated_Source\PSoC5/Cm3Start.c **** {
 141              		.loc 1 282 0
 142              		.cfi_startproc
 143              		@ args = 0, pretend = 0, frame = 24
 144              		@ frame_needed = 1, uses_anonymous_args = 0
 145 0000 80B5     		push	{r7, lr}
 146              		.cfi_def_cfa_offset 8
 147              		.cfi_offset 7, -8
 148              		.cfi_offset 14, -4
 149 0002 86B0     		sub	sp, sp, #24
 150              		.cfi_def_cfa_offset 32
 151 0004 00AF     		add	r7, sp, #0
 152              		.cfi_def_cfa_register 7
 283:.\Generated_Source\PSoC5/Cm3Start.c ****     unsigned regions = __cy_region_num;
 153              		.loc 1 283 0
 154 0006 214B     		ldr	r3, .L18
 155 0008 7B61     		str	r3, [r7, #20]
 284:.\Generated_Source\PSoC5/Cm3Start.c ****     const struct __cy_region *rptr = __cy_regions;
 156              		.loc 1 284 0
 157 000a 214B     		ldr	r3, .L18+4
 158 000c 3B61     		str	r3, [r7, #16]
 285:.\Generated_Source\PSoC5/Cm3Start.c **** 
 286:.\Generated_Source\PSoC5/Cm3Start.c ****     /* Initialize memory */
 287:.\Generated_Source\PSoC5/Cm3Start.c ****     for (regions = __cy_region_num, rptr = __cy_regions; regions--; rptr++)
 159              		.loc 1 287 0
 160 000e 1F4B     		ldr	r3, .L18
 161 0010 7B61     		str	r3, [r7, #20]
ARM GAS  C:\Users\Owner\AppData\Local\Temp\cc1PooV3.s 			page 9


 162 0012 1F4B     		ldr	r3, .L18+4
 163 0014 3B61     		str	r3, [r7, #16]
 164 0016 2FE0     		b	.L11
 165              	.L16:
 166              	.LBB2:
 288:.\Generated_Source\PSoC5/Cm3Start.c ****     {
 289:.\Generated_Source\PSoC5/Cm3Start.c ****         uint32 *src = (uint32 *)rptr->init;
 167              		.loc 1 289 0
 168 0018 3B69     		ldr	r3, [r7, #16]
 169 001a 1B68     		ldr	r3, [r3]
 170 001c FB60     		str	r3, [r7, #12]
 290:.\Generated_Source\PSoC5/Cm3Start.c ****         uint32 *dst = (uint32 *)rptr->data;
 171              		.loc 1 290 0
 172 001e 3B69     		ldr	r3, [r7, #16]
 173 0020 5B68     		ldr	r3, [r3, #4]
 174 0022 BB60     		str	r3, [r7, #8]
 291:.\Generated_Source\PSoC5/Cm3Start.c ****         unsigned limit = rptr->init_size;
 175              		.loc 1 291 0
 176 0024 3B69     		ldr	r3, [r7, #16]
 177 0026 9B68     		ldr	r3, [r3, #8]
 178 0028 3B60     		str	r3, [r7]
 292:.\Generated_Source\PSoC5/Cm3Start.c ****         unsigned count;
 293:.\Generated_Source\PSoC5/Cm3Start.c **** 
 294:.\Generated_Source\PSoC5/Cm3Start.c ****         for (count = 0u; count != limit; count += sizeof (uint32))
 179              		.loc 1 294 0
 180 002a 0023     		movs	r3, #0
 181 002c 7B60     		str	r3, [r7, #4]
 182 002e 0AE0     		b	.L12
 183              	.L13:
 295:.\Generated_Source\PSoC5/Cm3Start.c ****         {
 296:.\Generated_Source\PSoC5/Cm3Start.c ****             *dst++ = *src++;
 184              		.loc 1 296 0 discriminator 2
 185 0030 BB68     		ldr	r3, [r7, #8]
 186 0032 1A1D     		adds	r2, r3, #4
 187 0034 BA60     		str	r2, [r7, #8]
 188 0036 FA68     		ldr	r2, [r7, #12]
 189 0038 111D     		adds	r1, r2, #4
 190 003a F960     		str	r1, [r7, #12]
 191 003c 1268     		ldr	r2, [r2]
 192 003e 1A60     		str	r2, [r3]
 294:.\Generated_Source\PSoC5/Cm3Start.c ****         for (count = 0u; count != limit; count += sizeof (uint32))
 193              		.loc 1 294 0 discriminator 2
 194 0040 7B68     		ldr	r3, [r7, #4]
 195 0042 0433     		adds	r3, r3, #4
 196 0044 7B60     		str	r3, [r7, #4]
 197              	.L12:
 294:.\Generated_Source\PSoC5/Cm3Start.c ****         for (count = 0u; count != limit; count += sizeof (uint32))
 198              		.loc 1 294 0 is_stmt 0 discriminator 1
 199 0046 7A68     		ldr	r2, [r7, #4]
 200 0048 3B68     		ldr	r3, [r7]
 201 004a 9A42     		cmp	r2, r3
 202 004c F0D1     		bne	.L13
 297:.\Generated_Source\PSoC5/Cm3Start.c ****         }
 298:.\Generated_Source\PSoC5/Cm3Start.c ****         limit = rptr->zero_size;
 203              		.loc 1 298 0 is_stmt 1
 204 004e 3B69     		ldr	r3, [r7, #16]
 205 0050 DB68     		ldr	r3, [r3, #12]
ARM GAS  C:\Users\Owner\AppData\Local\Temp\cc1PooV3.s 			page 10


 206 0052 3B60     		str	r3, [r7]
 299:.\Generated_Source\PSoC5/Cm3Start.c ****         for (count = 0u; count != limit; count += sizeof (uint32))
 207              		.loc 1 299 0
 208 0054 0023     		movs	r3, #0
 209 0056 7B60     		str	r3, [r7, #4]
 210 0058 07E0     		b	.L14
 211              	.L15:
 300:.\Generated_Source\PSoC5/Cm3Start.c ****         {
 301:.\Generated_Source\PSoC5/Cm3Start.c ****             *dst++ = 0u;
 212              		.loc 1 301 0 discriminator 2
 213 005a BB68     		ldr	r3, [r7, #8]
 214 005c 1A1D     		adds	r2, r3, #4
 215 005e BA60     		str	r2, [r7, #8]
 216 0060 0022     		movs	r2, #0
 217 0062 1A60     		str	r2, [r3]
 299:.\Generated_Source\PSoC5/Cm3Start.c ****         for (count = 0u; count != limit; count += sizeof (uint32))
 218              		.loc 1 299 0 discriminator 2
 219 0064 7B68     		ldr	r3, [r7, #4]
 220 0066 0433     		adds	r3, r3, #4
 221 0068 7B60     		str	r3, [r7, #4]
 222              	.L14:
 299:.\Generated_Source\PSoC5/Cm3Start.c ****         for (count = 0u; count != limit; count += sizeof (uint32))
 223              		.loc 1 299 0 is_stmt 0 discriminator 1
 224 006a 7A68     		ldr	r2, [r7, #4]
 225 006c 3B68     		ldr	r3, [r7]
 226 006e 9A42     		cmp	r2, r3
 227 0070 F3D1     		bne	.L15
 228              	.LBE2:
 287:.\Generated_Source\PSoC5/Cm3Start.c ****     for (regions = __cy_region_num, rptr = __cy_regions; regions--; rptr++)
 229              		.loc 1 287 0 is_stmt 1
 230 0072 3B69     		ldr	r3, [r7, #16]
 231 0074 1033     		adds	r3, r3, #16
 232 0076 3B61     		str	r3, [r7, #16]
 233              	.L11:
 287:.\Generated_Source\PSoC5/Cm3Start.c ****     for (regions = __cy_region_num, rptr = __cy_regions; regions--; rptr++)
 234              		.loc 1 287 0 is_stmt 0 discriminator 1
 235 0078 7B69     		ldr	r3, [r7, #20]
 236 007a 5A1E     		subs	r2, r3, #1
 237 007c 7A61     		str	r2, [r7, #20]
 238 007e 002B     		cmp	r3, #0
 239 0080 CAD1     		bne	.L16
 302:.\Generated_Source\PSoC5/Cm3Start.c ****         }
 303:.\Generated_Source\PSoC5/Cm3Start.c ****     }
 304:.\Generated_Source\PSoC5/Cm3Start.c **** 
 305:.\Generated_Source\PSoC5/Cm3Start.c ****     /* Invoke static objects constructors */
 306:.\Generated_Source\PSoC5/Cm3Start.c ****     __libc_init_array();
 240              		.loc 1 306 0 is_stmt 1
 241 0082 FFF7FEFF 		bl	__libc_init_array
 307:.\Generated_Source\PSoC5/Cm3Start.c ****     (void) main();
 242              		.loc 1 307 0
 243 0086 FFF7FEFF 		bl	main
 244              	.L17:
 308:.\Generated_Source\PSoC5/Cm3Start.c **** 
 309:.\Generated_Source\PSoC5/Cm3Start.c ****     while (1)
 310:.\Generated_Source\PSoC5/Cm3Start.c ****     {
 311:.\Generated_Source\PSoC5/Cm3Start.c ****         /* If main returns, make sure we don't return. */
 312:.\Generated_Source\PSoC5/Cm3Start.c ****     }
ARM GAS  C:\Users\Owner\AppData\Local\Temp\cc1PooV3.s 			page 11


 245              		.loc 1 312 0 discriminator 1
 246 008a FEE7     		b	.L17
 247              	.L19:
 248              		.align	2
 249              	.L18:
 250 008c 00000000 		.word	__cy_region_num
 251 0090 00000000 		.word	__cy_regions
 252              		.cfi_endproc
 253              	.LFE3:
 254              		.size	Start_c, .-Start_c
 255              		.global	RomVectors
 256              		.section	.romvectors,"a",%progbits
 257              		.align	2
 258              		.type	RomVectors, %object
 259              		.size	RomVectors, 16
 260              	RomVectors:
 261 0000 00000000 		.word	__cy_stack
 262 0004 00000000 		.word	Reset
 263 0008 00000000 		.word	IntDefaultHandler
 264 000c 00000000 		.word	IntDefaultHandler
 265              		.section	.text.initialize_psoc,"ax",%progbits
 266              		.align	2
 267              		.global	initialize_psoc
 268              		.thumb
 269              		.thumb_func
 270              		.type	initialize_psoc, %function
 271              	initialize_psoc:
 272              	.LFB4:
 313:.\Generated_Source\PSoC5/Cm3Start.c **** }
 314:.\Generated_Source\PSoC5/Cm3Start.c **** 
 315:.\Generated_Source\PSoC5/Cm3Start.c **** 
 316:.\Generated_Source\PSoC5/Cm3Start.c **** #elif defined (__ICCARM__)
 317:.\Generated_Source\PSoC5/Cm3Start.c **** 
 318:.\Generated_Source\PSoC5/Cm3Start.c **** /*******************************************************************************
 319:.\Generated_Source\PSoC5/Cm3Start.c **** * Function Name: __low_level_init
 320:.\Generated_Source\PSoC5/Cm3Start.c **** ********************************************************************************
 321:.\Generated_Source\PSoC5/Cm3Start.c **** *
 322:.\Generated_Source\PSoC5/Cm3Start.c **** * Summary:
 323:.\Generated_Source\PSoC5/Cm3Start.c **** *  This function performs early initializations for the IAR Embedded
 324:.\Generated_Source\PSoC5/Cm3Start.c **** *  Workbench IDE. It is executed in the context of a reset interrupt handler
 325:.\Generated_Source\PSoC5/Cm3Start.c **** *  before the data sections are initialized.
 326:.\Generated_Source\PSoC5/Cm3Start.c **** *
 327:.\Generated_Source\PSoC5/Cm3Start.c **** * Parameters:
 328:.\Generated_Source\PSoC5/Cm3Start.c **** *  None
 329:.\Generated_Source\PSoC5/Cm3Start.c **** *
 330:.\Generated_Source\PSoC5/Cm3Start.c **** * Return:
 331:.\Generated_Source\PSoC5/Cm3Start.c **** *  The value that determines whether or not data sections should be initialized
 332:.\Generated_Source\PSoC5/Cm3Start.c **** *  by the system startup code:
 333:.\Generated_Source\PSoC5/Cm3Start.c **** *    0 - skip data sections initialization;
 334:.\Generated_Source\PSoC5/Cm3Start.c **** *    1 - initialize data sections;
 335:.\Generated_Source\PSoC5/Cm3Start.c **** *
 336:.\Generated_Source\PSoC5/Cm3Start.c **** *******************************************************************************/
 337:.\Generated_Source\PSoC5/Cm3Start.c **** int __low_level_init(void)
 338:.\Generated_Source\PSoC5/Cm3Start.c **** {
 339:.\Generated_Source\PSoC5/Cm3Start.c ****     #if(CYDEV_PROJ_TYPE != CYDEV_PROJ_TYPE_LOADABLE)
 340:.\Generated_Source\PSoC5/Cm3Start.c **** 
 341:.\Generated_Source\PSoC5/Cm3Start.c ****         /* For PSoC 5LP, debugging is enabled by default */
ARM GAS  C:\Users\Owner\AppData\Local\Temp\cc1PooV3.s 			page 12


 342:.\Generated_Source\PSoC5/Cm3Start.c ****         #if(CYDEV_DEBUGGING_ENABLE == 0)
 343:.\Generated_Source\PSoC5/Cm3Start.c ****             *(reg32 *)(CYDEV_DEBUG_ENABLE_REGISTER) |= CYDEV_DEBUG_ENABLE_MASK;
 344:.\Generated_Source\PSoC5/Cm3Start.c ****         #endif /* (CYDEV_DEBUGGING_ENABLE) */
 345:.\Generated_Source\PSoC5/Cm3Start.c **** 
 346:.\Generated_Source\PSoC5/Cm3Start.c ****         /* Reset Status Register has Read-to-clear SW access mode.
 347:.\Generated_Source\PSoC5/Cm3Start.c ****         * Preserve current RESET_SR0 state to make it available for next reading.
 348:.\Generated_Source\PSoC5/Cm3Start.c ****         */
 349:.\Generated_Source\PSoC5/Cm3Start.c ****         *(reg32 *)(CYREG_PHUB_CFGMEM23_CFG1) = *(reg32 *)(CYREG_RESET_SR0);
 350:.\Generated_Source\PSoC5/Cm3Start.c **** 
 351:.\Generated_Source\PSoC5/Cm3Start.c ****     #endif  /* (CYDEV_PROJ_TYPE != CYDEV_PROJ_TYPE_LOADABLE) */
 352:.\Generated_Source\PSoC5/Cm3Start.c **** 
 353:.\Generated_Source\PSoC5/Cm3Start.c ****     #if (CYDEV_BOOTLOADER_ENABLE)
 354:.\Generated_Source\PSoC5/Cm3Start.c ****         CyBtldr_CheckLaunch();
 355:.\Generated_Source\PSoC5/Cm3Start.c ****     #endif /* CYDEV_BOOTLOADER_ENABLE */
 356:.\Generated_Source\PSoC5/Cm3Start.c **** 
 357:.\Generated_Source\PSoC5/Cm3Start.c ****     /* Initialize data sections */
 358:.\Generated_Source\PSoC5/Cm3Start.c ****     __iar_data_init3();
 359:.\Generated_Source\PSoC5/Cm3Start.c **** 
 360:.\Generated_Source\PSoC5/Cm3Start.c ****     initialize_psoc();
 361:.\Generated_Source\PSoC5/Cm3Start.c **** 
 362:.\Generated_Source\PSoC5/Cm3Start.c ****     return 0;
 363:.\Generated_Source\PSoC5/Cm3Start.c **** }
 364:.\Generated_Source\PSoC5/Cm3Start.c **** 
 365:.\Generated_Source\PSoC5/Cm3Start.c **** #endif /* __GNUC__ */
 366:.\Generated_Source\PSoC5/Cm3Start.c **** 
 367:.\Generated_Source\PSoC5/Cm3Start.c **** 
 368:.\Generated_Source\PSoC5/Cm3Start.c **** /*******************************************************************************
 369:.\Generated_Source\PSoC5/Cm3Start.c **** *
 370:.\Generated_Source\PSoC5/Cm3Start.c **** * Default Rom Interrupt Vector table.
 371:.\Generated_Source\PSoC5/Cm3Start.c **** *
 372:.\Generated_Source\PSoC5/Cm3Start.c **** *******************************************************************************/
 373:.\Generated_Source\PSoC5/Cm3Start.c **** #if defined(__ARMCC_VERSION)
 374:.\Generated_Source\PSoC5/Cm3Start.c ****     /* Suppress diagnostic message 1296-D: extended constant initialiser used */
 375:.\Generated_Source\PSoC5/Cm3Start.c ****     #pragma diag_suppress 1296
 376:.\Generated_Source\PSoC5/Cm3Start.c **** #endif  /* defined(__ARMCC_VERSION) */
 377:.\Generated_Source\PSoC5/Cm3Start.c **** 
 378:.\Generated_Source\PSoC5/Cm3Start.c **** #if defined (__ICCARM__)
 379:.\Generated_Source\PSoC5/Cm3Start.c ****     #pragma location=".romvectors"
 380:.\Generated_Source\PSoC5/Cm3Start.c ****     const intvec_elem __vector_table[CY_NUM_ROM_VECTORS] =
 381:.\Generated_Source\PSoC5/Cm3Start.c **** #else
 382:.\Generated_Source\PSoC5/Cm3Start.c ****     CY_SECTION(".romvectors")
 383:.\Generated_Source\PSoC5/Cm3Start.c ****     const cyisraddress RomVectors[CY_NUM_ROM_VECTORS] =
 384:.\Generated_Source\PSoC5/Cm3Start.c **** #endif  /* defined (__ICCARM__) */
 385:.\Generated_Source\PSoC5/Cm3Start.c **** {
 386:.\Generated_Source\PSoC5/Cm3Start.c ****     INITIAL_STACK_POINTER,   /* Initial stack pointer  0 */
 387:.\Generated_Source\PSoC5/Cm3Start.c ****     #if defined (__ICCARM__) /* Reset handler          1 */
 388:.\Generated_Source\PSoC5/Cm3Start.c ****         __iar_program_start,
 389:.\Generated_Source\PSoC5/Cm3Start.c ****     #else
 390:.\Generated_Source\PSoC5/Cm3Start.c ****         (cyisraddress)&Reset,
 391:.\Generated_Source\PSoC5/Cm3Start.c ****     #endif  /* defined (__ICCARM__) */
 392:.\Generated_Source\PSoC5/Cm3Start.c ****     &IntDefaultHandler,      /* NMI handler            2 */
 393:.\Generated_Source\PSoC5/Cm3Start.c ****     &IntDefaultHandler,      /* Hard fault handler     3 */
 394:.\Generated_Source\PSoC5/Cm3Start.c **** };
 395:.\Generated_Source\PSoC5/Cm3Start.c **** 
 396:.\Generated_Source\PSoC5/Cm3Start.c **** #if defined(__ARMCC_VERSION)
 397:.\Generated_Source\PSoC5/Cm3Start.c ****     #pragma diag_default 1296
 398:.\Generated_Source\PSoC5/Cm3Start.c **** #endif  /* defined(__ARMCC_VERSION) */
ARM GAS  C:\Users\Owner\AppData\Local\Temp\cc1PooV3.s 			page 13


 399:.\Generated_Source\PSoC5/Cm3Start.c **** 
 400:.\Generated_Source\PSoC5/Cm3Start.c **** 
 401:.\Generated_Source\PSoC5/Cm3Start.c **** /*******************************************************************************
 402:.\Generated_Source\PSoC5/Cm3Start.c **** * Function Name: initialize_psoc
 403:.\Generated_Source\PSoC5/Cm3Start.c **** ********************************************************************************
 404:.\Generated_Source\PSoC5/Cm3Start.c **** *
 405:.\Generated_Source\PSoC5/Cm3Start.c **** * Summary:
 406:.\Generated_Source\PSoC5/Cm3Start.c **** *  This function used to initialize the PSoC chip before calling main.
 407:.\Generated_Source\PSoC5/Cm3Start.c **** *
 408:.\Generated_Source\PSoC5/Cm3Start.c **** * Parameters:
 409:.\Generated_Source\PSoC5/Cm3Start.c **** *  None
 410:.\Generated_Source\PSoC5/Cm3Start.c **** *
 411:.\Generated_Source\PSoC5/Cm3Start.c **** * Return:
 412:.\Generated_Source\PSoC5/Cm3Start.c **** *  None
 413:.\Generated_Source\PSoC5/Cm3Start.c **** *
 414:.\Generated_Source\PSoC5/Cm3Start.c **** *******************************************************************************/
 415:.\Generated_Source\PSoC5/Cm3Start.c **** #if (defined(__GNUC__) && !defined(__ARMCC_VERSION))
 416:.\Generated_Source\PSoC5/Cm3Start.c **** __attribute__ ((constructor(101)))
 417:.\Generated_Source\PSoC5/Cm3Start.c **** #endif
 418:.\Generated_Source\PSoC5/Cm3Start.c **** void initialize_psoc(void)
 419:.\Generated_Source\PSoC5/Cm3Start.c **** {
 273              		.loc 1 419 0
 274              		.cfi_startproc
 275              		@ args = 0, pretend = 0, frame = 8
 276              		@ frame_needed = 1, uses_anonymous_args = 0
 277 0000 80B5     		push	{r7, lr}
 278              		.cfi_def_cfa_offset 8
 279              		.cfi_offset 7, -8
 280              		.cfi_offset 14, -4
 281 0002 82B0     		sub	sp, sp, #8
 282              		.cfi_def_cfa_offset 16
 283 0004 00AF     		add	r7, sp, #0
 284              		.cfi_def_cfa_register 7
 420:.\Generated_Source\PSoC5/Cm3Start.c ****     uint32 i;
 421:.\Generated_Source\PSoC5/Cm3Start.c **** 
 422:.\Generated_Source\PSoC5/Cm3Start.c ****     /* Set Priority group 5. */
 423:.\Generated_Source\PSoC5/Cm3Start.c **** 
 424:.\Generated_Source\PSoC5/Cm3Start.c ****     /* Writes to NVIC_APINT register require the VECTKEY in the upper half */
 425:.\Generated_Source\PSoC5/Cm3Start.c ****     *CY_NVIC_APINT_PTR = CY_NVIC_APINT_VECTKEY | CY_NVIC_APINT_PRIGROUP_3_5;
 285              		.loc 1 425 0
 286 0006 174B     		ldr	r3, .L25
 287 0008 174A     		ldr	r2, .L25+4
 288 000a 1A60     		str	r2, [r3]
 426:.\Generated_Source\PSoC5/Cm3Start.c ****     *CY_NVIC_CFG_CTRL_PTR |= CY_NVIC_CFG_STACKALIGN;
 289              		.loc 1 426 0
 290 000c 174B     		ldr	r3, .L25+8
 291 000e 174A     		ldr	r2, .L25+8
 292 0010 1268     		ldr	r2, [r2]
 293 0012 42F40072 		orr	r2, r2, #512
 294 0016 1A60     		str	r2, [r3]
 427:.\Generated_Source\PSoC5/Cm3Start.c **** 
 428:.\Generated_Source\PSoC5/Cm3Start.c ****     /* Set Ram interrupt vectors to default functions. */
 429:.\Generated_Source\PSoC5/Cm3Start.c ****     for (i = 0u; i < CY_NUM_VECTORS; i++)
 295              		.loc 1 429 0
 296 0018 0023     		movs	r3, #0
 297 001a 7B60     		str	r3, [r7, #4]
 298 001c 0FE0     		b	.L21
ARM GAS  C:\Users\Owner\AppData\Local\Temp\cc1PooV3.s 			page 14


 299              	.L24:
 430:.\Generated_Source\PSoC5/Cm3Start.c ****     {
 431:.\Generated_Source\PSoC5/Cm3Start.c ****         #if defined (__ICCARM__)
 432:.\Generated_Source\PSoC5/Cm3Start.c ****             CyRamVectors[i] = (i < CY_NUM_ROM_VECTORS) ? __vector_table[i].__fun : &IntDefaultHandl
 433:.\Generated_Source\PSoC5/Cm3Start.c ****         #else
 434:.\Generated_Source\PSoC5/Cm3Start.c ****             CyRamVectors[i] = (i < CY_NUM_ROM_VECTORS) ? RomVectors[i] : &IntDefaultHandler;
 300              		.loc 1 434 0
 301 001e 7B68     		ldr	r3, [r7, #4]
 302 0020 032B     		cmp	r3, #3
 303 0022 04D8     		bhi	.L22
 304              		.loc 1 434 0 is_stmt 0 discriminator 1
 305 0024 124B     		ldr	r3, .L25+12
 306 0026 7A68     		ldr	r2, [r7, #4]
 307 0028 53F82230 		ldr	r3, [r3, r2, lsl #2]
 308 002c 00E0     		b	.L23
 309              	.L22:
 310              		.loc 1 434 0 discriminator 2
 311 002e 114B     		ldr	r3, .L25+16
 312              	.L23:
 313              		.loc 1 434 0 discriminator 3
 314 0030 114A     		ldr	r2, .L25+20
 315 0032 7968     		ldr	r1, [r7, #4]
 316 0034 42F82130 		str	r3, [r2, r1, lsl #2]
 429:.\Generated_Source\PSoC5/Cm3Start.c ****     for (i = 0u; i < CY_NUM_VECTORS; i++)
 317              		.loc 1 429 0 is_stmt 1 discriminator 3
 318 0038 7B68     		ldr	r3, [r7, #4]
 319 003a 0133     		adds	r3, r3, #1
 320 003c 7B60     		str	r3, [r7, #4]
 321              	.L21:
 429:.\Generated_Source\PSoC5/Cm3Start.c ****     for (i = 0u; i < CY_NUM_VECTORS; i++)
 322              		.loc 1 429 0 is_stmt 0 discriminator 1
 323 003e 7B68     		ldr	r3, [r7, #4]
 324 0040 2F2B     		cmp	r3, #47
 325 0042 ECD9     		bls	.L24
 435:.\Generated_Source\PSoC5/Cm3Start.c ****         #endif  /* defined (__ICCARM__) */
 436:.\Generated_Source\PSoC5/Cm3Start.c ****     }
 437:.\Generated_Source\PSoC5/Cm3Start.c **** 
 438:.\Generated_Source\PSoC5/Cm3Start.c ****     /* Was stored in CFGMEM to avoid being cleared while SRAM gets cleared */
 439:.\Generated_Source\PSoC5/Cm3Start.c ****     CyResetStatus = CY_GET_REG8(CYREG_PHUB_CFGMEM23_CFG1);
 326              		.loc 1 439 0 is_stmt 1
 327 0044 0D4B     		ldr	r3, .L25+24
 328 0046 1B78     		ldrb	r3, [r3]
 329 0048 DAB2     		uxtb	r2, r3
 330 004a 0D4B     		ldr	r3, .L25+28
 331 004c 1A70     		strb	r2, [r3]
 440:.\Generated_Source\PSoC5/Cm3Start.c **** 
 441:.\Generated_Source\PSoC5/Cm3Start.c ****     /* Point NVIC at RAM vector table. */
 442:.\Generated_Source\PSoC5/Cm3Start.c ****     *CYINT_VECT_TABLE = CyRamVectors;
 332              		.loc 1 442 0
 333 004e 0D4B     		ldr	r3, .L25+32
 334 0050 094A     		ldr	r2, .L25+20
 335 0052 1A60     		str	r2, [r3]
 443:.\Generated_Source\PSoC5/Cm3Start.c **** 
 444:.\Generated_Source\PSoC5/Cm3Start.c ****     /* Initialize the configuration registers. */
 445:.\Generated_Source\PSoC5/Cm3Start.c ****     cyfitter_cfg();
 336              		.loc 1 445 0
 337 0054 FFF7FEFF 		bl	cyfitter_cfg
ARM GAS  C:\Users\Owner\AppData\Local\Temp\cc1PooV3.s 			page 15


 446:.\Generated_Source\PSoC5/Cm3Start.c **** 
 447:.\Generated_Source\PSoC5/Cm3Start.c ****     #if(0u != DMA_CHANNELS_USED__MASK0)
 448:.\Generated_Source\PSoC5/Cm3Start.c **** 
 449:.\Generated_Source\PSoC5/Cm3Start.c ****         /* Setup DMA - only necessary if design contains DMA component. */
 450:.\Generated_Source\PSoC5/Cm3Start.c ****         CyDmacConfigure();
 451:.\Generated_Source\PSoC5/Cm3Start.c **** 
 452:.\Generated_Source\PSoC5/Cm3Start.c ****     #endif  /* (0u != DMA_CHANNELS_USED__MASK0) */
 453:.\Generated_Source\PSoC5/Cm3Start.c **** 
 454:.\Generated_Source\PSoC5/Cm3Start.c ****     #if !defined (__ICCARM__)
 455:.\Generated_Source\PSoC5/Cm3Start.c ****         /* Actually, no need to clean this variable, just to make compiler happy. */
 456:.\Generated_Source\PSoC5/Cm3Start.c ****         cySysNoInitDataValid = 0u;
 338              		.loc 1 456 0
 339 0058 0B4B     		ldr	r3, .L25+36
 340 005a 0022     		movs	r2, #0
 341 005c 1A60     		str	r2, [r3]
 457:.\Generated_Source\PSoC5/Cm3Start.c ****     #endif  /* !defined (__ICCARM__) */
 458:.\Generated_Source\PSoC5/Cm3Start.c **** }
 342              		.loc 1 458 0
 343 005e 0837     		adds	r7, r7, #8
 344 0060 BD46     		mov	sp, r7
 345              		@ sp needed
 346 0062 80BD     		pop	{r7, pc}
 347              	.L26:
 348              		.align	2
 349              	.L25:
 350 0064 0CED00E0 		.word	-536810228
 351 0068 0004FA05 		.word	100271104
 352 006c 14ED00E0 		.word	-536810220
 353 0070 00000000 		.word	RomVectors
 354 0074 00000000 		.word	IntDefaultHandler
 355 0078 00000000 		.word	CyRamVectors
 356 007c BC760040 		.word	1073772220
 357 0080 00000000 		.word	CyResetStatus
 358 0084 08ED00E0 		.word	-536810232
 359 0088 00000000 		.word	cySysNoInitDataValid
 360              		.cfi_endproc
 361              	.LFE4:
 362              		.size	initialize_psoc, .-initialize_psoc
 363              		.section	.init_array,"aw",%init_array
 364              		.align	2
 365 0000 00000000 		.word	initialize_psoc(target1)
 366              		.weak	__cy_region_num
 367              		.text
 368              	.Letext0:
 369              		.file 2 ".\\Generated_Source\\PSoC5\\cytypes.h"
 370              		.file 3 "c:\\program files (x86)\\cypress\\psoc creator\\3.2\\psoc creator\\import\\gnu\\arm\\4.8.
 371              		.file 4 ".\\Generated_Source\\PSoC5\\CyLib.h"
 372              		.section	.debug_info,"",%progbits
 373              	.Ldebug_info0:
 374 0000 B8020000 		.4byte	0x2b8
 375 0004 0400     		.2byte	0x4
 376 0006 00000000 		.4byte	.Ldebug_abbrev0
 377 000a 04       		.byte	0x4
 378 000b 01       		.uleb128 0x1
 379 000c AE000000 		.4byte	.LASF39
 380 0010 01       		.byte	0x1
 381 0011 00000000 		.4byte	.LASF40
ARM GAS  C:\Users\Owner\AppData\Local\Temp\cc1PooV3.s 			page 16


 382 0015 48020000 		.4byte	.LASF41
 383 0019 00000000 		.4byte	.Ldebug_ranges0+0
 384 001d 00000000 		.4byte	0
 385 0021 00000000 		.4byte	.Ldebug_line0
 386 0025 02       		.uleb128 0x2
 387 0026 01       		.byte	0x1
 388 0027 06       		.byte	0x6
 389 0028 27020000 		.4byte	.LASF0
 390 002c 02       		.uleb128 0x2
 391 002d 01       		.byte	0x1
 392 002e 08       		.byte	0x8
 393 002f 95000000 		.4byte	.LASF1
 394 0033 02       		.uleb128 0x2
 395 0034 02       		.byte	0x2
 396 0035 05       		.byte	0x5
 397 0036 06020000 		.4byte	.LASF2
 398 003a 02       		.uleb128 0x2
 399 003b 02       		.byte	0x2
 400 003c 07       		.byte	0x7
 401 003d 4C000000 		.4byte	.LASF3
 402 0041 02       		.uleb128 0x2
 403 0042 04       		.byte	0x4
 404 0043 05       		.byte	0x5
 405 0044 10020000 		.4byte	.LASF4
 406 0048 02       		.uleb128 0x2
 407 0049 04       		.byte	0x4
 408 004a 07       		.byte	0x7
 409 004b 2A010000 		.4byte	.LASF5
 410 004f 02       		.uleb128 0x2
 411 0050 08       		.byte	0x8
 412 0051 05       		.byte	0x5
 413 0052 F3010000 		.4byte	.LASF6
 414 0056 02       		.uleb128 0x2
 415 0057 08       		.byte	0x8
 416 0058 07       		.byte	0x7
 417 0059 A0010000 		.4byte	.LASF7
 418 005d 03       		.uleb128 0x3
 419 005e 04       		.byte	0x4
 420 005f 05       		.byte	0x5
 421 0060 696E7400 		.ascii	"int\000"
 422 0064 02       		.uleb128 0x2
 423 0065 04       		.byte	0x4
 424 0066 07       		.byte	0x7
 425 0067 93010000 		.4byte	.LASF8
 426 006b 04       		.uleb128 0x4
 427 006c 51010000 		.4byte	.LASF9
 428 0070 02       		.byte	0x2
 429 0071 5B       		.byte	0x5b
 430 0072 2C000000 		.4byte	0x2c
 431 0076 04       		.uleb128 0x4
 432 0077 8C010000 		.4byte	.LASF10
 433 007b 02       		.byte	0x2
 434 007c 5D       		.byte	0x5d
 435 007d 48000000 		.4byte	0x48
 436 0081 02       		.uleb128 0x2
 437 0082 04       		.byte	0x4
 438 0083 04       		.byte	0x4
ARM GAS  C:\Users\Owner\AppData\Local\Temp\cc1PooV3.s 			page 17


 439 0084 8A000000 		.4byte	.LASF11
 440 0088 02       		.uleb128 0x2
 441 0089 08       		.byte	0x8
 442 008a 04       		.byte	0x4
 443 008b 75010000 		.4byte	.LASF12
 444 008f 02       		.uleb128 0x2
 445 0090 01       		.byte	0x1
 446 0091 08       		.byte	0x8
 447 0092 01020000 		.4byte	.LASF13
 448 0096 04       		.uleb128 0x4
 449 0097 E5010000 		.4byte	.LASF14
 450 009b 02       		.byte	0x2
 451 009c F0       		.byte	0xf0
 452 009d A1000000 		.4byte	0xa1
 453 00a1 05       		.uleb128 0x5
 454 00a2 6B000000 		.4byte	0x6b
 455 00a6 04       		.uleb128 0x4
 456 00a7 24000000 		.4byte	.LASF15
 457 00ab 02       		.byte	0x2
 458 00ac F2       		.byte	0xf2
 459 00ad B1000000 		.4byte	0xb1
 460 00b1 05       		.uleb128 0x5
 461 00b2 76000000 		.4byte	0x76
 462 00b6 06       		.uleb128 0x6
 463 00b7 BD010000 		.4byte	.LASF16
 464 00bb 02       		.byte	0x2
 465 00bc 0201     		.2byte	0x102
 466 00be C2000000 		.4byte	0xc2
 467 00c2 07       		.uleb128 0x7
 468 00c3 04       		.byte	0x4
 469 00c4 C8000000 		.4byte	0xc8
 470 00c8 08       		.uleb128 0x8
 471 00c9 04       		.uleb128 0x4
 472 00ca 2A000000 		.4byte	.LASF17
 473 00ce 03       		.byte	0x3
 474 00cf D4       		.byte	0xd4
 475 00d0 64000000 		.4byte	0x64
 476 00d4 02       		.uleb128 0x2
 477 00d5 04       		.byte	0x4
 478 00d6 07       		.byte	0x7
 479 00d7 EA010000 		.4byte	.LASF18
 480 00db 09       		.uleb128 0x9
 481 00dc 8F000000 		.4byte	0x8f
 482 00e0 04       		.uleb128 0x4
 483 00e1 D4010000 		.4byte	.LASF19
 484 00e5 01       		.byte	0x1
 485 00e6 C7       		.byte	0xc7
 486 00e7 2C000000 		.4byte	0x2c
 487 00eb 0A       		.uleb128 0xa
 488 00ec 73020000 		.4byte	.LASF42
 489 00f0 10       		.byte	0x10
 490 00f1 01       		.byte	0x1
 491 00f2 C9       		.byte	0xc9
 492 00f3 28010000 		.4byte	0x128
 493 00f7 0B       		.uleb128 0xb
 494 00f8 6F000000 		.4byte	.LASF20
 495 00fc 01       		.byte	0x1
ARM GAS  C:\Users\Owner\AppData\Local\Temp\cc1PooV3.s 			page 18


 496 00fd CB       		.byte	0xcb
 497 00fe 28010000 		.4byte	0x128
 498 0102 00       		.byte	0
 499 0103 0B       		.uleb128 0xb
 500 0104 90000000 		.4byte	.LASF21
 501 0108 01       		.byte	0x1
 502 0109 CC       		.byte	0xcc
 503 010a 28010000 		.4byte	0x128
 504 010e 04       		.byte	0x4
 505 010f 0B       		.uleb128 0xb
 506 0110 CA010000 		.4byte	.LASF22
 507 0114 01       		.byte	0x1
 508 0115 CD       		.byte	0xcd
 509 0116 C9000000 		.4byte	0xc9
 510 011a 08       		.byte	0x8
 511 011b 0B       		.uleb128 0xb
 512 011c 7B000000 		.4byte	.LASF23
 513 0120 01       		.byte	0x1
 514 0121 CE       		.byte	0xce
 515 0122 C9000000 		.4byte	0xc9
 516 0126 0C       		.byte	0xc
 517 0127 00       		.byte	0
 518 0128 07       		.uleb128 0x7
 519 0129 04       		.byte	0x4
 520 012a E0000000 		.4byte	0xe0
 521 012e 0C       		.uleb128 0xc
 522 012f 63010000 		.4byte	.LASF24
 523 0133 01       		.byte	0x1
 524 0134 5C       		.byte	0x5c
 525 0135 00000000 		.4byte	.LFB0
 526 0139 06000000 		.4byte	.LFE0-.LFB0
 527 013d 01       		.uleb128 0x1
 528 013e 9C       		.byte	0x9c
 529 013f 0D       		.uleb128 0xd
 530 0140 57010000 		.4byte	.LASF25
 531 0144 01       		.byte	0x1
 532 0145 E5       		.byte	0xe5
 533 0146 00000000 		.4byte	.LFB1
 534 014a 18000000 		.4byte	.LFE1-.LFB1
 535 014e 01       		.uleb128 0x1
 536 014f 9C       		.byte	0x9c
 537 0150 0E       		.uleb128 0xe
 538 0151 5D010000 		.4byte	.LASF26
 539 0155 01       		.byte	0x1
 540 0156 FD       		.byte	0xfd
 541 0157 00000000 		.4byte	.LFB2
 542 015b 28000000 		.4byte	.LFE2-.LFB2
 543 015f 01       		.uleb128 0x1
 544 0160 9C       		.byte	0x9c
 545 0161 81010000 		.4byte	0x181
 546 0165 0F       		.uleb128 0xf
 547 0166 74000000 		.4byte	.LASF43
 548 016a 01       		.byte	0x1
 549 016b FD       		.byte	0xfd
 550 016c 5D000000 		.4byte	0x5d
 551 0170 02       		.uleb128 0x2
 552 0171 91       		.byte	0x91
ARM GAS  C:\Users\Owner\AppData\Local\Temp\cc1PooV3.s 			page 19


 553 0172 6C       		.sleb128 -20
 554 0173 10       		.uleb128 0x10
 555 0174 7800     		.ascii	"x\000"
 556 0176 01       		.byte	0x1
 557 0177 0001     		.2byte	0x100
 558 0179 5D000000 		.4byte	0x5d
 559 017d 02       		.uleb128 0x2
 560 017e 91       		.byte	0x91
 561 017f 74       		.sleb128 -12
 562 0180 00       		.byte	0
 563 0181 11       		.uleb128 0x11
 564 0182 3E000000 		.4byte	.LASF27
 565 0186 01       		.byte	0x1
 566 0187 1901     		.2byte	0x119
 567 0189 00000000 		.4byte	.LFB3
 568 018d 94000000 		.4byte	.LFE3-.LFB3
 569 0191 01       		.uleb128 0x1
 570 0192 9C       		.byte	0x9c
 571 0193 FC010000 		.4byte	0x1fc
 572 0197 12       		.uleb128 0x12
 573 0198 40020000 		.4byte	.LASF28
 574 019c 01       		.byte	0x1
 575 019d 1B01     		.2byte	0x11b
 576 019f 64000000 		.4byte	0x64
 577 01a3 02       		.uleb128 0x2
 578 01a4 91       		.byte	0x91
 579 01a5 74       		.sleb128 -12
 580 01a6 12       		.uleb128 0x12
 581 01a7 85000000 		.4byte	.LASF29
 582 01ab 01       		.byte	0x1
 583 01ac 1C01     		.2byte	0x11c
 584 01ae FC010000 		.4byte	0x1fc
 585 01b2 02       		.uleb128 0x2
 586 01b3 91       		.byte	0x91
 587 01b4 70       		.sleb128 -16
 588 01b5 13       		.uleb128 0x13
 589 01b6 18000000 		.4byte	.LBB2
 590 01ba 5A000000 		.4byte	.LBE2-.LBB2
 591 01be 10       		.uleb128 0x10
 592 01bf 73726300 		.ascii	"src\000"
 593 01c3 01       		.byte	0x1
 594 01c4 2101     		.2byte	0x121
 595 01c6 07020000 		.4byte	0x207
 596 01ca 02       		.uleb128 0x2
 597 01cb 91       		.byte	0x91
 598 01cc 6C       		.sleb128 -20
 599 01cd 10       		.uleb128 0x10
 600 01ce 64737400 		.ascii	"dst\000"
 601 01d2 01       		.byte	0x1
 602 01d3 2201     		.2byte	0x122
 603 01d5 07020000 		.4byte	0x207
 604 01d9 02       		.uleb128 0x2
 605 01da 91       		.byte	0x91
 606 01db 68       		.sleb128 -24
 607 01dc 12       		.uleb128 0x12
 608 01dd B7010000 		.4byte	.LASF30
 609 01e1 01       		.byte	0x1
ARM GAS  C:\Users\Owner\AppData\Local\Temp\cc1PooV3.s 			page 20


 610 01e2 2301     		.2byte	0x123
 611 01e4 64000000 		.4byte	0x64
 612 01e8 02       		.uleb128 0x2
 613 01e9 91       		.byte	0x91
 614 01ea 60       		.sleb128 -32
 615 01eb 12       		.uleb128 0x12
 616 01ec 46000000 		.4byte	.LASF31
 617 01f0 01       		.byte	0x1
 618 01f1 2401     		.2byte	0x124
 619 01f3 64000000 		.4byte	0x64
 620 01f7 02       		.uleb128 0x2
 621 01f8 91       		.byte	0x91
 622 01f9 64       		.sleb128 -28
 623 01fa 00       		.byte	0
 624 01fb 00       		.byte	0
 625 01fc 07       		.uleb128 0x7
 626 01fd 04       		.byte	0x4
 627 01fe 02020000 		.4byte	0x202
 628 0202 09       		.uleb128 0x9
 629 0203 EB000000 		.4byte	0xeb
 630 0207 07       		.uleb128 0x7
 631 0208 04       		.byte	0x4
 632 0209 76000000 		.4byte	0x76
 633 020d 11       		.uleb128 0x11
 634 020e 7C010000 		.4byte	.LASF32
 635 0212 01       		.byte	0x1
 636 0213 A201     		.2byte	0x1a2
 637 0215 00000000 		.4byte	.LFB4
 638 0219 8C000000 		.4byte	.LFE4-.LFB4
 639 021d 01       		.uleb128 0x1
 640 021e 9C       		.byte	0x9c
 641 021f 31020000 		.4byte	0x231
 642 0223 10       		.uleb128 0x10
 643 0224 6900     		.ascii	"i\000"
 644 0226 01       		.byte	0x1
 645 0227 A401     		.2byte	0x1a4
 646 0229 76000000 		.4byte	0x76
 647 022d 02       		.uleb128 0x2
 648 022e 91       		.byte	0x91
 649 022f 74       		.sleb128 -12
 650 0230 00       		.byte	0
 651 0231 14       		.uleb128 0x14
 652 0232 3C010000 		.4byte	.LASF33
 653 0236 01       		.byte	0x1
 654 0237 39       		.byte	0x39
 655 0238 76000000 		.4byte	0x76
 656 023c 05       		.uleb128 0x5
 657 023d 03       		.byte	0x3
 658 023e 00000000 		.4byte	cySysNoInitDataValid
 659 0242 15       		.uleb128 0x15
 660 0243 19020000 		.4byte	.LASF34
 661 0247 04       		.byte	0x4
 662 0248 2D       		.byte	0x2d
 663 0249 6B000000 		.4byte	0x6b
 664 024d 16       		.uleb128 0x16
 665 024e B6000000 		.4byte	0xb6
 666 0252 5D020000 		.4byte	0x25d
ARM GAS  C:\Users\Owner\AppData\Local\Temp\cc1PooV3.s 			page 21


 667 0256 17       		.uleb128 0x17
 668 0257 D4000000 		.4byte	0xd4
 669 025b 2F       		.byte	0x2f
 670 025c 00       		.byte	0
 671 025d 18       		.uleb128 0x18
 672 025e 31000000 		.4byte	.LASF35
 673 0262 01       		.byte	0x1
 674 0263 47       		.byte	0x47
 675 0264 4D020000 		.4byte	0x24d
 676 0268 05       		.uleb128 0x5
 677 0269 03       		.byte	0x3
 678 026a 00000000 		.4byte	CyRamVectors
 679 026e 16       		.uleb128 0x16
 680 026f EB000000 		.4byte	0xeb
 681 0273 79020000 		.4byte	0x279
 682 0277 19       		.uleb128 0x19
 683 0278 00       		.byte	0
 684 0279 15       		.uleb128 0x15
 685 027a 33020000 		.4byte	.LASF36
 686 027e 01       		.byte	0x1
 687 027f D1       		.byte	0xd1
 688 0280 84020000 		.4byte	0x284
 689 0284 09       		.uleb128 0x9
 690 0285 6E020000 		.4byte	0x26e
 691 0289 15       		.uleb128 0x15
 692 028a 5F000000 		.4byte	.LASF37
 693 028e 01       		.byte	0x1
 694 028f D2       		.byte	0xd2
 695 0290 DB000000 		.4byte	0xdb
 696 0294 16       		.uleb128 0x16
 697 0295 B6000000 		.4byte	0xb6
 698 0299 A4020000 		.4byte	0x2a4
 699 029d 17       		.uleb128 0x17
 700 029e D4000000 		.4byte	0xd4
 701 02a2 03       		.byte	0x3
 702 02a3 00       		.byte	0
 703 02a4 1A       		.uleb128 0x1a
 704 02a5 A3000000 		.4byte	.LASF38
 705 02a9 01       		.byte	0x1
 706 02aa 7F01     		.2byte	0x17f
 707 02ac B6020000 		.4byte	0x2b6
 708 02b0 05       		.uleb128 0x5
 709 02b1 03       		.byte	0x3
 710 02b2 00000000 		.4byte	RomVectors
 711 02b6 09       		.uleb128 0x9
 712 02b7 94020000 		.4byte	0x294
 713 02bb 00       		.byte	0
 714              		.section	.debug_abbrev,"",%progbits
 715              	.Ldebug_abbrev0:
 716 0000 01       		.uleb128 0x1
 717 0001 11       		.uleb128 0x11
 718 0002 01       		.byte	0x1
 719 0003 25       		.uleb128 0x25
 720 0004 0E       		.uleb128 0xe
 721 0005 13       		.uleb128 0x13
 722 0006 0B       		.uleb128 0xb
 723 0007 03       		.uleb128 0x3
ARM GAS  C:\Users\Owner\AppData\Local\Temp\cc1PooV3.s 			page 22


 724 0008 0E       		.uleb128 0xe
 725 0009 1B       		.uleb128 0x1b
 726 000a 0E       		.uleb128 0xe
 727 000b 55       		.uleb128 0x55
 728 000c 17       		.uleb128 0x17
 729 000d 11       		.uleb128 0x11
 730 000e 01       		.uleb128 0x1
 731 000f 10       		.uleb128 0x10
 732 0010 17       		.uleb128 0x17
 733 0011 00       		.byte	0
 734 0012 00       		.byte	0
 735 0013 02       		.uleb128 0x2
 736 0014 24       		.uleb128 0x24
 737 0015 00       		.byte	0
 738 0016 0B       		.uleb128 0xb
 739 0017 0B       		.uleb128 0xb
 740 0018 3E       		.uleb128 0x3e
 741 0019 0B       		.uleb128 0xb
 742 001a 03       		.uleb128 0x3
 743 001b 0E       		.uleb128 0xe
 744 001c 00       		.byte	0
 745 001d 00       		.byte	0
 746 001e 03       		.uleb128 0x3
 747 001f 24       		.uleb128 0x24
 748 0020 00       		.byte	0
 749 0021 0B       		.uleb128 0xb
 750 0022 0B       		.uleb128 0xb
 751 0023 3E       		.uleb128 0x3e
 752 0024 0B       		.uleb128 0xb
 753 0025 03       		.uleb128 0x3
 754 0026 08       		.uleb128 0x8
 755 0027 00       		.byte	0
 756 0028 00       		.byte	0
 757 0029 04       		.uleb128 0x4
 758 002a 16       		.uleb128 0x16
 759 002b 00       		.byte	0
 760 002c 03       		.uleb128 0x3
 761 002d 0E       		.uleb128 0xe
 762 002e 3A       		.uleb128 0x3a
 763 002f 0B       		.uleb128 0xb
 764 0030 3B       		.uleb128 0x3b
 765 0031 0B       		.uleb128 0xb
 766 0032 49       		.uleb128 0x49
 767 0033 13       		.uleb128 0x13
 768 0034 00       		.byte	0
 769 0035 00       		.byte	0
 770 0036 05       		.uleb128 0x5
 771 0037 35       		.uleb128 0x35
 772 0038 00       		.byte	0
 773 0039 49       		.uleb128 0x49
 774 003a 13       		.uleb128 0x13
 775 003b 00       		.byte	0
 776 003c 00       		.byte	0
 777 003d 06       		.uleb128 0x6
 778 003e 16       		.uleb128 0x16
 779 003f 00       		.byte	0
 780 0040 03       		.uleb128 0x3
ARM GAS  C:\Users\Owner\AppData\Local\Temp\cc1PooV3.s 			page 23


 781 0041 0E       		.uleb128 0xe
 782 0042 3A       		.uleb128 0x3a
 783 0043 0B       		.uleb128 0xb
 784 0044 3B       		.uleb128 0x3b
 785 0045 05       		.uleb128 0x5
 786 0046 49       		.uleb128 0x49
 787 0047 13       		.uleb128 0x13
 788 0048 00       		.byte	0
 789 0049 00       		.byte	0
 790 004a 07       		.uleb128 0x7
 791 004b 0F       		.uleb128 0xf
 792 004c 00       		.byte	0
 793 004d 0B       		.uleb128 0xb
 794 004e 0B       		.uleb128 0xb
 795 004f 49       		.uleb128 0x49
 796 0050 13       		.uleb128 0x13
 797 0051 00       		.byte	0
 798 0052 00       		.byte	0
 799 0053 08       		.uleb128 0x8
 800 0054 15       		.uleb128 0x15
 801 0055 00       		.byte	0
 802 0056 27       		.uleb128 0x27
 803 0057 19       		.uleb128 0x19
 804 0058 00       		.byte	0
 805 0059 00       		.byte	0
 806 005a 09       		.uleb128 0x9
 807 005b 26       		.uleb128 0x26
 808 005c 00       		.byte	0
 809 005d 49       		.uleb128 0x49
 810 005e 13       		.uleb128 0x13
 811 005f 00       		.byte	0
 812 0060 00       		.byte	0
 813 0061 0A       		.uleb128 0xa
 814 0062 13       		.uleb128 0x13
 815 0063 01       		.byte	0x1
 816 0064 03       		.uleb128 0x3
 817 0065 0E       		.uleb128 0xe
 818 0066 0B       		.uleb128 0xb
 819 0067 0B       		.uleb128 0xb
 820 0068 3A       		.uleb128 0x3a
 821 0069 0B       		.uleb128 0xb
 822 006a 3B       		.uleb128 0x3b
 823 006b 0B       		.uleb128 0xb
 824 006c 01       		.uleb128 0x1
 825 006d 13       		.uleb128 0x13
 826 006e 00       		.byte	0
 827 006f 00       		.byte	0
 828 0070 0B       		.uleb128 0xb
 829 0071 0D       		.uleb128 0xd
 830 0072 00       		.byte	0
 831 0073 03       		.uleb128 0x3
 832 0074 0E       		.uleb128 0xe
 833 0075 3A       		.uleb128 0x3a
 834 0076 0B       		.uleb128 0xb
 835 0077 3B       		.uleb128 0x3b
 836 0078 0B       		.uleb128 0xb
 837 0079 49       		.uleb128 0x49
ARM GAS  C:\Users\Owner\AppData\Local\Temp\cc1PooV3.s 			page 24


 838 007a 13       		.uleb128 0x13
 839 007b 38       		.uleb128 0x38
 840 007c 0B       		.uleb128 0xb
 841 007d 00       		.byte	0
 842 007e 00       		.byte	0
 843 007f 0C       		.uleb128 0xc
 844 0080 2E       		.uleb128 0x2e
 845 0081 00       		.byte	0
 846 0082 3F       		.uleb128 0x3f
 847 0083 19       		.uleb128 0x19
 848 0084 03       		.uleb128 0x3
 849 0085 0E       		.uleb128 0xe
 850 0086 3A       		.uleb128 0x3a
 851 0087 0B       		.uleb128 0xb
 852 0088 3B       		.uleb128 0x3b
 853 0089 0B       		.uleb128 0xb
 854 008a 27       		.uleb128 0x27
 855 008b 19       		.uleb128 0x19
 856 008c 11       		.uleb128 0x11
 857 008d 01       		.uleb128 0x1
 858 008e 12       		.uleb128 0x12
 859 008f 06       		.uleb128 0x6
 860 0090 40       		.uleb128 0x40
 861 0091 18       		.uleb128 0x18
 862 0092 9742     		.uleb128 0x2117
 863 0094 19       		.uleb128 0x19
 864 0095 00       		.byte	0
 865 0096 00       		.byte	0
 866 0097 0D       		.uleb128 0xd
 867 0098 2E       		.uleb128 0x2e
 868 0099 00       		.byte	0
 869 009a 3F       		.uleb128 0x3f
 870 009b 19       		.uleb128 0x19
 871 009c 03       		.uleb128 0x3
 872 009d 0E       		.uleb128 0xe
 873 009e 3A       		.uleb128 0x3a
 874 009f 0B       		.uleb128 0xb
 875 00a0 3B       		.uleb128 0x3b
 876 00a1 0B       		.uleb128 0xb
 877 00a2 27       		.uleb128 0x27
 878 00a3 19       		.uleb128 0x19
 879 00a4 11       		.uleb128 0x11
 880 00a5 01       		.uleb128 0x1
 881 00a6 12       		.uleb128 0x12
 882 00a7 06       		.uleb128 0x6
 883 00a8 40       		.uleb128 0x40
 884 00a9 18       		.uleb128 0x18
 885 00aa 9642     		.uleb128 0x2116
 886 00ac 19       		.uleb128 0x19
 887 00ad 00       		.byte	0
 888 00ae 00       		.byte	0
 889 00af 0E       		.uleb128 0xe
 890 00b0 2E       		.uleb128 0x2e
 891 00b1 01       		.byte	0x1
 892 00b2 3F       		.uleb128 0x3f
 893 00b3 19       		.uleb128 0x19
 894 00b4 03       		.uleb128 0x3
ARM GAS  C:\Users\Owner\AppData\Local\Temp\cc1PooV3.s 			page 25


 895 00b5 0E       		.uleb128 0xe
 896 00b6 3A       		.uleb128 0x3a
 897 00b7 0B       		.uleb128 0xb
 898 00b8 3B       		.uleb128 0x3b
 899 00b9 0B       		.uleb128 0xb
 900 00ba 27       		.uleb128 0x27
 901 00bb 19       		.uleb128 0x19
 902 00bc 11       		.uleb128 0x11
 903 00bd 01       		.uleb128 0x1
 904 00be 12       		.uleb128 0x12
 905 00bf 06       		.uleb128 0x6
 906 00c0 40       		.uleb128 0x40
 907 00c1 18       		.uleb128 0x18
 908 00c2 9742     		.uleb128 0x2117
 909 00c4 19       		.uleb128 0x19
 910 00c5 01       		.uleb128 0x1
 911 00c6 13       		.uleb128 0x13
 912 00c7 00       		.byte	0
 913 00c8 00       		.byte	0
 914 00c9 0F       		.uleb128 0xf
 915 00ca 05       		.uleb128 0x5
 916 00cb 00       		.byte	0
 917 00cc 03       		.uleb128 0x3
 918 00cd 0E       		.uleb128 0xe
 919 00ce 3A       		.uleb128 0x3a
 920 00cf 0B       		.uleb128 0xb
 921 00d0 3B       		.uleb128 0x3b
 922 00d1 0B       		.uleb128 0xb
 923 00d2 49       		.uleb128 0x49
 924 00d3 13       		.uleb128 0x13
 925 00d4 02       		.uleb128 0x2
 926 00d5 18       		.uleb128 0x18
 927 00d6 00       		.byte	0
 928 00d7 00       		.byte	0
 929 00d8 10       		.uleb128 0x10
 930 00d9 34       		.uleb128 0x34
 931 00da 00       		.byte	0
 932 00db 03       		.uleb128 0x3
 933 00dc 08       		.uleb128 0x8
 934 00dd 3A       		.uleb128 0x3a
 935 00de 0B       		.uleb128 0xb
 936 00df 3B       		.uleb128 0x3b
 937 00e0 05       		.uleb128 0x5
 938 00e1 49       		.uleb128 0x49
 939 00e2 13       		.uleb128 0x13
 940 00e3 02       		.uleb128 0x2
 941 00e4 18       		.uleb128 0x18
 942 00e5 00       		.byte	0
 943 00e6 00       		.byte	0
 944 00e7 11       		.uleb128 0x11
 945 00e8 2E       		.uleb128 0x2e
 946 00e9 01       		.byte	0x1
 947 00ea 3F       		.uleb128 0x3f
 948 00eb 19       		.uleb128 0x19
 949 00ec 03       		.uleb128 0x3
 950 00ed 0E       		.uleb128 0xe
 951 00ee 3A       		.uleb128 0x3a
ARM GAS  C:\Users\Owner\AppData\Local\Temp\cc1PooV3.s 			page 26


 952 00ef 0B       		.uleb128 0xb
 953 00f0 3B       		.uleb128 0x3b
 954 00f1 05       		.uleb128 0x5
 955 00f2 27       		.uleb128 0x27
 956 00f3 19       		.uleb128 0x19
 957 00f4 11       		.uleb128 0x11
 958 00f5 01       		.uleb128 0x1
 959 00f6 12       		.uleb128 0x12
 960 00f7 06       		.uleb128 0x6
 961 00f8 40       		.uleb128 0x40
 962 00f9 18       		.uleb128 0x18
 963 00fa 9642     		.uleb128 0x2116
 964 00fc 19       		.uleb128 0x19
 965 00fd 01       		.uleb128 0x1
 966 00fe 13       		.uleb128 0x13
 967 00ff 00       		.byte	0
 968 0100 00       		.byte	0
 969 0101 12       		.uleb128 0x12
 970 0102 34       		.uleb128 0x34
 971 0103 00       		.byte	0
 972 0104 03       		.uleb128 0x3
 973 0105 0E       		.uleb128 0xe
 974 0106 3A       		.uleb128 0x3a
 975 0107 0B       		.uleb128 0xb
 976 0108 3B       		.uleb128 0x3b
 977 0109 05       		.uleb128 0x5
 978 010a 49       		.uleb128 0x49
 979 010b 13       		.uleb128 0x13
 980 010c 02       		.uleb128 0x2
 981 010d 18       		.uleb128 0x18
 982 010e 00       		.byte	0
 983 010f 00       		.byte	0
 984 0110 13       		.uleb128 0x13
 985 0111 0B       		.uleb128 0xb
 986 0112 01       		.byte	0x1
 987 0113 11       		.uleb128 0x11
 988 0114 01       		.uleb128 0x1
 989 0115 12       		.uleb128 0x12
 990 0116 06       		.uleb128 0x6
 991 0117 00       		.byte	0
 992 0118 00       		.byte	0
 993 0119 14       		.uleb128 0x14
 994 011a 34       		.uleb128 0x34
 995 011b 00       		.byte	0
 996 011c 03       		.uleb128 0x3
 997 011d 0E       		.uleb128 0xe
 998 011e 3A       		.uleb128 0x3a
 999 011f 0B       		.uleb128 0xb
 1000 0120 3B       		.uleb128 0x3b
 1001 0121 0B       		.uleb128 0xb
 1002 0122 49       		.uleb128 0x49
 1003 0123 13       		.uleb128 0x13
 1004 0124 02       		.uleb128 0x2
 1005 0125 18       		.uleb128 0x18
 1006 0126 00       		.byte	0
 1007 0127 00       		.byte	0
 1008 0128 15       		.uleb128 0x15
ARM GAS  C:\Users\Owner\AppData\Local\Temp\cc1PooV3.s 			page 27


 1009 0129 34       		.uleb128 0x34
 1010 012a 00       		.byte	0
 1011 012b 03       		.uleb128 0x3
 1012 012c 0E       		.uleb128 0xe
 1013 012d 3A       		.uleb128 0x3a
 1014 012e 0B       		.uleb128 0xb
 1015 012f 3B       		.uleb128 0x3b
 1016 0130 0B       		.uleb128 0xb
 1017 0131 49       		.uleb128 0x49
 1018 0132 13       		.uleb128 0x13
 1019 0133 3F       		.uleb128 0x3f
 1020 0134 19       		.uleb128 0x19
 1021 0135 3C       		.uleb128 0x3c
 1022 0136 19       		.uleb128 0x19
 1023 0137 00       		.byte	0
 1024 0138 00       		.byte	0
 1025 0139 16       		.uleb128 0x16
 1026 013a 01       		.uleb128 0x1
 1027 013b 01       		.byte	0x1
 1028 013c 49       		.uleb128 0x49
 1029 013d 13       		.uleb128 0x13
 1030 013e 01       		.uleb128 0x1
 1031 013f 13       		.uleb128 0x13
 1032 0140 00       		.byte	0
 1033 0141 00       		.byte	0
 1034 0142 17       		.uleb128 0x17
 1035 0143 21       		.uleb128 0x21
 1036 0144 00       		.byte	0
 1037 0145 49       		.uleb128 0x49
 1038 0146 13       		.uleb128 0x13
 1039 0147 2F       		.uleb128 0x2f
 1040 0148 0B       		.uleb128 0xb
 1041 0149 00       		.byte	0
 1042 014a 00       		.byte	0
 1043 014b 18       		.uleb128 0x18
 1044 014c 34       		.uleb128 0x34
 1045 014d 00       		.byte	0
 1046 014e 03       		.uleb128 0x3
 1047 014f 0E       		.uleb128 0xe
 1048 0150 3A       		.uleb128 0x3a
 1049 0151 0B       		.uleb128 0xb
 1050 0152 3B       		.uleb128 0x3b
 1051 0153 0B       		.uleb128 0xb
 1052 0154 49       		.uleb128 0x49
 1053 0155 13       		.uleb128 0x13
 1054 0156 3F       		.uleb128 0x3f
 1055 0157 19       		.uleb128 0x19
 1056 0158 02       		.uleb128 0x2
 1057 0159 18       		.uleb128 0x18
 1058 015a 00       		.byte	0
 1059 015b 00       		.byte	0
 1060 015c 19       		.uleb128 0x19
 1061 015d 21       		.uleb128 0x21
 1062 015e 00       		.byte	0
 1063 015f 00       		.byte	0
 1064 0160 00       		.byte	0
 1065 0161 1A       		.uleb128 0x1a
ARM GAS  C:\Users\Owner\AppData\Local\Temp\cc1PooV3.s 			page 28


 1066 0162 34       		.uleb128 0x34
 1067 0163 00       		.byte	0
 1068 0164 03       		.uleb128 0x3
 1069 0165 0E       		.uleb128 0xe
 1070 0166 3A       		.uleb128 0x3a
 1071 0167 0B       		.uleb128 0xb
 1072 0168 3B       		.uleb128 0x3b
 1073 0169 05       		.uleb128 0x5
 1074 016a 49       		.uleb128 0x49
 1075 016b 13       		.uleb128 0x13
 1076 016c 3F       		.uleb128 0x3f
 1077 016d 19       		.uleb128 0x19
 1078 016e 02       		.uleb128 0x2
 1079 016f 18       		.uleb128 0x18
 1080 0170 00       		.byte	0
 1081 0171 00       		.byte	0
 1082 0172 00       		.byte	0
 1083              		.section	.debug_aranges,"",%progbits
 1084 0000 3C000000 		.4byte	0x3c
 1085 0004 0200     		.2byte	0x2
 1086 0006 00000000 		.4byte	.Ldebug_info0
 1087 000a 04       		.byte	0x4
 1088 000b 00       		.byte	0
 1089 000c 0000     		.2byte	0
 1090 000e 0000     		.2byte	0
 1091 0010 00000000 		.4byte	.LFB0
 1092 0014 06000000 		.4byte	.LFE0-.LFB0
 1093 0018 00000000 		.4byte	.LFB1
 1094 001c 18000000 		.4byte	.LFE1-.LFB1
 1095 0020 00000000 		.4byte	.LFB2
 1096 0024 28000000 		.4byte	.LFE2-.LFB2
 1097 0028 00000000 		.4byte	.LFB3
 1098 002c 94000000 		.4byte	.LFE3-.LFB3
 1099 0030 00000000 		.4byte	.LFB4
 1100 0034 8C000000 		.4byte	.LFE4-.LFB4
 1101 0038 00000000 		.4byte	0
 1102 003c 00000000 		.4byte	0
 1103              		.section	.debug_ranges,"",%progbits
 1104              	.Ldebug_ranges0:
 1105 0000 00000000 		.4byte	.LFB0
 1106 0004 06000000 		.4byte	.LFE0
 1107 0008 00000000 		.4byte	.LFB1
 1108 000c 18000000 		.4byte	.LFE1
 1109 0010 00000000 		.4byte	.LFB2
 1110 0014 28000000 		.4byte	.LFE2
 1111 0018 00000000 		.4byte	.LFB3
 1112 001c 94000000 		.4byte	.LFE3
 1113 0020 00000000 		.4byte	.LFB4
 1114 0024 8C000000 		.4byte	.LFE4
 1115 0028 00000000 		.4byte	0
 1116 002c 00000000 		.4byte	0
 1117              		.section	.debug_line,"",%progbits
 1118              	.Ldebug_line0:
 1119 0000 A2010000 		.section	.debug_str,"MS",%progbits,1
 1119      0200D400 
 1119      00000201 
 1119      FB0E0D00 
ARM GAS  C:\Users\Owner\AppData\Local\Temp\cc1PooV3.s 			page 29


 1119      01010101 
 1120              	.LASF40:
 1121 0000 2E5C4765 		.ascii	".\\Generated_Source\\PSoC5\\Cm3Start.c\000"
 1121      6E657261 
 1121      7465645F 
 1121      536F7572 
 1121      63655C50 
 1122              	.LASF15:
 1123 0024 72656733 		.ascii	"reg32\000"
 1123      3200
 1124              	.LASF17:
 1125 002a 73697A65 		.ascii	"size_t\000"
 1125      5F7400
 1126              	.LASF35:
 1127 0031 43795261 		.ascii	"CyRamVectors\000"
 1127      6D566563 
 1127      746F7273 
 1127      00
 1128              	.LASF27:
 1129 003e 53746172 		.ascii	"Start_c\000"
 1129      745F6300 
 1130              	.LASF31:
 1131 0046 636F756E 		.ascii	"count\000"
 1131      7400
 1132              	.LASF3:
 1133 004c 73686F72 		.ascii	"short unsigned int\000"
 1133      7420756E 
 1133      7369676E 
 1133      65642069 
 1133      6E7400
 1134              	.LASF37:
 1135 005f 5F5F6379 		.ascii	"__cy_region_num\000"
 1135      5F726567 
 1135      696F6E5F 
 1135      6E756D00 
 1136              	.LASF20:
 1137 006f 696E6974 		.ascii	"init\000"
 1137      00
 1138              	.LASF43:
 1139 0074 73746174 		.ascii	"status\000"
 1139      757300
 1140              	.LASF23:
 1141 007b 7A65726F 		.ascii	"zero_size\000"
 1141      5F73697A 
 1141      6500
 1142              	.LASF29:
 1143 0085 72707472 		.ascii	"rptr\000"
 1143      00
 1144              	.LASF11:
 1145 008a 666C6F61 		.ascii	"float\000"
 1145      7400
 1146              	.LASF21:
 1147 0090 64617461 		.ascii	"data\000"
 1147      00
 1148              	.LASF1:
 1149 0095 756E7369 		.ascii	"unsigned char\000"
 1149      676E6564 
ARM GAS  C:\Users\Owner\AppData\Local\Temp\cc1PooV3.s 			page 30


 1149      20636861 
 1149      7200
 1150              	.LASF38:
 1151 00a3 526F6D56 		.ascii	"RomVectors\000"
 1151      6563746F 
 1151      727300
 1152              	.LASF39:
 1153 00ae 474E5520 		.ascii	"GNU C 4.8.4 20140526 (release) [ARM/embedded-4_8-br"
 1153      4320342E 
 1153      382E3420 
 1153      32303134 
 1153      30353236 
 1154 00e1 616E6368 		.ascii	"anch revision 211358] -mcpu=cortex-m3 -mthumb -g -O"
 1154      20726576 
 1154      6973696F 
 1154      6E203231 
 1154      31333538 
 1155 0114 30202D66 		.ascii	"0 -ffunction-sections\000"
 1155      66756E63 
 1155      74696F6E 
 1155      2D736563 
 1155      74696F6E 
 1156              	.LASF5:
 1157 012a 6C6F6E67 		.ascii	"long unsigned int\000"
 1157      20756E73 
 1157      69676E65 
 1157      6420696E 
 1157      7400
 1158              	.LASF33:
 1159 013c 63795379 		.ascii	"cySysNoInitDataValid\000"
 1159      734E6F49 
 1159      6E697444 
 1159      61746156 
 1159      616C6964 
 1160              	.LASF9:
 1161 0151 75696E74 		.ascii	"uint8\000"
 1161      3800
 1162              	.LASF25:
 1163 0157 52657365 		.ascii	"Reset\000"
 1163      7400
 1164              	.LASF26:
 1165 015d 5F657869 		.ascii	"_exit\000"
 1165      7400
 1166              	.LASF24:
 1167 0163 496E7444 		.ascii	"IntDefaultHandler\000"
 1167      65666175 
 1167      6C744861 
 1167      6E646C65 
 1167      7200
 1168              	.LASF12:
 1169 0175 646F7562 		.ascii	"double\000"
 1169      6C6500
 1170              	.LASF32:
 1171 017c 696E6974 		.ascii	"initialize_psoc\000"
 1171      69616C69 
 1171      7A655F70 
 1171      736F6300 
ARM GAS  C:\Users\Owner\AppData\Local\Temp\cc1PooV3.s 			page 31


 1172              	.LASF10:
 1173 018c 75696E74 		.ascii	"uint32\000"
 1173      333200
 1174              	.LASF8:
 1175 0193 756E7369 		.ascii	"unsigned int\000"
 1175      676E6564 
 1175      20696E74 
 1175      00
 1176              	.LASF7:
 1177 01a0 6C6F6E67 		.ascii	"long long unsigned int\000"
 1177      206C6F6E 
 1177      6720756E 
 1177      7369676E 
 1177      65642069 
 1178              	.LASF30:
 1179 01b7 6C696D69 		.ascii	"limit\000"
 1179      7400
 1180              	.LASF16:
 1181 01bd 63796973 		.ascii	"cyisraddress\000"
 1181      72616464 
 1181      72657373 
 1181      00
 1182              	.LASF22:
 1183 01ca 696E6974 		.ascii	"init_size\000"
 1183      5F73697A 
 1183      6500
 1184              	.LASF19:
 1185 01d4 5F5F6379 		.ascii	"__cy_byte_align8\000"
 1185      5F627974 
 1185      655F616C 
 1185      69676E38 
 1185      00
 1186              	.LASF14:
 1187 01e5 72656738 		.ascii	"reg8\000"
 1187      00
 1188              	.LASF18:
 1189 01ea 73697A65 		.ascii	"sizetype\000"
 1189      74797065 
 1189      00
 1190              	.LASF6:
 1191 01f3 6C6F6E67 		.ascii	"long long int\000"
 1191      206C6F6E 
 1191      6720696E 
 1191      7400
 1192              	.LASF13:
 1193 0201 63686172 		.ascii	"char\000"
 1193      00
 1194              	.LASF2:
 1195 0206 73686F72 		.ascii	"short int\000"
 1195      7420696E 
 1195      7400
 1196              	.LASF4:
 1197 0210 6C6F6E67 		.ascii	"long int\000"
 1197      20696E74 
 1197      00
 1198              	.LASF34:
 1199 0219 43795265 		.ascii	"CyResetStatus\000"
ARM GAS  C:\Users\Owner\AppData\Local\Temp\cc1PooV3.s 			page 32


 1199      73657453 
 1199      74617475 
 1199      7300
 1200              	.LASF0:
 1201 0227 7369676E 		.ascii	"signed char\000"
 1201      65642063 
 1201      68617200 
 1202              	.LASF36:
 1203 0233 5F5F6379 		.ascii	"__cy_regions\000"
 1203      5F726567 
 1203      696F6E73 
 1203      00
 1204              	.LASF28:
 1205 0240 72656769 		.ascii	"regions\000"
 1205      6F6E7300 
 1206              	.LASF41:
 1207 0248 443A5C50 		.ascii	"D:\\PSoC\\Psoc_program\\camera01\\UART_1.cydsn\000"
 1207      536F435C 
 1207      50736F63 
 1207      5F70726F 
 1207      6772616D 
 1208              	.LASF42:
 1209 0273 5F5F6379 		.ascii	"__cy_region\000"
 1209      5F726567 
 1209      696F6E00 
 1210              		.ident	"GCC: (GNU Tools for ARM Embedded Processors) 4.8.4 20140526 (release) [ARM/embedded-4_8-br
