ARM GAS  C:\Users\Owner\AppData\Local\Temp\ccQfHtVn.s 			page 1


   1              		.syntax unified
   2              		.cpu cortex-m3
   3              		.fpu softvfp
   4              		.eabi_attribute 20, 1
   5              		.eabi_attribute 21, 1
   6              		.eabi_attribute 23, 3
   7              		.eabi_attribute 24, 1
   8              		.eabi_attribute 25, 1
   9              		.eabi_attribute 26, 1
  10              		.eabi_attribute 30, 6
  11              		.eabi_attribute 34, 1
  12              		.eabi_attribute 18, 4
  13              		.thumb
  14              		.file	"cymetadata.c"
  15              		.text
  16              	.Ltext0:
  17              		.cfi_sections	.debug_frame
  18              		.global	cy_meta_configecc
  19              		.section	.cyconfigecc,"a",%progbits
  20              		.align	2
  21              		.type	cy_meta_configecc, %object
  22              		.size	cy_meta_configecc, 1484
  23              	cy_meta_configecc:
  24 0000 04       		.byte	4
  25 0001 52       		.byte	82
  26 0002 00       		.byte	0
  27 0003 40       		.byte	64
  28 0004 03       		.byte	3
  29 0005 64       		.byte	100
  30 0006 00       		.byte	0
  31 0007 40       		.byte	64
  32 0008 03       		.byte	3
  33 0009 65       		.byte	101
  34 000a 00       		.byte	0
  35 000b 40       		.byte	64
  36 000c 19       		.byte	25
  37 000d 04       		.byte	4
  38 000e 01       		.byte	1
  39 000f 40       		.byte	64
  40 0010 39       		.byte	57
  41 0011 05       		.byte	5
  42 0012 01       		.byte	1
  43 0013 40       		.byte	64
  44 0014 2A       		.byte	42
  45 0015 06       		.byte	6
  46 0016 01       		.byte	1
  47 0017 40       		.byte	64
  48 0018 50       		.byte	80
  49 0019 07       		.byte	7
  50 001a 01       		.byte	1
  51 001b 40       		.byte	64
  52 001c 53       		.byte	83
  53 001d 14       		.byte	20
  54 001e 01       		.byte	1
  55 001f 40       		.byte	64
  56 0020 3A       		.byte	58
  57 0021 15       		.byte	21
ARM GAS  C:\Users\Owner\AppData\Local\Temp\ccQfHtVn.s 			page 2


  58 0022 01       		.byte	1
  59 0023 40       		.byte	64
  60 0024 5E       		.byte	94
  61 0025 16       		.byte	22
  62 0026 01       		.byte	1
  63 0027 40       		.byte	64
  64 0028 43       		.byte	67
  65 0029 17       		.byte	23
  66 002a 01       		.byte	1
  67 002b 40       		.byte	64
  68 002c 05       		.byte	5
  69 002d 40       		.byte	64
  70 002e 01       		.byte	1
  71 002f 40       		.byte	64
  72 0030 06       		.byte	6
  73 0031 41       		.byte	65
  74 0032 01       		.byte	1
  75 0033 40       		.byte	64
  76 0034 0A       		.byte	10
  77 0035 42       		.byte	66
  78 0036 01       		.byte	1
  79 0037 40       		.byte	64
  80 0038 05       		.byte	5
  81 0039 43       		.byte	67
  82 003a 01       		.byte	1
  83 003b 40       		.byte	64
  84 003c 05       		.byte	5
  85 003d 48       		.byte	72
  86 003e 01       		.byte	1
  87 003f 40       		.byte	64
  88 0040 09       		.byte	9
  89 0041 49       		.byte	73
  90 0042 01       		.byte	1
  91 0043 40       		.byte	64
  92 0044 04       		.byte	4
  93 0045 50       		.byte	80
  94 0046 01       		.byte	1
  95 0047 40       		.byte	64
  96 0048 01       		.byte	1
  97 0049 51       		.byte	81
  98 004a 01       		.byte	1
  99 004b 40       		.byte	64
 100 004c 04       		.byte	4
 101 004d 02       		.byte	2
 102 004e 18       		.byte	24
 103 004f 05       		.byte	5
 104 0050 19       		.byte	25
 105 0051 01       		.byte	1
 106 0052 64       		.byte	100
 107 0053 08       		.byte	8
 108 0054 84       		.byte	-124
 109 0055 72       		.byte	114
 110 0056 85       		.byte	-123
 111 0057 38       		.byte	56
 112 0058 86       		.byte	-122
 113 0059 72       		.byte	114
 114 005a 85       		.byte	-123
ARM GAS  C:\Users\Owner\AppData\Local\Temp\ccQfHtVn.s 			page 3


 115 005b 0F       		.byte	15
 116 005c 86       		.byte	-122
 117 005d 38       		.byte	56
 118 005e 87       		.byte	-121
 119 005f 0F       		.byte	15
 120 0060 80       		.byte	-128
 121 0061 80       		.byte	-128
 122 0062 94       		.byte	-108
 123 0063 44       		.byte	68
 124 0064 96       		.byte	-106
 125 0065 2A       		.byte	42
 126 0066 9C       		.byte	-100
 127 0067 02       		.byte	2
 128 0068 9E       		.byte	-98
 129 0069 15       		.byte	21
 130 006a A4       		.byte	-92
 131 006b E7       		.byte	-25
 132 006c A8       		.byte	-88
 133 006d E7       		.byte	-25
 134 006e AB       		.byte	-85
 135 006f 01       		.byte	1
 136 0070 AC       		.byte	-84
 137 0071 21       		.byte	33
 138 0072 AE       		.byte	-82
 139 0073 4A       		.byte	74
 140 0074 B0       		.byte	-80
 141 0075 80       		.byte	-128
 142 0076 B2       		.byte	-78
 143 0077 60       		.byte	96
 144 0078 B4       		.byte	-76
 145 0079 18       		.byte	24
 146 007a B6       		.byte	-74
 147 007b 07       		.byte	7
 148 007c B7       		.byte	-73
 149 007d 01       		.byte	1
 150 007e BB       		.byte	-69
 151 007f 02       		.byte	2
 152 0080 BE       		.byte	-66
 153 0081 10       		.byte	16
 154 0082 D4       		.byte	-44
 155 0083 18       		.byte	24
 156 0084 D6       		.byte	-42
 157 0085 04       		.byte	4
 158 0086 D8       		.byte	-40
 159 0087 04       		.byte	4
 160 0088 D9       		.byte	-39
 161 0089 04       		.byte	4
 162 008a DB       		.byte	-37
 163 008b 04       		.byte	4
 164 008c DC       		.byte	-36
 165 008d 10       		.byte	16
 166 008e DD       		.byte	-35
 167 008f 10       		.byte	16
 168 0090 DF       		.byte	-33
 169 0091 01       		.byte	1
 170 0092 00       		.byte	0
 171 0093 64       		.byte	100
ARM GAS  C:\Users\Owner\AppData\Local\Temp\ccQfHtVn.s 			page 4


 172 0094 04       		.byte	4
 173 0095 02       		.byte	2
 174 0096 08       		.byte	8
 175 0097 01       		.byte	1
 176 0098 0A       		.byte	10
 177 0099 26       		.byte	38
 178 009a 0D       		.byte	13
 179 009b 40       		.byte	64
 180 009c 0E       		.byte	14
 181 009d 22       		.byte	34
 182 009e 10       		.byte	16
 183 009f A8       		.byte	-88
 184 00a0 12       		.byte	18
 185 00a1 15       		.byte	21
 186 00a2 15       		.byte	21
 187 00a3 40       		.byte	64
 188 00a4 17       		.byte	23
 189 00a5 94       		.byte	-108
 190 00a6 19       		.byte	25
 191 00a7 51       		.byte	81
 192 00a8 1A       		.byte	26
 193 00a9 34       		.byte	52
 194 00aa 1B       		.byte	27
 195 00ab 80       		.byte	-128
 196 00ac 1D       		.byte	29
 197 00ad 20       		.byte	32
 198 00ae 1E       		.byte	30
 199 00af 22       		.byte	34
 200 00b0 1F       		.byte	31
 201 00b1 02       		.byte	2
 202 00b2 20       		.byte	32
 203 00b3 20       		.byte	32
 204 00b4 21       		.byte	33
 205 00b5 08       		.byte	8
 206 00b6 23       		.byte	35
 207 00b7 05       		.byte	5
 208 00b8 24       		.byte	36
 209 00b9 40       		.byte	64
 210 00ba 26       		.byte	38
 211 00bb 80       		.byte	-128
 212 00bc 28       		.byte	40
 213 00bd 01       		.byte	1
 214 00be 29       		.byte	41
 215 00bf 10       		.byte	16
 216 00c0 2A       		.byte	42
 217 00c1 09       		.byte	9
 218 00c2 2E       		.byte	46
 219 00c3 20       		.byte	32
 220 00c4 31       		.byte	49
 221 00c5 08       		.byte	8
 222 00c6 32       		.byte	50
 223 00c7 91       		.byte	-111
 224 00c8 38       		.byte	56
 225 00c9 40       		.byte	64
 226 00ca 3A       		.byte	58
 227 00cb 16       		.byte	22
 228 00cc 40       		.byte	64
ARM GAS  C:\Users\Owner\AppData\Local\Temp\ccQfHtVn.s 			page 5


 229 00cd 45       		.byte	69
 230 00ce 41       		.byte	65
 231 00cf 10       		.byte	16
 232 00d0 42       		.byte	66
 233 00d1 18       		.byte	24
 234 00d2 48       		.byte	72
 235 00d3 40       		.byte	64
 236 00d4 49       		.byte	73
 237 00d5 40       		.byte	64
 238 00d6 53       		.byte	83
 239 00d7 40       		.byte	64
 240 00d8 59       		.byte	89
 241 00d9 01       		.byte	1
 242 00da 5F       		.byte	95
 243 00db 01       		.byte	1
 244 00dc 65       		.byte	101
 245 00dd A0       		.byte	-96
 246 00de 67       		.byte	103
 247 00df 40       		.byte	64
 248 00e0 69       		.byte	105
 249 00e1 14       		.byte	20
 250 00e2 6A       		.byte	106
 251 00e3 80       		.byte	-128
 252 00e4 70       		.byte	112
 253 00e5 A8       		.byte	-88
 254 00e6 72       		.byte	114
 255 00e7 02       		.byte	2
 256 00e8 85       		.byte	-123
 257 00e9 01       		.byte	1
 258 00ea 87       		.byte	-121
 259 00eb 52       		.byte	82
 260 00ec 9B       		.byte	-101
 261 00ed 80       		.byte	-128
 262 00ee AB       		.byte	-85
 263 00ef 80       		.byte	-128
 264 00f0 C0       		.byte	-64
 265 00f1 17       		.byte	23
 266 00f2 C2       		.byte	-62
 267 00f3 AF       		.byte	-81
 268 00f4 C4       		.byte	-60
 269 00f5 EF       		.byte	-17
 270 00f6 CA       		.byte	-54
 271 00f7 2F       		.byte	47
 272 00f8 CC       		.byte	-52
 273 00f9 0F       		.byte	15
 274 00fa CE       		.byte	-50
 275 00fb 0F       		.byte	15
 276 00fc D0       		.byte	-48
 277 00fd 0F       		.byte	15
 278 00fe D2       		.byte	-46
 279 00ff 08       		.byte	8
 280 0100 D6       		.byte	-42
 281 0101 81       		.byte	-127
 282 0102 D8       		.byte	-40
 283 0103 B0       		.byte	-80
 284 0104 81       		.byte	-127
 285 0105 22       		.byte	34
ARM GAS  C:\Users\Owner\AppData\Local\Temp\ccQfHtVn.s 			page 6


 286 0106 82       		.byte	-126
 287 0107 01       		.byte	1
 288 0108 83       		.byte	-125
 289 0109 51       		.byte	81
 290 010a 85       		.byte	-123
 291 010b E7       		.byte	-25
 292 010c 89       		.byte	-119
 293 010d E7       		.byte	-25
 294 010e 8E       		.byte	-114
 295 010f 01       		.byte	1
 296 0110 91       		.byte	-111
 297 0111 01       		.byte	1
 298 0112 92       		.byte	-110
 299 0113 02       		.byte	2
 300 0114 93       		.byte	-109
 301 0115 0E       		.byte	14
 302 0116 95       		.byte	-107
 303 0117 44       		.byte	68
 304 0118 97       		.byte	-105
 305 0119 31       		.byte	49
 306 011a 9A       		.byte	-102
 307 011b 02       		.byte	2
 308 011c 9D       		.byte	-99
 309 011d 80       		.byte	-128
 310 011e B1       		.byte	-79
 311 011f 07       		.byte	7
 312 0120 B3       		.byte	-77
 313 0121 60       		.byte	96
 314 0122 B4       		.byte	-76
 315 0123 02       		.byte	2
 316 0124 B5       		.byte	-75
 317 0125 80       		.byte	-128
 318 0126 B6       		.byte	-74
 319 0127 01       		.byte	1
 320 0128 B7       		.byte	-73
 321 0129 18       		.byte	24
 322 012a BE       		.byte	-66
 323 012b 50       		.byte	80
 324 012c BF       		.byte	-65
 325 012d 40       		.byte	64
 326 012e C0       		.byte	-64
 327 012f 02       		.byte	2
 328 0130 C5       		.byte	-59
 329 0131 01       		.byte	1
 330 0132 C6       		.byte	-58
 331 0133 50       		.byte	80
 332 0134 C8       		.byte	-56
 333 0135 09       		.byte	9
 334 0136 C9       		.byte	-55
 335 0137 FF       		.byte	-1
 336 0138 CA       		.byte	-54
 337 0139 07       		.byte	7
 338 013a CB       		.byte	-53
 339 013b FF       		.byte	-1
 340 013c CC       		.byte	-52
 341 013d 40       		.byte	64
 342 013e CD       		.byte	-51
ARM GAS  C:\Users\Owner\AppData\Local\Temp\ccQfHtVn.s 			page 7


 343 013f 20       		.byte	32
 344 0140 CE       		.byte	-50
 345 0141 F0       		.byte	-16
 346 0142 CF       		.byte	-49
 347 0143 05       		.byte	5
 348 0144 D0       		.byte	-48
 349 0145 08       		.byte	8
 350 0146 D8       		.byte	-40
 351 0147 04       		.byte	4
 352 0148 D9       		.byte	-39
 353 0149 04       		.byte	4
 354 014a DA       		.byte	-38
 355 014b 04       		.byte	4
 356 014c DC       		.byte	-36
 357 014d 10       		.byte	16
 358 014e DF       		.byte	-33
 359 014f 01       		.byte	1
 360 0150 E0       		.byte	-32
 361 0151 40       		.byte	64
 362 0152 E1       		.byte	-31
 363 0153 A8       		.byte	-88
 364 0154 E2       		.byte	-30
 365 0155 40       		.byte	64
 366 0156 E3       		.byte	-29
 367 0157 20       		.byte	32
 368 0158 00       		.byte	0
 369 0159 80       		.byte	-128
 370 015a 03       		.byte	3
 371 015b 80       		.byte	-128
 372 015c 05       		.byte	5
 373 015d 54       		.byte	84
 374 015e 07       		.byte	7
 375 015f 80       		.byte	-128
 376 0160 0B       		.byte	11
 377 0161 84       		.byte	-124
 378 0162 0C       		.byte	12
 379 0163 A4       		.byte	-92
 380 0164 0E       		.byte	14
 381 0165 20       		.byte	32
 382 0166 10       		.byte	16
 383 0167 20       		.byte	32
 384 0168 12       		.byte	18
 385 0169 20       		.byte	32
 386 016a 14       		.byte	20
 387 016b 02       		.byte	2
 388 016c 15       		.byte	21
 389 016d 81       		.byte	-127
 390 016e 17       		.byte	23
 391 016f 28       		.byte	40
 392 0170 19       		.byte	25
 393 0171 A0       		.byte	-96
 394 0172 1C       		.byte	28
 395 0173 40       		.byte	64
 396 0174 1D       		.byte	29
 397 0175 14       		.byte	20
 398 0176 1E       		.byte	30
 399 0177 01       		.byte	1
ARM GAS  C:\Users\Owner\AppData\Local\Temp\ccQfHtVn.s 			page 8


 400 0178 1F       		.byte	31
 401 0179 08       		.byte	8
 402 017a 20       		.byte	32
 403 017b 01       		.byte	1
 404 017c 21       		.byte	33
 405 017d 18       		.byte	24
 406 017e 22       		.byte	34
 407 017f 01       		.byte	1
 408 0180 24       		.byte	36
 409 0181 10       		.byte	16
 410 0182 25       		.byte	37
 411 0183 10       		.byte	16
 412 0184 26       		.byte	38
 413 0185 20       		.byte	32
 414 0186 27       		.byte	39
 415 0187 02       		.byte	2
 416 0188 2C       		.byte	44
 417 0189 10       		.byte	16
 418 018a 2D       		.byte	45
 419 018b 41       		.byte	65
 420 018c 2F       		.byte	47
 421 018d 08       		.byte	8
 422 018e 30       		.byte	48
 423 018f 10       		.byte	16
 424 0190 31       		.byte	49
 425 0191 18       		.byte	24
 426 0192 32       		.byte	50
 427 0193 41       		.byte	65
 428 0194 34       		.byte	52
 429 0195 06       		.byte	6
 430 0196 37       		.byte	55
 431 0197 60       		.byte	96
 432 0198 38       		.byte	56
 433 0199 40       		.byte	64
 434 019a 39       		.byte	57
 435 019b 14       		.byte	20
 436 019c 3A       		.byte	58
 437 019d 01       		.byte	1
 438 019e 3B       		.byte	59
 439 019f 40       		.byte	64
 440 01a0 3D       		.byte	61
 441 01a1 20       		.byte	32
 442 01a2 3E       		.byte	62
 443 01a3 8A       		.byte	-118
 444 01a4 40       		.byte	64
 445 01a5 04       		.byte	4
 446 01a6 44       		.byte	68
 447 01a7 50       		.byte	80
 448 01a8 45       		.byte	69
 449 01a9 20       		.byte	32
 450 01aa 46       		.byte	70
 451 01ab 80       		.byte	-128
 452 01ac 49       		.byte	73
 453 01ad 08       		.byte	8
 454 01ae 4F       		.byte	79
 455 01af 50       		.byte	80
 456 01b0 53       		.byte	83
ARM GAS  C:\Users\Owner\AppData\Local\Temp\ccQfHtVn.s 			page 9


 457 01b1 20       		.byte	32
 458 01b2 54       		.byte	84
 459 01b3 08       		.byte	8
 460 01b4 56       		.byte	86
 461 01b5 20       		.byte	32
 462 01b6 58       		.byte	88
 463 01b7 40       		.byte	64
 464 01b8 59       		.byte	89
 465 01b9 40       		.byte	64
 466 01ba 5E       		.byte	94
 467 01bb 01       		.byte	1
 468 01bc 6C       		.byte	108
 469 01bd 01       		.byte	1
 470 01be 6F       		.byte	111
 471 01bf 14       		.byte	20
 472 01c0 74       		.byte	116
 473 01c1 80       		.byte	-128
 474 01c2 76       		.byte	118
 475 01c3 0A       		.byte	10
 476 01c4 77       		.byte	119
 477 01c5 28       		.byte	40
 478 01c6 91       		.byte	-111
 479 01c7 D5       		.byte	-43
 480 01c8 92       		.byte	-110
 481 01c9 80       		.byte	-128
 482 01ca 93       		.byte	-109
 483 01cb 94       		.byte	-108
 484 01cc 94       		.byte	-108
 485 01cd 03       		.byte	3
 486 01ce 95       		.byte	-107
 487 01cf 20       		.byte	32
 488 01d0 96       		.byte	-106
 489 01d1 02       		.byte	2
 490 01d2 9A       		.byte	-102
 491 01d3 01       		.byte	1
 492 01d4 9B       		.byte	-101
 493 01d5 80       		.byte	-128
 494 01d6 9C       		.byte	-100
 495 01d7 01       		.byte	1
 496 01d8 9D       		.byte	-99
 497 01d9 A0       		.byte	-96
 498 01da 9F       		.byte	-97
 499 01db 14       		.byte	20
 500 01dc A0       		.byte	-96
 501 01dd 40       		.byte	64
 502 01de A1       		.byte	-95
 503 01df 20       		.byte	32
 504 01e0 A2       		.byte	-94
 505 01e1 10       		.byte	16
 506 01e2 A3       		.byte	-93
 507 01e3 80       		.byte	-128
 508 01e4 AA       		.byte	-86
 509 01e5 21       		.byte	33
 510 01e6 C0       		.byte	-64
 511 01e7 F9       		.byte	-7
 512 01e8 C2       		.byte	-62
 513 01e9 EA       		.byte	-22
ARM GAS  C:\Users\Owner\AppData\Local\Temp\ccQfHtVn.s 			page 10


 514 01ea C4       		.byte	-60
 515 01eb F0       		.byte	-16
 516 01ec CA       		.byte	-54
 517 01ed F0       		.byte	-16
 518 01ee CC       		.byte	-52
 519 01ef FB       		.byte	-5
 520 01f0 CE       		.byte	-50
 521 01f1 F7       		.byte	-9
 522 01f2 D0       		.byte	-48
 523 01f3 E4       		.byte	-28
 524 01f4 D2       		.byte	-46
 525 01f5 30       		.byte	48
 526 01f6 D6       		.byte	-42
 527 01f7 80       		.byte	-128
 528 01f8 04       		.byte	4
 529 01f9 01       		.byte	1
 530 01fa 05       		.byte	5
 531 01fb 14       		.byte	20
 532 01fc 09       		.byte	9
 533 01fd 80       		.byte	-128
 534 01fe 0B       		.byte	11
 535 01ff 03       		.byte	3
 536 0200 0F       		.byte	15
 537 0201 10       		.byte	16
 538 0202 11       		.byte	17
 539 0203 09       		.byte	9
 540 0204 13       		.byte	19
 541 0205 10       		.byte	16
 542 0206 15       		.byte	21
 543 0207 60       		.byte	96
 544 0208 19       		.byte	25
 545 0209 60       		.byte	96
 546 020a 1D       		.byte	29
 547 020b 20       		.byte	32
 548 020c 23       		.byte	35
 549 020d 40       		.byte	64
 550 020e 25       		.byte	37
 551 020f 0C       		.byte	12
 552 0210 27       		.byte	39
 553 0211 11       		.byte	17
 554 0212 29       		.byte	41
 555 0213 10       		.byte	16
 556 0214 2B       		.byte	43
 557 0215 0C       		.byte	12
 558 0216 2D       		.byte	45
 559 0217 1C       		.byte	28
 560 0218 2F       		.byte	47
 561 0219 02       		.byte	2
 562 021a 30       		.byte	48
 563 021b 01       		.byte	1
 564 021c 33       		.byte	51
 565 021d 1F       		.byte	31
 566 021e 35       		.byte	53
 567 021f 60       		.byte	96
 568 0220 36       		.byte	54
 569 0221 01       		.byte	1
 570 0222 37       		.byte	55
ARM GAS  C:\Users\Owner\AppData\Local\Temp\ccQfHtVn.s 			page 11


 571 0223 80       		.byte	-128
 572 0224 39       		.byte	57
 573 0225 20       		.byte	32
 574 0226 3F       		.byte	63
 575 0227 50       		.byte	80
 576 0228 58       		.byte	88
 577 0229 04       		.byte	4
 578 022a 59       		.byte	89
 579 022b 04       		.byte	4
 580 022c 5C       		.byte	92
 581 022d 10       		.byte	16
 582 022e 5F       		.byte	95
 583 022f 01       		.byte	1
 584 0230 80       		.byte	-128
 585 0231 E0       		.byte	-32
 586 0232 82       		.byte	-126
 587 0233 14       		.byte	20
 588 0234 8C       		.byte	-116
 589 0235 02       		.byte	2
 590 0236 8D       		.byte	-115
 591 0237 30       		.byte	48
 592 0238 8F       		.byte	-113
 593 0239 40       		.byte	64
 594 023a 90       		.byte	-112
 595 023b 01       		.byte	1
 596 023c 92       		.byte	-110
 597 023d 18       		.byte	24
 598 023e 94       		.byte	-108
 599 023f 64       		.byte	100
 600 0240 95       		.byte	-107
 601 0241 38       		.byte	56
 602 0242 96       		.byte	-106
 603 0243 88       		.byte	-120
 604 0244 97       		.byte	-105
 605 0245 45       		.byte	69
 606 0246 99       		.byte	-103
 607 0247 38       		.byte	56
 608 0248 9A       		.byte	-102
 609 0249 80       		.byte	-128
 610 024a 9B       		.byte	-101
 611 024b 43       		.byte	67
 612 024c 9C       		.byte	-100
 613 024d 48       		.byte	72
 614 024e 9D       		.byte	-99
 615 024f 16       		.byte	22
 616 0250 9E       		.byte	-98
 617 0251 84       		.byte	-124
 618 0252 9F       		.byte	-97
 619 0253 08       		.byte	8
 620 0254 A2       		.byte	-94
 621 0255 04       		.byte	4
 622 0256 A4       		.byte	-92
 623 0257 84       		.byte	-124
 624 0258 A5       		.byte	-91
 625 0259 02       		.byte	2
 626 025a A6       		.byte	-90
 627 025b 60       		.byte	96
ARM GAS  C:\Users\Owner\AppData\Local\Temp\ccQfHtVn.s 			page 12


 628 025c A8       		.byte	-88
 629 025d A0       		.byte	-96
 630 025e AF       		.byte	-81
 631 025f 6F       		.byte	111
 632 0260 B0       		.byte	-80
 633 0261 F8       		.byte	-8
 634 0262 B1       		.byte	-79
 635 0263 0B       		.byte	11
 636 0264 B2       		.byte	-78
 637 0265 04       		.byte	4
 638 0266 B3       		.byte	-77
 639 0267 07       		.byte	7
 640 0268 B4       		.byte	-76
 641 0269 02       		.byte	2
 642 026a B5       		.byte	-75
 643 026b 74       		.byte	116
 644 026c B6       		.byte	-74
 645 026d 01       		.byte	1
 646 026e BB       		.byte	-69
 647 026f 2A       		.byte	42
 648 0270 BE       		.byte	-66
 649 0271 54       		.byte	84
 650 0272 C0       		.byte	-64
 651 0273 32       		.byte	50
 652 0274 C1       		.byte	-63
 653 0275 06       		.byte	6
 654 0276 C5       		.byte	-59
 655 0277 E0       		.byte	-32
 656 0278 C6       		.byte	-58
 657 0279 0C       		.byte	12
 658 027a C7       		.byte	-57
 659 027b 0B       		.byte	11
 660 027c C8       		.byte	-56
 661 027d 16       		.byte	22
 662 027e C9       		.byte	-55
 663 027f FF       		.byte	-1
 664 0280 CA       		.byte	-54
 665 0281 FF       		.byte	-1
 666 0282 CB       		.byte	-53
 667 0283 FF       		.byte	-1
 668 0284 CE       		.byte	-50
 669 0285 F0       		.byte	-16
 670 0286 CF       		.byte	-49
 671 0287 44       		.byte	68
 672 0288 D0       		.byte	-48
 673 0289 0C       		.byte	12
 674 028a D4       		.byte	-44
 675 028b 01       		.byte	1
 676 028c D6       		.byte	-42
 677 028d 04       		.byte	4
 678 028e D8       		.byte	-40
 679 028f 04       		.byte	4
 680 0290 D9       		.byte	-39
 681 0291 04       		.byte	4
 682 0292 DA       		.byte	-38
 683 0293 04       		.byte	4
 684 0294 DB       		.byte	-37
ARM GAS  C:\Users\Owner\AppData\Local\Temp\ccQfHtVn.s 			page 13


 685 0295 04       		.byte	4
 686 0296 DF       		.byte	-33
 687 0297 01       		.byte	1
 688 0298 E6       		.byte	-26
 689 0299 C0       		.byte	-64
 690 029a EA       		.byte	-22
 691 029b 40       		.byte	64
 692 029c EB       		.byte	-21
 693 029d 02       		.byte	2
 694 029e 01       		.byte	1
 695 029f 08       		.byte	8
 696 02a0 07       		.byte	7
 697 02a1 42       		.byte	66
 698 02a2 0C       		.byte	12
 699 02a3 10       		.byte	16
 700 02a4 0D       		.byte	13
 701 02a5 08       		.byte	8
 702 02a6 0E       		.byte	14
 703 02a7 41       		.byte	65
 704 02a8 16       		.byte	22
 705 02a9 88       		.byte	-120
 706 02aa 17       		.byte	23
 707 02ab 08       		.byte	8
 708 02ac 19       		.byte	25
 709 02ad 01       		.byte	1
 710 02ae 1A       		.byte	26
 711 02af 01       		.byte	1
 712 02b0 1B       		.byte	27
 713 02b1 02       		.byte	2
 714 02b2 1E       		.byte	30
 715 02b3 48       		.byte	72
 716 02b4 1F       		.byte	31
 717 02b5 88       		.byte	-120
 718 02b6 20       		.byte	32
 719 02b7 14       		.byte	20
 720 02b8 22       		.byte	34
 721 02b9 80       		.byte	-128
 722 02ba 25       		.byte	37
 723 02bb 08       		.byte	8
 724 02bc 26       		.byte	38
 725 02bd 28       		.byte	40
 726 02be 27       		.byte	39
 727 02bf 58       		.byte	88
 728 02c0 29       		.byte	41
 729 02c1 95       		.byte	-107
 730 02c2 2C       		.byte	44
 731 02c3 10       		.byte	16
 732 02c4 2F       		.byte	47
 733 02c5 22       		.byte	34
 734 02c6 31       		.byte	49
 735 02c7 08       		.byte	8
 736 02c8 32       		.byte	50
 737 02c9 21       		.byte	33
 738 02ca 33       		.byte	51
 739 02cb 40       		.byte	64
 740 02cc 37       		.byte	55
 741 02cd 58       		.byte	88
ARM GAS  C:\Users\Owner\AppData\Local\Temp\ccQfHtVn.s 			page 14


 742 02ce 38       		.byte	56
 743 02cf 98       		.byte	-104
 744 02d0 3E       		.byte	62
 745 02d1 80       		.byte	-128
 746 02d2 45       		.byte	69
 747 02d3 20       		.byte	32
 748 02d4 47       		.byte	71
 749 02d5 08       		.byte	8
 750 02d6 4D       		.byte	77
 751 02d7 01       		.byte	1
 752 02d8 4E       		.byte	78
 753 02d9 08       		.byte	8
 754 02da 56       		.byte	86
 755 02db 88       		.byte	-120
 756 02dc 5D       		.byte	93
 757 02dd 01       		.byte	1
 758 02de 5E       		.byte	94
 759 02df 08       		.byte	8
 760 02e0 5F       		.byte	95
 761 02e1 62       		.byte	98
 762 02e2 66       		.byte	102
 763 02e3 02       		.byte	2
 764 02e4 83       		.byte	-125
 765 02e5 80       		.byte	-128
 766 02e6 86       		.byte	-122
 767 02e7 82       		.byte	-126
 768 02e8 87       		.byte	-121
 769 02e9 20       		.byte	32
 770 02ea 8B       		.byte	-117
 771 02eb 48       		.byte	72
 772 02ec 8E       		.byte	-114
 773 02ed 80       		.byte	-128
 774 02ee 90       		.byte	-112
 775 02ef 88       		.byte	-120
 776 02f0 92       		.byte	-110
 777 02f1 02       		.byte	2
 778 02f2 94       		.byte	-108
 779 02f3 04       		.byte	4
 780 02f4 99       		.byte	-103
 781 02f5 9C       		.byte	-100
 782 02f6 A1       		.byte	-95
 783 02f7 20       		.byte	32
 784 02f8 A3       		.byte	-93
 785 02f9 20       		.byte	32
 786 02fa B2       		.byte	-78
 787 02fb 21       		.byte	33
 788 02fc C0       		.byte	-64
 789 02fd 94       		.byte	-108
 790 02fe C2       		.byte	-62
 791 02ff F0       		.byte	-16
 792 0300 C4       		.byte	-60
 793 0301 70       		.byte	112
 794 0302 CA       		.byte	-54
 795 0303 5F       		.byte	95
 796 0304 CC       		.byte	-52
 797 0305 7F       		.byte	127
 798 0306 CE       		.byte	-50
ARM GAS  C:\Users\Owner\AppData\Local\Temp\ccQfHtVn.s 			page 15


 799 0307 1E       		.byte	30
 800 0308 D0       		.byte	-48
 801 0309 60       		.byte	96
 802 030a D2       		.byte	-46
 803 030b 20       		.byte	32
 804 030c D6       		.byte	-42
 805 030d F0       		.byte	-16
 806 030e D8       		.byte	-40
 807 030f 80       		.byte	-128
 808 0310 E2       		.byte	-30
 809 0311 40       		.byte	64
 810 0312 04       		.byte	4
 811 0313 04       		.byte	4
 812 0314 0A       		.byte	10
 813 0315 01       		.byte	1
 814 0316 0E       		.byte	14
 815 0317 02       		.byte	2
 816 0318 11       		.byte	17
 817 0319 01       		.byte	1
 818 031a 16       		.byte	22
 819 031b 01       		.byte	1
 820 031c 1F       		.byte	31
 821 031d 02       		.byte	2
 822 031e 26       		.byte	38
 823 031f 02       		.byte	2
 824 0320 30       		.byte	48
 825 0321 02       		.byte	2
 826 0322 31       		.byte	49
 827 0323 02       		.byte	2
 828 0324 32       		.byte	50
 829 0325 01       		.byte	1
 830 0326 34       		.byte	52
 831 0327 04       		.byte	4
 832 0328 35       		.byte	53
 833 0329 01       		.byte	1
 834 032a 3A       		.byte	58
 835 032b 80       		.byte	-128
 836 032c 3E       		.byte	62
 837 032d 15       		.byte	21
 838 032e 3F       		.byte	63
 839 032f 10       		.byte	16
 840 0330 40       		.byte	64
 841 0331 05       		.byte	5
 842 0332 45       		.byte	69
 843 0333 50       		.byte	80
 844 0334 47       		.byte	71
 845 0335 01       		.byte	1
 846 0336 48       		.byte	72
 847 0337 12       		.byte	18
 848 0338 49       		.byte	73
 849 0339 FF       		.byte	-1
 850 033a 4A       		.byte	74
 851 033b 07       		.byte	7
 852 033c 4B       		.byte	75
 853 033d FF       		.byte	-1
 854 033e 4C       		.byte	76
 855 033f 40       		.byte	64
ARM GAS  C:\Users\Owner\AppData\Local\Temp\ccQfHtVn.s 			page 16


 856 0340 4D       		.byte	77
 857 0341 20       		.byte	32
 858 0342 4E       		.byte	78
 859 0343 F0       		.byte	-16
 860 0344 4F       		.byte	79
 861 0345 05       		.byte	5
 862 0346 50       		.byte	80
 863 0347 08       		.byte	8
 864 0348 54       		.byte	84
 865 0349 18       		.byte	24
 866 034a 56       		.byte	86
 867 034b 04       		.byte	4
 868 034c 58       		.byte	88
 869 034d 04       		.byte	4
 870 034e 59       		.byte	89
 871 034f 04       		.byte	4
 872 0350 5A       		.byte	90
 873 0351 04       		.byte	4
 874 0352 5B       		.byte	91
 875 0353 04       		.byte	4
 876 0354 5D       		.byte	93
 877 0355 01       		.byte	1
 878 0356 5F       		.byte	95
 879 0357 01       		.byte	1
 880 0358 60       		.byte	96
 881 0359 40       		.byte	64
 882 035a 61       		.byte	97
 883 035b A8       		.byte	-88
 884 035c 62       		.byte	98
 885 035d 40       		.byte	64
 886 035e 63       		.byte	99
 887 035f 20       		.byte	32
 888 0360 84       		.byte	-124
 889 0361 03       		.byte	3
 890 0362 85       		.byte	-123
 891 0363 08       		.byte	8
 892 0364 86       		.byte	-122
 893 0365 04       		.byte	4
 894 0366 8B       		.byte	-117
 895 0367 10       		.byte	16
 896 0368 8C       		.byte	-116
 897 0369 99       		.byte	-103
 898 036a 94       		.byte	-108
 899 036b 33       		.byte	51
 900 036c 96       		.byte	-106
 901 036d C4       		.byte	-60
 902 036e 98       		.byte	-104
 903 036f 33       		.byte	51
 904 0370 9A       		.byte	-102
 905 0371 4C       		.byte	76
 906 0372 9B       		.byte	-101
 907 0373 17       		.byte	23
 908 0374 9D       		.byte	-99
 909 0375 04       		.byte	4
 910 0376 A0       		.byte	-96
 911 0377 80       		.byte	-128
 912 0378 A5       		.byte	-91
ARM GAS  C:\Users\Owner\AppData\Local\Temp\ccQfHtVn.s 			page 17


 913 0379 11       		.byte	17
 914 037a A6       		.byte	-90
 915 037b EE       		.byte	-18
 916 037c A7       		.byte	-89
 917 037d 06       		.byte	6
 918 037e A9       		.byte	-87
 919 037f 11       		.byte	17
 920 0380 AB       		.byte	-85
 921 0381 02       		.byte	2
 922 0382 AD       		.byte	-83
 923 0383 04       		.byte	4
 924 0384 AF       		.byte	-81
 925 0385 11       		.byte	17
 926 0386 B1       		.byte	-79
 927 0387 07       		.byte	7
 928 0388 B2       		.byte	-78
 929 0389 C8       		.byte	-56
 930 038a B3       		.byte	-77
 931 038b 08       		.byte	8
 932 038c B4       		.byte	-76
 933 038d 0F       		.byte	15
 934 038e B5       		.byte	-75
 935 038f 08       		.byte	8
 936 0390 B6       		.byte	-74
 937 0391 30       		.byte	48
 938 0392 B7       		.byte	-73
 939 0393 10       		.byte	16
 940 0394 B8       		.byte	-72
 941 0395 80       		.byte	-128
 942 0396 BA       		.byte	-70
 943 0397 28       		.byte	40
 944 0398 BB       		.byte	-69
 945 0399 02       		.byte	2
 946 039a BE       		.byte	-66
 947 039b 40       		.byte	64
 948 039c BF       		.byte	-65
 949 039d 44       		.byte	68
 950 039e C0       		.byte	-64
 951 039f 23       		.byte	35
 952 03a0 C1       		.byte	-63
 953 03a1 06       		.byte	6
 954 03a2 C5       		.byte	-59
 955 03a3 E0       		.byte	-32
 956 03a4 C6       		.byte	-58
 957 03a5 C0       		.byte	-64
 958 03a6 C7       		.byte	-57
 959 03a7 0B       		.byte	11
 960 03a8 C8       		.byte	-56
 961 03a9 1A       		.byte	26
 962 03aa C9       		.byte	-55
 963 03ab FF       		.byte	-1
 964 03ac CA       		.byte	-54
 965 03ad FF       		.byte	-1
 966 03ae CB       		.byte	-53
 967 03af FF       		.byte	-1
 968 03b0 CE       		.byte	-50
 969 03b1 F0       		.byte	-16
ARM GAS  C:\Users\Owner\AppData\Local\Temp\ccQfHtVn.s 			page 18


 970 03b2 CF       		.byte	-49
 971 03b3 44       		.byte	68
 972 03b4 D0       		.byte	-48
 973 03b5 0C       		.byte	12
 974 03b6 D4       		.byte	-44
 975 03b7 01       		.byte	1
 976 03b8 D6       		.byte	-42
 977 03b9 04       		.byte	4
 978 03ba D8       		.byte	-40
 979 03bb 04       		.byte	4
 980 03bc D9       		.byte	-39
 981 03bd 04       		.byte	4
 982 03be DA       		.byte	-38
 983 03bf 04       		.byte	4
 984 03c0 DB       		.byte	-37
 985 03c1 04       		.byte	4
 986 03c2 DC       		.byte	-36
 987 03c3 11       		.byte	17
 988 03c4 DD       		.byte	-35
 989 03c5 11       		.byte	17
 990 03c6 DF       		.byte	-33
 991 03c7 01       		.byte	1
 992 03c8 E6       		.byte	-26
 993 03c9 C0       		.byte	-64
 994 03ca EA       		.byte	-22
 995 03cb 40       		.byte	64
 996 03cc EB       		.byte	-21
 997 03cd 02       		.byte	2
 998 03ce 00       		.byte	0
 999 03cf 80       		.byte	-128
 1000 03d0 01       		.byte	1
 1001 03d1 80       		.byte	-128
 1002 03d2 02       		.byte	2
 1003 03d3 10       		.byte	16
 1004 03d4 03       		.byte	3
 1005 03d5 10       		.byte	16
 1006 03d6 04       		.byte	4
 1007 03d7 50       		.byte	80
 1008 03d8 05       		.byte	5
 1009 03d9 08       		.byte	8
 1010 03da 0A       		.byte	10
 1011 03db 24       		.byte	36
 1012 03dc 0B       		.byte	11
 1013 03dd 20       		.byte	32
 1014 03de 0C       		.byte	12
 1015 03df 08       		.byte	8
 1016 03e0 10       		.byte	16
 1017 03e1 80       		.byte	-128
 1018 03e2 12       		.byte	18
 1019 03e3 20       		.byte	32
 1020 03e4 16       		.byte	22
 1021 03e5 20       		.byte	32
 1022 03e6 19       		.byte	25
 1023 03e7 14       		.byte	20
 1024 03e8 1A       		.byte	26
 1025 03e9 24       		.byte	36
 1026 03ea 1B       		.byte	27
ARM GAS  C:\Users\Owner\AppData\Local\Temp\ccQfHtVn.s 			page 19


 1027 03eb 40       		.byte	64
 1028 03ec 1D       		.byte	29
 1029 03ed 60       		.byte	96
 1030 03ee 1F       		.byte	31
 1031 03ef 05       		.byte	5
 1032 03f0 20       		.byte	32
 1033 03f1 80       		.byte	-128
 1034 03f2 21       		.byte	33
 1035 03f3 04       		.byte	4
 1036 03f4 22       		.byte	34
 1037 03f5 60       		.byte	96
 1038 03f6 27       		.byte	39
 1039 03f7 44       		.byte	68
 1040 03f8 29       		.byte	41
 1041 03f9 94       		.byte	-108
 1042 03fa 30       		.byte	48
 1043 03fb 80       		.byte	-128
 1044 03fc 32       		.byte	50
 1045 03fd 20       		.byte	32
 1046 03fe 35       		.byte	53
 1047 03ff 01       		.byte	1
 1048 0400 37       		.byte	55
 1049 0401 80       		.byte	-128
 1050 0402 38       		.byte	56
 1051 0403 20       		.byte	32
 1052 0404 3A       		.byte	58
 1053 0405 04       		.byte	4
 1054 0406 41       		.byte	65
 1055 0407 04       		.byte	4
 1056 0408 42       		.byte	66
 1057 0409 04       		.byte	4
 1058 040a 49       		.byte	73
 1059 040b 01       		.byte	1
 1060 040c 4B       		.byte	75
 1061 040d 20       		.byte	32
 1062 040e 4C       		.byte	76
 1063 040f C0       		.byte	-64
 1064 0410 4F       		.byte	79
 1065 0411 80       		.byte	-128
 1066 0412 50       		.byte	80
 1067 0413 14       		.byte	20
 1068 0414 52       		.byte	82
 1069 0415 10       		.byte	16
 1070 0416 56       		.byte	86
 1071 0417 04       		.byte	4
 1072 0418 59       		.byte	89
 1073 0419 01       		.byte	1
 1074 041a 5A       		.byte	90
 1075 041b 80       		.byte	-128
 1076 041c 5B       		.byte	91
 1077 041d 14       		.byte	20
 1078 041e 5F       		.byte	95
 1079 041f 02       		.byte	2
 1080 0420 63       		.byte	99
 1081 0421 40       		.byte	64
 1082 0422 65       		.byte	101
 1083 0423 02       		.byte	2
ARM GAS  C:\Users\Owner\AppData\Local\Temp\ccQfHtVn.s 			page 20


 1084 0424 67       		.byte	103
 1085 0425 0A       		.byte	10
 1086 0426 85       		.byte	-123
 1087 0427 02       		.byte	2
 1088 0428 87       		.byte	-121
 1089 0429 40       		.byte	64
 1090 042a 90       		.byte	-112
 1091 042b 50       		.byte	80
 1092 042c 94       		.byte	-108
 1093 042d 04       		.byte	4
 1094 042e 99       		.byte	-103
 1095 042f 08       		.byte	8
 1096 0430 9A       		.byte	-102
 1097 0431 20       		.byte	32
 1098 0432 9B       		.byte	-101
 1099 0433 82       		.byte	-126
 1100 0434 9D       		.byte	-99
 1101 0435 40       		.byte	64
 1102 0436 9F       		.byte	-97
 1103 0437 40       		.byte	64
 1104 0438 A0       		.byte	-96
 1105 0439 08       		.byte	8
 1106 043a A3       		.byte	-93
 1107 043b 20       		.byte	32
 1108 043c AC       		.byte	-84
 1109 043d 01       		.byte	1
 1110 043e AD       		.byte	-83
 1111 043f 08       		.byte	8
 1112 0440 C0       		.byte	-64
 1113 0441 E5       		.byte	-27
 1114 0442 C2       		.byte	-62
 1115 0443 26       		.byte	38
 1116 0444 C4       		.byte	-60
 1117 0445 2C       		.byte	44
 1118 0446 CA       		.byte	-54
 1119 0447 0E       		.byte	14
 1120 0448 CC       		.byte	-52
 1121 0449 9C       		.byte	-100
 1122 044a CE       		.byte	-50
 1123 044b 06       		.byte	6
 1124 044c D0       		.byte	-48
 1125 044d 06       		.byte	6
 1126 044e D2       		.byte	-46
 1127 044f 14       		.byte	20
 1128 0450 D6       		.byte	-42
 1129 0451 8F       		.byte	-113
 1130 0452 D8       		.byte	-40
 1131 0453 B1       		.byte	-79
 1132 0454 32       		.byte	50
 1133 0455 04       		.byte	4
 1134 0456 33       		.byte	51
 1135 0457 80       		.byte	-128
 1136 0458 36       		.byte	54
 1137 0459 40       		.byte	64
 1138 045a 37       		.byte	55
 1139 045b 02       		.byte	2
 1140 045c CC       		.byte	-52
ARM GAS  C:\Users\Owner\AppData\Local\Temp\ccQfHtVn.s 			page 21


 1141 045d F0       		.byte	-16
 1142 045e 07       		.byte	7
 1143 045f 20       		.byte	32
 1144 0460 96       		.byte	-106
 1145 0461 08       		.byte	8
 1146 0462 9F       		.byte	-97
 1147 0463 02       		.byte	2
 1148 0464 A6       		.byte	-90
 1149 0465 40       		.byte	64
 1150 0466 A7       		.byte	-89
 1151 0467 80       		.byte	-128
 1152 0468 C0       		.byte	-64
 1153 0469 20       		.byte	32
 1154 046a 07       		.byte	7
 1155 046b 10       		.byte	16
 1156 046c 86       		.byte	-122
 1157 046d 40       		.byte	64
 1158 046e 96       		.byte	-106
 1159 046f 08       		.byte	8
 1160 0470 9F       		.byte	-97
 1161 0471 02       		.byte	2
 1162 0472 A6       		.byte	-90
 1163 0473 40       		.byte	64
 1164 0474 A7       		.byte	-89
 1165 0475 80       		.byte	-128
 1166 0476 AB       		.byte	-85
 1167 0477 20       		.byte	32
 1168 0478 C0       		.byte	-64
 1169 0479 20       		.byte	32
 1170 047a E6       		.byte	-26
 1171 047b 40       		.byte	64
 1172 047c E8       		.byte	-24
 1173 047d 80       		.byte	-128
 1174 047e 96       		.byte	-106
 1175 047f 08       		.byte	8
 1176 0480 9F       		.byte	-97
 1177 0481 02       		.byte	2
 1178 0482 A7       		.byte	-89
 1179 0483 80       		.byte	-128
 1180 0484 AB       		.byte	-85
 1181 0485 10       		.byte	16
 1182 0486 E8       		.byte	-24
 1183 0487 20       		.byte	32
 1184 0488 87       		.byte	-121
 1185 0489 82       		.byte	-126
 1186 048a 96       		.byte	-106
 1187 048b 08       		.byte	8
 1188 048c 9F       		.byte	-97
 1189 048d 02       		.byte	2
 1190 048e A7       		.byte	-89
 1191 048f 80       		.byte	-128
 1192 0490 E6       		.byte	-26
 1193 0491 50       		.byte	80
 1194 0492 57       		.byte	87
 1195 0493 20       		.byte	32
 1196 0494 5D       		.byte	93
 1197 0495 40       		.byte	64
ARM GAS  C:\Users\Owner\AppData\Local\Temp\ccQfHtVn.s 			page 22


 1198 0496 83       		.byte	-125
 1199 0497 20       		.byte	32
 1200 0498 86       		.byte	-122
 1201 0499 04       		.byte	4
 1202 049a 8D       		.byte	-115
 1203 049b 40       		.byte	64
 1204 049c 96       		.byte	-106
 1205 049d 08       		.byte	8
 1206 049e D4       		.byte	-44
 1207 049f 40       		.byte	64
 1208 04a0 D6       		.byte	-42
 1209 04a1 20       		.byte	32
 1210 04a2 E6       		.byte	-26
 1211 04a3 30       		.byte	48
 1212 04a4 00       		.byte	0
 1213 04a5 03       		.byte	3
 1214 04a6 0A       		.byte	10
 1215 04a7 03       		.byte	3
 1216 04a8 10       		.byte	16
 1217 04a9 03       		.byte	3
 1218 04aa 1A       		.byte	26
 1219 04ab 03       		.byte	3
 1220 04ac 00       		.byte	0
 1221 04ad FF       		.byte	-1
 1222 04ae 00       		.byte	0
 1223 04af 00       		.byte	0
 1224 04b0 00       		.byte	0
 1225 04b1 10       		.byte	16
 1226 04b2 00       		.byte	0
 1227 04b3 00       		.byte	0
 1228 04b4 00       		.byte	0
 1229 04b5 18       		.byte	24
 1230 04b6 63       		.byte	99
 1231 04b7 00       		.byte	0
 1232 04b8 5C       		.byte	92
 1233 04b9 08       		.byte	8
 1234 04ba 23       		.byte	35
 1235 04bb 00       		.byte	0
 1236 04bc 7F       		.byte	127
 1237 04bd FF       		.byte	-1
 1238 04be 00       		.byte	0
 1239 04bf 00       		.byte	0
 1240 04c0 02       		.byte	2
 1241 04c1 60       		.byte	96
 1242 04c2 00       		.byte	0
 1243 04c3 00       		.byte	0
 1244 04c4 73       		.byte	115
 1245 04c5 1C       		.byte	28
 1246 04c6 0C       		.byte	12
 1247 04c7 E2       		.byte	-30
 1248 04c8 1F       		.byte	31
 1249 04c9 E7       		.byte	-25
 1250 04ca 60       		.byte	96
 1251 04cb 18       		.byte	24
 1252 04cc 03       		.byte	3
 1253 04cd 00       		.byte	0
 1254 04ce 00       		.byte	0
ARM GAS  C:\Users\Owner\AppData\Local\Temp\ccQfHtVn.s 			page 23


 1255 04cf 04       		.byte	4
 1256 04d0 08       		.byte	8
 1257 04d1 24       		.byte	36
 1258 04d2 00       		.byte	0
 1259 04d3 00       		.byte	0
 1260 04d4 04       		.byte	4
 1261 04d5 00       		.byte	0
 1262 04d6 00       		.byte	0
 1263 04d7 63       		.byte	99
 1264 04d8 0C       		.byte	12
 1265 04d9 1C       		.byte	28
 1266 04da 00       		.byte	0
 1267 04db E1       		.byte	-31
 1268 04dc 01       		.byte	1
 1269 04dd 40       		.byte	64
 1270 04de 00       		.byte	0
 1271 04df 00       		.byte	0
 1272 04e0 10       		.byte	16
 1273 04e1 00       		.byte	0
 1274 04e2 0F       		.byte	15
 1275 04e3 1F       		.byte	31
 1276 04e4 2C       		.byte	44
 1277 04e5 80       		.byte	-128
 1278 04e6 4C       		.byte	76
 1279 04e7 60       		.byte	96
 1280 04e8 00       		.byte	0
 1281 04e9 20       		.byte	32
 1282 04ea 28       		.byte	40
 1283 04eb 08       		.byte	8
 1284 04ec 00       		.byte	0
 1285 04ed 00       		.byte	0
 1286 04ee 01       		.byte	1
 1287 04ef 00       		.byte	0
 1288 04f0 32       		.byte	50
 1289 04f1 04       		.byte	4
 1290 04f2 05       		.byte	5
 1291 04f3 00       		.byte	0
 1292 04f4 01       		.byte	1
 1293 04f5 C0       		.byte	-64
 1294 04f6 0E       		.byte	14
 1295 04f7 00       		.byte	0
 1296 04f8 06       		.byte	6
 1297 04f9 FF       		.byte	-1
 1298 04fa FF       		.byte	-1
 1299 04fb FF       		.byte	-1
 1300 04fc 62       		.byte	98
 1301 04fd A0       		.byte	-96
 1302 04fe F0       		.byte	-16
 1303 04ff 41       		.byte	65
 1304 0500 0C       		.byte	12
 1305 0501 00       		.byte	0
 1306 0502 00       		.byte	0
 1307 0503 00       		.byte	0
 1308 0504 00       		.byte	0
 1309 0505 00       		.byte	0
 1310 0506 02       		.byte	2
 1311 0507 13       		.byte	19
ARM GAS  C:\Users\Owner\AppData\Local\Temp\ccQfHtVn.s 			page 24


 1312 0508 04       		.byte	4
 1313 0509 04       		.byte	4
 1314 050a 04       		.byte	4
 1315 050b 04       		.byte	4
 1316 050c 11       		.byte	17
 1317 050d 11       		.byte	17
 1318 050e 00       		.byte	0
 1319 050f 01       		.byte	1
 1320 0510 00       		.byte	0
 1321 0511 00       		.byte	0
 1322 0512 00       		.byte	0
 1323 0513 00       		.byte	0
 1324 0514 00       		.byte	0
 1325 0515 00       		.byte	0
 1326 0516 40       		.byte	64
 1327 0517 02       		.byte	2
 1328 0518 00       		.byte	0
 1329 0519 10       		.byte	16
 1330 051a 30       		.byte	48
 1331 051b 10       		.byte	16
 1332 051c 00       		.byte	0
 1333 051d 10       		.byte	16
 1334 051e 10       		.byte	16
 1335 051f 12       		.byte	18
 1336 0520 00       		.byte	0
 1337 0521 00       		.byte	0
 1338 0522 00       		.byte	0
 1339 0523 00       		.byte	0
 1340 0524 00       		.byte	0
 1341 0525 00       		.byte	0
 1342 0526 00       		.byte	0
 1343 0527 00       		.byte	0
 1344 0528 00       		.byte	0
 1345 0529 00       		.byte	0
 1346 052a 00       		.byte	0
 1347 052b 00       		.byte	0
 1348 052c 00       		.byte	0
 1349 052d 00       		.byte	0
 1350 052e 00       		.byte	0
 1351 052f 00       		.byte	0
 1352 0530 01       		.byte	1
 1353 0531 10       		.byte	16
 1354 0532 00       		.byte	0
 1355 0533 00       		.byte	0
 1356 0534 1F       		.byte	31
 1357 0535 08       		.byte	8
 1358 0536 60       		.byte	96
 1359 0537 00       		.byte	0
 1360 0538 73       		.byte	115
 1361 0539 1C       		.byte	28
 1362 053a 0C       		.byte	12
 1363 053b E2       		.byte	-30
 1364 053c 7F       		.byte	127
 1365 053d FF       		.byte	-1
 1366 053e 00       		.byte	0
 1367 053f 00       		.byte	0
 1368 0540 00       		.byte	0
ARM GAS  C:\Users\Owner\AppData\Local\Temp\ccQfHtVn.s 			page 25


 1369 0541 60       		.byte	96
 1370 0542 00       		.byte	0
 1371 0543 00       		.byte	0
 1372 0544 02       		.byte	2
 1373 0545 40       		.byte	64
 1374 0546 00       		.byte	0
 1375 0547 00       		.byte	0
 1376 0548 5C       		.byte	92
 1377 0549 18       		.byte	24
 1378 054a 23       		.byte	35
 1379 054b 00       		.byte	0
 1380 054c 08       		.byte	8
 1381 054d 00       		.byte	0
 1382 054e 00       		.byte	0
 1383 054f 04       		.byte	4
 1384 0550 00       		.byte	0
 1385 0551 00       		.byte	0
 1386 0552 63       		.byte	99
 1387 0553 63       		.byte	99
 1388 0554 04       		.byte	4
 1389 0555 E7       		.byte	-25
 1390 0556 00       		.byte	0
 1391 0557 18       		.byte	24
 1392 0558 0C       		.byte	12
 1393 0559 1C       		.byte	28
 1394 055a 00       		.byte	0
 1395 055b E1       		.byte	-31
 1396 055c 03       		.byte	3
 1397 055d 24       		.byte	36
 1398 055e 00       		.byte	0
 1399 055f 00       		.byte	0
 1400 0560 4C       		.byte	76
 1401 0561 00       		.byte	0
 1402 0562 2C       		.byte	44
 1403 0563 80       		.byte	-128
 1404 0564 0F       		.byte	15
 1405 0565 1F       		.byte	31
 1406 0566 10       		.byte	16
 1407 0567 60       		.byte	96
 1408 0568 00       		.byte	0
 1409 0569 08       		.byte	8
 1410 056a 28       		.byte	40
 1411 056b 20       		.byte	32
 1412 056c 00       		.byte	0
 1413 056d 00       		.byte	0
 1414 056e 40       		.byte	64
 1415 056f 00       		.byte	0
 1416 0570 36       		.byte	54
 1417 0571 04       		.byte	4
 1418 0572 05       		.byte	5
 1419 0573 00       		.byte	0
 1420 0574 02       		.byte	2
 1421 0575 00       		.byte	0
 1422 0576 C0       		.byte	-64
 1423 0577 0E       		.byte	14
 1424 0578 18       		.byte	24
 1425 0579 FF       		.byte	-1
ARM GAS  C:\Users\Owner\AppData\Local\Temp\ccQfHtVn.s 			page 26


 1426 057a FF       		.byte	-1
 1427 057b FF       		.byte	-1
 1428 057c 62       		.byte	98
 1429 057d A0       		.byte	-96
 1430 057e F0       		.byte	-16
 1431 057f 41       		.byte	65
 1432 0580 0C       		.byte	12
 1433 0581 00       		.byte	0
 1434 0582 00       		.byte	0
 1435 0583 00       		.byte	0
 1436 0584 00       		.byte	0
 1437 0585 00       		.byte	0
 1438 0586 02       		.byte	2
 1439 0587 13       		.byte	19
 1440 0588 04       		.byte	4
 1441 0589 04       		.byte	4
 1442 058a 04       		.byte	4
 1443 058b 04       		.byte	4
 1444 058c 00       		.byte	0
 1445 058d 00       		.byte	0
 1446 058e 00       		.byte	0
 1447 058f 01       		.byte	1
 1448 0590 00       		.byte	0
 1449 0591 00       		.byte	0
 1450 0592 00       		.byte	0
 1451 0593 00       		.byte	0
 1452 0594 00       		.byte	0
 1453 0595 00       		.byte	0
 1454 0596 40       		.byte	64
 1455 0597 02       		.byte	2
 1456 0598 00       		.byte	0
 1457 0599 10       		.byte	16
 1458 059a 30       		.byte	48
 1459 059b 10       		.byte	16
 1460 059c 00       		.byte	0
 1461 059d 10       		.byte	16
 1462 059e 10       		.byte	16
 1463 059f 12       		.byte	18
 1464 05a0 00       		.byte	0
 1465 05a1 00       		.byte	0
 1466 05a2 00       		.byte	0
 1467 05a3 00       		.byte	0
 1468 05a4 00       		.byte	0
 1469 05a5 00       		.byte	0
 1470 05a6 00       		.byte	0
 1471 05a7 00       		.byte	0
 1472 05a8 00       		.byte	0
 1473 05a9 00       		.byte	0
 1474 05aa 00       		.byte	0
 1475 05ab 00       		.byte	0
 1476 05ac 00       		.byte	0
 1477 05ad 00       		.byte	0
 1478 05ae 00       		.byte	0
 1479 05af 00       		.byte	0
 1480 05b0 02       		.byte	2
 1481 05b1 00       		.byte	0
 1482 05b2 00       		.byte	0
ARM GAS  C:\Users\Owner\AppData\Local\Temp\ccQfHtVn.s 			page 27


 1483 05b3 00       		.byte	0
 1484 05b4 00       		.byte	0
 1485 05b5 00       		.byte	0
 1486 05b6 00       		.byte	0
 1487 05b7 00       		.byte	0
 1488 05b8 08       		.byte	8
 1489 05b9 00       		.byte	0
 1490 05ba 00       		.byte	0
 1491 05bb 00       		.byte	0
 1492 05bc 00       		.byte	0
 1493 05bd 00       		.byte	0
 1494 05be 00       		.byte	0
 1495 05bf 00       		.byte	0
 1496 05c0 05       		.byte	5
 1497 05c1 00       		.byte	0
 1498 05c2 00       		.byte	0
 1499 05c3 05       		.byte	5
 1500 05c4 05       		.byte	5
 1501 05c5 00       		.byte	0
 1502 05c6 05       		.byte	5
 1503 05c7 00       		.byte	0
 1504 05c8 00       		.byte	0
 1505 05c9 00       		.byte	0
 1506 05ca 00       		.byte	0
 1507 05cb 00       		.byte	0
 1508              		.global	cy_meta_custnvl
 1509              		.section	.cycustnvl,"a",%progbits
 1510              		.align	2
 1511              		.type	cy_meta_custnvl, %object
 1512              		.size	cy_meta_custnvl, 4
 1513              	cy_meta_custnvl:
 1514 0000 00       		.byte	0
 1515 0001 00       		.byte	0
 1516 0002 40       		.byte	64
 1517 0003 05       		.byte	5
 1518              		.global	cy_meta_wonvl
 1519              		.section	.cywolatch,"a",%progbits
 1520              		.align	2
 1521              		.type	cy_meta_wonvl, %object
 1522              		.size	cy_meta_wonvl, 4
 1523              	cy_meta_wonvl:
 1524 0000 BC       		.byte	-68
 1525 0001 90       		.byte	-112
 1526 0002 AC       		.byte	-84
 1527 0003 AF       		.byte	-81
 1528              		.global	cy_meta_flashprotect
 1529              		.section	.cyflashprotect,"a",%progbits
 1530              		.align	2
 1531              		.type	cy_meta_flashprotect, %object
 1532              		.size	cy_meta_flashprotect, 256
 1533              	cy_meta_flashprotect:
 1534 0000 00000000 		.space	256
 1534      00000000 
 1534      00000000 
 1534      00000000 
 1534      00000000 
 1535              		.global	cy_metadata
ARM GAS  C:\Users\Owner\AppData\Local\Temp\ccQfHtVn.s 			page 28


 1536              		.section	.cymeta,"a",%progbits
 1537              		.align	2
 1538              		.type	cy_metadata, %object
 1539              		.size	cy_metadata, 12
 1540              	cy_metadata:
 1541 0000 00       		.byte	0
 1542 0001 01       		.byte	1
 1543 0002 2E       		.byte	46
 1544 0003 12       		.byte	18
 1545 0004 30       		.byte	48
 1546 0005 69       		.byte	105
 1547 0006 00       		.byte	0
 1548 0007 01       		.byte	1
 1549 0008 00       		.byte	0
 1550 0009 00       		.byte	0
 1551 000a 00       		.byte	0
 1552 000b 00       		.byte	0
 1553              		.text
 1554              	.Letext0:
 1555              		.file 1 ".\\Generated_Source\\PSoC5\\cymetadata.c"
 1556              		.file 2 ".\\Generated_Source\\PSoC5\\cytypes.h"
 1557              		.section	.debug_info,"",%progbits
 1558              	.Ldebug_info0:
 1559 0000 37010000 		.4byte	0x137
 1560 0004 0400     		.2byte	0x4
 1561 0006 00000000 		.4byte	.Ldebug_abbrev0
 1562 000a 04       		.byte	0x4
 1563 000b 01       		.uleb128 0x1
 1564 000c B8000000 		.4byte	.LASF18
 1565 0010 01       		.byte	0x1
 1566 0011 00000000 		.4byte	.LASF19
 1567 0015 98010000 		.4byte	.LASF20
 1568 0019 00000000 		.4byte	.Ldebug_line0
 1569 001d 02       		.uleb128 0x2
 1570 001e 01       		.byte	0x1
 1571 001f 06       		.byte	0x6
 1572 0020 8C010000 		.4byte	.LASF0
 1573 0024 02       		.uleb128 0x2
 1574 0025 01       		.byte	0x1
 1575 0026 08       		.byte	0x8
 1576 0027 38000000 		.4byte	.LASF1
 1577 002b 02       		.uleb128 0x2
 1578 002c 02       		.byte	0x2
 1579 002d 05       		.byte	0x5
 1580 002e 73010000 		.4byte	.LASF2
 1581 0032 02       		.uleb128 0x2
 1582 0033 02       		.byte	0x2
 1583 0034 07       		.byte	0x7
 1584 0035 58000000 		.4byte	.LASF3
 1585 0039 02       		.uleb128 0x2
 1586 003a 04       		.byte	0x4
 1587 003b 05       		.byte	0x5
 1588 003c 83010000 		.4byte	.LASF4
 1589 0040 02       		.uleb128 0x2
 1590 0041 04       		.byte	0x4
 1591 0042 07       		.byte	0x7
 1592 0043 46000000 		.4byte	.LASF5
ARM GAS  C:\Users\Owner\AppData\Local\Temp\ccQfHtVn.s 			page 29


 1593 0047 02       		.uleb128 0x2
 1594 0048 08       		.byte	0x8
 1595 0049 05       		.byte	0x5
 1596 004a 60010000 		.4byte	.LASF6
 1597 004e 02       		.uleb128 0x2
 1598 004f 08       		.byte	0x8
 1599 0050 07       		.byte	0x7
 1600 0051 A1000000 		.4byte	.LASF7
 1601 0055 03       		.uleb128 0x3
 1602 0056 04       		.byte	0x4
 1603 0057 05       		.byte	0x5
 1604 0058 696E7400 		.ascii	"int\000"
 1605 005c 02       		.uleb128 0x2
 1606 005d 04       		.byte	0x4
 1607 005e 07       		.byte	0x7
 1608 005f 94000000 		.4byte	.LASF8
 1609 0063 04       		.uleb128 0x4
 1610 0064 7D010000 		.4byte	.LASF21
 1611 0068 02       		.byte	0x2
 1612 0069 5B       		.byte	0x5b
 1613 006a 24000000 		.4byte	0x24
 1614 006e 02       		.uleb128 0x2
 1615 006f 04       		.byte	0x4
 1616 0070 04       		.byte	0x4
 1617 0071 32000000 		.4byte	.LASF9
 1618 0075 02       		.uleb128 0x2
 1619 0076 08       		.byte	0x8
 1620 0077 04       		.byte	0x4
 1621 0078 6B000000 		.4byte	.LASF10
 1622 007c 02       		.uleb128 0x2
 1623 007d 01       		.byte	0x1
 1624 007e 08       		.byte	0x8
 1625 007f 6E010000 		.4byte	.LASF11
 1626 0083 05       		.uleb128 0x5
 1627 0084 63000000 		.4byte	0x63
 1628 0088 94000000 		.4byte	0x94
 1629 008c 06       		.uleb128 0x6
 1630 008d 94000000 		.4byte	0x94
 1631 0091 CB05     		.2byte	0x5cb
 1632 0093 00       		.byte	0
 1633 0094 02       		.uleb128 0x2
 1634 0095 04       		.byte	0x4
 1635 0096 07       		.byte	0x7
 1636 0097 57010000 		.4byte	.LASF12
 1637 009b 07       		.uleb128 0x7
 1638 009c 82000000 		.4byte	.LASF13
 1639 00a0 01       		.byte	0x1
 1640 00a1 1C       		.byte	0x1c
 1641 00a2 AC000000 		.4byte	0xac
 1642 00a6 05       		.uleb128 0x5
 1643 00a7 03       		.byte	0x3
 1644 00a8 00000000 		.4byte	cy_meta_configecc
 1645 00ac 08       		.uleb128 0x8
 1646 00ad 83000000 		.4byte	0x83
 1647 00b1 05       		.uleb128 0x5
 1648 00b2 63000000 		.4byte	0x63
 1649 00b6 C1000000 		.4byte	0xc1
ARM GAS  C:\Users\Owner\AppData\Local\Temp\ccQfHtVn.s 			page 30


 1650 00ba 09       		.uleb128 0x9
 1651 00bb 94000000 		.4byte	0x94
 1652 00bf 03       		.byte	0x3
 1653 00c0 00       		.byte	0
 1654 00c1 07       		.uleb128 0x7
 1655 00c2 72000000 		.4byte	.LASF14
 1656 00c6 01       		.byte	0x1
 1657 00c7 E0       		.byte	0xe0
 1658 00c8 D2000000 		.4byte	0xd2
 1659 00cc 05       		.uleb128 0x5
 1660 00cd 03       		.byte	0x3
 1661 00ce 00000000 		.4byte	cy_meta_custnvl
 1662 00d2 08       		.uleb128 0x8
 1663 00d3 B1000000 		.4byte	0xb1
 1664 00d7 07       		.uleb128 0x7
 1665 00d8 49010000 		.4byte	.LASF15
 1666 00dc 01       		.byte	0x1
 1667 00dd EB       		.byte	0xeb
 1668 00de E8000000 		.4byte	0xe8
 1669 00e2 05       		.uleb128 0x5
 1670 00e3 03       		.byte	0x3
 1671 00e4 00000000 		.4byte	cy_meta_wonvl
 1672 00e8 08       		.uleb128 0x8
 1673 00e9 B1000000 		.4byte	0xb1
 1674 00ed 05       		.uleb128 0x5
 1675 00ee 63000000 		.4byte	0x63
 1676 00f2 FD000000 		.4byte	0xfd
 1677 00f6 09       		.uleb128 0x9
 1678 00f7 94000000 		.4byte	0x94
 1679 00fb FF       		.byte	0xff
 1680 00fc 00       		.byte	0
 1681 00fd 07       		.uleb128 0x7
 1682 00fe 34010000 		.4byte	.LASF16
 1683 0102 01       		.byte	0x1
 1684 0103 F6       		.byte	0xf6
 1685 0104 0E010000 		.4byte	0x10e
 1686 0108 05       		.uleb128 0x5
 1687 0109 03       		.byte	0x3
 1688 010a 00000000 		.4byte	cy_meta_flashprotect
 1689 010e 08       		.uleb128 0x8
 1690 010f ED000000 		.4byte	0xed
 1691 0113 05       		.uleb128 0x5
 1692 0114 63000000 		.4byte	0x63
 1693 0118 23010000 		.4byte	0x123
 1694 011c 09       		.uleb128 0x9
 1695 011d 94000000 		.4byte	0x94
 1696 0121 0B       		.byte	0xb
 1697 0122 00       		.byte	0
 1698 0123 0A       		.uleb128 0xa
 1699 0124 26000000 		.4byte	.LASF17
 1700 0128 01       		.byte	0x1
 1701 0129 2001     		.2byte	0x120
 1702 012b 35010000 		.4byte	0x135
 1703 012f 05       		.uleb128 0x5
 1704 0130 03       		.byte	0x3
 1705 0131 00000000 		.4byte	cy_metadata
 1706 0135 08       		.uleb128 0x8
ARM GAS  C:\Users\Owner\AppData\Local\Temp\ccQfHtVn.s 			page 31


 1707 0136 13010000 		.4byte	0x113
 1708 013a 00       		.byte	0
 1709              		.section	.debug_abbrev,"",%progbits
 1710              	.Ldebug_abbrev0:
 1711 0000 01       		.uleb128 0x1
 1712 0001 11       		.uleb128 0x11
 1713 0002 01       		.byte	0x1
 1714 0003 25       		.uleb128 0x25
 1715 0004 0E       		.uleb128 0xe
 1716 0005 13       		.uleb128 0x13
 1717 0006 0B       		.uleb128 0xb
 1718 0007 03       		.uleb128 0x3
 1719 0008 0E       		.uleb128 0xe
 1720 0009 1B       		.uleb128 0x1b
 1721 000a 0E       		.uleb128 0xe
 1722 000b 10       		.uleb128 0x10
 1723 000c 17       		.uleb128 0x17
 1724 000d 00       		.byte	0
 1725 000e 00       		.byte	0
 1726 000f 02       		.uleb128 0x2
 1727 0010 24       		.uleb128 0x24
 1728 0011 00       		.byte	0
 1729 0012 0B       		.uleb128 0xb
 1730 0013 0B       		.uleb128 0xb
 1731 0014 3E       		.uleb128 0x3e
 1732 0015 0B       		.uleb128 0xb
 1733 0016 03       		.uleb128 0x3
 1734 0017 0E       		.uleb128 0xe
 1735 0018 00       		.byte	0
 1736 0019 00       		.byte	0
 1737 001a 03       		.uleb128 0x3
 1738 001b 24       		.uleb128 0x24
 1739 001c 00       		.byte	0
 1740 001d 0B       		.uleb128 0xb
 1741 001e 0B       		.uleb128 0xb
 1742 001f 3E       		.uleb128 0x3e
 1743 0020 0B       		.uleb128 0xb
 1744 0021 03       		.uleb128 0x3
 1745 0022 08       		.uleb128 0x8
 1746 0023 00       		.byte	0
 1747 0024 00       		.byte	0
 1748 0025 04       		.uleb128 0x4
 1749 0026 16       		.uleb128 0x16
 1750 0027 00       		.byte	0
 1751 0028 03       		.uleb128 0x3
 1752 0029 0E       		.uleb128 0xe
 1753 002a 3A       		.uleb128 0x3a
 1754 002b 0B       		.uleb128 0xb
 1755 002c 3B       		.uleb128 0x3b
 1756 002d 0B       		.uleb128 0xb
 1757 002e 49       		.uleb128 0x49
 1758 002f 13       		.uleb128 0x13
 1759 0030 00       		.byte	0
 1760 0031 00       		.byte	0
 1761 0032 05       		.uleb128 0x5
 1762 0033 01       		.uleb128 0x1
 1763 0034 01       		.byte	0x1
ARM GAS  C:\Users\Owner\AppData\Local\Temp\ccQfHtVn.s 			page 32


 1764 0035 49       		.uleb128 0x49
 1765 0036 13       		.uleb128 0x13
 1766 0037 01       		.uleb128 0x1
 1767 0038 13       		.uleb128 0x13
 1768 0039 00       		.byte	0
 1769 003a 00       		.byte	0
 1770 003b 06       		.uleb128 0x6
 1771 003c 21       		.uleb128 0x21
 1772 003d 00       		.byte	0
 1773 003e 49       		.uleb128 0x49
 1774 003f 13       		.uleb128 0x13
 1775 0040 2F       		.uleb128 0x2f
 1776 0041 05       		.uleb128 0x5
 1777 0042 00       		.byte	0
 1778 0043 00       		.byte	0
 1779 0044 07       		.uleb128 0x7
 1780 0045 34       		.uleb128 0x34
 1781 0046 00       		.byte	0
 1782 0047 03       		.uleb128 0x3
 1783 0048 0E       		.uleb128 0xe
 1784 0049 3A       		.uleb128 0x3a
 1785 004a 0B       		.uleb128 0xb
 1786 004b 3B       		.uleb128 0x3b
 1787 004c 0B       		.uleb128 0xb
 1788 004d 49       		.uleb128 0x49
 1789 004e 13       		.uleb128 0x13
 1790 004f 3F       		.uleb128 0x3f
 1791 0050 19       		.uleb128 0x19
 1792 0051 02       		.uleb128 0x2
 1793 0052 18       		.uleb128 0x18
 1794 0053 00       		.byte	0
 1795 0054 00       		.byte	0
 1796 0055 08       		.uleb128 0x8
 1797 0056 26       		.uleb128 0x26
 1798 0057 00       		.byte	0
 1799 0058 49       		.uleb128 0x49
 1800 0059 13       		.uleb128 0x13
 1801 005a 00       		.byte	0
 1802 005b 00       		.byte	0
 1803 005c 09       		.uleb128 0x9
 1804 005d 21       		.uleb128 0x21
 1805 005e 00       		.byte	0
 1806 005f 49       		.uleb128 0x49
 1807 0060 13       		.uleb128 0x13
 1808 0061 2F       		.uleb128 0x2f
 1809 0062 0B       		.uleb128 0xb
 1810 0063 00       		.byte	0
 1811 0064 00       		.byte	0
 1812 0065 0A       		.uleb128 0xa
 1813 0066 34       		.uleb128 0x34
 1814 0067 00       		.byte	0
 1815 0068 03       		.uleb128 0x3
 1816 0069 0E       		.uleb128 0xe
 1817 006a 3A       		.uleb128 0x3a
 1818 006b 0B       		.uleb128 0xb
 1819 006c 3B       		.uleb128 0x3b
 1820 006d 05       		.uleb128 0x5
ARM GAS  C:\Users\Owner\AppData\Local\Temp\ccQfHtVn.s 			page 33


 1821 006e 49       		.uleb128 0x49
 1822 006f 13       		.uleb128 0x13
 1823 0070 3F       		.uleb128 0x3f
 1824 0071 19       		.uleb128 0x19
 1825 0072 02       		.uleb128 0x2
 1826 0073 18       		.uleb128 0x18
 1827 0074 00       		.byte	0
 1828 0075 00       		.byte	0
 1829 0076 00       		.byte	0
 1830              		.section	.debug_aranges,"",%progbits
 1831 0000 14000000 		.4byte	0x14
 1832 0004 0200     		.2byte	0x2
 1833 0006 00000000 		.4byte	.Ldebug_info0
 1834 000a 04       		.byte	0x4
 1835 000b 00       		.byte	0
 1836 000c 0000     		.2byte	0
 1837 000e 0000     		.2byte	0
 1838 0010 00000000 		.4byte	0
 1839 0014 00000000 		.4byte	0
 1840              		.section	.debug_line,"",%progbits
 1841              	.Ldebug_line0:
 1842 0000 4F000000 		.section	.debug_str,"MS",%progbits,1
 1842      02004900 
 1842      00000201 
 1842      FB0E0D00 
 1842      01010101 
 1843              	.LASF19:
 1844 0000 2E5C4765 		.ascii	".\\Generated_Source\\PSoC5\\cymetadata.c\000"
 1844      6E657261 
 1844      7465645F 
 1844      536F7572 
 1844      63655C50 
 1845              	.LASF17:
 1846 0026 63795F6D 		.ascii	"cy_metadata\000"
 1846      65746164 
 1846      61746100 
 1847              	.LASF9:
 1848 0032 666C6F61 		.ascii	"float\000"
 1848      7400
 1849              	.LASF1:
 1850 0038 756E7369 		.ascii	"unsigned char\000"
 1850      676E6564 
 1850      20636861 
 1850      7200
 1851              	.LASF5:
 1852 0046 6C6F6E67 		.ascii	"long unsigned int\000"
 1852      20756E73 
 1852      69676E65 
 1852      6420696E 
 1852      7400
 1853              	.LASF3:
 1854 0058 73686F72 		.ascii	"short unsigned int\000"
 1854      7420756E 
 1854      7369676E 
 1854      65642069 
 1854      6E7400
 1855              	.LASF10:
ARM GAS  C:\Users\Owner\AppData\Local\Temp\ccQfHtVn.s 			page 34


 1856 006b 646F7562 		.ascii	"double\000"
 1856      6C6500
 1857              	.LASF14:
 1858 0072 63795F6D 		.ascii	"cy_meta_custnvl\000"
 1858      6574615F 
 1858      63757374 
 1858      6E766C00 
 1859              	.LASF13:
 1860 0082 63795F6D 		.ascii	"cy_meta_configecc\000"
 1860      6574615F 
 1860      636F6E66 
 1860      69676563 
 1860      6300
 1861              	.LASF8:
 1862 0094 756E7369 		.ascii	"unsigned int\000"
 1862      676E6564 
 1862      20696E74 
 1862      00
 1863              	.LASF7:
 1864 00a1 6C6F6E67 		.ascii	"long long unsigned int\000"
 1864      206C6F6E 
 1864      6720756E 
 1864      7369676E 
 1864      65642069 
 1865              	.LASF18:
 1866 00b8 474E5520 		.ascii	"GNU C 4.8.4 20140526 (release) [ARM/embedded-4_8-br"
 1866      4320342E 
 1866      382E3420 
 1866      32303134 
 1866      30353236 
 1867 00eb 616E6368 		.ascii	"anch revision 211358] -mcpu=cortex-m3 -mthumb -g -O"
 1867      20726576 
 1867      6973696F 
 1867      6E203231 
 1867      31333538 
 1868 011e 30202D66 		.ascii	"0 -ffunction-sections\000"
 1868      66756E63 
 1868      74696F6E 
 1868      2D736563 
 1868      74696F6E 
 1869              	.LASF16:
 1870 0134 63795F6D 		.ascii	"cy_meta_flashprotect\000"
 1870      6574615F 
 1870      666C6173 
 1870      6870726F 
 1870      74656374 
 1871              	.LASF15:
 1872 0149 63795F6D 		.ascii	"cy_meta_wonvl\000"
 1872      6574615F 
 1872      776F6E76 
 1872      6C00
 1873              	.LASF12:
 1874 0157 73697A65 		.ascii	"sizetype\000"
 1874      74797065 
 1874      00
 1875              	.LASF6:
 1876 0160 6C6F6E67 		.ascii	"long long int\000"
ARM GAS  C:\Users\Owner\AppData\Local\Temp\ccQfHtVn.s 			page 35


 1876      206C6F6E 
 1876      6720696E 
 1876      7400
 1877              	.LASF11:
 1878 016e 63686172 		.ascii	"char\000"
 1878      00
 1879              	.LASF2:
 1880 0173 73686F72 		.ascii	"short int\000"
 1880      7420696E 
 1880      7400
 1881              	.LASF21:
 1882 017d 75696E74 		.ascii	"uint8\000"
 1882      3800
 1883              	.LASF4:
 1884 0183 6C6F6E67 		.ascii	"long int\000"
 1884      20696E74 
 1884      00
 1885              	.LASF0:
 1886 018c 7369676E 		.ascii	"signed char\000"
 1886      65642063 
 1886      68617200 
 1887              	.LASF20:
 1888 0198 443A5C50 		.ascii	"D:\\PSoC\\Psoc_program\\camera01\\UART_1.cydsn\000"
 1888      536F435C 
 1888      50736F63 
 1888      5F70726F 
 1888      6772616D 
 1889              		.ident	"GCC: (GNU Tools for ARM Embedded Processors) 4.8.4 20140526 (release) [ARM/embedded-4_8-br
