ARM GAS  C:\Users\Owner\AppData\Local\Temp\cc8luXFp.s 			page 1


   1              		.syntax unified
   2              		.cpu cortex-m3
   3              		.fpu softvfp
   4              		.eabi_attribute 20, 1
   5              		.eabi_attribute 21, 1
   6              		.eabi_attribute 23, 3
   7              		.eabi_attribute 24, 1
   8              		.eabi_attribute 25, 1
   9              		.eabi_attribute 26, 1
  10              		.eabi_attribute 30, 6
  11              		.eabi_attribute 34, 1
  12              		.eabi_attribute 18, 4
  13              		.thumb
  14              		.file	"isr_rx1.c"
  15              		.text
  16              	.Ltext0:
  17              		.cfi_sections	.debug_frame
  18              		.section	.text.isr_rx1_Start,"ax",%progbits
  19              		.align	2
  20              		.global	isr_rx1_Start
  21              		.thumb
  22              		.thumb_func
  23              		.type	isr_rx1_Start, %function
  24              	isr_rx1_Start:
  25              	.LFB0:
  26              		.file 1 ".\\Generated_Source\\PSoC5\\isr_rx1.c"
   1:.\Generated_Source\PSoC5/isr_rx1.c **** /*******************************************************************************
   2:.\Generated_Source\PSoC5/isr_rx1.c **** * File Name: isr_rx1.c  
   3:.\Generated_Source\PSoC5/isr_rx1.c **** * Version 1.70
   4:.\Generated_Source\PSoC5/isr_rx1.c **** *
   5:.\Generated_Source\PSoC5/isr_rx1.c **** *  Description:
   6:.\Generated_Source\PSoC5/isr_rx1.c **** *   API for controlling the state of an interrupt.
   7:.\Generated_Source\PSoC5/isr_rx1.c **** *
   8:.\Generated_Source\PSoC5/isr_rx1.c **** *
   9:.\Generated_Source\PSoC5/isr_rx1.c **** *  Note:
  10:.\Generated_Source\PSoC5/isr_rx1.c **** *
  11:.\Generated_Source\PSoC5/isr_rx1.c **** ********************************************************************************
  12:.\Generated_Source\PSoC5/isr_rx1.c **** * Copyright 2008-2015, Cypress Semiconductor Corporation.  All rights reserved.
  13:.\Generated_Source\PSoC5/isr_rx1.c **** * You may use this file only in accordance with the license, terms, conditions, 
  14:.\Generated_Source\PSoC5/isr_rx1.c **** * disclaimers, and limitations in the end user license agreement accompanying 
  15:.\Generated_Source\PSoC5/isr_rx1.c **** * the software package with which this file was provided.
  16:.\Generated_Source\PSoC5/isr_rx1.c **** *******************************************************************************/
  17:.\Generated_Source\PSoC5/isr_rx1.c **** 
  18:.\Generated_Source\PSoC5/isr_rx1.c **** 
  19:.\Generated_Source\PSoC5/isr_rx1.c **** #include <cydevice_trm.h>
  20:.\Generated_Source\PSoC5/isr_rx1.c **** #include <CyLib.h>
  21:.\Generated_Source\PSoC5/isr_rx1.c **** #include <isr_rx1.h>
  22:.\Generated_Source\PSoC5/isr_rx1.c **** 
  23:.\Generated_Source\PSoC5/isr_rx1.c **** #if !defined(isr_rx1__REMOVED) /* Check for removal by optimization */
  24:.\Generated_Source\PSoC5/isr_rx1.c **** 
  25:.\Generated_Source\PSoC5/isr_rx1.c **** /*******************************************************************************
  26:.\Generated_Source\PSoC5/isr_rx1.c **** *  Place your includes, defines and code here 
  27:.\Generated_Source\PSoC5/isr_rx1.c **** ********************************************************************************/
  28:.\Generated_Source\PSoC5/isr_rx1.c **** /* `#START isr_rx1_intc` */
  29:.\Generated_Source\PSoC5/isr_rx1.c **** 
  30:.\Generated_Source\PSoC5/isr_rx1.c **** /* `#END` */
  31:.\Generated_Source\PSoC5/isr_rx1.c **** 
ARM GAS  C:\Users\Owner\AppData\Local\Temp\cc8luXFp.s 			page 2


  32:.\Generated_Source\PSoC5/isr_rx1.c **** #ifndef CYINT_IRQ_BASE
  33:.\Generated_Source\PSoC5/isr_rx1.c **** #define CYINT_IRQ_BASE      16
  34:.\Generated_Source\PSoC5/isr_rx1.c **** #endif /* CYINT_IRQ_BASE */
  35:.\Generated_Source\PSoC5/isr_rx1.c **** #ifndef CYINT_VECT_TABLE
  36:.\Generated_Source\PSoC5/isr_rx1.c **** #define CYINT_VECT_TABLE    ((cyisraddress **) CYREG_NVIC_VECT_OFFSET)
  37:.\Generated_Source\PSoC5/isr_rx1.c **** #endif /* CYINT_VECT_TABLE */
  38:.\Generated_Source\PSoC5/isr_rx1.c **** 
  39:.\Generated_Source\PSoC5/isr_rx1.c **** /* Declared in startup, used to set unused interrupts to. */
  40:.\Generated_Source\PSoC5/isr_rx1.c **** CY_ISR_PROTO(IntDefaultHandler);
  41:.\Generated_Source\PSoC5/isr_rx1.c **** 
  42:.\Generated_Source\PSoC5/isr_rx1.c **** 
  43:.\Generated_Source\PSoC5/isr_rx1.c **** /*******************************************************************************
  44:.\Generated_Source\PSoC5/isr_rx1.c **** * Function Name: isr_rx1_Start
  45:.\Generated_Source\PSoC5/isr_rx1.c **** ********************************************************************************
  46:.\Generated_Source\PSoC5/isr_rx1.c **** *
  47:.\Generated_Source\PSoC5/isr_rx1.c **** * Summary:
  48:.\Generated_Source\PSoC5/isr_rx1.c **** *  Set up the interrupt and enable it. This function disables the interrupt, 
  49:.\Generated_Source\PSoC5/isr_rx1.c **** *  sets the default interrupt vector, sets the priority from the value in the
  50:.\Generated_Source\PSoC5/isr_rx1.c **** *  Design Wide Resources Interrupt Editor, then enables the interrupt to the 
  51:.\Generated_Source\PSoC5/isr_rx1.c **** *  interrupt controller.
  52:.\Generated_Source\PSoC5/isr_rx1.c **** *
  53:.\Generated_Source\PSoC5/isr_rx1.c **** * Parameters:  
  54:.\Generated_Source\PSoC5/isr_rx1.c **** *   None
  55:.\Generated_Source\PSoC5/isr_rx1.c **** *
  56:.\Generated_Source\PSoC5/isr_rx1.c **** * Return:
  57:.\Generated_Source\PSoC5/isr_rx1.c **** *   None
  58:.\Generated_Source\PSoC5/isr_rx1.c **** *
  59:.\Generated_Source\PSoC5/isr_rx1.c **** *******************************************************************************/
  60:.\Generated_Source\PSoC5/isr_rx1.c **** void isr_rx1_Start(void)
  61:.\Generated_Source\PSoC5/isr_rx1.c **** {
  27              		.loc 1 61 0
  28              		.cfi_startproc
  29              		@ args = 0, pretend = 0, frame = 0
  30              		@ frame_needed = 1, uses_anonymous_args = 0
  31 0000 80B5     		push	{r7, lr}
  32              		.cfi_def_cfa_offset 8
  33              		.cfi_offset 7, -8
  34              		.cfi_offset 14, -4
  35 0002 00AF     		add	r7, sp, #0
  36              		.cfi_def_cfa_register 7
  62:.\Generated_Source\PSoC5/isr_rx1.c ****     /* For all we know the interrupt is active. */
  63:.\Generated_Source\PSoC5/isr_rx1.c ****     isr_rx1_Disable();
  37              		.loc 1 63 0
  38 0004 FFF7FEFF 		bl	isr_rx1_Disable
  64:.\Generated_Source\PSoC5/isr_rx1.c **** 
  65:.\Generated_Source\PSoC5/isr_rx1.c ****     /* Set the ISR to point to the isr_rx1 Interrupt. */
  66:.\Generated_Source\PSoC5/isr_rx1.c ****     isr_rx1_SetVector(&isr_rx1_Interrupt);
  39              		.loc 1 66 0
  40 0008 0448     		ldr	r0, .L2
  41 000a FFF7FEFF 		bl	isr_rx1_SetVector
  67:.\Generated_Source\PSoC5/isr_rx1.c **** 
  68:.\Generated_Source\PSoC5/isr_rx1.c ****     /* Set the priority. */
  69:.\Generated_Source\PSoC5/isr_rx1.c ****     isr_rx1_SetPriority((uint8)isr_rx1_INTC_PRIOR_NUMBER);
  42              		.loc 1 69 0
  43 000e 0720     		movs	r0, #7
  44 0010 FFF7FEFF 		bl	isr_rx1_SetPriority
  70:.\Generated_Source\PSoC5/isr_rx1.c **** 
ARM GAS  C:\Users\Owner\AppData\Local\Temp\cc8luXFp.s 			page 3


  71:.\Generated_Source\PSoC5/isr_rx1.c ****     /* Enable it. */
  72:.\Generated_Source\PSoC5/isr_rx1.c ****     isr_rx1_Enable();
  45              		.loc 1 72 0
  46 0014 FFF7FEFF 		bl	isr_rx1_Enable
  73:.\Generated_Source\PSoC5/isr_rx1.c **** }
  47              		.loc 1 73 0
  48 0018 80BD     		pop	{r7, pc}
  49              	.L3:
  50 001a 00BF     		.align	2
  51              	.L2:
  52 001c 00000000 		.word	isr_rx1_Interrupt
  53              		.cfi_endproc
  54              	.LFE0:
  55              		.size	isr_rx1_Start, .-isr_rx1_Start
  56              		.section	.text.isr_rx1_StartEx,"ax",%progbits
  57              		.align	2
  58              		.global	isr_rx1_StartEx
  59              		.thumb
  60              		.thumb_func
  61              		.type	isr_rx1_StartEx, %function
  62              	isr_rx1_StartEx:
  63              	.LFB1:
  74:.\Generated_Source\PSoC5/isr_rx1.c **** 
  75:.\Generated_Source\PSoC5/isr_rx1.c **** 
  76:.\Generated_Source\PSoC5/isr_rx1.c **** /*******************************************************************************
  77:.\Generated_Source\PSoC5/isr_rx1.c **** * Function Name: isr_rx1_StartEx
  78:.\Generated_Source\PSoC5/isr_rx1.c **** ********************************************************************************
  79:.\Generated_Source\PSoC5/isr_rx1.c **** *
  80:.\Generated_Source\PSoC5/isr_rx1.c **** * Summary:
  81:.\Generated_Source\PSoC5/isr_rx1.c **** *  Sets up the interrupt and enables it. This function disables the interrupt,
  82:.\Generated_Source\PSoC5/isr_rx1.c **** *  sets the interrupt vector based on the address passed in, sets the priority 
  83:.\Generated_Source\PSoC5/isr_rx1.c **** *  from the value in the Design Wide Resources Interrupt Editor, then enables 
  84:.\Generated_Source\PSoC5/isr_rx1.c **** *  the interrupt to the interrupt controller.
  85:.\Generated_Source\PSoC5/isr_rx1.c **** *  
  86:.\Generated_Source\PSoC5/isr_rx1.c **** *  When defining ISR functions, the CY_ISR and CY_ISR_PROTO macros should be 
  87:.\Generated_Source\PSoC5/isr_rx1.c **** *  used to provide consistent definition across compilers:
  88:.\Generated_Source\PSoC5/isr_rx1.c **** *  
  89:.\Generated_Source\PSoC5/isr_rx1.c **** *  Function definition example:
  90:.\Generated_Source\PSoC5/isr_rx1.c **** *   CY_ISR(MyISR)
  91:.\Generated_Source\PSoC5/isr_rx1.c **** *   {
  92:.\Generated_Source\PSoC5/isr_rx1.c **** *   }
  93:.\Generated_Source\PSoC5/isr_rx1.c **** *   Function prototype example:
  94:.\Generated_Source\PSoC5/isr_rx1.c **** *   CY_ISR_PROTO(MyISR);
  95:.\Generated_Source\PSoC5/isr_rx1.c **** *
  96:.\Generated_Source\PSoC5/isr_rx1.c **** * Parameters:  
  97:.\Generated_Source\PSoC5/isr_rx1.c **** *   address: Address of the ISR to set in the interrupt vector table.
  98:.\Generated_Source\PSoC5/isr_rx1.c **** *
  99:.\Generated_Source\PSoC5/isr_rx1.c **** * Return:
 100:.\Generated_Source\PSoC5/isr_rx1.c **** *   None
 101:.\Generated_Source\PSoC5/isr_rx1.c **** *
 102:.\Generated_Source\PSoC5/isr_rx1.c **** *******************************************************************************/
 103:.\Generated_Source\PSoC5/isr_rx1.c **** void isr_rx1_StartEx(cyisraddress address)
 104:.\Generated_Source\PSoC5/isr_rx1.c **** {
  64              		.loc 1 104 0
  65              		.cfi_startproc
  66              		@ args = 0, pretend = 0, frame = 8
  67              		@ frame_needed = 1, uses_anonymous_args = 0
ARM GAS  C:\Users\Owner\AppData\Local\Temp\cc8luXFp.s 			page 4


  68 0000 80B5     		push	{r7, lr}
  69              		.cfi_def_cfa_offset 8
  70              		.cfi_offset 7, -8
  71              		.cfi_offset 14, -4
  72 0002 82B0     		sub	sp, sp, #8
  73              		.cfi_def_cfa_offset 16
  74 0004 00AF     		add	r7, sp, #0
  75              		.cfi_def_cfa_register 7
  76 0006 7860     		str	r0, [r7, #4]
 105:.\Generated_Source\PSoC5/isr_rx1.c ****     /* For all we know the interrupt is active. */
 106:.\Generated_Source\PSoC5/isr_rx1.c ****     isr_rx1_Disable();
  77              		.loc 1 106 0
  78 0008 FFF7FEFF 		bl	isr_rx1_Disable
 107:.\Generated_Source\PSoC5/isr_rx1.c **** 
 108:.\Generated_Source\PSoC5/isr_rx1.c ****     /* Set the ISR to point to the isr_rx1 Interrupt. */
 109:.\Generated_Source\PSoC5/isr_rx1.c ****     isr_rx1_SetVector(address);
  79              		.loc 1 109 0
  80 000c 7868     		ldr	r0, [r7, #4]
  81 000e FFF7FEFF 		bl	isr_rx1_SetVector
 110:.\Generated_Source\PSoC5/isr_rx1.c **** 
 111:.\Generated_Source\PSoC5/isr_rx1.c ****     /* Set the priority. */
 112:.\Generated_Source\PSoC5/isr_rx1.c ****     isr_rx1_SetPriority((uint8)isr_rx1_INTC_PRIOR_NUMBER);
  82              		.loc 1 112 0
  83 0012 0720     		movs	r0, #7
  84 0014 FFF7FEFF 		bl	isr_rx1_SetPriority
 113:.\Generated_Source\PSoC5/isr_rx1.c **** 
 114:.\Generated_Source\PSoC5/isr_rx1.c ****     /* Enable it. */
 115:.\Generated_Source\PSoC5/isr_rx1.c ****     isr_rx1_Enable();
  85              		.loc 1 115 0
  86 0018 FFF7FEFF 		bl	isr_rx1_Enable
 116:.\Generated_Source\PSoC5/isr_rx1.c **** }
  87              		.loc 1 116 0
  88 001c 0837     		adds	r7, r7, #8
  89 001e BD46     		mov	sp, r7
  90              		@ sp needed
  91 0020 80BD     		pop	{r7, pc}
  92              		.cfi_endproc
  93              	.LFE1:
  94              		.size	isr_rx1_StartEx, .-isr_rx1_StartEx
  95 0022 00BF     		.section	.text.isr_rx1_Stop,"ax",%progbits
  96              		.align	2
  97              		.global	isr_rx1_Stop
  98              		.thumb
  99              		.thumb_func
 100              		.type	isr_rx1_Stop, %function
 101              	isr_rx1_Stop:
 102              	.LFB2:
 117:.\Generated_Source\PSoC5/isr_rx1.c **** 
 118:.\Generated_Source\PSoC5/isr_rx1.c **** 
 119:.\Generated_Source\PSoC5/isr_rx1.c **** /*******************************************************************************
 120:.\Generated_Source\PSoC5/isr_rx1.c **** * Function Name: isr_rx1_Stop
 121:.\Generated_Source\PSoC5/isr_rx1.c **** ********************************************************************************
 122:.\Generated_Source\PSoC5/isr_rx1.c **** *
 123:.\Generated_Source\PSoC5/isr_rx1.c **** * Summary:
 124:.\Generated_Source\PSoC5/isr_rx1.c **** *   Disables and removes the interrupt.
 125:.\Generated_Source\PSoC5/isr_rx1.c **** *
 126:.\Generated_Source\PSoC5/isr_rx1.c **** * Parameters:  
ARM GAS  C:\Users\Owner\AppData\Local\Temp\cc8luXFp.s 			page 5


 127:.\Generated_Source\PSoC5/isr_rx1.c **** *   None
 128:.\Generated_Source\PSoC5/isr_rx1.c **** *
 129:.\Generated_Source\PSoC5/isr_rx1.c **** * Return:
 130:.\Generated_Source\PSoC5/isr_rx1.c **** *   None
 131:.\Generated_Source\PSoC5/isr_rx1.c **** *
 132:.\Generated_Source\PSoC5/isr_rx1.c **** *******************************************************************************/
 133:.\Generated_Source\PSoC5/isr_rx1.c **** void isr_rx1_Stop(void)
 134:.\Generated_Source\PSoC5/isr_rx1.c **** {
 103              		.loc 1 134 0
 104              		.cfi_startproc
 105              		@ args = 0, pretend = 0, frame = 0
 106              		@ frame_needed = 1, uses_anonymous_args = 0
 107 0000 80B5     		push	{r7, lr}
 108              		.cfi_def_cfa_offset 8
 109              		.cfi_offset 7, -8
 110              		.cfi_offset 14, -4
 111 0002 00AF     		add	r7, sp, #0
 112              		.cfi_def_cfa_register 7
 135:.\Generated_Source\PSoC5/isr_rx1.c ****     /* Disable this interrupt. */
 136:.\Generated_Source\PSoC5/isr_rx1.c ****     isr_rx1_Disable();
 113              		.loc 1 136 0
 114 0004 FFF7FEFF 		bl	isr_rx1_Disable
 137:.\Generated_Source\PSoC5/isr_rx1.c **** 
 138:.\Generated_Source\PSoC5/isr_rx1.c ****     /* Set the ISR to point to the passive one. */
 139:.\Generated_Source\PSoC5/isr_rx1.c ****     isr_rx1_SetVector(&IntDefaultHandler);
 115              		.loc 1 139 0
 116 0008 0148     		ldr	r0, .L6
 117 000a FFF7FEFF 		bl	isr_rx1_SetVector
 140:.\Generated_Source\PSoC5/isr_rx1.c **** }
 118              		.loc 1 140 0
 119 000e 80BD     		pop	{r7, pc}
 120              	.L7:
 121              		.align	2
 122              	.L6:
 123 0010 00000000 		.word	IntDefaultHandler
 124              		.cfi_endproc
 125              	.LFE2:
 126              		.size	isr_rx1_Stop, .-isr_rx1_Stop
 127              		.section	.text.isr_rx1_Interrupt,"ax",%progbits
 128              		.align	2
 129              		.global	isr_rx1_Interrupt
 130              		.thumb
 131              		.thumb_func
 132              		.type	isr_rx1_Interrupt, %function
 133              	isr_rx1_Interrupt:
 134              	.LFB3:
 141:.\Generated_Source\PSoC5/isr_rx1.c **** 
 142:.\Generated_Source\PSoC5/isr_rx1.c **** 
 143:.\Generated_Source\PSoC5/isr_rx1.c **** /*******************************************************************************
 144:.\Generated_Source\PSoC5/isr_rx1.c **** * Function Name: isr_rx1_Interrupt
 145:.\Generated_Source\PSoC5/isr_rx1.c **** ********************************************************************************
 146:.\Generated_Source\PSoC5/isr_rx1.c **** *
 147:.\Generated_Source\PSoC5/isr_rx1.c **** * Summary:
 148:.\Generated_Source\PSoC5/isr_rx1.c **** *   The default Interrupt Service Routine for isr_rx1.
 149:.\Generated_Source\PSoC5/isr_rx1.c **** *
 150:.\Generated_Source\PSoC5/isr_rx1.c **** *   Add custom code between the coments to keep the next version of this file
 151:.\Generated_Source\PSoC5/isr_rx1.c **** *   from over writting your code.
ARM GAS  C:\Users\Owner\AppData\Local\Temp\cc8luXFp.s 			page 6


 152:.\Generated_Source\PSoC5/isr_rx1.c **** *
 153:.\Generated_Source\PSoC5/isr_rx1.c **** * Parameters:  
 154:.\Generated_Source\PSoC5/isr_rx1.c **** *
 155:.\Generated_Source\PSoC5/isr_rx1.c **** * Return:
 156:.\Generated_Source\PSoC5/isr_rx1.c **** *   None
 157:.\Generated_Source\PSoC5/isr_rx1.c **** *
 158:.\Generated_Source\PSoC5/isr_rx1.c **** *******************************************************************************/
 159:.\Generated_Source\PSoC5/isr_rx1.c **** CY_ISR(isr_rx1_Interrupt)
 160:.\Generated_Source\PSoC5/isr_rx1.c **** {
 135              		.loc 1 160 0
 136              		.cfi_startproc
 137              		@ args = 0, pretend = 0, frame = 0
 138              		@ frame_needed = 1, uses_anonymous_args = 0
 139              		@ link register save eliminated.
 140 0000 80B4     		push	{r7}
 141              		.cfi_def_cfa_offset 4
 142              		.cfi_offset 7, -4
 143 0002 00AF     		add	r7, sp, #0
 144              		.cfi_def_cfa_register 7
 161:.\Generated_Source\PSoC5/isr_rx1.c ****     /*  Place your Interrupt code here. */
 162:.\Generated_Source\PSoC5/isr_rx1.c ****     /* `#START isr_rx1_Interrupt` */
 163:.\Generated_Source\PSoC5/isr_rx1.c **** 
 164:.\Generated_Source\PSoC5/isr_rx1.c ****     /* `#END` */
 165:.\Generated_Source\PSoC5/isr_rx1.c **** }
 145              		.loc 1 165 0
 146 0004 BD46     		mov	sp, r7
 147              		@ sp needed
 148 0006 5DF8047B 		ldr	r7, [sp], #4
 149 000a 7047     		bx	lr
 150              		.cfi_endproc
 151              	.LFE3:
 152              		.size	isr_rx1_Interrupt, .-isr_rx1_Interrupt
 153              		.section	.text.isr_rx1_SetVector,"ax",%progbits
 154              		.align	2
 155              		.global	isr_rx1_SetVector
 156              		.thumb
 157              		.thumb_func
 158              		.type	isr_rx1_SetVector, %function
 159              	isr_rx1_SetVector:
 160              	.LFB4:
 166:.\Generated_Source\PSoC5/isr_rx1.c **** 
 167:.\Generated_Source\PSoC5/isr_rx1.c **** 
 168:.\Generated_Source\PSoC5/isr_rx1.c **** /*******************************************************************************
 169:.\Generated_Source\PSoC5/isr_rx1.c **** * Function Name: isr_rx1_SetVector
 170:.\Generated_Source\PSoC5/isr_rx1.c **** ********************************************************************************
 171:.\Generated_Source\PSoC5/isr_rx1.c **** *
 172:.\Generated_Source\PSoC5/isr_rx1.c **** * Summary:
 173:.\Generated_Source\PSoC5/isr_rx1.c **** *   Change the ISR vector for the Interrupt. Note calling isr_rx1_Start
 174:.\Generated_Source\PSoC5/isr_rx1.c **** *   will override any effect this method would have had. To set the vector 
 175:.\Generated_Source\PSoC5/isr_rx1.c **** *   before the component has been started use isr_rx1_StartEx instead.
 176:.\Generated_Source\PSoC5/isr_rx1.c **** * 
 177:.\Generated_Source\PSoC5/isr_rx1.c **** *   When defining ISR functions, the CY_ISR and CY_ISR_PROTO macros should be 
 178:.\Generated_Source\PSoC5/isr_rx1.c **** *   used to provide consistent definition across compilers:
 179:.\Generated_Source\PSoC5/isr_rx1.c **** *
 180:.\Generated_Source\PSoC5/isr_rx1.c **** *   Function definition example:
 181:.\Generated_Source\PSoC5/isr_rx1.c **** *   CY_ISR(MyISR)
 182:.\Generated_Source\PSoC5/isr_rx1.c **** *   {
ARM GAS  C:\Users\Owner\AppData\Local\Temp\cc8luXFp.s 			page 7


 183:.\Generated_Source\PSoC5/isr_rx1.c **** *   }
 184:.\Generated_Source\PSoC5/isr_rx1.c **** *
 185:.\Generated_Source\PSoC5/isr_rx1.c **** *   Function prototype example:
 186:.\Generated_Source\PSoC5/isr_rx1.c **** *     CY_ISR_PROTO(MyISR);
 187:.\Generated_Source\PSoC5/isr_rx1.c **** *
 188:.\Generated_Source\PSoC5/isr_rx1.c **** * Parameters:
 189:.\Generated_Source\PSoC5/isr_rx1.c **** *   address: Address of the ISR to set in the interrupt vector table.
 190:.\Generated_Source\PSoC5/isr_rx1.c **** *
 191:.\Generated_Source\PSoC5/isr_rx1.c **** * Return:
 192:.\Generated_Source\PSoC5/isr_rx1.c **** *   None
 193:.\Generated_Source\PSoC5/isr_rx1.c **** *
 194:.\Generated_Source\PSoC5/isr_rx1.c **** *******************************************************************************/
 195:.\Generated_Source\PSoC5/isr_rx1.c **** void isr_rx1_SetVector(cyisraddress address)
 196:.\Generated_Source\PSoC5/isr_rx1.c **** {
 161              		.loc 1 196 0
 162              		.cfi_startproc
 163              		@ args = 0, pretend = 0, frame = 16
 164              		@ frame_needed = 1, uses_anonymous_args = 0
 165              		@ link register save eliminated.
 166 0000 80B4     		push	{r7}
 167              		.cfi_def_cfa_offset 4
 168              		.cfi_offset 7, -4
 169 0002 85B0     		sub	sp, sp, #20
 170              		.cfi_def_cfa_offset 24
 171 0004 00AF     		add	r7, sp, #0
 172              		.cfi_def_cfa_register 7
 173 0006 7860     		str	r0, [r7, #4]
 197:.\Generated_Source\PSoC5/isr_rx1.c ****     cyisraddress * ramVectorTable;
 198:.\Generated_Source\PSoC5/isr_rx1.c **** 
 199:.\Generated_Source\PSoC5/isr_rx1.c ****     ramVectorTable = (cyisraddress *) *CYINT_VECT_TABLE;
 174              		.loc 1 199 0
 175 0008 054B     		ldr	r3, .L10
 176 000a 1B68     		ldr	r3, [r3]
 177 000c FB60     		str	r3, [r7, #12]
 200:.\Generated_Source\PSoC5/isr_rx1.c **** 
 201:.\Generated_Source\PSoC5/isr_rx1.c ****     ramVectorTable[CYINT_IRQ_BASE + (uint32)isr_rx1__INTC_NUMBER] = address;
 178              		.loc 1 201 0
 179 000e FB68     		ldr	r3, [r7, #12]
 180 0010 4033     		adds	r3, r3, #64
 181 0012 7A68     		ldr	r2, [r7, #4]
 182 0014 1A60     		str	r2, [r3]
 202:.\Generated_Source\PSoC5/isr_rx1.c **** }
 183              		.loc 1 202 0
 184 0016 1437     		adds	r7, r7, #20
 185 0018 BD46     		mov	sp, r7
 186              		@ sp needed
 187 001a 5DF8047B 		ldr	r7, [sp], #4
 188 001e 7047     		bx	lr
 189              	.L11:
 190              		.align	2
 191              	.L10:
 192 0020 08ED00E0 		.word	-536810232
 193              		.cfi_endproc
 194              	.LFE4:
 195              		.size	isr_rx1_SetVector, .-isr_rx1_SetVector
 196              		.section	.text.isr_rx1_GetVector,"ax",%progbits
 197              		.align	2
ARM GAS  C:\Users\Owner\AppData\Local\Temp\cc8luXFp.s 			page 8


 198              		.global	isr_rx1_GetVector
 199              		.thumb
 200              		.thumb_func
 201              		.type	isr_rx1_GetVector, %function
 202              	isr_rx1_GetVector:
 203              	.LFB5:
 203:.\Generated_Source\PSoC5/isr_rx1.c **** 
 204:.\Generated_Source\PSoC5/isr_rx1.c **** 
 205:.\Generated_Source\PSoC5/isr_rx1.c **** /*******************************************************************************
 206:.\Generated_Source\PSoC5/isr_rx1.c **** * Function Name: isr_rx1_GetVector
 207:.\Generated_Source\PSoC5/isr_rx1.c **** ********************************************************************************
 208:.\Generated_Source\PSoC5/isr_rx1.c **** *
 209:.\Generated_Source\PSoC5/isr_rx1.c **** * Summary:
 210:.\Generated_Source\PSoC5/isr_rx1.c **** *   Gets the "address" of the current ISR vector for the Interrupt.
 211:.\Generated_Source\PSoC5/isr_rx1.c **** *
 212:.\Generated_Source\PSoC5/isr_rx1.c **** * Parameters:
 213:.\Generated_Source\PSoC5/isr_rx1.c **** *   None
 214:.\Generated_Source\PSoC5/isr_rx1.c **** *
 215:.\Generated_Source\PSoC5/isr_rx1.c **** * Return:
 216:.\Generated_Source\PSoC5/isr_rx1.c **** *   Address of the ISR in the interrupt vector table.
 217:.\Generated_Source\PSoC5/isr_rx1.c **** *
 218:.\Generated_Source\PSoC5/isr_rx1.c **** *******************************************************************************/
 219:.\Generated_Source\PSoC5/isr_rx1.c **** cyisraddress isr_rx1_GetVector(void)
 220:.\Generated_Source\PSoC5/isr_rx1.c **** {
 204              		.loc 1 220 0
 205              		.cfi_startproc
 206              		@ args = 0, pretend = 0, frame = 8
 207              		@ frame_needed = 1, uses_anonymous_args = 0
 208              		@ link register save eliminated.
 209 0000 80B4     		push	{r7}
 210              		.cfi_def_cfa_offset 4
 211              		.cfi_offset 7, -4
 212 0002 83B0     		sub	sp, sp, #12
 213              		.cfi_def_cfa_offset 16
 214 0004 00AF     		add	r7, sp, #0
 215              		.cfi_def_cfa_register 7
 221:.\Generated_Source\PSoC5/isr_rx1.c ****     cyisraddress * ramVectorTable;
 222:.\Generated_Source\PSoC5/isr_rx1.c **** 
 223:.\Generated_Source\PSoC5/isr_rx1.c ****     ramVectorTable = (cyisraddress *) *CYINT_VECT_TABLE;
 216              		.loc 1 223 0
 217 0006 054B     		ldr	r3, .L14
 218 0008 1B68     		ldr	r3, [r3]
 219 000a 7B60     		str	r3, [r7, #4]
 224:.\Generated_Source\PSoC5/isr_rx1.c **** 
 225:.\Generated_Source\PSoC5/isr_rx1.c ****     return ramVectorTable[CYINT_IRQ_BASE + (uint32)isr_rx1__INTC_NUMBER];
 220              		.loc 1 225 0
 221 000c 7B68     		ldr	r3, [r7, #4]
 222 000e 1B6C     		ldr	r3, [r3, #64]
 226:.\Generated_Source\PSoC5/isr_rx1.c **** }
 223              		.loc 1 226 0
 224 0010 1846     		mov	r0, r3
 225 0012 0C37     		adds	r7, r7, #12
 226 0014 BD46     		mov	sp, r7
 227              		@ sp needed
 228 0016 5DF8047B 		ldr	r7, [sp], #4
 229 001a 7047     		bx	lr
 230              	.L15:
ARM GAS  C:\Users\Owner\AppData\Local\Temp\cc8luXFp.s 			page 9


 231              		.align	2
 232              	.L14:
 233 001c 08ED00E0 		.word	-536810232
 234              		.cfi_endproc
 235              	.LFE5:
 236              		.size	isr_rx1_GetVector, .-isr_rx1_GetVector
 237              		.section	.text.isr_rx1_SetPriority,"ax",%progbits
 238              		.align	2
 239              		.global	isr_rx1_SetPriority
 240              		.thumb
 241              		.thumb_func
 242              		.type	isr_rx1_SetPriority, %function
 243              	isr_rx1_SetPriority:
 244              	.LFB6:
 227:.\Generated_Source\PSoC5/isr_rx1.c **** 
 228:.\Generated_Source\PSoC5/isr_rx1.c **** 
 229:.\Generated_Source\PSoC5/isr_rx1.c **** /*******************************************************************************
 230:.\Generated_Source\PSoC5/isr_rx1.c **** * Function Name: isr_rx1_SetPriority
 231:.\Generated_Source\PSoC5/isr_rx1.c **** ********************************************************************************
 232:.\Generated_Source\PSoC5/isr_rx1.c **** *
 233:.\Generated_Source\PSoC5/isr_rx1.c **** * Summary:
 234:.\Generated_Source\PSoC5/isr_rx1.c **** *   Sets the Priority of the Interrupt. 
 235:.\Generated_Source\PSoC5/isr_rx1.c **** *
 236:.\Generated_Source\PSoC5/isr_rx1.c **** *   Note calling isr_rx1_Start or isr_rx1_StartEx will 
 237:.\Generated_Source\PSoC5/isr_rx1.c **** *   override any effect this API would have had. This API should only be called
 238:.\Generated_Source\PSoC5/isr_rx1.c **** *   after isr_rx1_Start or isr_rx1_StartEx has been called. 
 239:.\Generated_Source\PSoC5/isr_rx1.c **** *   To set the initial priority for the component, use the Design-Wide Resources
 240:.\Generated_Source\PSoC5/isr_rx1.c **** *   Interrupt Editor.
 241:.\Generated_Source\PSoC5/isr_rx1.c **** *
 242:.\Generated_Source\PSoC5/isr_rx1.c **** *   Note This API has no effect on Non-maskable interrupt NMI).
 243:.\Generated_Source\PSoC5/isr_rx1.c **** *
 244:.\Generated_Source\PSoC5/isr_rx1.c **** * Parameters:
 245:.\Generated_Source\PSoC5/isr_rx1.c **** *   priority: Priority of the interrupt, 0 being the highest priority
 246:.\Generated_Source\PSoC5/isr_rx1.c **** *             PSoC 3 and PSoC 5LP: Priority is from 0 to 7.
 247:.\Generated_Source\PSoC5/isr_rx1.c **** *             PSoC 4: Priority is from 0 to 3.
 248:.\Generated_Source\PSoC5/isr_rx1.c **** *
 249:.\Generated_Source\PSoC5/isr_rx1.c **** * Return:
 250:.\Generated_Source\PSoC5/isr_rx1.c **** *   None
 251:.\Generated_Source\PSoC5/isr_rx1.c **** *
 252:.\Generated_Source\PSoC5/isr_rx1.c **** *******************************************************************************/
 253:.\Generated_Source\PSoC5/isr_rx1.c **** void isr_rx1_SetPriority(uint8 priority)
 254:.\Generated_Source\PSoC5/isr_rx1.c **** {
 245              		.loc 1 254 0
 246              		.cfi_startproc
 247              		@ args = 0, pretend = 0, frame = 8
 248              		@ frame_needed = 1, uses_anonymous_args = 0
 249              		@ link register save eliminated.
 250 0000 80B4     		push	{r7}
 251              		.cfi_def_cfa_offset 4
 252              		.cfi_offset 7, -4
 253 0002 83B0     		sub	sp, sp, #12
 254              		.cfi_def_cfa_offset 16
 255 0004 00AF     		add	r7, sp, #0
 256              		.cfi_def_cfa_register 7
 257 0006 0346     		mov	r3, r0
 258 0008 FB71     		strb	r3, [r7, #7]
 255:.\Generated_Source\PSoC5/isr_rx1.c ****     *isr_rx1_INTC_PRIOR = priority << 5;
ARM GAS  C:\Users\Owner\AppData\Local\Temp\cc8luXFp.s 			page 10


 259              		.loc 1 255 0
 260 000a 054B     		ldr	r3, .L17
 261 000c FA79     		ldrb	r2, [r7, #7]
 262 000e 5201     		lsls	r2, r2, #5
 263 0010 D2B2     		uxtb	r2, r2
 264 0012 1A70     		strb	r2, [r3]
 256:.\Generated_Source\PSoC5/isr_rx1.c **** }
 265              		.loc 1 256 0
 266 0014 0C37     		adds	r7, r7, #12
 267 0016 BD46     		mov	sp, r7
 268              		@ sp needed
 269 0018 5DF8047B 		ldr	r7, [sp], #4
 270 001c 7047     		bx	lr
 271              	.L18:
 272 001e 00BF     		.align	2
 273              	.L17:
 274 0020 00E400E0 		.word	-536812544
 275              		.cfi_endproc
 276              	.LFE6:
 277              		.size	isr_rx1_SetPriority, .-isr_rx1_SetPriority
 278              		.section	.text.isr_rx1_GetPriority,"ax",%progbits
 279              		.align	2
 280              		.global	isr_rx1_GetPriority
 281              		.thumb
 282              		.thumb_func
 283              		.type	isr_rx1_GetPriority, %function
 284              	isr_rx1_GetPriority:
 285              	.LFB7:
 257:.\Generated_Source\PSoC5/isr_rx1.c **** 
 258:.\Generated_Source\PSoC5/isr_rx1.c **** 
 259:.\Generated_Source\PSoC5/isr_rx1.c **** /*******************************************************************************
 260:.\Generated_Source\PSoC5/isr_rx1.c **** * Function Name: isr_rx1_GetPriority
 261:.\Generated_Source\PSoC5/isr_rx1.c **** ********************************************************************************
 262:.\Generated_Source\PSoC5/isr_rx1.c **** *
 263:.\Generated_Source\PSoC5/isr_rx1.c **** * Summary:
 264:.\Generated_Source\PSoC5/isr_rx1.c **** *   Gets the Priority of the Interrupt.
 265:.\Generated_Source\PSoC5/isr_rx1.c **** *
 266:.\Generated_Source\PSoC5/isr_rx1.c **** * Parameters:
 267:.\Generated_Source\PSoC5/isr_rx1.c **** *   None
 268:.\Generated_Source\PSoC5/isr_rx1.c **** *
 269:.\Generated_Source\PSoC5/isr_rx1.c **** * Return:
 270:.\Generated_Source\PSoC5/isr_rx1.c **** *   Priority of the interrupt, 0 being the highest priority
 271:.\Generated_Source\PSoC5/isr_rx1.c **** *    PSoC 3 and PSoC 5LP: Priority is from 0 to 7.
 272:.\Generated_Source\PSoC5/isr_rx1.c **** *    PSoC 4: Priority is from 0 to 3.
 273:.\Generated_Source\PSoC5/isr_rx1.c **** *
 274:.\Generated_Source\PSoC5/isr_rx1.c **** *******************************************************************************/
 275:.\Generated_Source\PSoC5/isr_rx1.c **** uint8 isr_rx1_GetPriority(void)
 276:.\Generated_Source\PSoC5/isr_rx1.c **** {
 286              		.loc 1 276 0
 287              		.cfi_startproc
 288              		@ args = 0, pretend = 0, frame = 8
 289              		@ frame_needed = 1, uses_anonymous_args = 0
 290              		@ link register save eliminated.
 291 0000 80B4     		push	{r7}
 292              		.cfi_def_cfa_offset 4
 293              		.cfi_offset 7, -4
 294 0002 83B0     		sub	sp, sp, #12
ARM GAS  C:\Users\Owner\AppData\Local\Temp\cc8luXFp.s 			page 11


 295              		.cfi_def_cfa_offset 16
 296 0004 00AF     		add	r7, sp, #0
 297              		.cfi_def_cfa_register 7
 277:.\Generated_Source\PSoC5/isr_rx1.c ****     uint8 priority;
 278:.\Generated_Source\PSoC5/isr_rx1.c **** 
 279:.\Generated_Source\PSoC5/isr_rx1.c **** 
 280:.\Generated_Source\PSoC5/isr_rx1.c ****     priority = *isr_rx1_INTC_PRIOR >> 5;
 298              		.loc 1 280 0
 299 0006 064B     		ldr	r3, .L21
 300 0008 1B78     		ldrb	r3, [r3]
 301 000a DBB2     		uxtb	r3, r3
 302 000c 5B09     		lsrs	r3, r3, #5
 303 000e FB71     		strb	r3, [r7, #7]
 281:.\Generated_Source\PSoC5/isr_rx1.c **** 
 282:.\Generated_Source\PSoC5/isr_rx1.c ****     return priority;
 304              		.loc 1 282 0
 305 0010 FB79     		ldrb	r3, [r7, #7]	@ zero_extendqisi2
 283:.\Generated_Source\PSoC5/isr_rx1.c **** }
 306              		.loc 1 283 0
 307 0012 1846     		mov	r0, r3
 308 0014 0C37     		adds	r7, r7, #12
 309 0016 BD46     		mov	sp, r7
 310              		@ sp needed
 311 0018 5DF8047B 		ldr	r7, [sp], #4
 312 001c 7047     		bx	lr
 313              	.L22:
 314 001e 00BF     		.align	2
 315              	.L21:
 316 0020 00E400E0 		.word	-536812544
 317              		.cfi_endproc
 318              	.LFE7:
 319              		.size	isr_rx1_GetPriority, .-isr_rx1_GetPriority
 320              		.section	.text.isr_rx1_Enable,"ax",%progbits
 321              		.align	2
 322              		.global	isr_rx1_Enable
 323              		.thumb
 324              		.thumb_func
 325              		.type	isr_rx1_Enable, %function
 326              	isr_rx1_Enable:
 327              	.LFB8:
 284:.\Generated_Source\PSoC5/isr_rx1.c **** 
 285:.\Generated_Source\PSoC5/isr_rx1.c **** 
 286:.\Generated_Source\PSoC5/isr_rx1.c **** /*******************************************************************************
 287:.\Generated_Source\PSoC5/isr_rx1.c **** * Function Name: isr_rx1_Enable
 288:.\Generated_Source\PSoC5/isr_rx1.c **** ********************************************************************************
 289:.\Generated_Source\PSoC5/isr_rx1.c **** *
 290:.\Generated_Source\PSoC5/isr_rx1.c **** * Summary:
 291:.\Generated_Source\PSoC5/isr_rx1.c **** *   Enables the interrupt to the interrupt controller. Do not call this function
 292:.\Generated_Source\PSoC5/isr_rx1.c **** *   unless ISR_Start() has been called or the functionality of the ISR_Start() 
 293:.\Generated_Source\PSoC5/isr_rx1.c **** *   function, which sets the vector and the priority, has been called.
 294:.\Generated_Source\PSoC5/isr_rx1.c **** *
 295:.\Generated_Source\PSoC5/isr_rx1.c **** * Parameters:
 296:.\Generated_Source\PSoC5/isr_rx1.c **** *   None
 297:.\Generated_Source\PSoC5/isr_rx1.c **** *
 298:.\Generated_Source\PSoC5/isr_rx1.c **** * Return:
 299:.\Generated_Source\PSoC5/isr_rx1.c **** *   None
 300:.\Generated_Source\PSoC5/isr_rx1.c **** *
ARM GAS  C:\Users\Owner\AppData\Local\Temp\cc8luXFp.s 			page 12


 301:.\Generated_Source\PSoC5/isr_rx1.c **** *******************************************************************************/
 302:.\Generated_Source\PSoC5/isr_rx1.c **** void isr_rx1_Enable(void)
 303:.\Generated_Source\PSoC5/isr_rx1.c **** {
 328              		.loc 1 303 0
 329              		.cfi_startproc
 330              		@ args = 0, pretend = 0, frame = 0
 331              		@ frame_needed = 1, uses_anonymous_args = 0
 332              		@ link register save eliminated.
 333 0000 80B4     		push	{r7}
 334              		.cfi_def_cfa_offset 4
 335              		.cfi_offset 7, -4
 336 0002 00AF     		add	r7, sp, #0
 337              		.cfi_def_cfa_register 7
 304:.\Generated_Source\PSoC5/isr_rx1.c ****     /* Enable the general interrupt. */
 305:.\Generated_Source\PSoC5/isr_rx1.c ****     *isr_rx1_INTC_SET_EN = isr_rx1__INTC_MASK;
 338              		.loc 1 305 0
 339 0004 034B     		ldr	r3, .L24
 340 0006 0122     		movs	r2, #1
 341 0008 1A60     		str	r2, [r3]
 306:.\Generated_Source\PSoC5/isr_rx1.c **** }
 342              		.loc 1 306 0
 343 000a BD46     		mov	sp, r7
 344              		@ sp needed
 345 000c 5DF8047B 		ldr	r7, [sp], #4
 346 0010 7047     		bx	lr
 347              	.L25:
 348 0012 00BF     		.align	2
 349              	.L24:
 350 0014 00E100E0 		.word	-536813312
 351              		.cfi_endproc
 352              	.LFE8:
 353              		.size	isr_rx1_Enable, .-isr_rx1_Enable
 354              		.section	.text.isr_rx1_GetState,"ax",%progbits
 355              		.align	2
 356              		.global	isr_rx1_GetState
 357              		.thumb
 358              		.thumb_func
 359              		.type	isr_rx1_GetState, %function
 360              	isr_rx1_GetState:
 361              	.LFB9:
 307:.\Generated_Source\PSoC5/isr_rx1.c **** 
 308:.\Generated_Source\PSoC5/isr_rx1.c **** 
 309:.\Generated_Source\PSoC5/isr_rx1.c **** /*******************************************************************************
 310:.\Generated_Source\PSoC5/isr_rx1.c **** * Function Name: isr_rx1_GetState
 311:.\Generated_Source\PSoC5/isr_rx1.c **** ********************************************************************************
 312:.\Generated_Source\PSoC5/isr_rx1.c **** *
 313:.\Generated_Source\PSoC5/isr_rx1.c **** * Summary:
 314:.\Generated_Source\PSoC5/isr_rx1.c **** *   Gets the state (enabled, disabled) of the Interrupt.
 315:.\Generated_Source\PSoC5/isr_rx1.c **** *
 316:.\Generated_Source\PSoC5/isr_rx1.c **** * Parameters:
 317:.\Generated_Source\PSoC5/isr_rx1.c **** *   None
 318:.\Generated_Source\PSoC5/isr_rx1.c **** *
 319:.\Generated_Source\PSoC5/isr_rx1.c **** * Return:
 320:.\Generated_Source\PSoC5/isr_rx1.c **** *   1 if enabled, 0 if disabled.
 321:.\Generated_Source\PSoC5/isr_rx1.c **** *
 322:.\Generated_Source\PSoC5/isr_rx1.c **** *******************************************************************************/
 323:.\Generated_Source\PSoC5/isr_rx1.c **** uint8 isr_rx1_GetState(void)
ARM GAS  C:\Users\Owner\AppData\Local\Temp\cc8luXFp.s 			page 13


 324:.\Generated_Source\PSoC5/isr_rx1.c **** {
 362              		.loc 1 324 0
 363              		.cfi_startproc
 364              		@ args = 0, pretend = 0, frame = 0
 365              		@ frame_needed = 1, uses_anonymous_args = 0
 366              		@ link register save eliminated.
 367 0000 80B4     		push	{r7}
 368              		.cfi_def_cfa_offset 4
 369              		.cfi_offset 7, -4
 370 0002 00AF     		add	r7, sp, #0
 371              		.cfi_def_cfa_register 7
 325:.\Generated_Source\PSoC5/isr_rx1.c ****     /* Get the state of the general interrupt. */
 326:.\Generated_Source\PSoC5/isr_rx1.c ****     return ((*isr_rx1_INTC_SET_EN & (uint32)isr_rx1__INTC_MASK) != 0u) ? 1u:0u;
 372              		.loc 1 326 0
 373 0004 054B     		ldr	r3, .L28
 374 0006 1B68     		ldr	r3, [r3]
 375 0008 DBB2     		uxtb	r3, r3
 376 000a 03F00103 		and	r3, r3, #1
 377 000e DBB2     		uxtb	r3, r3
 327:.\Generated_Source\PSoC5/isr_rx1.c **** }
 378              		.loc 1 327 0
 379 0010 1846     		mov	r0, r3
 380 0012 BD46     		mov	sp, r7
 381              		@ sp needed
 382 0014 5DF8047B 		ldr	r7, [sp], #4
 383 0018 7047     		bx	lr
 384              	.L29:
 385 001a 00BF     		.align	2
 386              	.L28:
 387 001c 00E100E0 		.word	-536813312
 388              		.cfi_endproc
 389              	.LFE9:
 390              		.size	isr_rx1_GetState, .-isr_rx1_GetState
 391              		.section	.text.isr_rx1_Disable,"ax",%progbits
 392              		.align	2
 393              		.global	isr_rx1_Disable
 394              		.thumb
 395              		.thumb_func
 396              		.type	isr_rx1_Disable, %function
 397              	isr_rx1_Disable:
 398              	.LFB10:
 328:.\Generated_Source\PSoC5/isr_rx1.c **** 
 329:.\Generated_Source\PSoC5/isr_rx1.c **** 
 330:.\Generated_Source\PSoC5/isr_rx1.c **** /*******************************************************************************
 331:.\Generated_Source\PSoC5/isr_rx1.c **** * Function Name: isr_rx1_Disable
 332:.\Generated_Source\PSoC5/isr_rx1.c **** ********************************************************************************
 333:.\Generated_Source\PSoC5/isr_rx1.c **** *
 334:.\Generated_Source\PSoC5/isr_rx1.c **** * Summary:
 335:.\Generated_Source\PSoC5/isr_rx1.c **** *   Disables the Interrupt in the interrupt controller.
 336:.\Generated_Source\PSoC5/isr_rx1.c **** *
 337:.\Generated_Source\PSoC5/isr_rx1.c **** * Parameters:
 338:.\Generated_Source\PSoC5/isr_rx1.c **** *   None
 339:.\Generated_Source\PSoC5/isr_rx1.c **** *
 340:.\Generated_Source\PSoC5/isr_rx1.c **** * Return:
 341:.\Generated_Source\PSoC5/isr_rx1.c **** *   None
 342:.\Generated_Source\PSoC5/isr_rx1.c **** *
 343:.\Generated_Source\PSoC5/isr_rx1.c **** *******************************************************************************/
ARM GAS  C:\Users\Owner\AppData\Local\Temp\cc8luXFp.s 			page 14


 344:.\Generated_Source\PSoC5/isr_rx1.c **** void isr_rx1_Disable(void)
 345:.\Generated_Source\PSoC5/isr_rx1.c **** {
 399              		.loc 1 345 0
 400              		.cfi_startproc
 401              		@ args = 0, pretend = 0, frame = 0
 402              		@ frame_needed = 1, uses_anonymous_args = 0
 403              		@ link register save eliminated.
 404 0000 80B4     		push	{r7}
 405              		.cfi_def_cfa_offset 4
 406              		.cfi_offset 7, -4
 407 0002 00AF     		add	r7, sp, #0
 408              		.cfi_def_cfa_register 7
 346:.\Generated_Source\PSoC5/isr_rx1.c ****     /* Disable the general interrupt. */
 347:.\Generated_Source\PSoC5/isr_rx1.c ****     *isr_rx1_INTC_CLR_EN = isr_rx1__INTC_MASK;
 409              		.loc 1 347 0
 410 0004 034B     		ldr	r3, .L31
 411 0006 0122     		movs	r2, #1
 412 0008 1A60     		str	r2, [r3]
 348:.\Generated_Source\PSoC5/isr_rx1.c **** }
 413              		.loc 1 348 0
 414 000a BD46     		mov	sp, r7
 415              		@ sp needed
 416 000c 5DF8047B 		ldr	r7, [sp], #4
 417 0010 7047     		bx	lr
 418              	.L32:
 419 0012 00BF     		.align	2
 420              	.L31:
 421 0014 80E100E0 		.word	-536813184
 422              		.cfi_endproc
 423              	.LFE10:
 424              		.size	isr_rx1_Disable, .-isr_rx1_Disable
 425              		.section	.text.isr_rx1_SetPending,"ax",%progbits
 426              		.align	2
 427              		.global	isr_rx1_SetPending
 428              		.thumb
 429              		.thumb_func
 430              		.type	isr_rx1_SetPending, %function
 431              	isr_rx1_SetPending:
 432              	.LFB11:
 349:.\Generated_Source\PSoC5/isr_rx1.c **** 
 350:.\Generated_Source\PSoC5/isr_rx1.c **** 
 351:.\Generated_Source\PSoC5/isr_rx1.c **** /*******************************************************************************
 352:.\Generated_Source\PSoC5/isr_rx1.c **** * Function Name: isr_rx1_SetPending
 353:.\Generated_Source\PSoC5/isr_rx1.c **** ********************************************************************************
 354:.\Generated_Source\PSoC5/isr_rx1.c **** *
 355:.\Generated_Source\PSoC5/isr_rx1.c **** * Summary:
 356:.\Generated_Source\PSoC5/isr_rx1.c **** *   Causes the Interrupt to enter the pending state, a software method of
 357:.\Generated_Source\PSoC5/isr_rx1.c **** *   generating the interrupt.
 358:.\Generated_Source\PSoC5/isr_rx1.c **** *
 359:.\Generated_Source\PSoC5/isr_rx1.c **** * Parameters:
 360:.\Generated_Source\PSoC5/isr_rx1.c **** *   None
 361:.\Generated_Source\PSoC5/isr_rx1.c **** *
 362:.\Generated_Source\PSoC5/isr_rx1.c **** * Return:
 363:.\Generated_Source\PSoC5/isr_rx1.c **** *   None
 364:.\Generated_Source\PSoC5/isr_rx1.c **** *
 365:.\Generated_Source\PSoC5/isr_rx1.c **** * Side Effects:
 366:.\Generated_Source\PSoC5/isr_rx1.c **** *   If interrupts are enabled and the interrupt is set up properly, the ISR is
ARM GAS  C:\Users\Owner\AppData\Local\Temp\cc8luXFp.s 			page 15


 367:.\Generated_Source\PSoC5/isr_rx1.c **** *   entered (depending on the priority of this interrupt and other pending 
 368:.\Generated_Source\PSoC5/isr_rx1.c **** *   interrupts).
 369:.\Generated_Source\PSoC5/isr_rx1.c **** *
 370:.\Generated_Source\PSoC5/isr_rx1.c **** *******************************************************************************/
 371:.\Generated_Source\PSoC5/isr_rx1.c **** void isr_rx1_SetPending(void)
 372:.\Generated_Source\PSoC5/isr_rx1.c **** {
 433              		.loc 1 372 0
 434              		.cfi_startproc
 435              		@ args = 0, pretend = 0, frame = 0
 436              		@ frame_needed = 1, uses_anonymous_args = 0
 437              		@ link register save eliminated.
 438 0000 80B4     		push	{r7}
 439              		.cfi_def_cfa_offset 4
 440              		.cfi_offset 7, -4
 441 0002 00AF     		add	r7, sp, #0
 442              		.cfi_def_cfa_register 7
 373:.\Generated_Source\PSoC5/isr_rx1.c ****     *isr_rx1_INTC_SET_PD = isr_rx1__INTC_MASK;
 443              		.loc 1 373 0
 444 0004 034B     		ldr	r3, .L34
 445 0006 0122     		movs	r2, #1
 446 0008 1A60     		str	r2, [r3]
 374:.\Generated_Source\PSoC5/isr_rx1.c **** }
 447              		.loc 1 374 0
 448 000a BD46     		mov	sp, r7
 449              		@ sp needed
 450 000c 5DF8047B 		ldr	r7, [sp], #4
 451 0010 7047     		bx	lr
 452              	.L35:
 453 0012 00BF     		.align	2
 454              	.L34:
 455 0014 00E200E0 		.word	-536813056
 456              		.cfi_endproc
 457              	.LFE11:
 458              		.size	isr_rx1_SetPending, .-isr_rx1_SetPending
 459              		.section	.text.isr_rx1_ClearPending,"ax",%progbits
 460              		.align	2
 461              		.global	isr_rx1_ClearPending
 462              		.thumb
 463              		.thumb_func
 464              		.type	isr_rx1_ClearPending, %function
 465              	isr_rx1_ClearPending:
 466              	.LFB12:
 375:.\Generated_Source\PSoC5/isr_rx1.c **** 
 376:.\Generated_Source\PSoC5/isr_rx1.c **** 
 377:.\Generated_Source\PSoC5/isr_rx1.c **** /*******************************************************************************
 378:.\Generated_Source\PSoC5/isr_rx1.c **** * Function Name: isr_rx1_ClearPending
 379:.\Generated_Source\PSoC5/isr_rx1.c **** ********************************************************************************
 380:.\Generated_Source\PSoC5/isr_rx1.c **** *
 381:.\Generated_Source\PSoC5/isr_rx1.c **** * Summary:
 382:.\Generated_Source\PSoC5/isr_rx1.c **** *   Clears a pending interrupt in the interrupt controller.
 383:.\Generated_Source\PSoC5/isr_rx1.c **** *
 384:.\Generated_Source\PSoC5/isr_rx1.c **** *   Note Some interrupt sources are clear-on-read and require the block 
 385:.\Generated_Source\PSoC5/isr_rx1.c **** *   interrupt/status register to be read/cleared with the appropriate block API 
 386:.\Generated_Source\PSoC5/isr_rx1.c **** *   (GPIO, UART, and so on). Otherwise the ISR will continue to remain in 
 387:.\Generated_Source\PSoC5/isr_rx1.c **** *   pending state even though the interrupt itself is cleared using this API.
 388:.\Generated_Source\PSoC5/isr_rx1.c **** *
 389:.\Generated_Source\PSoC5/isr_rx1.c **** * Parameters:
ARM GAS  C:\Users\Owner\AppData\Local\Temp\cc8luXFp.s 			page 16


 390:.\Generated_Source\PSoC5/isr_rx1.c **** *   None
 391:.\Generated_Source\PSoC5/isr_rx1.c **** *
 392:.\Generated_Source\PSoC5/isr_rx1.c **** * Return:
 393:.\Generated_Source\PSoC5/isr_rx1.c **** *   None
 394:.\Generated_Source\PSoC5/isr_rx1.c **** *
 395:.\Generated_Source\PSoC5/isr_rx1.c **** *******************************************************************************/
 396:.\Generated_Source\PSoC5/isr_rx1.c **** void isr_rx1_ClearPending(void)
 397:.\Generated_Source\PSoC5/isr_rx1.c **** {
 467              		.loc 1 397 0
 468              		.cfi_startproc
 469              		@ args = 0, pretend = 0, frame = 0
 470              		@ frame_needed = 1, uses_anonymous_args = 0
 471              		@ link register save eliminated.
 472 0000 80B4     		push	{r7}
 473              		.cfi_def_cfa_offset 4
 474              		.cfi_offset 7, -4
 475 0002 00AF     		add	r7, sp, #0
 476              		.cfi_def_cfa_register 7
 398:.\Generated_Source\PSoC5/isr_rx1.c ****     *isr_rx1_INTC_CLR_PD = isr_rx1__INTC_MASK;
 477              		.loc 1 398 0
 478 0004 034B     		ldr	r3, .L37
 479 0006 0122     		movs	r2, #1
 480 0008 1A60     		str	r2, [r3]
 399:.\Generated_Source\PSoC5/isr_rx1.c **** }
 481              		.loc 1 399 0
 482 000a BD46     		mov	sp, r7
 483              		@ sp needed
 484 000c 5DF8047B 		ldr	r7, [sp], #4
 485 0010 7047     		bx	lr
 486              	.L38:
 487 0012 00BF     		.align	2
 488              	.L37:
 489 0014 80E200E0 		.word	-536812928
 490              		.cfi_endproc
 491              	.LFE12:
 492              		.size	isr_rx1_ClearPending, .-isr_rx1_ClearPending
 493              		.text
 494              	.Letext0:
 495              		.file 2 "Generated_Source\\PSoC5/cytypes.h"
 496              		.section	.debug_info,"",%progbits
 497              	.Ldebug_info0:
 498 0000 30020000 		.4byte	0x230
 499 0004 0400     		.2byte	0x4
 500 0006 00000000 		.4byte	.Ldebug_abbrev0
 501 000a 04       		.byte	0x4
 502 000b 01       		.uleb128 0x1
 503 000c 4B010000 		.4byte	.LASF33
 504 0010 01       		.byte	0x1
 505 0011 D5000000 		.4byte	.LASF34
 506 0015 54020000 		.4byte	.LASF35
 507 0019 00000000 		.4byte	.Ldebug_ranges0+0
 508 001d 00000000 		.4byte	0
 509 0021 00000000 		.4byte	.Ldebug_line0
 510 0025 02       		.uleb128 0x2
 511 0026 04       		.byte	0x4
 512 0027 05       		.byte	0x5
 513 0028 696E7400 		.ascii	"int\000"
ARM GAS  C:\Users\Owner\AppData\Local\Temp\cc8luXFp.s 			page 17


 514 002c 03       		.uleb128 0x3
 515 002d 04       		.byte	0x4
 516 002e 07       		.byte	0x7
 517 002f FF000000 		.4byte	.LASF0
 518 0033 03       		.uleb128 0x3
 519 0034 01       		.byte	0x1
 520 0035 06       		.byte	0x6
 521 0036 3A020000 		.4byte	.LASF1
 522 003a 03       		.uleb128 0x3
 523 003b 01       		.byte	0x1
 524 003c 08       		.byte	0x8
 525 003d 7B000000 		.4byte	.LASF2
 526 0041 03       		.uleb128 0x3
 527 0042 02       		.byte	0x2
 528 0043 05       		.byte	0x5
 529 0044 27020000 		.4byte	.LASF3
 530 0048 03       		.uleb128 0x3
 531 0049 02       		.byte	0x2
 532 004a 07       		.byte	0x7
 533 004b 2D000000 		.4byte	.LASF4
 534 004f 03       		.uleb128 0x3
 535 0050 04       		.byte	0x4
 536 0051 05       		.byte	0x5
 537 0052 31020000 		.4byte	.LASF5
 538 0056 03       		.uleb128 0x3
 539 0057 04       		.byte	0x4
 540 0058 07       		.byte	0x7
 541 0059 9B000000 		.4byte	.LASF6
 542 005d 03       		.uleb128 0x3
 543 005e 08       		.byte	0x8
 544 005f 05       		.byte	0x5
 545 0060 E0010000 		.4byte	.LASF7
 546 0064 03       		.uleb128 0x3
 547 0065 08       		.byte	0x8
 548 0066 07       		.byte	0x7
 549 0067 14010000 		.4byte	.LASF8
 550 006b 03       		.uleb128 0x3
 551 006c 04       		.byte	0x4
 552 006d 07       		.byte	0x7
 553 006e C7010000 		.4byte	.LASF9
 554 0072 04       		.uleb128 0x4
 555 0073 04       		.byte	0x4
 556 0074 78000000 		.4byte	0x78
 557 0078 05       		.uleb128 0x5
 558 0079 03       		.uleb128 0x3
 559 007a 01       		.byte	0x1
 560 007b 08       		.byte	0x8
 561 007c EE010000 		.4byte	.LASF10
 562 0080 06       		.uleb128 0x6
 563 0081 AD000000 		.4byte	.LASF11
 564 0085 02       		.byte	0x2
 565 0086 5B       		.byte	0x5b
 566 0087 3A000000 		.4byte	0x3a
 567 008b 06       		.uleb128 0x6
 568 008c F8000000 		.4byte	.LASF12
 569 0090 02       		.byte	0x2
 570 0091 5D       		.byte	0x5d
ARM GAS  C:\Users\Owner\AppData\Local\Temp\cc8luXFp.s 			page 18


 571 0092 56000000 		.4byte	0x56
 572 0096 03       		.uleb128 0x3
 573 0097 04       		.byte	0x4
 574 0098 04       		.byte	0x4
 575 0099 66000000 		.4byte	.LASF13
 576 009d 03       		.uleb128 0x3
 577 009e 08       		.byte	0x8
 578 009f 04       		.byte	0x4
 579 00a0 CE000000 		.4byte	.LASF14
 580 00a4 06       		.uleb128 0x6
 581 00a5 96000000 		.4byte	.LASF15
 582 00a9 02       		.byte	0x2
 583 00aa F0       		.byte	0xf0
 584 00ab AF000000 		.4byte	0xaf
 585 00af 07       		.uleb128 0x7
 586 00b0 80000000 		.4byte	0x80
 587 00b4 06       		.uleb128 0x6
 588 00b5 00000000 		.4byte	.LASF16
 589 00b9 02       		.byte	0x2
 590 00ba F2       		.byte	0xf2
 591 00bb BF000000 		.4byte	0xbf
 592 00bf 07       		.uleb128 0x7
 593 00c0 8B000000 		.4byte	0x8b
 594 00c4 08       		.uleb128 0x8
 595 00c5 3E010000 		.4byte	.LASF17
 596 00c9 02       		.byte	0x2
 597 00ca 0201     		.2byte	0x102
 598 00cc 72000000 		.4byte	0x72
 599 00d0 09       		.uleb128 0x9
 600 00d1 46020000 		.4byte	.LASF18
 601 00d5 01       		.byte	0x1
 602 00d6 3C       		.byte	0x3c
 603 00d7 00000000 		.4byte	.LFB0
 604 00db 20000000 		.4byte	.LFE0-.LFB0
 605 00df 01       		.uleb128 0x1
 606 00e0 9C       		.byte	0x9c
 607 00e1 0A       		.uleb128 0xa
 608 00e2 D0010000 		.4byte	.LASF21
 609 00e6 01       		.byte	0x1
 610 00e7 67       		.byte	0x67
 611 00e8 00000000 		.4byte	.LFB1
 612 00ec 22000000 		.4byte	.LFE1-.LFB1
 613 00f0 01       		.uleb128 0x1
 614 00f1 9C       		.byte	0x9c
 615 00f2 05010000 		.4byte	0x105
 616 00f6 0B       		.uleb128 0xb
 617 00f7 0C010000 		.4byte	.LASF23
 618 00fb 01       		.byte	0x1
 619 00fc 67       		.byte	0x67
 620 00fd C4000000 		.4byte	0xc4
 621 0101 02       		.uleb128 0x2
 622 0102 91       		.byte	0x91
 623 0103 74       		.sleb128 -12
 624 0104 00       		.byte	0
 625 0105 09       		.uleb128 0x9
 626 0106 89000000 		.4byte	.LASF19
 627 010a 01       		.byte	0x1
ARM GAS  C:\Users\Owner\AppData\Local\Temp\cc8luXFp.s 			page 19


 628 010b 85       		.byte	0x85
 629 010c 00000000 		.4byte	.LFB2
 630 0110 14000000 		.4byte	.LFE2-.LFB2
 631 0114 01       		.uleb128 0x1
 632 0115 9C       		.byte	0x9c
 633 0116 0C       		.uleb128 0xc
 634 0117 54000000 		.4byte	.LASF20
 635 011b 01       		.byte	0x1
 636 011c 9F       		.byte	0x9f
 637 011d 00000000 		.4byte	.LFB3
 638 0121 0C000000 		.4byte	.LFE3-.LFB3
 639 0125 01       		.uleb128 0x1
 640 0126 9C       		.byte	0x9c
 641 0127 0D       		.uleb128 0xd
 642 0128 06000000 		.4byte	.LASF22
 643 012c 01       		.byte	0x1
 644 012d C3       		.byte	0xc3
 645 012e 00000000 		.4byte	.LFB4
 646 0132 24000000 		.4byte	.LFE4-.LFB4
 647 0136 01       		.uleb128 0x1
 648 0137 9C       		.byte	0x9c
 649 0138 59010000 		.4byte	0x159
 650 013c 0B       		.uleb128 0xb
 651 013d 0C010000 		.4byte	.LASF23
 652 0141 01       		.byte	0x1
 653 0142 C3       		.byte	0xc3
 654 0143 C4000000 		.4byte	0xc4
 655 0147 02       		.uleb128 0x2
 656 0148 91       		.byte	0x91
 657 0149 6C       		.sleb128 -20
 658 014a 0E       		.uleb128 0xe
 659 014b F3010000 		.4byte	.LASF24
 660 014f 01       		.byte	0x1
 661 0150 C5       		.byte	0xc5
 662 0151 59010000 		.4byte	0x159
 663 0155 02       		.uleb128 0x2
 664 0156 91       		.byte	0x91
 665 0157 74       		.sleb128 -12
 666 0158 00       		.byte	0
 667 0159 04       		.uleb128 0x4
 668 015a 04       		.byte	0x4
 669 015b C4000000 		.4byte	0xc4
 670 015f 0F       		.uleb128 0xf
 671 0160 BC000000 		.4byte	.LASF27
 672 0164 01       		.byte	0x1
 673 0165 DB       		.byte	0xdb
 674 0166 C4000000 		.4byte	0xc4
 675 016a 00000000 		.4byte	.LFB5
 676 016e 20000000 		.4byte	.LFE5-.LFB5
 677 0172 01       		.uleb128 0x1
 678 0173 9C       		.byte	0x9c
 679 0174 87010000 		.4byte	0x187
 680 0178 0E       		.uleb128 0xe
 681 0179 F3010000 		.4byte	.LASF24
 682 017d 01       		.byte	0x1
 683 017e DD       		.byte	0xdd
 684 017f 59010000 		.4byte	0x159
ARM GAS  C:\Users\Owner\AppData\Local\Temp\cc8luXFp.s 			page 20


 685 0183 02       		.uleb128 0x2
 686 0184 91       		.byte	0x91
 687 0185 74       		.sleb128 -12
 688 0186 00       		.byte	0
 689 0187 0D       		.uleb128 0xd
 690 0188 40000000 		.4byte	.LASF25
 691 018c 01       		.byte	0x1
 692 018d FD       		.byte	0xfd
 693 018e 00000000 		.4byte	.LFB6
 694 0192 24000000 		.4byte	.LFE6-.LFB6
 695 0196 01       		.uleb128 0x1
 696 0197 9C       		.byte	0x9c
 697 0198 AB010000 		.4byte	0x1ab
 698 019c 0B       		.uleb128 0xb
 699 019d B3000000 		.4byte	.LASF26
 700 01a1 01       		.byte	0x1
 701 01a2 FD       		.byte	0xfd
 702 01a3 80000000 		.4byte	0x80
 703 01a7 02       		.uleb128 0x2
 704 01a8 91       		.byte	0x91
 705 01a9 77       		.sleb128 -9
 706 01aa 00       		.byte	0
 707 01ab 10       		.uleb128 0x10
 708 01ac 13020000 		.4byte	.LASF28
 709 01b0 01       		.byte	0x1
 710 01b1 1301     		.2byte	0x113
 711 01b3 80000000 		.4byte	0x80
 712 01b7 00000000 		.4byte	.LFB7
 713 01bb 24000000 		.4byte	.LFE7-.LFB7
 714 01bf 01       		.uleb128 0x1
 715 01c0 9C       		.byte	0x9c
 716 01c1 D5010000 		.4byte	0x1d5
 717 01c5 11       		.uleb128 0x11
 718 01c6 B3000000 		.4byte	.LASF26
 719 01ca 01       		.byte	0x1
 720 01cb 1501     		.2byte	0x115
 721 01cd 80000000 		.4byte	0x80
 722 01d1 02       		.uleb128 0x2
 723 01d2 91       		.byte	0x91
 724 01d3 77       		.sleb128 -9
 725 01d4 00       		.byte	0
 726 01d5 12       		.uleb128 0x12
 727 01d6 6C000000 		.4byte	.LASF29
 728 01da 01       		.byte	0x1
 729 01db 2E01     		.2byte	0x12e
 730 01dd 00000000 		.4byte	.LFB8
 731 01e1 18000000 		.4byte	.LFE8-.LFB8
 732 01e5 01       		.uleb128 0x1
 733 01e6 9C       		.byte	0x9c
 734 01e7 13       		.uleb128 0x13
 735 01e8 02020000 		.4byte	.LASF36
 736 01ec 01       		.byte	0x1
 737 01ed 4301     		.2byte	0x143
 738 01ef 80000000 		.4byte	0x80
 739 01f3 00000000 		.4byte	.LFB9
 740 01f7 20000000 		.4byte	.LFE9-.LFB9
 741 01fb 01       		.uleb128 0x1
ARM GAS  C:\Users\Owner\AppData\Local\Temp\cc8luXFp.s 			page 21


 742 01fc 9C       		.byte	0x9c
 743 01fd 12       		.uleb128 0x12
 744 01fe 7F020000 		.4byte	.LASF30
 745 0202 01       		.byte	0x1
 746 0203 5801     		.2byte	0x158
 747 0205 00000000 		.4byte	.LFB10
 748 0209 18000000 		.4byte	.LFE10-.LFB10
 749 020d 01       		.uleb128 0x1
 750 020e 9C       		.byte	0x9c
 751 020f 12       		.uleb128 0x12
 752 0210 2B010000 		.4byte	.LASF31
 753 0214 01       		.byte	0x1
 754 0215 7301     		.2byte	0x173
 755 0217 00000000 		.4byte	.LFB11
 756 021b 18000000 		.4byte	.LFE11-.LFB11
 757 021f 01       		.uleb128 0x1
 758 0220 9C       		.byte	0x9c
 759 0221 12       		.uleb128 0x12
 760 0222 18000000 		.4byte	.LASF32
 761 0226 01       		.byte	0x1
 762 0227 8C01     		.2byte	0x18c
 763 0229 00000000 		.4byte	.LFB12
 764 022d 18000000 		.4byte	.LFE12-.LFB12
 765 0231 01       		.uleb128 0x1
 766 0232 9C       		.byte	0x9c
 767 0233 00       		.byte	0
 768              		.section	.debug_abbrev,"",%progbits
 769              	.Ldebug_abbrev0:
 770 0000 01       		.uleb128 0x1
 771 0001 11       		.uleb128 0x11
 772 0002 01       		.byte	0x1
 773 0003 25       		.uleb128 0x25
 774 0004 0E       		.uleb128 0xe
 775 0005 13       		.uleb128 0x13
 776 0006 0B       		.uleb128 0xb
 777 0007 03       		.uleb128 0x3
 778 0008 0E       		.uleb128 0xe
 779 0009 1B       		.uleb128 0x1b
 780 000a 0E       		.uleb128 0xe
 781 000b 55       		.uleb128 0x55
 782 000c 17       		.uleb128 0x17
 783 000d 11       		.uleb128 0x11
 784 000e 01       		.uleb128 0x1
 785 000f 10       		.uleb128 0x10
 786 0010 17       		.uleb128 0x17
 787 0011 00       		.byte	0
 788 0012 00       		.byte	0
 789 0013 02       		.uleb128 0x2
 790 0014 24       		.uleb128 0x24
 791 0015 00       		.byte	0
 792 0016 0B       		.uleb128 0xb
 793 0017 0B       		.uleb128 0xb
 794 0018 3E       		.uleb128 0x3e
 795 0019 0B       		.uleb128 0xb
 796 001a 03       		.uleb128 0x3
 797 001b 08       		.uleb128 0x8
 798 001c 00       		.byte	0
ARM GAS  C:\Users\Owner\AppData\Local\Temp\cc8luXFp.s 			page 22


 799 001d 00       		.byte	0
 800 001e 03       		.uleb128 0x3
 801 001f 24       		.uleb128 0x24
 802 0020 00       		.byte	0
 803 0021 0B       		.uleb128 0xb
 804 0022 0B       		.uleb128 0xb
 805 0023 3E       		.uleb128 0x3e
 806 0024 0B       		.uleb128 0xb
 807 0025 03       		.uleb128 0x3
 808 0026 0E       		.uleb128 0xe
 809 0027 00       		.byte	0
 810 0028 00       		.byte	0
 811 0029 04       		.uleb128 0x4
 812 002a 0F       		.uleb128 0xf
 813 002b 00       		.byte	0
 814 002c 0B       		.uleb128 0xb
 815 002d 0B       		.uleb128 0xb
 816 002e 49       		.uleb128 0x49
 817 002f 13       		.uleb128 0x13
 818 0030 00       		.byte	0
 819 0031 00       		.byte	0
 820 0032 05       		.uleb128 0x5
 821 0033 15       		.uleb128 0x15
 822 0034 00       		.byte	0
 823 0035 27       		.uleb128 0x27
 824 0036 19       		.uleb128 0x19
 825 0037 00       		.byte	0
 826 0038 00       		.byte	0
 827 0039 06       		.uleb128 0x6
 828 003a 16       		.uleb128 0x16
 829 003b 00       		.byte	0
 830 003c 03       		.uleb128 0x3
 831 003d 0E       		.uleb128 0xe
 832 003e 3A       		.uleb128 0x3a
 833 003f 0B       		.uleb128 0xb
 834 0040 3B       		.uleb128 0x3b
 835 0041 0B       		.uleb128 0xb
 836 0042 49       		.uleb128 0x49
 837 0043 13       		.uleb128 0x13
 838 0044 00       		.byte	0
 839 0045 00       		.byte	0
 840 0046 07       		.uleb128 0x7
 841 0047 35       		.uleb128 0x35
 842 0048 00       		.byte	0
 843 0049 49       		.uleb128 0x49
 844 004a 13       		.uleb128 0x13
 845 004b 00       		.byte	0
 846 004c 00       		.byte	0
 847 004d 08       		.uleb128 0x8
 848 004e 16       		.uleb128 0x16
 849 004f 00       		.byte	0
 850 0050 03       		.uleb128 0x3
 851 0051 0E       		.uleb128 0xe
 852 0052 3A       		.uleb128 0x3a
 853 0053 0B       		.uleb128 0xb
 854 0054 3B       		.uleb128 0x3b
 855 0055 05       		.uleb128 0x5
ARM GAS  C:\Users\Owner\AppData\Local\Temp\cc8luXFp.s 			page 23


 856 0056 49       		.uleb128 0x49
 857 0057 13       		.uleb128 0x13
 858 0058 00       		.byte	0
 859 0059 00       		.byte	0
 860 005a 09       		.uleb128 0x9
 861 005b 2E       		.uleb128 0x2e
 862 005c 00       		.byte	0
 863 005d 3F       		.uleb128 0x3f
 864 005e 19       		.uleb128 0x19
 865 005f 03       		.uleb128 0x3
 866 0060 0E       		.uleb128 0xe
 867 0061 3A       		.uleb128 0x3a
 868 0062 0B       		.uleb128 0xb
 869 0063 3B       		.uleb128 0x3b
 870 0064 0B       		.uleb128 0xb
 871 0065 27       		.uleb128 0x27
 872 0066 19       		.uleb128 0x19
 873 0067 11       		.uleb128 0x11
 874 0068 01       		.uleb128 0x1
 875 0069 12       		.uleb128 0x12
 876 006a 06       		.uleb128 0x6
 877 006b 40       		.uleb128 0x40
 878 006c 18       		.uleb128 0x18
 879 006d 9642     		.uleb128 0x2116
 880 006f 19       		.uleb128 0x19
 881 0070 00       		.byte	0
 882 0071 00       		.byte	0
 883 0072 0A       		.uleb128 0xa
 884 0073 2E       		.uleb128 0x2e
 885 0074 01       		.byte	0x1
 886 0075 3F       		.uleb128 0x3f
 887 0076 19       		.uleb128 0x19
 888 0077 03       		.uleb128 0x3
 889 0078 0E       		.uleb128 0xe
 890 0079 3A       		.uleb128 0x3a
 891 007a 0B       		.uleb128 0xb
 892 007b 3B       		.uleb128 0x3b
 893 007c 0B       		.uleb128 0xb
 894 007d 27       		.uleb128 0x27
 895 007e 19       		.uleb128 0x19
 896 007f 11       		.uleb128 0x11
 897 0080 01       		.uleb128 0x1
 898 0081 12       		.uleb128 0x12
 899 0082 06       		.uleb128 0x6
 900 0083 40       		.uleb128 0x40
 901 0084 18       		.uleb128 0x18
 902 0085 9642     		.uleb128 0x2116
 903 0087 19       		.uleb128 0x19
 904 0088 01       		.uleb128 0x1
 905 0089 13       		.uleb128 0x13
 906 008a 00       		.byte	0
 907 008b 00       		.byte	0
 908 008c 0B       		.uleb128 0xb
 909 008d 05       		.uleb128 0x5
 910 008e 00       		.byte	0
 911 008f 03       		.uleb128 0x3
 912 0090 0E       		.uleb128 0xe
ARM GAS  C:\Users\Owner\AppData\Local\Temp\cc8luXFp.s 			page 24


 913 0091 3A       		.uleb128 0x3a
 914 0092 0B       		.uleb128 0xb
 915 0093 3B       		.uleb128 0x3b
 916 0094 0B       		.uleb128 0xb
 917 0095 49       		.uleb128 0x49
 918 0096 13       		.uleb128 0x13
 919 0097 02       		.uleb128 0x2
 920 0098 18       		.uleb128 0x18
 921 0099 00       		.byte	0
 922 009a 00       		.byte	0
 923 009b 0C       		.uleb128 0xc
 924 009c 2E       		.uleb128 0x2e
 925 009d 00       		.byte	0
 926 009e 3F       		.uleb128 0x3f
 927 009f 19       		.uleb128 0x19
 928 00a0 03       		.uleb128 0x3
 929 00a1 0E       		.uleb128 0xe
 930 00a2 3A       		.uleb128 0x3a
 931 00a3 0B       		.uleb128 0xb
 932 00a4 3B       		.uleb128 0x3b
 933 00a5 0B       		.uleb128 0xb
 934 00a6 27       		.uleb128 0x27
 935 00a7 19       		.uleb128 0x19
 936 00a8 11       		.uleb128 0x11
 937 00a9 01       		.uleb128 0x1
 938 00aa 12       		.uleb128 0x12
 939 00ab 06       		.uleb128 0x6
 940 00ac 40       		.uleb128 0x40
 941 00ad 18       		.uleb128 0x18
 942 00ae 9742     		.uleb128 0x2117
 943 00b0 19       		.uleb128 0x19
 944 00b1 00       		.byte	0
 945 00b2 00       		.byte	0
 946 00b3 0D       		.uleb128 0xd
 947 00b4 2E       		.uleb128 0x2e
 948 00b5 01       		.byte	0x1
 949 00b6 3F       		.uleb128 0x3f
 950 00b7 19       		.uleb128 0x19
 951 00b8 03       		.uleb128 0x3
 952 00b9 0E       		.uleb128 0xe
 953 00ba 3A       		.uleb128 0x3a
 954 00bb 0B       		.uleb128 0xb
 955 00bc 3B       		.uleb128 0x3b
 956 00bd 0B       		.uleb128 0xb
 957 00be 27       		.uleb128 0x27
 958 00bf 19       		.uleb128 0x19
 959 00c0 11       		.uleb128 0x11
 960 00c1 01       		.uleb128 0x1
 961 00c2 12       		.uleb128 0x12
 962 00c3 06       		.uleb128 0x6
 963 00c4 40       		.uleb128 0x40
 964 00c5 18       		.uleb128 0x18
 965 00c6 9742     		.uleb128 0x2117
 966 00c8 19       		.uleb128 0x19
 967 00c9 01       		.uleb128 0x1
 968 00ca 13       		.uleb128 0x13
 969 00cb 00       		.byte	0
ARM GAS  C:\Users\Owner\AppData\Local\Temp\cc8luXFp.s 			page 25


 970 00cc 00       		.byte	0
 971 00cd 0E       		.uleb128 0xe
 972 00ce 34       		.uleb128 0x34
 973 00cf 00       		.byte	0
 974 00d0 03       		.uleb128 0x3
 975 00d1 0E       		.uleb128 0xe
 976 00d2 3A       		.uleb128 0x3a
 977 00d3 0B       		.uleb128 0xb
 978 00d4 3B       		.uleb128 0x3b
 979 00d5 0B       		.uleb128 0xb
 980 00d6 49       		.uleb128 0x49
 981 00d7 13       		.uleb128 0x13
 982 00d8 02       		.uleb128 0x2
 983 00d9 18       		.uleb128 0x18
 984 00da 00       		.byte	0
 985 00db 00       		.byte	0
 986 00dc 0F       		.uleb128 0xf
 987 00dd 2E       		.uleb128 0x2e
 988 00de 01       		.byte	0x1
 989 00df 3F       		.uleb128 0x3f
 990 00e0 19       		.uleb128 0x19
 991 00e1 03       		.uleb128 0x3
 992 00e2 0E       		.uleb128 0xe
 993 00e3 3A       		.uleb128 0x3a
 994 00e4 0B       		.uleb128 0xb
 995 00e5 3B       		.uleb128 0x3b
 996 00e6 0B       		.uleb128 0xb
 997 00e7 27       		.uleb128 0x27
 998 00e8 19       		.uleb128 0x19
 999 00e9 49       		.uleb128 0x49
 1000 00ea 13       		.uleb128 0x13
 1001 00eb 11       		.uleb128 0x11
 1002 00ec 01       		.uleb128 0x1
 1003 00ed 12       		.uleb128 0x12
 1004 00ee 06       		.uleb128 0x6
 1005 00ef 40       		.uleb128 0x40
 1006 00f0 18       		.uleb128 0x18
 1007 00f1 9742     		.uleb128 0x2117
 1008 00f3 19       		.uleb128 0x19
 1009 00f4 01       		.uleb128 0x1
 1010 00f5 13       		.uleb128 0x13
 1011 00f6 00       		.byte	0
 1012 00f7 00       		.byte	0
 1013 00f8 10       		.uleb128 0x10
 1014 00f9 2E       		.uleb128 0x2e
 1015 00fa 01       		.byte	0x1
 1016 00fb 3F       		.uleb128 0x3f
 1017 00fc 19       		.uleb128 0x19
 1018 00fd 03       		.uleb128 0x3
 1019 00fe 0E       		.uleb128 0xe
 1020 00ff 3A       		.uleb128 0x3a
 1021 0100 0B       		.uleb128 0xb
 1022 0101 3B       		.uleb128 0x3b
 1023 0102 05       		.uleb128 0x5
 1024 0103 27       		.uleb128 0x27
 1025 0104 19       		.uleb128 0x19
 1026 0105 49       		.uleb128 0x49
ARM GAS  C:\Users\Owner\AppData\Local\Temp\cc8luXFp.s 			page 26


 1027 0106 13       		.uleb128 0x13
 1028 0107 11       		.uleb128 0x11
 1029 0108 01       		.uleb128 0x1
 1030 0109 12       		.uleb128 0x12
 1031 010a 06       		.uleb128 0x6
 1032 010b 40       		.uleb128 0x40
 1033 010c 18       		.uleb128 0x18
 1034 010d 9742     		.uleb128 0x2117
 1035 010f 19       		.uleb128 0x19
 1036 0110 01       		.uleb128 0x1
 1037 0111 13       		.uleb128 0x13
 1038 0112 00       		.byte	0
 1039 0113 00       		.byte	0
 1040 0114 11       		.uleb128 0x11
 1041 0115 34       		.uleb128 0x34
 1042 0116 00       		.byte	0
 1043 0117 03       		.uleb128 0x3
 1044 0118 0E       		.uleb128 0xe
 1045 0119 3A       		.uleb128 0x3a
 1046 011a 0B       		.uleb128 0xb
 1047 011b 3B       		.uleb128 0x3b
 1048 011c 05       		.uleb128 0x5
 1049 011d 49       		.uleb128 0x49
 1050 011e 13       		.uleb128 0x13
 1051 011f 02       		.uleb128 0x2
 1052 0120 18       		.uleb128 0x18
 1053 0121 00       		.byte	0
 1054 0122 00       		.byte	0
 1055 0123 12       		.uleb128 0x12
 1056 0124 2E       		.uleb128 0x2e
 1057 0125 00       		.byte	0
 1058 0126 3F       		.uleb128 0x3f
 1059 0127 19       		.uleb128 0x19
 1060 0128 03       		.uleb128 0x3
 1061 0129 0E       		.uleb128 0xe
 1062 012a 3A       		.uleb128 0x3a
 1063 012b 0B       		.uleb128 0xb
 1064 012c 3B       		.uleb128 0x3b
 1065 012d 05       		.uleb128 0x5
 1066 012e 27       		.uleb128 0x27
 1067 012f 19       		.uleb128 0x19
 1068 0130 11       		.uleb128 0x11
 1069 0131 01       		.uleb128 0x1
 1070 0132 12       		.uleb128 0x12
 1071 0133 06       		.uleb128 0x6
 1072 0134 40       		.uleb128 0x40
 1073 0135 18       		.uleb128 0x18
 1074 0136 9742     		.uleb128 0x2117
 1075 0138 19       		.uleb128 0x19
 1076 0139 00       		.byte	0
 1077 013a 00       		.byte	0
 1078 013b 13       		.uleb128 0x13
 1079 013c 2E       		.uleb128 0x2e
 1080 013d 00       		.byte	0
 1081 013e 3F       		.uleb128 0x3f
 1082 013f 19       		.uleb128 0x19
 1083 0140 03       		.uleb128 0x3
ARM GAS  C:\Users\Owner\AppData\Local\Temp\cc8luXFp.s 			page 27


 1084 0141 0E       		.uleb128 0xe
 1085 0142 3A       		.uleb128 0x3a
 1086 0143 0B       		.uleb128 0xb
 1087 0144 3B       		.uleb128 0x3b
 1088 0145 05       		.uleb128 0x5
 1089 0146 27       		.uleb128 0x27
 1090 0147 19       		.uleb128 0x19
 1091 0148 49       		.uleb128 0x49
 1092 0149 13       		.uleb128 0x13
 1093 014a 11       		.uleb128 0x11
 1094 014b 01       		.uleb128 0x1
 1095 014c 12       		.uleb128 0x12
 1096 014d 06       		.uleb128 0x6
 1097 014e 40       		.uleb128 0x40
 1098 014f 18       		.uleb128 0x18
 1099 0150 9742     		.uleb128 0x2117
 1100 0152 19       		.uleb128 0x19
 1101 0153 00       		.byte	0
 1102 0154 00       		.byte	0
 1103 0155 00       		.byte	0
 1104              		.section	.debug_aranges,"",%progbits
 1105 0000 7C000000 		.4byte	0x7c
 1106 0004 0200     		.2byte	0x2
 1107 0006 00000000 		.4byte	.Ldebug_info0
 1108 000a 04       		.byte	0x4
 1109 000b 00       		.byte	0
 1110 000c 0000     		.2byte	0
 1111 000e 0000     		.2byte	0
 1112 0010 00000000 		.4byte	.LFB0
 1113 0014 20000000 		.4byte	.LFE0-.LFB0
 1114 0018 00000000 		.4byte	.LFB1
 1115 001c 22000000 		.4byte	.LFE1-.LFB1
 1116 0020 00000000 		.4byte	.LFB2
 1117 0024 14000000 		.4byte	.LFE2-.LFB2
 1118 0028 00000000 		.4byte	.LFB3
 1119 002c 0C000000 		.4byte	.LFE3-.LFB3
 1120 0030 00000000 		.4byte	.LFB4
 1121 0034 24000000 		.4byte	.LFE4-.LFB4
 1122 0038 00000000 		.4byte	.LFB5
 1123 003c 20000000 		.4byte	.LFE5-.LFB5
 1124 0040 00000000 		.4byte	.LFB6
 1125 0044 24000000 		.4byte	.LFE6-.LFB6
 1126 0048 00000000 		.4byte	.LFB7
 1127 004c 24000000 		.4byte	.LFE7-.LFB7
 1128 0050 00000000 		.4byte	.LFB8
 1129 0054 18000000 		.4byte	.LFE8-.LFB8
 1130 0058 00000000 		.4byte	.LFB9
 1131 005c 20000000 		.4byte	.LFE9-.LFB9
 1132 0060 00000000 		.4byte	.LFB10
 1133 0064 18000000 		.4byte	.LFE10-.LFB10
 1134 0068 00000000 		.4byte	.LFB11
 1135 006c 18000000 		.4byte	.LFE11-.LFB11
 1136 0070 00000000 		.4byte	.LFB12
 1137 0074 18000000 		.4byte	.LFE12-.LFB12
 1138 0078 00000000 		.4byte	0
 1139 007c 00000000 		.4byte	0
 1140              		.section	.debug_ranges,"",%progbits
ARM GAS  C:\Users\Owner\AppData\Local\Temp\cc8luXFp.s 			page 28


 1141              	.Ldebug_ranges0:
 1142 0000 00000000 		.4byte	.LFB0
 1143 0004 20000000 		.4byte	.LFE0
 1144 0008 00000000 		.4byte	.LFB1
 1145 000c 22000000 		.4byte	.LFE1
 1146 0010 00000000 		.4byte	.LFB2
 1147 0014 14000000 		.4byte	.LFE2
 1148 0018 00000000 		.4byte	.LFB3
 1149 001c 0C000000 		.4byte	.LFE3
 1150 0020 00000000 		.4byte	.LFB4
 1151 0024 24000000 		.4byte	.LFE4
 1152 0028 00000000 		.4byte	.LFB5
 1153 002c 20000000 		.4byte	.LFE5
 1154 0030 00000000 		.4byte	.LFB6
 1155 0034 24000000 		.4byte	.LFE6
 1156 0038 00000000 		.4byte	.LFB7
 1157 003c 24000000 		.4byte	.LFE7
 1158 0040 00000000 		.4byte	.LFB8
 1159 0044 18000000 		.4byte	.LFE8
 1160 0048 00000000 		.4byte	.LFB9
 1161 004c 20000000 		.4byte	.LFE9
 1162 0050 00000000 		.4byte	.LFB10
 1163 0054 18000000 		.4byte	.LFE10
 1164 0058 00000000 		.4byte	.LFB11
 1165 005c 18000000 		.4byte	.LFE11
 1166 0060 00000000 		.4byte	.LFB12
 1167 0064 18000000 		.4byte	.LFE12
 1168 0068 00000000 		.4byte	0
 1169 006c 00000000 		.4byte	0
 1170              		.section	.debug_line,"",%progbits
 1171              	.Ldebug_line0:
 1172 0000 55010000 		.section	.debug_str,"MS",%progbits,1
 1172      02005D00 
 1172      00000201 
 1172      FB0E0D00 
 1172      01010101 
 1173              	.LASF16:
 1174 0000 72656733 		.ascii	"reg32\000"
 1174      3200
 1175              	.LASF22:
 1176 0006 6973725F 		.ascii	"isr_rx1_SetVector\000"
 1176      7278315F 
 1176      53657456 
 1176      6563746F 
 1176      7200
 1177              	.LASF32:
 1178 0018 6973725F 		.ascii	"isr_rx1_ClearPending\000"
 1178      7278315F 
 1178      436C6561 
 1178      7250656E 
 1178      64696E67 
 1179              	.LASF4:
 1180 002d 73686F72 		.ascii	"short unsigned int\000"
 1180      7420756E 
 1180      7369676E 
 1180      65642069 
 1180      6E7400
ARM GAS  C:\Users\Owner\AppData\Local\Temp\cc8luXFp.s 			page 29


 1181              	.LASF25:
 1182 0040 6973725F 		.ascii	"isr_rx1_SetPriority\000"
 1182      7278315F 
 1182      53657450 
 1182      72696F72 
 1182      69747900 
 1183              	.LASF20:
 1184 0054 6973725F 		.ascii	"isr_rx1_Interrupt\000"
 1184      7278315F 
 1184      496E7465 
 1184      72727570 
 1184      7400
 1185              	.LASF13:
 1186 0066 666C6F61 		.ascii	"float\000"
 1186      7400
 1187              	.LASF29:
 1188 006c 6973725F 		.ascii	"isr_rx1_Enable\000"
 1188      7278315F 
 1188      456E6162 
 1188      6C6500
 1189              	.LASF2:
 1190 007b 756E7369 		.ascii	"unsigned char\000"
 1190      676E6564 
 1190      20636861 
 1190      7200
 1191              	.LASF19:
 1192 0089 6973725F 		.ascii	"isr_rx1_Stop\000"
 1192      7278315F 
 1192      53746F70 
 1192      00
 1193              	.LASF15:
 1194 0096 72656738 		.ascii	"reg8\000"
 1194      00
 1195              	.LASF6:
 1196 009b 6C6F6E67 		.ascii	"long unsigned int\000"
 1196      20756E73 
 1196      69676E65 
 1196      6420696E 
 1196      7400
 1197              	.LASF11:
 1198 00ad 75696E74 		.ascii	"uint8\000"
 1198      3800
 1199              	.LASF26:
 1200 00b3 7072696F 		.ascii	"priority\000"
 1200      72697479 
 1200      00
 1201              	.LASF27:
 1202 00bc 6973725F 		.ascii	"isr_rx1_GetVector\000"
 1202      7278315F 
 1202      47657456 
 1202      6563746F 
 1202      7200
 1203              	.LASF14:
 1204 00ce 646F7562 		.ascii	"double\000"
 1204      6C6500
 1205              	.LASF34:
 1206 00d5 2E5C4765 		.ascii	".\\Generated_Source\\PSoC5\\isr_rx1.c\000"
ARM GAS  C:\Users\Owner\AppData\Local\Temp\cc8luXFp.s 			page 30


 1206      6E657261 
 1206      7465645F 
 1206      536F7572 
 1206      63655C50 
 1207              	.LASF12:
 1208 00f8 75696E74 		.ascii	"uint32\000"
 1208      333200
 1209              	.LASF0:
 1210 00ff 756E7369 		.ascii	"unsigned int\000"
 1210      676E6564 
 1210      20696E74 
 1210      00
 1211              	.LASF23:
 1212 010c 61646472 		.ascii	"address\000"
 1212      65737300 
 1213              	.LASF8:
 1214 0114 6C6F6E67 		.ascii	"long long unsigned int\000"
 1214      206C6F6E 
 1214      6720756E 
 1214      7369676E 
 1214      65642069 
 1215              	.LASF31:
 1216 012b 6973725F 		.ascii	"isr_rx1_SetPending\000"
 1216      7278315F 
 1216      53657450 
 1216      656E6469 
 1216      6E6700
 1217              	.LASF17:
 1218 013e 63796973 		.ascii	"cyisraddress\000"
 1218      72616464 
 1218      72657373 
 1218      00
 1219              	.LASF33:
 1220 014b 474E5520 		.ascii	"GNU C 4.8.4 20140526 (release) [ARM/embedded-4_8-br"
 1220      4320342E 
 1220      382E3420 
 1220      32303134 
 1220      30353236 
 1221 017e 616E6368 		.ascii	"anch revision 211358] -mcpu=cortex-m3 -mthumb -g -O"
 1221      20726576 
 1221      6973696F 
 1221      6E203231 
 1221      31333538 
 1222 01b1 30202D66 		.ascii	"0 -ffunction-sections\000"
 1222      66756E63 
 1222      74696F6E 
 1222      2D736563 
 1222      74696F6E 
 1223              	.LASF9:
 1224 01c7 73697A65 		.ascii	"sizetype\000"
 1224      74797065 
 1224      00
 1225              	.LASF21:
 1226 01d0 6973725F 		.ascii	"isr_rx1_StartEx\000"
 1226      7278315F 
 1226      53746172 
 1226      74457800 
ARM GAS  C:\Users\Owner\AppData\Local\Temp\cc8luXFp.s 			page 31


 1227              	.LASF7:
 1228 01e0 6C6F6E67 		.ascii	"long long int\000"
 1228      206C6F6E 
 1228      6720696E 
 1228      7400
 1229              	.LASF10:
 1230 01ee 63686172 		.ascii	"char\000"
 1230      00
 1231              	.LASF24:
 1232 01f3 72616D56 		.ascii	"ramVectorTable\000"
 1232      6563746F 
 1232      72546162 
 1232      6C6500
 1233              	.LASF36:
 1234 0202 6973725F 		.ascii	"isr_rx1_GetState\000"
 1234      7278315F 
 1234      47657453 
 1234      74617465 
 1234      00
 1235              	.LASF28:
 1236 0213 6973725F 		.ascii	"isr_rx1_GetPriority\000"
 1236      7278315F 
 1236      47657450 
 1236      72696F72 
 1236      69747900 
 1237              	.LASF3:
 1238 0227 73686F72 		.ascii	"short int\000"
 1238      7420696E 
 1238      7400
 1239              	.LASF5:
 1240 0231 6C6F6E67 		.ascii	"long int\000"
 1240      20696E74 
 1240      00
 1241              	.LASF1:
 1242 023a 7369676E 		.ascii	"signed char\000"
 1242      65642063 
 1242      68617200 
 1243              	.LASF18:
 1244 0246 6973725F 		.ascii	"isr_rx1_Start\000"
 1244      7278315F 
 1244      53746172 
 1244      7400
 1245              	.LASF35:
 1246 0254 443A5C50 		.ascii	"D:\\PSoC\\Psoc_program\\camera01\\UART_1.cydsn\000"
 1246      536F435C 
 1246      50736F63 
 1246      5F70726F 
 1246      6772616D 
 1247              	.LASF30:
 1248 027f 6973725F 		.ascii	"isr_rx1_Disable\000"
 1248      7278315F 
 1248      44697361 
 1248      626C6500 
 1249              		.ident	"GCC: (GNU Tools for ARM Embedded Processors) 4.8.4 20140526 (release) [ARM/embedded-4_8-br
