ARM GAS  C:\Users\Owner\AppData\Local\Temp\ccf03dMk.s 			page 1


   1              		.syntax unified
   2              		.cpu cortex-m3
   3              		.fpu softvfp
   4              		.eabi_attribute 20, 1
   5              		.eabi_attribute 21, 1
   6              		.eabi_attribute 23, 3
   7              		.eabi_attribute 24, 1
   8              		.eabi_attribute 25, 1
   9              		.eabi_attribute 26, 1
  10              		.eabi_attribute 30, 6
  11              		.eabi_attribute 34, 1
  12              		.eabi_attribute 18, 4
  13              		.thumb
  14              		.file	"cymetadata.c"
  15              		.text
  16              	.Ltext0:
  17              		.cfi_sections	.debug_frame
  18              		.global	cy_meta_configecc
  19              		.section	.cyconfigecc,"a",%progbits
  20              		.align	2
  21              		.type	cy_meta_configecc, %object
  22              		.size	cy_meta_configecc, 1528
  23              	cy_meta_configecc:
  24 0000 03       		.byte	3
  25 0001 52       		.byte	82
  26 0002 00       		.byte	0
  27 0003 40       		.byte	64
  28 0004 04       		.byte	4
  29 0005 64       		.byte	100
  30 0006 00       		.byte	0
  31 0007 40       		.byte	64
  32 0008 02       		.byte	2
  33 0009 65       		.byte	101
  34 000a 00       		.byte	0
  35 000b 40       		.byte	64
  36 000c 65       		.byte	101
  37 000d 04       		.byte	4
  38 000e 01       		.byte	1
  39 000f 40       		.byte	64
  40 0010 3B       		.byte	59
  41 0011 05       		.byte	5
  42 0012 01       		.byte	1
  43 0013 40       		.byte	64
  44 0014 59       		.byte	89
  45 0015 06       		.byte	6
  46 0016 01       		.byte	1
  47 0017 40       		.byte	64
  48 0018 4D       		.byte	77
  49 0019 07       		.byte	7
  50 001a 01       		.byte	1
  51 001b 40       		.byte	64
  52 001c 4C       		.byte	76
  53 001d 14       		.byte	20
  54 001e 01       		.byte	1
  55 001f 40       		.byte	64
  56 0020 52       		.byte	82
  57 0021 15       		.byte	21
ARM GAS  C:\Users\Owner\AppData\Local\Temp\ccf03dMk.s 			page 2


  58 0022 01       		.byte	1
  59 0023 40       		.byte	64
  60 0024 33       		.byte	51
  61 0025 16       		.byte	22
  62 0026 01       		.byte	1
  63 0027 40       		.byte	64
  64 0028 41       		.byte	65
  65 0029 17       		.byte	23
  66 002a 01       		.byte	1
  67 002b 40       		.byte	64
  68 002c 04       		.byte	4
  69 002d 40       		.byte	64
  70 002e 01       		.byte	1
  71 002f 40       		.byte	64
  72 0030 05       		.byte	5
  73 0031 41       		.byte	65
  74 0032 01       		.byte	1
  75 0033 40       		.byte	64
  76 0034 0A       		.byte	10
  77 0035 42       		.byte	66
  78 0036 01       		.byte	1
  79 0037 40       		.byte	64
  80 0038 06       		.byte	6
  81 0039 43       		.byte	67
  82 003a 01       		.byte	1
  83 003b 40       		.byte	64
  84 003c 01       		.byte	1
  85 003d 48       		.byte	72
  86 003e 01       		.byte	1
  87 003f 40       		.byte	64
  88 0040 08       		.byte	8
  89 0041 49       		.byte	73
  90 0042 01       		.byte	1
  91 0043 40       		.byte	64
  92 0044 04       		.byte	4
  93 0045 50       		.byte	80
  94 0046 01       		.byte	1
  95 0047 40       		.byte	64
  96 0048 01       		.byte	1
  97 0049 51       		.byte	81
  98 004a 01       		.byte	1
  99 004b 40       		.byte	64
 100 004c 04       		.byte	4
 101 004d 02       		.byte	2
 102 004e 18       		.byte	24
 103 004f 04       		.byte	4
 104 0050 64       		.byte	100
 105 0051 08       		.byte	8
 106 0052 84       		.byte	-124
 107 0053 0F       		.byte	15
 108 0054 85       		.byte	-123
 109 0055 38       		.byte	56
 110 0056 86       		.byte	-122
 111 0057 72       		.byte	114
 112 0058 87       		.byte	-121
 113 0059 38       		.byte	56
 114 005a 84       		.byte	-124
ARM GAS  C:\Users\Owner\AppData\Local\Temp\ccf03dMk.s 			page 3


 115 005b 72       		.byte	114
 116 005c 85       		.byte	-123
 117 005d 0F       		.byte	15
 118 005e 04       		.byte	4
 119 005f 80       		.byte	-128
 120 0060 09       		.byte	9
 121 0061 04       		.byte	4
 122 0062 0E       		.byte	14
 123 0063 EE       		.byte	-18
 124 0064 0F       		.byte	15
 125 0065 17       		.byte	23
 126 0066 10       		.byte	16
 127 0067 33       		.byte	51
 128 0068 11       		.byte	17
 129 0069 11       		.byte	17
 130 006a 12       		.byte	18
 131 006b 4C       		.byte	76
 132 006c 13       		.byte	19
 133 006d 02       		.byte	2
 134 006e 14       		.byte	20
 135 006f 33       		.byte	51
 136 0070 15       		.byte	21
 137 0071 20       		.byte	32
 138 0072 16       		.byte	22
 139 0073 C4       		.byte	-60
 140 0074 1B       		.byte	27
 141 0075 10       		.byte	16
 142 0076 1C       		.byte	28
 143 0077 99       		.byte	-103
 144 0078 21       		.byte	33
 145 0079 04       		.byte	4
 146 007a 23       		.byte	35
 147 007b 11       		.byte	17
 148 007c 24       		.byte	36
 149 007d 03       		.byte	3
 150 007e 26       		.byte	38
 151 007f 04       		.byte	4
 152 0080 29       		.byte	41
 153 0081 11       		.byte	17
 154 0082 2B       		.byte	43
 155 0083 06       		.byte	6
 156 0084 2D       		.byte	45
 157 0085 08       		.byte	8
 158 0086 30       		.byte	48
 159 0087 0F       		.byte	15
 160 0088 31       		.byte	49
 161 0089 07       		.byte	7
 162 008a 32       		.byte	50
 163 008b C8       		.byte	-56
 164 008c 33       		.byte	51
 165 008d 08       		.byte	8
 166 008e 34       		.byte	52
 167 008f 30       		.byte	48
 168 0090 35       		.byte	53
 169 0091 20       		.byte	32
 170 0092 37       		.byte	55
 171 0093 10       		.byte	16
ARM GAS  C:\Users\Owner\AppData\Local\Temp\ccf03dMk.s 			page 4


 172 0094 38       		.byte	56
 173 0095 20       		.byte	32
 174 0096 3A       		.byte	58
 175 0097 0A       		.byte	10
 176 0098 3B       		.byte	59
 177 0099 02       		.byte	2
 178 009a 3E       		.byte	62
 179 009b 10       		.byte	16
 180 009c 3F       		.byte	63
 181 009d 54       		.byte	84
 182 009e 40       		.byte	64
 183 009f 42       		.byte	66
 184 00a0 41       		.byte	65
 185 00a1 03       		.byte	3
 186 00a2 45       		.byte	69
 187 00a3 EC       		.byte	-20
 188 00a4 46       		.byte	70
 189 00a5 0B       		.byte	11
 190 00a6 48       		.byte	72
 191 00a7 07       		.byte	7
 192 00a8 49       		.byte	73
 193 00a9 FF       		.byte	-1
 194 00aa 4A       		.byte	74
 195 00ab FF       		.byte	-1
 196 00ac 4B       		.byte	75
 197 00ad FF       		.byte	-1
 198 00ae 4E       		.byte	78
 199 00af F0       		.byte	-16
 200 00b0 4F       		.byte	79
 201 00b1 44       		.byte	68
 202 00b2 50       		.byte	80
 203 00b3 0C       		.byte	12
 204 00b4 54       		.byte	84
 205 00b5 01       		.byte	1
 206 00b6 56       		.byte	86
 207 00b7 04       		.byte	4
 208 00b8 58       		.byte	88
 209 00b9 04       		.byte	4
 210 00ba 59       		.byte	89
 211 00bb 04       		.byte	4
 212 00bc 5A       		.byte	90
 213 00bd 04       		.byte	4
 214 00be 5B       		.byte	91
 215 00bf 04       		.byte	4
 216 00c0 5C       		.byte	92
 217 00c1 11       		.byte	17
 218 00c2 5D       		.byte	93
 219 00c3 11       		.byte	17
 220 00c4 5F       		.byte	95
 221 00c5 01       		.byte	1
 222 00c6 66       		.byte	102
 223 00c7 C0       		.byte	-64
 224 00c8 6A       		.byte	106
 225 00c9 40       		.byte	64
 226 00ca 6B       		.byte	107
 227 00cb 02       		.byte	2
 228 00cc 84       		.byte	-124
ARM GAS  C:\Users\Owner\AppData\Local\Temp\ccf03dMk.s 			page 5


 229 00cd E7       		.byte	-25
 230 00ce 88       		.byte	-120
 231 00cf E7       		.byte	-25
 232 00d0 94       		.byte	-108
 233 00d1 02       		.byte	2
 234 00d2 96       		.byte	-106
 235 00d3 15       		.byte	21
 236 00d4 98       		.byte	-104
 237 00d5 44       		.byte	68
 238 00d6 9A       		.byte	-102
 239 00d7 2A       		.byte	42
 240 00d8 9B       		.byte	-101
 241 00d9 01       		.byte	1
 242 00da A8       		.byte	-88
 243 00db 21       		.byte	33
 244 00dc AA       		.byte	-86
 245 00dd 4A       		.byte	74
 246 00de AC       		.byte	-84
 247 00df 80       		.byte	-128
 248 00e0 B0       		.byte	-80
 249 00e1 18       		.byte	24
 250 00e2 B1       		.byte	-79
 251 00e3 01       		.byte	1
 252 00e4 B2       		.byte	-78
 253 00e5 07       		.byte	7
 254 00e6 B4       		.byte	-76
 255 00e7 60       		.byte	96
 256 00e8 B6       		.byte	-74
 257 00e9 80       		.byte	-128
 258 00ea BE       		.byte	-66
 259 00eb 01       		.byte	1
 260 00ec C0       		.byte	-64
 261 00ed 35       		.byte	53
 262 00ee C1       		.byte	-63
 263 00ef 02       		.byte	2
 264 00f0 C2       		.byte	-62
 265 00f1 01       		.byte	1
 266 00f2 C4       		.byte	-60
 267 00f3 04       		.byte	4
 268 00f4 C5       		.byte	-59
 269 00f5 C0       		.byte	-64
 270 00f6 C6       		.byte	-58
 271 00f7 0E       		.byte	14
 272 00f8 C8       		.byte	-56
 273 00f9 06       		.byte	6
 274 00fa C9       		.byte	-55
 275 00fb FF       		.byte	-1
 276 00fc CA       		.byte	-54
 277 00fd FF       		.byte	-1
 278 00fe CB       		.byte	-53
 279 00ff FF       		.byte	-1
 280 0100 CC       		.byte	-52
 281 0101 62       		.byte	98
 282 0102 CD       		.byte	-51
 283 0103 A0       		.byte	-96
 284 0104 CE       		.byte	-50
 285 0105 F0       		.byte	-16
ARM GAS  C:\Users\Owner\AppData\Local\Temp\ccf03dMk.s 			page 6


 286 0106 CF       		.byte	-49
 287 0107 41       		.byte	65
 288 0108 D0       		.byte	-48
 289 0109 0C       		.byte	12
 290 010a D4       		.byte	-44
 291 010b 18       		.byte	24
 292 010c D6       		.byte	-42
 293 010d 04       		.byte	4
 294 010e D8       		.byte	-40
 295 010f 04       		.byte	4
 296 0110 D9       		.byte	-39
 297 0111 04       		.byte	4
 298 0112 DA       		.byte	-38
 299 0113 04       		.byte	4
 300 0114 DB       		.byte	-37
 301 0115 04       		.byte	4
 302 0116 DF       		.byte	-33
 303 0117 01       		.byte	1
 304 0118 E6       		.byte	-26
 305 0119 40       		.byte	64
 306 011a E7       		.byte	-25
 307 011b 02       		.byte	2
 308 011c E9       		.byte	-23
 309 011d 10       		.byte	16
 310 011e EA       		.byte	-22
 311 011f 30       		.byte	48
 312 0120 EB       		.byte	-21
 313 0121 10       		.byte	16
 314 0122 ED       		.byte	-19
 315 0123 10       		.byte	16
 316 0124 EE       		.byte	-18
 317 0125 10       		.byte	16
 318 0126 EF       		.byte	-17
 319 0127 12       		.byte	18
 320 0128 00       		.byte	0
 321 0129 C0       		.byte	-64
 322 012a 02       		.byte	2
 323 012b 30       		.byte	48
 324 012c 04       		.byte	4
 325 012d 28       		.byte	40
 326 012e 08       		.byte	8
 327 012f 40       		.byte	64
 328 0130 09       		.byte	9
 329 0131 01       		.byte	1
 330 0132 0A       		.byte	10
 331 0133 52       		.byte	82
 332 0134 0C       		.byte	12
 333 0135 04       		.byte	4
 334 0136 0E       		.byte	14
 335 0137 24       		.byte	36
 336 0138 10       		.byte	16
 337 0139 30       		.byte	48
 338 013a 15       		.byte	21
 339 013b 40       		.byte	64
 340 013c 17       		.byte	23
 341 013d 10       		.byte	16
 342 013e 19       		.byte	25
ARM GAS  C:\Users\Owner\AppData\Local\Temp\ccf03dMk.s 			page 7


 343 013f 20       		.byte	32
 344 0140 1A       		.byte	26
 345 0141 50       		.byte	80
 346 0142 1B       		.byte	27
 347 0143 06       		.byte	6
 348 0144 1D       		.byte	29
 349 0145 42       		.byte	66
 350 0146 1E       		.byte	30
 351 0147 24       		.byte	36
 352 0148 20       		.byte	32
 353 0149 04       		.byte	4
 354 014a 22       		.byte	34
 355 014b 45       		.byte	69
 356 014c 26       		.byte	38
 357 014d 02       		.byte	2
 358 014e 28       		.byte	40
 359 014f 41       		.byte	65
 360 0150 2B       		.byte	43
 361 0151 04       		.byte	4
 362 0152 30       		.byte	48
 363 0153 28       		.byte	40
 364 0154 33       		.byte	51
 365 0155 02       		.byte	2
 366 0156 37       		.byte	55
 367 0157 10       		.byte	16
 368 0158 38       		.byte	56
 369 0159 40       		.byte	64
 370 015a 3A       		.byte	58
 371 015b 10       		.byte	16
 372 015c 40       		.byte	64
 373 015d 04       		.byte	4
 374 015e 42       		.byte	66
 375 015f 50       		.byte	80
 376 0160 45       		.byte	69
 377 0161 5A       		.byte	90
 378 0162 48       		.byte	72
 379 0163 20       		.byte	32
 380 0164 49       		.byte	73
 381 0165 C1       		.byte	-63
 382 0166 4C       		.byte	76
 383 0167 80       		.byte	-128
 384 0168 4D       		.byte	77
 385 0169 80       		.byte	-128
 386 016a 52       		.byte	82
 387 016b 80       		.byte	-128
 388 016c 56       		.byte	86
 389 016d 40       		.byte	64
 390 016e 58       		.byte	88
 391 016f 11       		.byte	17
 392 0170 59       		.byte	89
 393 0171 01       		.byte	1
 394 0172 5A       		.byte	90
 395 0173 88       		.byte	-120
 396 0174 5D       		.byte	93
 397 0175 01       		.byte	1
 398 0176 63       		.byte	99
 399 0177 40       		.byte	64
ARM GAS  C:\Users\Owner\AppData\Local\Temp\ccf03dMk.s 			page 8


 400 0178 66       		.byte	102
 401 0179 81       		.byte	-127
 402 017a 67       		.byte	103
 403 017b 04       		.byte	4
 404 017c 85       		.byte	-123
 405 017d 01       		.byte	1
 406 017e 86       		.byte	-122
 407 017f 08       		.byte	8
 408 0180 87       		.byte	-121
 409 0181 40       		.byte	64
 410 0182 8E       		.byte	-114
 411 0183 01       		.byte	1
 412 0184 9B       		.byte	-101
 413 0185 10       		.byte	16
 414 0186 AB       		.byte	-85
 415 0187 10       		.byte	16
 416 0188 C0       		.byte	-64
 417 0189 65       		.byte	101
 418 018a C2       		.byte	-62
 419 018b 6D       		.byte	109
 420 018c C4       		.byte	-60
 421 018d C4       		.byte	-60
 422 018e CA       		.byte	-54
 423 018f 0D       		.byte	13
 424 0190 CC       		.byte	-52
 425 0191 27       		.byte	39
 426 0192 CE       		.byte	-50
 427 0193 0C       		.byte	12
 428 0194 D0       		.byte	-48
 429 0195 F7       		.byte	-9
 430 0196 D2       		.byte	-46
 431 0197 10       		.byte	16
 432 0198 D6       		.byte	-42
 433 0199 8F       		.byte	-113
 434 019a D8       		.byte	-40
 435 019b B1       		.byte	-79
 436 019c E6       		.byte	-26
 437 019d 40       		.byte	64
 438 019e 00       		.byte	0
 439 019f 1F       		.byte	31
 440 01a0 01       		.byte	1
 441 01a1 10       		.byte	16
 442 01a2 02       		.byte	2
 443 01a3 60       		.byte	96
 444 01a4 04       		.byte	4
 445 01a5 73       		.byte	115
 446 01a6 05       		.byte	5
 447 01a7 18       		.byte	24
 448 01a8 06       		.byte	6
 449 01a9 0C       		.byte	12
 450 01aa 08       		.byte	8
 451 01ab 7F       		.byte	127
 452 01ac 09       		.byte	9
 453 01ad FF       		.byte	-1
 454 01ae 0D       		.byte	13
 455 01af 40       		.byte	64
 456 01b0 0E       		.byte	14
ARM GAS  C:\Users\Owner\AppData\Local\Temp\ccf03dMk.s 			page 9


 457 01b1 63       		.byte	99
 458 01b2 10       		.byte	16
 459 01b3 02       		.byte	2
 460 01b4 13       		.byte	19
 461 01b5 04       		.byte	4
 462 01b6 14       		.byte	20
 463 01b7 03       		.byte	3
 464 01b8 15       		.byte	21
 465 01b9 E7       		.byte	-25
 466 01ba 17       		.byte	23
 467 01bb 18       		.byte	24
 468 01bc 18       		.byte	24
 469 01bd 0C       		.byte	12
 470 01be 19       		.byte	25
 471 01bf 24       		.byte	36
 472 01c0 1C       		.byte	28
 473 01c1 5C       		.byte	92
 474 01c2 1D       		.byte	29
 475 01c3 1C       		.byte	28
 476 01c4 1E       		.byte	30
 477 01c5 23       		.byte	35
 478 01c6 1F       		.byte	31
 479 01c7 E2       		.byte	-30
 480 01c8 20       		.byte	32
 481 01c9 08       		.byte	8
 482 01ca 21       		.byte	33
 483 01cb 1C       		.byte	28
 484 01cc 23       		.byte	35
 485 01cd E1       		.byte	-31
 486 01ce 24       		.byte	36
 487 01cf 04       		.byte	4
 488 01d0 25       		.byte	37
 489 01d1 08       		.byte	8
 490 01d2 28       		.byte	40
 491 01d3 01       		.byte	1
 492 01d4 29       		.byte	41
 493 01d5 60       		.byte	96
 494 01d6 2F       		.byte	47
 495 01d7 63       		.byte	99
 496 01d8 30       		.byte	48
 497 01d9 2C       		.byte	44
 498 01da 31       		.byte	49
 499 01db 1F       		.byte	31
 500 01dc 32       		.byte	50
 501 01dd 0F       		.byte	15
 502 01de 33       		.byte	51
 503 01df 60       		.byte	96
 504 01e0 34       		.byte	52
 505 01e1 10       		.byte	16
 506 01e2 36       		.byte	54
 507 01e3 4C       		.byte	76
 508 01e4 37       		.byte	55
 509 01e5 80       		.byte	-128
 510 01e6 39       		.byte	57
 511 01e7 80       		.byte	-128
 512 01e8 3A       		.byte	58
 513 01e9 0A       		.byte	10
ARM GAS  C:\Users\Owner\AppData\Local\Temp\ccf03dMk.s 			page 10


 514 01ea 3B       		.byte	59
 515 01eb 22       		.byte	34
 516 01ec 3E       		.byte	62
 517 01ed 10       		.byte	16
 518 01ee 56       		.byte	86
 519 01ef 02       		.byte	2
 520 01f0 57       		.byte	87
 521 01f1 12       		.byte	18
 522 01f2 58       		.byte	88
 523 01f3 04       		.byte	4
 524 01f4 59       		.byte	89
 525 01f5 04       		.byte	4
 526 01f6 5B       		.byte	91
 527 01f7 04       		.byte	4
 528 01f8 5F       		.byte	95
 529 01f9 01       		.byte	1
 530 01fa 83       		.byte	-125
 531 01fb 01       		.byte	1
 532 01fc 86       		.byte	-122
 533 01fd 02       		.byte	2
 534 01fe 8A       		.byte	-118
 535 01ff 04       		.byte	4
 536 0200 8E       		.byte	-114
 537 0201 02       		.byte	2
 538 0202 8F       		.byte	-113
 539 0203 01       		.byte	1
 540 0204 92       		.byte	-110
 541 0205 04       		.byte	4
 542 0206 95       		.byte	-107
 543 0207 02       		.byte	2
 544 0208 9A       		.byte	-102
 545 0209 08       		.byte	8
 546 020a 9E       		.byte	-98
 547 020b 01       		.byte	1
 548 020c A2       		.byte	-94
 549 020d 01       		.byte	1
 550 020e B0       		.byte	-80
 551 020f 01       		.byte	1
 552 0210 B1       		.byte	-79
 553 0211 02       		.byte	2
 554 0212 B2       		.byte	-78
 555 0213 02       		.byte	2
 556 0214 B4       		.byte	-76
 557 0215 04       		.byte	4
 558 0216 B5       		.byte	-75
 559 0217 01       		.byte	1
 560 0218 B6       		.byte	-74
 561 0219 08       		.byte	8
 562 021a BE       		.byte	-66
 563 021b 15       		.byte	21
 564 021c BF       		.byte	-65
 565 021d 10       		.byte	16
 566 021e C0       		.byte	-64
 567 021f 06       		.byte	6
 568 0220 C5       		.byte	-59
 569 0221 05       		.byte	5
 570 0222 C7       		.byte	-57
ARM GAS  C:\Users\Owner\AppData\Local\Temp\ccf03dMk.s 			page 11


 571 0223 01       		.byte	1
 572 0224 C8       		.byte	-56
 573 0225 11       		.byte	17
 574 0226 C9       		.byte	-55
 575 0227 FF       		.byte	-1
 576 0228 CA       		.byte	-54
 577 0229 07       		.byte	7
 578 022a CB       		.byte	-53
 579 022b FF       		.byte	-1
 580 022c CC       		.byte	-52
 581 022d 40       		.byte	64
 582 022e CD       		.byte	-51
 583 022f 20       		.byte	32
 584 0230 CE       		.byte	-50
 585 0231 F0       		.byte	-16
 586 0232 CF       		.byte	-49
 587 0233 05       		.byte	5
 588 0234 D0       		.byte	-48
 589 0235 08       		.byte	8
 590 0236 D4       		.byte	-44
 591 0237 18       		.byte	24
 592 0238 D6       		.byte	-42
 593 0239 04       		.byte	4
 594 023a D8       		.byte	-40
 595 023b 04       		.byte	4
 596 023c D9       		.byte	-39
 597 023d 04       		.byte	4
 598 023e DA       		.byte	-38
 599 023f 04       		.byte	4
 600 0240 DB       		.byte	-37
 601 0241 04       		.byte	4
 602 0242 DC       		.byte	-36
 603 0243 11       		.byte	17
 604 0244 DD       		.byte	-35
 605 0245 11       		.byte	17
 606 0246 DF       		.byte	-33
 607 0247 01       		.byte	1
 608 0248 E0       		.byte	-32
 609 0249 40       		.byte	64
 610 024a E1       		.byte	-31
 611 024b A8       		.byte	-88
 612 024c E2       		.byte	-30
 613 024d 40       		.byte	64
 614 024e E3       		.byte	-29
 615 024f 20       		.byte	32
 616 0250 00       		.byte	0
 617 0251 60       		.byte	96
 618 0252 01       		.byte	1
 619 0253 08       		.byte	8
 620 0254 05       		.byte	5
 621 0255 47       		.byte	71
 622 0256 07       		.byte	7
 623 0257 04       		.byte	4
 624 0258 09       		.byte	9
 625 0259 40       		.byte	64
 626 025a 0A       		.byte	10
 627 025b 01       		.byte	1
ARM GAS  C:\Users\Owner\AppData\Local\Temp\ccf03dMk.s 			page 12


 628 025c 0B       		.byte	11
 629 025d 88       		.byte	-120
 630 025e 0C       		.byte	12
 631 025f 04       		.byte	4
 632 0260 0D       		.byte	13
 633 0261 02       		.byte	2
 634 0262 0E       		.byte	14
 635 0263 02       		.byte	2
 636 0264 0F       		.byte	15
 637 0265 48       		.byte	72
 638 0266 10       		.byte	16
 639 0267 80       		.byte	-128
 640 0268 15       		.byte	21
 641 0269 01       		.byte	1
 642 026a 17       		.byte	23
 643 026b 1A       		.byte	26
 644 026c 18       		.byte	24
 645 026d 04       		.byte	4
 646 026e 1B       		.byte	27
 647 026f 89       		.byte	-119
 648 0270 1D       		.byte	29
 649 0271 0D       		.byte	13
 650 0272 1E       		.byte	30
 651 0273 09       		.byte	9
 652 0274 20       		.byte	32
 653 0275 80       		.byte	-128
 654 0276 23       		.byte	35
 655 0277 04       		.byte	4
 656 0278 24       		.byte	36
 657 0279 02       		.byte	2
 658 027a 25       		.byte	37
 659 027b 10       		.byte	16
 660 027c 26       		.byte	38
 661 027d 09       		.byte	9
 662 027e 27       		.byte	39
 663 027f 44       		.byte	68
 664 0280 2A       		.byte	42
 665 0281 90       		.byte	-112
 666 0282 2B       		.byte	43
 667 0283 05       		.byte	5
 668 0284 2C       		.byte	44
 669 0285 04       		.byte	4
 670 0286 2D       		.byte	45
 671 0287 82       		.byte	-126
 672 0288 2E       		.byte	46
 673 0289 08       		.byte	8
 674 028a 30       		.byte	48
 675 028b 08       		.byte	8
 676 028c 35       		.byte	53
 677 028d 04       		.byte	4
 678 028e 36       		.byte	54
 679 028f 02       		.byte	2
 680 0290 37       		.byte	55
 681 0291 50       		.byte	80
 682 0292 38       		.byte	56
 683 0293 02       		.byte	2
 684 0294 3A       		.byte	58
ARM GAS  C:\Users\Owner\AppData\Local\Temp\ccf03dMk.s 			page 13


 685 0295 40       		.byte	64
 686 0296 3D       		.byte	61
 687 0297 21       		.byte	33
 688 0298 3F       		.byte	63
 689 0299 48       		.byte	72
 690 029a 49       		.byte	73
 691 029b 20       		.byte	32
 692 029c 4A       		.byte	74
 693 029d 20       		.byte	32
 694 029e 50       		.byte	80
 695 029f 08       		.byte	8
 696 02a0 5A       		.byte	90
 697 02a1 02       		.byte	2
 698 02a2 5E       		.byte	94
 699 02a3 08       		.byte	8
 700 02a4 60       		.byte	96
 701 02a5 06       		.byte	6
 702 02a6 63       		.byte	99
 703 02a7 80       		.byte	-128
 704 02a8 6C       		.byte	108
 705 02a9 14       		.byte	20
 706 02aa 6D       		.byte	109
 707 02ab 40       		.byte	64
 708 02ac 76       		.byte	118
 709 02ad 18       		.byte	24
 710 02ae 77       		.byte	119
 711 02af 0A       		.byte	10
 712 02b0 83       		.byte	-125
 713 02b1 40       		.byte	64
 714 02b2 85       		.byte	-123
 715 02b3 02       		.byte	2
 716 02b4 86       		.byte	-122
 717 02b5 04       		.byte	4
 718 02b6 92       		.byte	-110
 719 02b7 14       		.byte	20
 720 02b8 93       		.byte	-109
 721 02b9 08       		.byte	8
 722 02ba 94       		.byte	-108
 723 02bb 28       		.byte	40
 724 02bc 95       		.byte	-107
 725 02bd 40       		.byte	64
 726 02be 97       		.byte	-105
 727 02bf 04       		.byte	4
 728 02c0 98       		.byte	-104
 729 02c1 44       		.byte	68
 730 02c2 99       		.byte	-103
 731 02c3 E0       		.byte	-32
 732 02c4 9A       		.byte	-102
 733 02c5 40       		.byte	64
 734 02c6 9B       		.byte	-101
 735 02c7 10       		.byte	16
 736 02c8 9E       		.byte	-98
 737 02c9 80       		.byte	-128
 738 02ca A0       		.byte	-96
 739 02cb 80       		.byte	-128
 740 02cc A1       		.byte	-95
 741 02cd 01       		.byte	1
ARM GAS  C:\Users\Owner\AppData\Local\Temp\ccf03dMk.s 			page 14


 742 02ce A2       		.byte	-94
 743 02cf 82       		.byte	-126
 744 02d0 A4       		.byte	-92
 745 02d1 48       		.byte	72
 746 02d2 A5       		.byte	-91
 747 02d3 58       		.byte	88
 748 02d4 A6       		.byte	-90
 749 02d5 28       		.byte	40
 750 02d6 AF       		.byte	-81
 751 02d7 04       		.byte	4
 752 02d8 C0       		.byte	-64
 753 02d9 F7       		.byte	-9
 754 02da C2       		.byte	-62
 755 02db FB       		.byte	-5
 756 02dc C4       		.byte	-60
 757 02dd 78       		.byte	120
 758 02de CA       		.byte	-54
 759 02df F0       		.byte	-16
 760 02e0 CC       		.byte	-52
 761 02e1 F2       		.byte	-14
 762 02e2 CE       		.byte	-50
 763 02e3 F9       		.byte	-7
 764 02e4 D2       		.byte	-46
 765 02e5 04       		.byte	4
 766 02e6 D6       		.byte	-42
 767 02e7 41       		.byte	65
 768 02e8 D8       		.byte	-40
 769 02e9 0D       		.byte	13
 770 02ea 00       		.byte	0
 771 02eb 7F       		.byte	127
 772 02ec 01       		.byte	1
 773 02ed 60       		.byte	96
 774 02ee 05       		.byte	5
 775 02ef 08       		.byte	8
 776 02f0 06       		.byte	6
 777 02f1 63       		.byte	99
 778 02f2 08       		.byte	8
 779 02f3 1F       		.byte	31
 780 02f4 09       		.byte	9
 781 02f5 18       		.byte	24
 782 02f6 0A       		.byte	10
 783 02f7 60       		.byte	96
 784 02f8 0C       		.byte	12
 785 02f9 73       		.byte	115
 786 02fa 0D       		.byte	13
 787 02fb 10       		.byte	16
 788 02fc 0E       		.byte	14
 789 02fd 0C       		.byte	12
 790 02fe 10       		.byte	16
 791 02ff 5C       		.byte	92
 792 0300 11       		.byte	17
 793 0301 E7       		.byte	-25
 794 0302 12       		.byte	18
 795 0303 23       		.byte	35
 796 0304 13       		.byte	19
 797 0305 18       		.byte	24
 798 0306 14       		.byte	20
ARM GAS  C:\Users\Owner\AppData\Local\Temp\ccf03dMk.s 			page 15


 799 0307 02       		.byte	2
 800 0308 15       		.byte	21
 801 0309 24       		.byte	36
 802 030a 18       		.byte	24
 803 030b 01       		.byte	1
 804 030c 1B       		.byte	27
 805 030d 63       		.byte	99
 806 030e 1D       		.byte	29
 807 030f FF       		.byte	-1
 808 0310 20       		.byte	32
 809 0311 08       		.byte	8
 810 0312 23       		.byte	35
 811 0313 04       		.byte	4
 812 0314 24       		.byte	36
 813 0315 04       		.byte	4
 814 0316 25       		.byte	37
 815 0317 1C       		.byte	28
 816 0318 27       		.byte	39
 817 0319 E1       		.byte	-31
 818 031a 28       		.byte	40
 819 031b 0C       		.byte	12
 820 031c 29       		.byte	41
 821 031d 40       		.byte	64
 822 031e 2C       		.byte	44
 823 031f 03       		.byte	3
 824 0320 2D       		.byte	45
 825 0321 1C       		.byte	28
 826 0322 2F       		.byte	47
 827 0323 E2       		.byte	-30
 828 0324 30       		.byte	48
 829 0325 4C       		.byte	76
 830 0326 31       		.byte	49
 831 0327 60       		.byte	96
 832 0328 32       		.byte	50
 833 0329 2C       		.byte	44
 834 032a 33       		.byte	51
 835 032b 80       		.byte	-128
 836 032c 34       		.byte	52
 837 032d 10       		.byte	16
 838 032e 35       		.byte	53
 839 032f 1F       		.byte	31
 840 0330 36       		.byte	54
 841 0331 0F       		.byte	15
 842 0332 39       		.byte	57
 843 0333 08       		.byte	8
 844 0334 3A       		.byte	58
 845 0335 88       		.byte	-120
 846 0336 3B       		.byte	59
 847 0337 A0       		.byte	-96
 848 0338 3E       		.byte	62
 849 0339 10       		.byte	16
 850 033a 56       		.byte	86
 851 033b 02       		.byte	2
 852 033c 57       		.byte	87
 853 033d 11       		.byte	17
 854 033e 58       		.byte	88
 855 033f 04       		.byte	4
ARM GAS  C:\Users\Owner\AppData\Local\Temp\ccf03dMk.s 			page 16


 856 0340 59       		.byte	89
 857 0341 04       		.byte	4
 858 0342 5B       		.byte	91
 859 0343 04       		.byte	4
 860 0344 5C       		.byte	92
 861 0345 11       		.byte	17
 862 0346 5D       		.byte	93
 863 0347 10       		.byte	16
 864 0348 5F       		.byte	95
 865 0349 01       		.byte	1
 866 034a 88       		.byte	-120
 867 034b 04       		.byte	4
 868 034c 8C       		.byte	-116
 869 034d 01       		.byte	1
 870 034e 98       		.byte	-104
 871 034f 02       		.byte	2
 872 0350 B0       		.byte	-80
 873 0351 01       		.byte	1
 874 0352 B2       		.byte	-78
 875 0353 04       		.byte	4
 876 0354 B4       		.byte	-76
 877 0355 02       		.byte	2
 878 0356 BE       		.byte	-66
 879 0357 15       		.byte	21
 880 0358 C0       		.byte	-64
 881 0359 65       		.byte	101
 882 035a C1       		.byte	-63
 883 035b 01       		.byte	1
 884 035c C5       		.byte	-59
 885 035d EE       		.byte	-18
 886 035e C6       		.byte	-58
 887 035f C0       		.byte	-64
 888 0360 C7       		.byte	-57
 889 0361 0B       		.byte	11
 890 0362 C8       		.byte	-56
 891 0363 1B       		.byte	27
 892 0364 C9       		.byte	-55
 893 0365 FF       		.byte	-1
 894 0366 CA       		.byte	-54
 895 0367 FF       		.byte	-1
 896 0368 CB       		.byte	-53
 897 0369 FF       		.byte	-1
 898 036a CE       		.byte	-50
 899 036b F0       		.byte	-16
 900 036c CF       		.byte	-49
 901 036d 44       		.byte	68
 902 036e D0       		.byte	-48
 903 036f 0C       		.byte	12
 904 0370 D4       		.byte	-44
 905 0371 01       		.byte	1
 906 0372 D6       		.byte	-42
 907 0373 04       		.byte	4
 908 0374 D8       		.byte	-40
 909 0375 04       		.byte	4
 910 0376 DA       		.byte	-38
 911 0377 04       		.byte	4
 912 0378 DB       		.byte	-37
ARM GAS  C:\Users\Owner\AppData\Local\Temp\ccf03dMk.s 			page 17


 913 0379 04       		.byte	4
 914 037a DF       		.byte	-33
 915 037b 01       		.byte	1
 916 037c E6       		.byte	-26
 917 037d C0       		.byte	-64
 918 037e EA       		.byte	-22
 919 037f 40       		.byte	64
 920 0380 EB       		.byte	-21
 921 0381 02       		.byte	2
 922 0382 00       		.byte	0
 923 0383 06       		.byte	6
 924 0384 01       		.byte	1
 925 0385 80       		.byte	-128
 926 0386 03       		.byte	3
 927 0387 09       		.byte	9
 928 0388 04       		.byte	4
 929 0389 20       		.byte	32
 930 038a 05       		.byte	5
 931 038b 40       		.byte	64
 932 038c 08       		.byte	8
 933 038d 0A       		.byte	10
 934 038e 0A       		.byte	10
 935 038f 08       		.byte	8
 936 0390 0B       		.byte	11
 937 0391 08       		.byte	8
 938 0392 0F       		.byte	15
 939 0393 08       		.byte	8
 940 0394 10       		.byte	16
 941 0395 80       		.byte	-128
 942 0396 12       		.byte	18
 943 0397 01       		.byte	1
 944 0398 13       		.byte	19
 945 0399 24       		.byte	36
 946 039a 14       		.byte	20
 947 039b 20       		.byte	32
 948 039c 16       		.byte	22
 949 039d 10       		.byte	16
 950 039e 18       		.byte	24
 951 039f 40       		.byte	64
 952 03a0 19       		.byte	25
 953 03a1 94       		.byte	-108
 954 03a2 1B       		.byte	27
 955 03a3 08       		.byte	8
 956 03a4 1C       		.byte	28
 957 03a5 10       		.byte	16
 958 03a6 1E       		.byte	30
 959 03a7 88       		.byte	-120
 960 03a8 20       		.byte	32
 961 03a9 22       		.byte	34
 962 03aa 21       		.byte	33
 963 03ab 80       		.byte	-128
 964 03ac 22       		.byte	34
 965 03ad 21       		.byte	33
 966 03ae 28       		.byte	40
 967 03af 0A       		.byte	10
 968 03b0 29       		.byte	41
 969 03b1 24       		.byte	36
ARM GAS  C:\Users\Owner\AppData\Local\Temp\ccf03dMk.s 			page 18


 970 03b2 2B       		.byte	43
 971 03b3 80       		.byte	-128
 972 03b4 31       		.byte	49
 973 03b5 80       		.byte	-128
 974 03b6 32       		.byte	50
 975 03b7 14       		.byte	20
 976 03b8 33       		.byte	51
 977 03b9 01       		.byte	1
 978 03ba 38       		.byte	56
 979 03bb 80       		.byte	-128
 980 03bc 39       		.byte	57
 981 03bd 02       		.byte	2
 982 03be 3A       		.byte	58
 983 03bf 21       		.byte	33
 984 03c0 3B       		.byte	59
 985 03c1 04       		.byte	4
 986 03c2 45       		.byte	69
 987 03c3 40       		.byte	64
 988 03c4 4E       		.byte	78
 989 03c5 0A       		.byte	10
 990 03c6 4F       		.byte	79
 991 03c7 09       		.byte	9
 992 03c8 55       		.byte	85
 993 03c9 08       		.byte	8
 994 03ca 56       		.byte	86
 995 03cb 10       		.byte	16
 996 03cc 59       		.byte	89
 997 03cd 10       		.byte	16
 998 03ce 5C       		.byte	92
 999 03cf 20       		.byte	32
 1000 03d0 5E       		.byte	94
 1001 03d1 48       		.byte	72
 1002 03d2 5F       		.byte	95
 1003 03d3 01       		.byte	1
 1004 03d4 66       		.byte	102
 1005 03d5 02       		.byte	2
 1006 03d6 68       		.byte	104
 1007 03d7 20       		.byte	32
 1008 03d8 69       		.byte	105
 1009 03d9 40       		.byte	64
 1010 03da 6B       		.byte	107
 1011 03db 04       		.byte	4
 1012 03dc 70       		.byte	112
 1013 03dd C0       		.byte	-64
 1014 03de 72       		.byte	114
 1015 03df 20       		.byte	32
 1016 03e0 73       		.byte	115
 1017 03e1 24       		.byte	36
 1018 03e2 86       		.byte	-122
 1019 03e3 42       		.byte	66
 1020 03e4 88       		.byte	-120
 1021 03e5 02       		.byte	2
 1022 03e6 8A       		.byte	-118
 1023 03e7 20       		.byte	32
 1024 03e8 8C       		.byte	-116
 1025 03e9 10       		.byte	16
 1026 03ea 90       		.byte	-112
ARM GAS  C:\Users\Owner\AppData\Local\Temp\ccf03dMk.s 			page 19


 1027 03eb 24       		.byte	36
 1028 03ec 91       		.byte	-111
 1029 03ed 02       		.byte	2
 1030 03ee 92       		.byte	-110
 1031 03ef 60       		.byte	96
 1032 03f0 93       		.byte	-109
 1033 03f1 08       		.byte	8
 1034 03f2 94       		.byte	-108
 1035 03f3 40       		.byte	64
 1036 03f4 95       		.byte	-107
 1037 03f5 40       		.byte	64
 1038 03f6 96       		.byte	-106
 1039 03f7 02       		.byte	2
 1040 03f8 99       		.byte	-103
 1041 03f9 60       		.byte	96
 1042 03fa 9D       		.byte	-99
 1043 03fb 80       		.byte	-128
 1044 03fc 9E       		.byte	-98
 1045 03fd 10       		.byte	16
 1046 03fe 9F       		.byte	-97
 1047 03ff 04       		.byte	4
 1048 0400 A1       		.byte	-95
 1049 0401 40       		.byte	64
 1050 0402 A2       		.byte	-94
 1051 0403 0A       		.byte	10
 1052 0404 A3       		.byte	-93
 1053 0405 80       		.byte	-128
 1054 0406 A4       		.byte	-92
 1055 0407 31       		.byte	49
 1056 0408 A5       		.byte	-91
 1057 0409 08       		.byte	8
 1058 040a AA       		.byte	-86
 1059 040b 01       		.byte	1
 1060 040c AB       		.byte	-85
 1061 040d 08       		.byte	8
 1062 040e AD       		.byte	-83
 1063 040f 84       		.byte	-124
 1064 0410 C0       		.byte	-64
 1065 0411 CF       		.byte	-49
 1066 0412 C2       		.byte	-62
 1067 0413 4E       		.byte	78
 1068 0414 C4       		.byte	-60
 1069 0415 0F       		.byte	15
 1070 0416 CA       		.byte	-54
 1071 0417 0F       		.byte	15
 1072 0418 CC       		.byte	-52
 1073 0419 0F       		.byte	15
 1074 041a CE       		.byte	-50
 1075 041b 0F       		.byte	15
 1076 041c D0       		.byte	-48
 1077 041d 10       		.byte	16
 1078 041e D2       		.byte	-46
 1079 041f 30       		.byte	48
 1080 0420 D6       		.byte	-42
 1081 0421 F4       		.byte	-12
 1082 0422 D8       		.byte	-40
 1083 0423 80       		.byte	-128
ARM GAS  C:\Users\Owner\AppData\Local\Temp\ccf03dMk.s 			page 20


 1084 0424 E2       		.byte	-30
 1085 0425 10       		.byte	16
 1086 0426 01       		.byte	1
 1087 0427 40       		.byte	64
 1088 0428 05       		.byte	5
 1089 0429 03       		.byte	3
 1090 042a 07       		.byte	7
 1091 042b 04       		.byte	4
 1092 042c 08       		.byte	8
 1093 042d 09       		.byte	9
 1094 042e 09       		.byte	9
 1095 042f 20       		.byte	32
 1096 0430 0A       		.byte	10
 1097 0431 F0       		.byte	-16
 1098 0432 0C       		.byte	12
 1099 0433 2C       		.byte	44
 1100 0434 0D       		.byte	13
 1101 0435 03       		.byte	3
 1102 0436 0E       		.byte	14
 1103 0437 D1       		.byte	-47
 1104 0438 0F       		.byte	15
 1105 0439 34       		.byte	52
 1106 043a 14       		.byte	20
 1107 043b 14       		.byte	20
 1108 043c 15       		.byte	21
 1109 043d 03       		.byte	3
 1110 043e 17       		.byte	23
 1111 043f 1C       		.byte	28
 1112 0440 18       		.byte	24
 1113 0441 9C       		.byte	-100
 1114 0442 1A       		.byte	26
 1115 0443 22       		.byte	34
 1116 0444 1B       		.byte	27
 1117 0445 3E       		.byte	62
 1118 0446 1E       		.byte	30
 1119 0447 03       		.byte	3
 1120 0448 24       		.byte	36
 1121 0449 80       		.byte	-128
 1122 044a 25       		.byte	37
 1123 044b 29       		.byte	41
 1124 044c 26       		.byte	38
 1125 044d 10       		.byte	16
 1126 044e 28       		.byte	40
 1127 044f 30       		.byte	48
 1128 0450 2A       		.byte	42
 1129 0451 4C       		.byte	76
 1130 0452 31       		.byte	49
 1131 0453 40       		.byte	64
 1132 0454 33       		.byte	51
 1133 0455 0F       		.byte	15
 1134 0456 34       		.byte	52
 1135 0457 E0       		.byte	-32
 1136 0458 35       		.byte	53
 1137 0459 40       		.byte	64
 1138 045a 36       		.byte	54
 1139 045b 1F       		.byte	31
 1140 045c 37       		.byte	55
ARM GAS  C:\Users\Owner\AppData\Local\Temp\ccf03dMk.s 			page 21


 1141 045d 38       		.byte	56
 1142 045e 3A       		.byte	58
 1143 045f 20       		.byte	32
 1144 0460 3B       		.byte	59
 1145 0461 88       		.byte	-120
 1146 0462 3F       		.byte	63
 1147 0463 01       		.byte	1
 1148 0464 40       		.byte	64
 1149 0465 06       		.byte	6
 1150 0466 45       		.byte	69
 1151 0467 10       		.byte	16
 1152 0468 46       		.byte	70
 1153 0469 50       		.byte	80
 1154 046a 48       		.byte	72
 1155 046b 0A       		.byte	10
 1156 046c 49       		.byte	73
 1157 046d FF       		.byte	-1
 1158 046e 4A       		.byte	74
 1159 046f 07       		.byte	7
 1160 0470 4B       		.byte	75
 1161 0471 FF       		.byte	-1
 1162 0472 4C       		.byte	76
 1163 0473 40       		.byte	64
 1164 0474 4D       		.byte	77
 1165 0475 20       		.byte	32
 1166 0476 4E       		.byte	78
 1167 0477 F0       		.byte	-16
 1168 0478 4F       		.byte	79
 1169 0479 05       		.byte	5
 1170 047a 50       		.byte	80
 1171 047b 08       		.byte	8
 1172 047c 58       		.byte	88
 1173 047d 04       		.byte	4
 1174 047e 59       		.byte	89
 1175 047f 04       		.byte	4
 1176 0480 5A       		.byte	90
 1177 0481 04       		.byte	4
 1178 0482 5F       		.byte	95
 1179 0483 01       		.byte	1
 1180 0484 60       		.byte	96
 1181 0485 40       		.byte	64
 1182 0486 61       		.byte	97
 1183 0487 A8       		.byte	-88
 1184 0488 62       		.byte	98
 1185 0489 40       		.byte	64
 1186 048a 63       		.byte	99
 1187 048b 20       		.byte	32
 1188 048c 00       		.byte	0
 1189 048d 80       		.byte	-128
 1190 048e 02       		.byte	2
 1191 048f A0       		.byte	-96
 1192 0490 03       		.byte	3
 1193 0491 08       		.byte	8
 1194 0492 07       		.byte	7
 1195 0493 09       		.byte	9
 1196 0494 09       		.byte	9
 1197 0495 41       		.byte	65
ARM GAS  C:\Users\Owner\AppData\Local\Temp\ccf03dMk.s 			page 22


 1198 0496 0A       		.byte	10
 1199 0497 14       		.byte	20
 1200 0498 0D       		.byte	13
 1201 0499 08       		.byte	8
 1202 049a 0E       		.byte	14
 1203 049b 06       		.byte	6
 1204 049c 10       		.byte	16
 1205 049d 40       		.byte	64
 1206 049e 12       		.byte	18
 1207 049f 19       		.byte	25
 1208 04a0 13       		.byte	19
 1209 04a1 04       		.byte	4
 1210 04a2 16       		.byte	22
 1211 04a3 20       		.byte	32
 1212 04a4 17       		.byte	23
 1213 04a5 20       		.byte	32
 1214 04a6 18       		.byte	24
 1215 04a7 20       		.byte	32
 1216 04a8 1A       		.byte	26
 1217 04a9 40       		.byte	64
 1218 04aa 1B       		.byte	27
 1219 04ab 18       		.byte	24
 1220 04ac 1D       		.byte	29
 1221 04ad 40       		.byte	64
 1222 04ae 1E       		.byte	30
 1223 04af 06       		.byte	6
 1224 04b0 20       		.byte	32
 1225 04b1 05       		.byte	5
 1226 04b2 21       		.byte	33
 1227 04b3 01       		.byte	1
 1228 04b4 22       		.byte	34
 1229 04b5 10       		.byte	16
 1230 04b6 23       		.byte	35
 1231 04b7 10       		.byte	16
 1232 04b8 25       		.byte	37
 1233 04b9 40       		.byte	64
 1234 04ba 26       		.byte	38
 1235 04bb 1A       		.byte	26
 1236 04bc 27       		.byte	39
 1237 04bd 29       		.byte	41
 1238 04be 2E       		.byte	46
 1239 04bf 04       		.byte	4
 1240 04c0 30       		.byte	48
 1241 04c1 20       		.byte	32
 1242 04c2 33       		.byte	51
 1243 04c3 04       		.byte	4
 1244 04c4 36       		.byte	54
 1245 04c5 18       		.byte	24
 1246 04c6 39       		.byte	57
 1247 04c7 42       		.byte	66
 1248 04c8 3B       		.byte	59
 1249 04c9 18       		.byte	24
 1250 04ca 3D       		.byte	61
 1251 04cb 80       		.byte	-128
 1252 04cc 3E       		.byte	62
 1253 04cd 20       		.byte	32
 1254 04ce 3F       		.byte	63
ARM GAS  C:\Users\Owner\AppData\Local\Temp\ccf03dMk.s 			page 23


 1255 04cf 06       		.byte	6
 1256 04d0 40       		.byte	64
 1257 04d1 45       		.byte	69
 1258 04d2 41       		.byte	65
 1259 04d3 04       		.byte	4
 1260 04d4 48       		.byte	72
 1261 04d5 01       		.byte	1
 1262 04d6 49       		.byte	73
 1263 04d7 08       		.byte	8
 1264 04d8 4F       		.byte	79
 1265 04d9 22       		.byte	34
 1266 04da 53       		.byte	83
 1267 04db 40       		.byte	64
 1268 04dc 56       		.byte	86
 1269 04dd 20       		.byte	32
 1270 04de 5D       		.byte	93
 1271 04df 20       		.byte	32
 1272 04e0 5F       		.byte	95
 1273 04e1 10       		.byte	16
 1274 04e2 92       		.byte	-110
 1275 04e3 10       		.byte	16
 1276 04e4 93       		.byte	-109
 1277 04e5 08       		.byte	8
 1278 04e6 94       		.byte	-108
 1279 04e7 40       		.byte	64
 1280 04e8 96       		.byte	-106
 1281 04e9 02       		.byte	2
 1282 04ea 97       		.byte	-105
 1283 04eb 80       		.byte	-128
 1284 04ec 98       		.byte	-104
 1285 04ed 40       		.byte	64
 1286 04ee 9D       		.byte	-99
 1287 04ef 08       		.byte	8
 1288 04f0 A0       		.byte	-96
 1289 04f1 40       		.byte	64
 1290 04f2 A1       		.byte	-95
 1291 04f3 01       		.byte	1
 1292 04f4 A2       		.byte	-94
 1293 04f5 A0       		.byte	-96
 1294 04f6 A3       		.byte	-93
 1295 04f7 80       		.byte	-128
 1296 04f8 A4       		.byte	-92
 1297 04f9 10       		.byte	16
 1298 04fa AC       		.byte	-84
 1299 04fb 02       		.byte	2
 1300 04fc AF       		.byte	-81
 1301 04fd 08       		.byte	8
 1302 04fe C0       		.byte	-64
 1303 04ff CF       		.byte	-49
 1304 0500 C2       		.byte	-62
 1305 0501 EF       		.byte	-17
 1306 0502 C4       		.byte	-60
 1307 0503 6F       		.byte	111
 1308 0504 CA       		.byte	-54
 1309 0505 40       		.byte	64
 1310 0506 CC       		.byte	-52
 1311 0507 66       		.byte	102
ARM GAS  C:\Users\Owner\AppData\Local\Temp\ccf03dMk.s 			page 24


 1312 0508 CE       		.byte	-50
 1313 0509 FF       		.byte	-1
 1314 050a D0       		.byte	-48
 1315 050b 0F       		.byte	15
 1316 050c D2       		.byte	-46
 1317 050d 28       		.byte	40
 1318 050e 30       		.byte	48
 1319 050f 80       		.byte	-128
 1320 0510 32       		.byte	50
 1321 0511 04       		.byte	4
 1322 0512 37       		.byte	55
 1323 0513 12       		.byte	18
 1324 0514 CC       		.byte	-52
 1325 0515 F0       		.byte	-16
 1326 0516 06       		.byte	6
 1327 0517 20       		.byte	32
 1328 0518 96       		.byte	-106
 1329 0519 08       		.byte	8
 1330 051a 9F       		.byte	-97
 1331 051b 12       		.byte	18
 1332 051c A4       		.byte	-92
 1333 051d 80       		.byte	-128
 1334 051e C0       		.byte	-64
 1335 051f 20       		.byte	32
 1336 0520 05       		.byte	5
 1337 0521 02       		.byte	2
 1338 0522 87       		.byte	-121
 1339 0523 02       		.byte	2
 1340 0524 8C       		.byte	-116
 1341 0525 80       		.byte	-128
 1342 0526 96       		.byte	-106
 1343 0527 08       		.byte	8
 1344 0528 9F       		.byte	-97
 1345 0529 12       		.byte	18
 1346 052a A4       		.byte	-92
 1347 052b 80       		.byte	-128
 1348 052c AA       		.byte	-86
 1349 052d 20       		.byte	32
 1350 052e C0       		.byte	-64
 1351 052f 20       		.byte	32
 1352 0530 E6       		.byte	-26
 1353 0531 40       		.byte	64
 1354 0532 E8       		.byte	-24
 1355 0533 20       		.byte	32
 1356 0534 83       		.byte	-125
 1357 0535 10       		.byte	16
 1358 0536 96       		.byte	-106
 1359 0537 08       		.byte	8
 1360 0538 9F       		.byte	-97
 1361 0539 10       		.byte	16
 1362 053a AD       		.byte	-83
 1363 053b 02       		.byte	2
 1364 053c E2       		.byte	-30
 1365 053d 20       		.byte	32
 1366 053e EC       		.byte	-20
 1367 053f 10       		.byte	16
 1368 0540 96       		.byte	-106
ARM GAS  C:\Users\Owner\AppData\Local\Temp\ccf03dMk.s 			page 25


 1369 0541 08       		.byte	8
 1370 0542 50       		.byte	80
 1371 0543 04       		.byte	4
 1372 0544 57       		.byte	87
 1373 0545 08       		.byte	8
 1374 0546 86       		.byte	-122
 1375 0547 04       		.byte	4
 1376 0548 87       		.byte	-121
 1377 0549 08       		.byte	8
 1378 054a 8C       		.byte	-116
 1379 054b 04       		.byte	4
 1380 054c 96       		.byte	-106
 1381 054d 08       		.byte	8
 1382 054e D4       		.byte	-44
 1383 054f 60       		.byte	96
 1384 0550 E6       		.byte	-26
 1385 0551 50       		.byte	80
 1386 0552 00       		.byte	0
 1387 0553 03       		.byte	3
 1388 0554 0A       		.byte	10
 1389 0555 03       		.byte	3
 1390 0556 10       		.byte	16
 1391 0557 03       		.byte	3
 1392 0558 1A       		.byte	26
 1393 0559 03       		.byte	3
 1394 055a 00       		.byte	0
 1395 055b FF       		.byte	-1
 1396 055c 14       		.byte	20
 1397 055d 01       		.byte	1
 1398 055e 00       		.byte	0
 1399 055f 26       		.byte	38
 1400 0560 00       		.byte	0
 1401 0561 0A       		.byte	10
 1402 0562 10       		.byte	16
 1403 0563 51       		.byte	81
 1404 0564 00       		.byte	0
 1405 0565 14       		.byte	20
 1406 0566 03       		.byte	3
 1407 0567 49       		.byte	73
 1408 0568 09       		.byte	9
 1409 0569 80       		.byte	-128
 1410 056a 10       		.byte	16
 1411 056b 00       		.byte	0
 1412 056c 10       		.byte	16
 1413 056d 00       		.byte	0
 1414 056e 0C       		.byte	12
 1415 056f 00       		.byte	0
 1416 0570 0C       		.byte	12
 1417 0571 9F       		.byte	-97
 1418 0572 11       		.byte	17
 1419 0573 00       		.byte	0
 1420 0574 20       		.byte	32
 1421 0575 9F       		.byte	-97
 1422 0576 80       		.byte	-128
 1423 0577 00       		.byte	0
 1424 0578 E0       		.byte	-32
 1425 0579 00       		.byte	0
ARM GAS  C:\Users\Owner\AppData\Local\Temp\ccf03dMk.s 			page 26


 1426 057a 00       		.byte	0
 1427 057b 00       		.byte	0
 1428 057c 1C       		.byte	28
 1429 057d 00       		.byte	0
 1430 057e 02       		.byte	2
 1431 057f 00       		.byte	0
 1432 0580 00       		.byte	0
 1433 0581 00       		.byte	0
 1434 0582 80       		.byte	-128
 1435 0583 00       		.byte	0
 1436 0584 E0       		.byte	-32
 1437 0585 00       		.byte	0
 1438 0586 00       		.byte	0
 1439 0587 00       		.byte	0
 1440 0588 00       		.byte	0
 1441 0589 00       		.byte	0
 1442 058a C0       		.byte	-64
 1443 058b 00       		.byte	0
 1444 058c 80       		.byte	-128
 1445 058d 07       		.byte	7
 1446 058e 1F       		.byte	31
 1447 058f 18       		.byte	24
 1448 0590 60       		.byte	96
 1449 0591 80       		.byte	-128
 1450 0592 00       		.byte	0
 1451 0593 60       		.byte	96
 1452 0594 20       		.byte	32
 1453 0595 00       		.byte	0
 1454 0596 00       		.byte	0
 1455 0597 00       		.byte	0
 1456 0598 00       		.byte	0
 1457 0599 00       		.byte	0
 1458 059a 11       		.byte	17
 1459 059b 40       		.byte	64
 1460 059c 32       		.byte	50
 1461 059d 05       		.byte	5
 1462 059e 04       		.byte	4
 1463 059f 00       		.byte	0
 1464 05a0 01       		.byte	1
 1465 05a1 0C       		.byte	12
 1466 05a2 0E       		.byte	14
 1467 05a3 00       		.byte	0
 1468 05a4 05       		.byte	5
 1469 05a5 FF       		.byte	-1
 1470 05a6 FF       		.byte	-1
 1471 05a7 FF       		.byte	-1
 1472 05a8 62       		.byte	98
 1473 05a9 A0       		.byte	-96
 1474 05aa F0       		.byte	-16
 1475 05ab 41       		.byte	65
 1476 05ac 0C       		.byte	12
 1477 05ad 00       		.byte	0
 1478 05ae 00       		.byte	0
 1479 05af 00       		.byte	0
 1480 05b0 00       		.byte	0
 1481 05b1 00       		.byte	0
 1482 05b2 00       		.byte	0
ARM GAS  C:\Users\Owner\AppData\Local\Temp\ccf03dMk.s 			page 27


 1483 05b3 00       		.byte	0
 1484 05b4 04       		.byte	4
 1485 05b5 04       		.byte	4
 1486 05b6 04       		.byte	4
 1487 05b7 00       		.byte	0
 1488 05b8 11       		.byte	17
 1489 05b9 01       		.byte	1
 1490 05ba 00       		.byte	0
 1491 05bb 01       		.byte	1
 1492 05bc 00       		.byte	0
 1493 05bd 00       		.byte	0
 1494 05be 00       		.byte	0
 1495 05bf 00       		.byte	0
 1496 05c0 00       		.byte	0
 1497 05c1 00       		.byte	0
 1498 05c2 40       		.byte	64
 1499 05c3 02       		.byte	2
 1500 05c4 00       		.byte	0
 1501 05c5 10       		.byte	16
 1502 05c6 30       		.byte	48
 1503 05c7 10       		.byte	16
 1504 05c8 00       		.byte	0
 1505 05c9 10       		.byte	16
 1506 05ca 10       		.byte	16
 1507 05cb 12       		.byte	18
 1508 05cc 00       		.byte	0
 1509 05cd 00       		.byte	0
 1510 05ce 00       		.byte	0
 1511 05cf 00       		.byte	0
 1512 05d0 00       		.byte	0
 1513 05d1 00       		.byte	0
 1514 05d2 00       		.byte	0
 1515 05d3 00       		.byte	0
 1516 05d4 00       		.byte	0
 1517 05d5 00       		.byte	0
 1518 05d6 00       		.byte	0
 1519 05d7 00       		.byte	0
 1520 05d8 00       		.byte	0
 1521 05d9 00       		.byte	0
 1522 05da 00       		.byte	0
 1523 05db 00       		.byte	0
 1524 05dc 02       		.byte	2
 1525 05dd 00       		.byte	0
 1526 05de 00       		.byte	0
 1527 05df 00       		.byte	0
 1528 05e0 00       		.byte	0
 1529 05e1 00       		.byte	0
 1530 05e2 00       		.byte	0
 1531 05e3 00       		.byte	0
 1532 05e4 08       		.byte	8
 1533 05e5 00       		.byte	0
 1534 05e6 00       		.byte	0
 1535 05e7 00       		.byte	0
 1536 05e8 00       		.byte	0
 1537 05e9 00       		.byte	0
 1538 05ea 00       		.byte	0
 1539 05eb 00       		.byte	0
ARM GAS  C:\Users\Owner\AppData\Local\Temp\ccf03dMk.s 			page 28


 1540 05ec 05       		.byte	5
 1541 05ed 00       		.byte	0
 1542 05ee 00       		.byte	0
 1543 05ef 05       		.byte	5
 1544 05f0 05       		.byte	5
 1545 05f1 00       		.byte	0
 1546 05f2 05       		.byte	5
 1547 05f3 00       		.byte	0
 1548 05f4 00       		.byte	0
 1549 05f5 00       		.byte	0
 1550 05f6 00       		.byte	0
 1551 05f7 00       		.byte	0
 1552              		.global	cy_meta_custnvl
 1553              		.section	.cycustnvl,"a",%progbits
 1554              		.align	2
 1555              		.type	cy_meta_custnvl, %object
 1556              		.size	cy_meta_custnvl, 4
 1557              	cy_meta_custnvl:
 1558 0000 00       		.byte	0
 1559 0001 00       		.byte	0
 1560 0002 40       		.byte	64
 1561 0003 05       		.byte	5
 1562              		.global	cy_meta_wonvl
 1563              		.section	.cywolatch,"a",%progbits
 1564              		.align	2
 1565              		.type	cy_meta_wonvl, %object
 1566              		.size	cy_meta_wonvl, 4
 1567              	cy_meta_wonvl:
 1568 0000 BC       		.byte	-68
 1569 0001 90       		.byte	-112
 1570 0002 AC       		.byte	-84
 1571 0003 AF       		.byte	-81
 1572              		.global	cy_meta_flashprotect
 1573              		.section	.cyflashprotect,"a",%progbits
 1574              		.align	2
 1575              		.type	cy_meta_flashprotect, %object
 1576              		.size	cy_meta_flashprotect, 256
 1577              	cy_meta_flashprotect:
 1578 0000 00000000 		.space	256
 1578      00000000 
 1578      00000000 
 1578      00000000 
 1578      00000000 
 1579              		.global	cy_metadata
 1580              		.section	.cymeta,"a",%progbits
 1581              		.align	2
 1582              		.type	cy_metadata, %object
 1583              		.size	cy_metadata, 12
 1584              	cy_metadata:
 1585 0000 00       		.byte	0
 1586 0001 01       		.byte	1
 1587 0002 2E       		.byte	46
 1588 0003 12       		.byte	18
 1589 0004 30       		.byte	48
 1590 0005 69       		.byte	105
 1591 0006 00       		.byte	0
 1592 0007 01       		.byte	1
ARM GAS  C:\Users\Owner\AppData\Local\Temp\ccf03dMk.s 			page 29


 1593 0008 00       		.byte	0
 1594 0009 00       		.byte	0
 1595 000a 00       		.byte	0
 1596 000b 00       		.byte	0
 1597              		.text
 1598              	.Letext0:
 1599              		.file 1 ".\\Generated_Source\\PSoC5\\cymetadata.c"
 1600              		.file 2 ".\\Generated_Source\\PSoC5\\cytypes.h"
 1601              		.section	.debug_info,"",%progbits
 1602              	.Ldebug_info0:
 1603 0000 3C010000 		.4byte	0x13c
 1604 0004 0200     		.2byte	0x2
 1605 0006 00000000 		.4byte	.Ldebug_abbrev0
 1606 000a 04       		.byte	0x4
 1607 000b 01       		.uleb128 0x1
 1608 000c 46010000 		.4byte	.LASF18
 1609 0010 01       		.byte	0x1
 1610 0011 00000000 		.4byte	.LASF19
 1611 0015 38000000 		.4byte	.LASF20
 1612 0019 00000000 		.4byte	.Ldebug_line0
 1613 001d 02       		.uleb128 0x2
 1614 001e 01       		.byte	0x1
 1615 001f 06       		.byte	0x6
 1616 0020 98010000 		.4byte	.LASF0
 1617 0024 02       		.uleb128 0x2
 1618 0025 01       		.byte	0x1
 1619 0026 08       		.byte	0x8
 1620 0027 77000000 		.4byte	.LASF1
 1621 002b 02       		.uleb128 0x2
 1622 002c 02       		.byte	0x2
 1623 002d 05       		.byte	0x5
 1624 002e 36010000 		.4byte	.LASF2
 1625 0032 02       		.uleb128 0x2
 1626 0033 02       		.byte	0x2
 1627 0034 07       		.byte	0x7
 1628 0035 97000000 		.4byte	.LASF3
 1629 0039 02       		.uleb128 0x2
 1630 003a 04       		.byte	0x4
 1631 003b 05       		.byte	0x5
 1632 003c 8F010000 		.4byte	.LASF4
 1633 0040 02       		.uleb128 0x2
 1634 0041 04       		.byte	0x4
 1635 0042 07       		.byte	0x7
 1636 0043 85000000 		.4byte	.LASF5
 1637 0047 02       		.uleb128 0x2
 1638 0048 08       		.byte	0x8
 1639 0049 05       		.byte	0x5
 1640 004a 23010000 		.4byte	.LASF6
 1641 004e 02       		.uleb128 0x2
 1642 004f 08       		.byte	0x8
 1643 0050 07       		.byte	0x7
 1644 0051 E0000000 		.4byte	.LASF7
 1645 0055 03       		.uleb128 0x3
 1646 0056 04       		.byte	0x4
 1647 0057 05       		.byte	0x5
 1648 0058 696E7400 		.ascii	"int\000"
 1649 005c 02       		.uleb128 0x2
ARM GAS  C:\Users\Owner\AppData\Local\Temp\ccf03dMk.s 			page 30


 1650 005d 04       		.byte	0x4
 1651 005e 07       		.byte	0x7
 1652 005f D3000000 		.4byte	.LASF8
 1653 0063 04       		.uleb128 0x4
 1654 0064 40010000 		.4byte	.LASF21
 1655 0068 02       		.byte	0x2
 1656 0069 5B       		.byte	0x5b
 1657 006a 24000000 		.4byte	0x24
 1658 006e 02       		.uleb128 0x2
 1659 006f 04       		.byte	0x4
 1660 0070 04       		.byte	0x4
 1661 0071 32000000 		.4byte	.LASF9
 1662 0075 02       		.uleb128 0x2
 1663 0076 08       		.byte	0x8
 1664 0077 04       		.byte	0x4
 1665 0078 AA000000 		.4byte	.LASF10
 1666 007c 02       		.uleb128 0x2
 1667 007d 01       		.byte	0x1
 1668 007e 08       		.byte	0x8
 1669 007f 31010000 		.4byte	.LASF11
 1670 0083 05       		.uleb128 0x5
 1671 0084 63000000 		.4byte	0x63
 1672 0088 94000000 		.4byte	0x94
 1673 008c 06       		.uleb128 0x6
 1674 008d 94000000 		.4byte	0x94
 1675 0091 F705     		.2byte	0x5f7
 1676 0093 00       		.byte	0
 1677 0094 02       		.uleb128 0x2
 1678 0095 04       		.byte	0x4
 1679 0096 07       		.byte	0x7
 1680 0097 1A010000 		.4byte	.LASF12
 1681 009b 07       		.uleb128 0x7
 1682 009c C1000000 		.4byte	.LASF13
 1683 00a0 01       		.byte	0x1
 1684 00a1 1C       		.byte	0x1c
 1685 00a2 AD000000 		.4byte	0xad
 1686 00a6 01       		.byte	0x1
 1687 00a7 05       		.byte	0x5
 1688 00a8 03       		.byte	0x3
 1689 00a9 00000000 		.4byte	cy_meta_configecc
 1690 00ad 08       		.uleb128 0x8
 1691 00ae 83000000 		.4byte	0x83
 1692 00b2 05       		.uleb128 0x5
 1693 00b3 63000000 		.4byte	0x63
 1694 00b7 C2000000 		.4byte	0xc2
 1695 00bb 09       		.uleb128 0x9
 1696 00bc 94000000 		.4byte	0x94
 1697 00c0 03       		.byte	0x3
 1698 00c1 00       		.byte	0
 1699 00c2 07       		.uleb128 0x7
 1700 00c3 B1000000 		.4byte	.LASF14
 1701 00c7 01       		.byte	0x1
 1702 00c8 E5       		.byte	0xe5
 1703 00c9 D4000000 		.4byte	0xd4
 1704 00cd 01       		.byte	0x1
 1705 00ce 05       		.byte	0x5
 1706 00cf 03       		.byte	0x3
ARM GAS  C:\Users\Owner\AppData\Local\Temp\ccf03dMk.s 			page 31


 1707 00d0 00000000 		.4byte	cy_meta_custnvl
 1708 00d4 08       		.uleb128 0x8
 1709 00d5 B2000000 		.4byte	0xb2
 1710 00d9 07       		.uleb128 0x7
 1711 00da 0C010000 		.4byte	.LASF15
 1712 00de 01       		.byte	0x1
 1713 00df F0       		.byte	0xf0
 1714 00e0 EB000000 		.4byte	0xeb
 1715 00e4 01       		.byte	0x1
 1716 00e5 05       		.byte	0x5
 1717 00e6 03       		.byte	0x3
 1718 00e7 00000000 		.4byte	cy_meta_wonvl
 1719 00eb 08       		.uleb128 0x8
 1720 00ec B2000000 		.4byte	0xb2
 1721 00f0 05       		.uleb128 0x5
 1722 00f1 63000000 		.4byte	0x63
 1723 00f5 00010000 		.4byte	0x100
 1724 00f9 09       		.uleb128 0x9
 1725 00fa 94000000 		.4byte	0x94
 1726 00fe FF       		.byte	0xff
 1727 00ff 00       		.byte	0
 1728 0100 07       		.uleb128 0x7
 1729 0101 F7000000 		.4byte	.LASF16
 1730 0105 01       		.byte	0x1
 1731 0106 FB       		.byte	0xfb
 1732 0107 12010000 		.4byte	0x112
 1733 010b 01       		.byte	0x1
 1734 010c 05       		.byte	0x5
 1735 010d 03       		.byte	0x3
 1736 010e 00000000 		.4byte	cy_meta_flashprotect
 1737 0112 08       		.uleb128 0x8
 1738 0113 F0000000 		.4byte	0xf0
 1739 0117 05       		.uleb128 0x5
 1740 0118 63000000 		.4byte	0x63
 1741 011c 27010000 		.4byte	0x127
 1742 0120 09       		.uleb128 0x9
 1743 0121 94000000 		.4byte	0x94
 1744 0125 0B       		.byte	0xb
 1745 0126 00       		.byte	0
 1746 0127 0A       		.uleb128 0xa
 1747 0128 26000000 		.4byte	.LASF17
 1748 012c 01       		.byte	0x1
 1749 012d 2501     		.2byte	0x125
 1750 012f 3A010000 		.4byte	0x13a
 1751 0133 01       		.byte	0x1
 1752 0134 05       		.byte	0x5
 1753 0135 03       		.byte	0x3
 1754 0136 00000000 		.4byte	cy_metadata
 1755 013a 08       		.uleb128 0x8
 1756 013b 17010000 		.4byte	0x117
 1757 013f 00       		.byte	0
 1758              		.section	.debug_abbrev,"",%progbits
 1759              	.Ldebug_abbrev0:
 1760 0000 01       		.uleb128 0x1
 1761 0001 11       		.uleb128 0x11
 1762 0002 01       		.byte	0x1
 1763 0003 25       		.uleb128 0x25
ARM GAS  C:\Users\Owner\AppData\Local\Temp\ccf03dMk.s 			page 32


 1764 0004 0E       		.uleb128 0xe
 1765 0005 13       		.uleb128 0x13
 1766 0006 0B       		.uleb128 0xb
 1767 0007 03       		.uleb128 0x3
 1768 0008 0E       		.uleb128 0xe
 1769 0009 1B       		.uleb128 0x1b
 1770 000a 0E       		.uleb128 0xe
 1771 000b 10       		.uleb128 0x10
 1772 000c 06       		.uleb128 0x6
 1773 000d 00       		.byte	0
 1774 000e 00       		.byte	0
 1775 000f 02       		.uleb128 0x2
 1776 0010 24       		.uleb128 0x24
 1777 0011 00       		.byte	0
 1778 0012 0B       		.uleb128 0xb
 1779 0013 0B       		.uleb128 0xb
 1780 0014 3E       		.uleb128 0x3e
 1781 0015 0B       		.uleb128 0xb
 1782 0016 03       		.uleb128 0x3
 1783 0017 0E       		.uleb128 0xe
 1784 0018 00       		.byte	0
 1785 0019 00       		.byte	0
 1786 001a 03       		.uleb128 0x3
 1787 001b 24       		.uleb128 0x24
 1788 001c 00       		.byte	0
 1789 001d 0B       		.uleb128 0xb
 1790 001e 0B       		.uleb128 0xb
 1791 001f 3E       		.uleb128 0x3e
 1792 0020 0B       		.uleb128 0xb
 1793 0021 03       		.uleb128 0x3
 1794 0022 08       		.uleb128 0x8
 1795 0023 00       		.byte	0
 1796 0024 00       		.byte	0
 1797 0025 04       		.uleb128 0x4
 1798 0026 16       		.uleb128 0x16
 1799 0027 00       		.byte	0
 1800 0028 03       		.uleb128 0x3
 1801 0029 0E       		.uleb128 0xe
 1802 002a 3A       		.uleb128 0x3a
 1803 002b 0B       		.uleb128 0xb
 1804 002c 3B       		.uleb128 0x3b
 1805 002d 0B       		.uleb128 0xb
 1806 002e 49       		.uleb128 0x49
 1807 002f 13       		.uleb128 0x13
 1808 0030 00       		.byte	0
 1809 0031 00       		.byte	0
 1810 0032 05       		.uleb128 0x5
 1811 0033 01       		.uleb128 0x1
 1812 0034 01       		.byte	0x1
 1813 0035 49       		.uleb128 0x49
 1814 0036 13       		.uleb128 0x13
 1815 0037 01       		.uleb128 0x1
 1816 0038 13       		.uleb128 0x13
 1817 0039 00       		.byte	0
 1818 003a 00       		.byte	0
 1819 003b 06       		.uleb128 0x6
 1820 003c 21       		.uleb128 0x21
ARM GAS  C:\Users\Owner\AppData\Local\Temp\ccf03dMk.s 			page 33


 1821 003d 00       		.byte	0
 1822 003e 49       		.uleb128 0x49
 1823 003f 13       		.uleb128 0x13
 1824 0040 2F       		.uleb128 0x2f
 1825 0041 05       		.uleb128 0x5
 1826 0042 00       		.byte	0
 1827 0043 00       		.byte	0
 1828 0044 07       		.uleb128 0x7
 1829 0045 34       		.uleb128 0x34
 1830 0046 00       		.byte	0
 1831 0047 03       		.uleb128 0x3
 1832 0048 0E       		.uleb128 0xe
 1833 0049 3A       		.uleb128 0x3a
 1834 004a 0B       		.uleb128 0xb
 1835 004b 3B       		.uleb128 0x3b
 1836 004c 0B       		.uleb128 0xb
 1837 004d 49       		.uleb128 0x49
 1838 004e 13       		.uleb128 0x13
 1839 004f 3F       		.uleb128 0x3f
 1840 0050 0C       		.uleb128 0xc
 1841 0051 02       		.uleb128 0x2
 1842 0052 0A       		.uleb128 0xa
 1843 0053 00       		.byte	0
 1844 0054 00       		.byte	0
 1845 0055 08       		.uleb128 0x8
 1846 0056 26       		.uleb128 0x26
 1847 0057 00       		.byte	0
 1848 0058 49       		.uleb128 0x49
 1849 0059 13       		.uleb128 0x13
 1850 005a 00       		.byte	0
 1851 005b 00       		.byte	0
 1852 005c 09       		.uleb128 0x9
 1853 005d 21       		.uleb128 0x21
 1854 005e 00       		.byte	0
 1855 005f 49       		.uleb128 0x49
 1856 0060 13       		.uleb128 0x13
 1857 0061 2F       		.uleb128 0x2f
 1858 0062 0B       		.uleb128 0xb
 1859 0063 00       		.byte	0
 1860 0064 00       		.byte	0
 1861 0065 0A       		.uleb128 0xa
 1862 0066 34       		.uleb128 0x34
 1863 0067 00       		.byte	0
 1864 0068 03       		.uleb128 0x3
 1865 0069 0E       		.uleb128 0xe
 1866 006a 3A       		.uleb128 0x3a
 1867 006b 0B       		.uleb128 0xb
 1868 006c 3B       		.uleb128 0x3b
 1869 006d 05       		.uleb128 0x5
 1870 006e 49       		.uleb128 0x49
 1871 006f 13       		.uleb128 0x13
 1872 0070 3F       		.uleb128 0x3f
 1873 0071 0C       		.uleb128 0xc
 1874 0072 02       		.uleb128 0x2
 1875 0073 0A       		.uleb128 0xa
 1876 0074 00       		.byte	0
 1877 0075 00       		.byte	0
ARM GAS  C:\Users\Owner\AppData\Local\Temp\ccf03dMk.s 			page 34


 1878 0076 00       		.byte	0
 1879              		.section	.debug_aranges,"",%progbits
 1880 0000 14000000 		.4byte	0x14
 1881 0004 0200     		.2byte	0x2
 1882 0006 00000000 		.4byte	.Ldebug_info0
 1883 000a 04       		.byte	0x4
 1884 000b 00       		.byte	0
 1885 000c 0000     		.2byte	0
 1886 000e 0000     		.2byte	0
 1887 0010 00000000 		.4byte	0
 1888 0014 00000000 		.4byte	0
 1889              		.section	.debug_line,"",%progbits
 1890              	.Ldebug_line0:
 1891 0000 4F000000 		.section	.debug_str,"MS",%progbits,1
 1891      02004900 
 1891      00000201 
 1891      FB0E0D00 
 1891      01010101 
 1892              	.LASF19:
 1893 0000 2E5C4765 		.ascii	".\\Generated_Source\\PSoC5\\cymetadata.c\000"
 1893      6E657261 
 1893      7465645F 
 1893      536F7572 
 1893      63655C50 
 1894              	.LASF17:
 1895 0026 63795F6D 		.ascii	"cy_metadata\000"
 1895      65746164 
 1895      61746100 
 1896              	.LASF9:
 1897 0032 666C6F61 		.ascii	"float\000"
 1897      7400
 1898              	.LASF20:
 1899 0038 433A5C55 		.ascii	"C:\\Users\\Owner\\Desktop\\PSoC\\Psoc_program\\came"
 1899      73657273 
 1899      5C4F776E 
 1899      65725C44 
 1899      65736B74 
 1900 0065 72613031 		.ascii	"ra01\\UART_1.cydsn\000"
 1900      5C554152 
 1900      545F312E 
 1900      63796473 
 1900      6E00
 1901              	.LASF1:
 1902 0077 756E7369 		.ascii	"unsigned char\000"
 1902      676E6564 
 1902      20636861 
 1902      7200
 1903              	.LASF5:
 1904 0085 6C6F6E67 		.ascii	"long unsigned int\000"
 1904      20756E73 
 1904      69676E65 
 1904      6420696E 
 1904      7400
 1905              	.LASF3:
 1906 0097 73686F72 		.ascii	"short unsigned int\000"
 1906      7420756E 
 1906      7369676E 
ARM GAS  C:\Users\Owner\AppData\Local\Temp\ccf03dMk.s 			page 35


 1906      65642069 
 1906      6E7400
 1907              	.LASF10:
 1908 00aa 646F7562 		.ascii	"double\000"
 1908      6C6500
 1909              	.LASF14:
 1910 00b1 63795F6D 		.ascii	"cy_meta_custnvl\000"
 1910      6574615F 
 1910      63757374 
 1910      6E766C00 
 1911              	.LASF13:
 1912 00c1 63795F6D 		.ascii	"cy_meta_configecc\000"
 1912      6574615F 
 1912      636F6E66 
 1912      69676563 
 1912      6300
 1913              	.LASF8:
 1914 00d3 756E7369 		.ascii	"unsigned int\000"
 1914      676E6564 
 1914      20696E74 
 1914      00
 1915              	.LASF7:
 1916 00e0 6C6F6E67 		.ascii	"long long unsigned int\000"
 1916      206C6F6E 
 1916      6720756E 
 1916      7369676E 
 1916      65642069 
 1917              	.LASF16:
 1918 00f7 63795F6D 		.ascii	"cy_meta_flashprotect\000"
 1918      6574615F 
 1918      666C6173 
 1918      6870726F 
 1918      74656374 
 1919              	.LASF15:
 1920 010c 63795F6D 		.ascii	"cy_meta_wonvl\000"
 1920      6574615F 
 1920      776F6E76 
 1920      6C00
 1921              	.LASF12:
 1922 011a 73697A65 		.ascii	"sizetype\000"
 1922      74797065 
 1922      00
 1923              	.LASF6:
 1924 0123 6C6F6E67 		.ascii	"long long int\000"
 1924      206C6F6E 
 1924      6720696E 
 1924      7400
 1925              	.LASF11:
 1926 0131 63686172 		.ascii	"char\000"
 1926      00
 1927              	.LASF2:
 1928 0136 73686F72 		.ascii	"short int\000"
 1928      7420696E 
 1928      7400
 1929              	.LASF21:
 1930 0140 75696E74 		.ascii	"uint8\000"
 1930      3800
ARM GAS  C:\Users\Owner\AppData\Local\Temp\ccf03dMk.s 			page 36


 1931              	.LASF18:
 1932 0146 474E5520 		.ascii	"GNU C 4.7.3 20130312 (release) [ARM/embedded-4_7-br"
 1932      4320342E 
 1932      372E3320 
 1932      32303133 
 1932      30333132 
 1933 0179 616E6368 		.ascii	"anch revision 196615]\000"
 1933      20726576 
 1933      6973696F 
 1933      6E203139 
 1933      36363135 
 1934              	.LASF4:
 1935 018f 6C6F6E67 		.ascii	"long int\000"
 1935      20696E74 
 1935      00
 1936              	.LASF0:
 1937 0198 7369676E 		.ascii	"signed char\000"
 1937      65642063 
 1937      68617200 
 1938              		.ident	"GCC: (GNU Tools for ARM Embedded Processors) 4.7.3 20130312 (release) [ARM/embedded-4_7-br
