ARM GAS  C:\Users\Owner\AppData\Local\Temp\cccwGtV3.s 			page 1


   1              		.syntax unified
   2              		.cpu cortex-m3
   3              		.fpu softvfp
   4              		.eabi_attribute 20, 1
   5              		.eabi_attribute 21, 1
   6              		.eabi_attribute 23, 3
   7              		.eabi_attribute 24, 1
   8              		.eabi_attribute 25, 1
   9              		.eabi_attribute 26, 1
  10              		.eabi_attribute 30, 6
  11              		.eabi_attribute 34, 1
  12              		.eabi_attribute 18, 4
  13              		.thumb
  14              		.file	"FS_ConfigIO.c"
  15              		.text
  16              	.Ltext0:
  17              		.cfi_sections	.debug_frame
  18              		.section	.text.FS_X_Panic,"ax",%progbits
  19              		.align	2
  20              		.global	FS_X_Panic
  21              		.thumb
  22              		.thumb_func
  23              		.type	FS_X_Panic, %function
  24              	FS_X_Panic:
  25              	.LFB56:
  26              		.file 1 ".\\FS_ConfigIO.c"
   1:.\FS_ConfigIO.c **** /*********************************************************************
   2:.\FS_ConfigIO.c **** *                SEGGER MICROCONTROLLER GmbH & Co. KG                *
   3:.\FS_ConfigIO.c **** *        Solutions for real time microcontroller applications        *
   4:.\FS_ConfigIO.c **** **********************************************************************
   5:.\FS_ConfigIO.c **** *                                                                    *
   6:.\FS_ConfigIO.c **** *        (c) 2003-2010     SEGGER Microcontroller GmbH & Co KG       *
   7:.\FS_ConfigIO.c **** *                                                                    *
   8:.\FS_ConfigIO.c **** *        Internet: www.segger.com    Support:  support@segger.com    *
   9:.\FS_ConfigIO.c **** *                                                                    *
  10:.\FS_ConfigIO.c **** **********************************************************************
  11:.\FS_ConfigIO.c **** 
  12:.\FS_ConfigIO.c **** **** emFile file system for embedded applications ****
  13:.\FS_ConfigIO.c **** emFile is protected by international copyright laws. Knowledge of the
  14:.\FS_ConfigIO.c **** source code may not be used to write a similar product. This file may
  15:.\FS_ConfigIO.c **** only be used in accordance with a license and should not be re-
  16:.\FS_ConfigIO.c **** distributed in any way. We appreciate your understanding and fairness.
  17:.\FS_ConfigIO.c **** ----------------------------------------------------------------------
  18:.\FS_ConfigIO.c **** File        : FS_ConfigIO.c
  19:.\FS_ConfigIO.c **** Purpose     : I/O Configuration routines for Filesystem
  20:.\FS_ConfigIO.c **** ---------------------------END-OF-HEADER------------------------------
  21:.\FS_ConfigIO.c **** */
  22:.\FS_ConfigIO.c **** 
  23:.\FS_ConfigIO.c **** #include <stdio.h>
  24:.\FS_ConfigIO.c **** #include <project.h>
  25:.\FS_ConfigIO.c **** #include "FS.h"
  26:.\FS_ConfigIO.c **** 
  27:.\FS_ConfigIO.c **** /*********************************************************************
  28:.\FS_ConfigIO.c **** *
  29:.\FS_ConfigIO.c **** *       FS_X_Panic
  30:.\FS_ConfigIO.c **** *
  31:.\FS_ConfigIO.c **** *  Function description
ARM GAS  C:\Users\Owner\AppData\Local\Temp\cccwGtV3.s 			page 2


  32:.\FS_ConfigIO.c **** *    Referred in debug builds of the file system only and
  33:.\FS_ConfigIO.c **** *    called only in case of fatal, unrecoverable errors.
  34:.\FS_ConfigIO.c **** */
  35:.\FS_ConfigIO.c **** void FS_X_Panic(int ErrorCode) {
  27              		.loc 1 35 0
  28              		.cfi_startproc
  29              		@ args = 0, pretend = 0, frame = 8
  30              		@ frame_needed = 1, uses_anonymous_args = 0
  31              		@ link register save eliminated.
  32 0000 80B4     		push	{r7}
  33              	.LCFI0:
  34              		.cfi_def_cfa_offset 4
  35              		.cfi_offset 7, -4
  36 0002 83B0     		sub	sp, sp, #12
  37              	.LCFI1:
  38              		.cfi_def_cfa_offset 16
  39 0004 00AF     		add	r7, sp, #0
  40              	.LCFI2:
  41              		.cfi_def_cfa_register 7
  42 0006 7860     		str	r0, [r7, #4]
  43              	.L2:
  36:.\FS_ConfigIO.c ****   FS_USE_PARA(ErrorCode);
  37:.\FS_ConfigIO.c ****   while (1);
  44              		.loc 1 37 0 discriminator 1
  45 0008 FEE7     		b	.L2
  46              		.cfi_endproc
  47              	.LFE56:
  48              		.size	FS_X_Panic, .-FS_X_Panic
  49 000a 00BF     		.section	.text.FS_X_Log,"ax",%progbits
  50              		.align	2
  51              		.global	FS_X_Log
  52              		.thumb
  53              		.thumb_func
  54              		.type	FS_X_Log, %function
  55              	FS_X_Log:
  56              	.LFB57:
  38:.\FS_ConfigIO.c **** }
  39:.\FS_ConfigIO.c **** 
  40:.\FS_ConfigIO.c **** /*********************************************************************
  41:.\FS_ConfigIO.c **** *
  42:.\FS_ConfigIO.c **** *      Logging: OS dependent
  43:.\FS_ConfigIO.c **** 
  44:.\FS_ConfigIO.c **** Note:
  45:.\FS_ConfigIO.c ****   Logging is used in higher debug levels only. The typical target
  46:.\FS_ConfigIO.c ****   build does not use logging and does therefore not require any of
  47:.\FS_ConfigIO.c ****   the logging routines below. For a release build without logging
  48:.\FS_ConfigIO.c ****   the routines below may be eliminated to save some space.
  49:.\FS_ConfigIO.c ****   (If the linker is not function aware and eliminates unreferenced
  50:.\FS_ConfigIO.c ****   functions automatically)
  51:.\FS_ConfigIO.c **** 
  52:.\FS_ConfigIO.c **** */
  53:.\FS_ConfigIO.c **** 
  54:.\FS_ConfigIO.c **** void FS_X_Log(const char *s) {
  57              		.loc 1 54 0
  58              		.cfi_startproc
  59              		@ args = 0, pretend = 0, frame = 8
  60              		@ frame_needed = 1, uses_anonymous_args = 0
ARM GAS  C:\Users\Owner\AppData\Local\Temp\cccwGtV3.s 			page 3


  61 0000 80B5     		push	{r7, lr}
  62              	.LCFI3:
  63              		.cfi_def_cfa_offset 8
  64              		.cfi_offset 7, -8
  65              		.cfi_offset 14, -4
  66 0002 82B0     		sub	sp, sp, #8
  67              	.LCFI4:
  68              		.cfi_def_cfa_offset 16
  69 0004 00AF     		add	r7, sp, #0
  70              	.LCFI5:
  71              		.cfi_def_cfa_register 7
  72 0006 7860     		str	r0, [r7, #4]
  55:.\FS_ConfigIO.c ****   FS_USE_PARA(s);
  56:.\FS_ConfigIO.c **** 	UART_PutString((uint8*)s);
  73              		.loc 1 56 0
  74 0008 7868     		ldr	r0, [r7, #4]
  75 000a FFF7FEFF 		bl	UART_PutString
  57:.\FS_ConfigIO.c **** }
  76              		.loc 1 57 0
  77 000e 07F10807 		add	r7, r7, #8
  78 0012 BD46     		mov	sp, r7
  79 0014 80BD     		pop	{r7, pc}
  80              		.cfi_endproc
  81              	.LFE57:
  82              		.size	FS_X_Log, .-FS_X_Log
  83 0016 00BF     		.section	.rodata
  84              		.align	2
  85              	.LC0:
  86 0000 46532077 		.ascii	"FS warning: \000"
  86      61726E69 
  86      6E673A20 
  86      00
  87 000d 000000   		.align	2
  88              	.LC1:
  89 0010 0A00     		.ascii	"\012\000"
  90              		.section	.text.FS_X_Warn,"ax",%progbits
  91              		.align	2
  92              		.global	FS_X_Warn
  93              		.thumb
  94              		.thumb_func
  95              		.type	FS_X_Warn, %function
  96              	FS_X_Warn:
  97              	.LFB58:
  58:.\FS_ConfigIO.c **** 
  59:.\FS_ConfigIO.c **** void FS_X_Warn(const char *s) {
  98              		.loc 1 59 0
  99              		.cfi_startproc
 100              		@ args = 0, pretend = 0, frame = 8
 101              		@ frame_needed = 1, uses_anonymous_args = 0
 102 0000 80B5     		push	{r7, lr}
 103              	.LCFI6:
 104              		.cfi_def_cfa_offset 8
 105              		.cfi_offset 7, -8
 106              		.cfi_offset 14, -4
 107 0002 82B0     		sub	sp, sp, #8
 108              	.LCFI7:
 109              		.cfi_def_cfa_offset 16
ARM GAS  C:\Users\Owner\AppData\Local\Temp\cccwGtV3.s 			page 4


 110 0004 00AF     		add	r7, sp, #0
 111              	.LCFI8:
 112              		.cfi_def_cfa_register 7
 113 0006 7860     		str	r0, [r7, #4]
  60:.\FS_ConfigIO.c ****   FS_USE_PARA(s);
  61:.\FS_ConfigIO.c **** 	UART_PutString((uint8*)"FS warning: ");
 114              		.loc 1 61 0
 115 0008 40F20000 		movw	r0, #:lower16:.LC0
 116 000c C0F20000 		movt	r0, #:upper16:.LC0
 117 0010 FFF7FEFF 		bl	UART_PutString
  62:.\FS_ConfigIO.c **** 	UART_PutString((uint8*)s);
 118              		.loc 1 62 0
 119 0014 7868     		ldr	r0, [r7, #4]
 120 0016 FFF7FEFF 		bl	UART_PutString
  63:.\FS_ConfigIO.c **** 	UART_PutString((uint8*)"\n");
 121              		.loc 1 63 0
 122 001a 40F20000 		movw	r0, #:lower16:.LC1
 123 001e C0F20000 		movt	r0, #:upper16:.LC1
 124 0022 FFF7FEFF 		bl	UART_PutString
  64:.\FS_ConfigIO.c **** }
 125              		.loc 1 64 0
 126 0026 07F10807 		add	r7, r7, #8
 127 002a BD46     		mov	sp, r7
 128 002c 80BD     		pop	{r7, pc}
 129              		.cfi_endproc
 130              	.LFE58:
 131              		.size	FS_X_Warn, .-FS_X_Warn
 132 002e 00BF     		.section	.rodata
 133 0012 0000     		.align	2
 134              	.LC2:
 135 0014 46532065 		.ascii	"FS error: \000"
 135      72726F72 
 135      3A2000
 136 001f 00       		.section	.text.FS_X_ErrorOut,"ax",%progbits
 137              		.align	2
 138              		.global	FS_X_ErrorOut
 139              		.thumb
 140              		.thumb_func
 141              		.type	FS_X_ErrorOut, %function
 142              	FS_X_ErrorOut:
 143              	.LFB59:
  65:.\FS_ConfigIO.c **** 
  66:.\FS_ConfigIO.c **** void FS_X_ErrorOut(const char *s) {
 144              		.loc 1 66 0
 145              		.cfi_startproc
 146              		@ args = 0, pretend = 0, frame = 8
 147              		@ frame_needed = 1, uses_anonymous_args = 0
 148 0000 80B5     		push	{r7, lr}
 149              	.LCFI9:
 150              		.cfi_def_cfa_offset 8
 151              		.cfi_offset 7, -8
 152              		.cfi_offset 14, -4
 153 0002 82B0     		sub	sp, sp, #8
 154              	.LCFI10:
 155              		.cfi_def_cfa_offset 16
 156 0004 00AF     		add	r7, sp, #0
 157              	.LCFI11:
ARM GAS  C:\Users\Owner\AppData\Local\Temp\cccwGtV3.s 			page 5


 158              		.cfi_def_cfa_register 7
 159 0006 7860     		str	r0, [r7, #4]
  67:.\FS_ConfigIO.c ****   FS_USE_PARA(s);
  68:.\FS_ConfigIO.c **** 	UART_PutString((uint8*)"FS error: ");
 160              		.loc 1 68 0
 161 0008 40F20000 		movw	r0, #:lower16:.LC2
 162 000c C0F20000 		movt	r0, #:upper16:.LC2
 163 0010 FFF7FEFF 		bl	UART_PutString
  69:.\FS_ConfigIO.c **** 	UART_PutString((uint8*)s);
 164              		.loc 1 69 0
 165 0014 7868     		ldr	r0, [r7, #4]
 166 0016 FFF7FEFF 		bl	UART_PutString
  70:.\FS_ConfigIO.c **** 	UART_PutString((uint8*)"\n");
 167              		.loc 1 70 0
 168 001a 40F20000 		movw	r0, #:lower16:.LC1
 169 001e C0F20000 		movt	r0, #:upper16:.LC1
 170 0022 FFF7FEFF 		bl	UART_PutString
  71:.\FS_ConfigIO.c **** }
 171              		.loc 1 71 0
 172 0026 07F10807 		add	r7, r7, #8
 173 002a BD46     		mov	sp, r7
 174 002c 80BD     		pop	{r7, pc}
 175              		.cfi_endproc
 176              	.LFE59:
 177              		.size	FS_X_ErrorOut, .-FS_X_ErrorOut
 178 002e 00BF     		.text
 179              	.Letext0:
 180              		.file 2 "c:\\program files (x86)\\cypress\\psoc creator\\3.0\\psoc creator\\import\\gnu_cs\\arm\\4
 181              		.file 3 "./Generated_Source/PSoC5/cytypes.h"
 182              		.file 4 "./Generated_Source/PSoC5/core_cm3.h"
 183              		.section	.debug_info,"",%progbits
 184              	.Ldebug_info0:
 185 0000 87010000 		.4byte	0x187
 186 0004 0200     		.2byte	0x2
 187 0006 00000000 		.4byte	.Ldebug_abbrev0
 188 000a 04       		.byte	0x4
 189 000b 01       		.uleb128 0x1
 190 000c 3C000000 		.4byte	.LASF21
 191 0010 01       		.byte	0x1
 192 0011 BF000000 		.4byte	.LASF22
 193 0015 EF000000 		.4byte	.LASF23
 194 0019 00000000 		.4byte	.Ldebug_ranges0+0
 195 001d 00000000 		.4byte	0
 196 0021 00000000 		.4byte	0
 197 0025 00000000 		.4byte	.Ldebug_line0
 198 0029 02       		.uleb128 0x2
 199 002a 04       		.byte	0x4
 200 002b 07       		.byte	0x7
 201 002c 1C000000 		.4byte	.LASF0
 202 0030 02       		.uleb128 0x2
 203 0031 01       		.byte	0x1
 204 0032 06       		.byte	0x6
 205 0033 6A010000 		.4byte	.LASF1
 206 0037 02       		.uleb128 0x2
 207 0038 01       		.byte	0x1
 208 0039 08       		.byte	0x8
 209 003a CF000000 		.4byte	.LASF2
ARM GAS  C:\Users\Owner\AppData\Local\Temp\cccwGtV3.s 			page 6


 210 003e 02       		.uleb128 0x2
 211 003f 02       		.byte	0x2
 212 0040 05       		.byte	0x5
 213 0041 7C010000 		.4byte	.LASF3
 214 0045 02       		.uleb128 0x2
 215 0046 02       		.byte	0x2
 216 0047 07       		.byte	0x7
 217 0048 57010000 		.4byte	.LASF4
 218 004c 03       		.uleb128 0x3
 219 004d 04       		.byte	0x4
 220 004e 05       		.byte	0x5
 221 004f 696E7400 		.ascii	"int\000"
 222 0053 02       		.uleb128 0x2
 223 0054 08       		.byte	0x8
 224 0055 05       		.byte	0x5
 225 0056 00000000 		.4byte	.LASF5
 226 005a 02       		.uleb128 0x2
 227 005b 08       		.byte	0x8
 228 005c 07       		.byte	0x7
 229 005d 9D000000 		.4byte	.LASF6
 230 0061 02       		.uleb128 0x2
 231 0062 04       		.byte	0x4
 232 0063 05       		.byte	0x5
 233 0064 35010000 		.4byte	.LASF7
 234 0068 02       		.uleb128 0x2
 235 0069 04       		.byte	0x4
 236 006a 07       		.byte	0x7
 237 006b 8E010000 		.4byte	.LASF8
 238 006f 02       		.uleb128 0x2
 239 0070 04       		.byte	0x4
 240 0071 07       		.byte	0x7
 241 0072 8B000000 		.4byte	.LASF9
 242 0076 02       		.uleb128 0x2
 243 0077 01       		.byte	0x1
 244 0078 08       		.byte	0x8
 245 0079 DD000000 		.4byte	.LASF10
 246 007d 04       		.uleb128 0x4
 247 007e 04       		.byte	0x4
 248 007f 83000000 		.4byte	0x83
 249 0083 05       		.uleb128 0x5
 250 0084 76000000 		.4byte	0x76
 251 0088 06       		.uleb128 0x6
 252 0089 86010000 		.4byte	.LASF11
 253 008d 02       		.byte	0x2
 254 008e 4F       		.byte	0x4f
 255 008f 61000000 		.4byte	0x61
 256 0093 06       		.uleb128 0x6
 257 0094 85000000 		.4byte	.LASF12
 258 0098 03       		.byte	0x3
 259 0099 5B       		.byte	0x5b
 260 009a 37000000 		.4byte	0x37
 261 009e 02       		.uleb128 0x2
 262 009f 04       		.byte	0x4
 263 00a0 04       		.byte	0x4
 264 00a1 76010000 		.4byte	.LASF13
 265 00a5 02       		.uleb128 0x2
 266 00a6 08       		.byte	0x8
ARM GAS  C:\Users\Owner\AppData\Local\Temp\cccwGtV3.s 			page 7


 267 00a7 04       		.byte	0x4
 268 00a8 2E010000 		.4byte	.LASF14
 269 00ac 07       		.uleb128 0x7
 270 00ad 01       		.byte	0x1
 271 00ae B4000000 		.4byte	.LASF15
 272 00b2 01       		.byte	0x1
 273 00b3 23       		.byte	0x23
 274 00b4 01       		.byte	0x1
 275 00b5 00000000 		.4byte	.LFB56
 276 00b9 0A000000 		.4byte	.LFE56
 277 00bd 00000000 		.4byte	.LLST0
 278 00c1 01       		.byte	0x1
 279 00c2 D5000000 		.4byte	0xd5
 280 00c6 08       		.uleb128 0x8
 281 00c7 4D010000 		.4byte	.LASF17
 282 00cb 01       		.byte	0x1
 283 00cc 23       		.byte	0x23
 284 00cd 4C000000 		.4byte	0x4c
 285 00d1 02       		.byte	0x2
 286 00d2 91       		.byte	0x91
 287 00d3 74       		.sleb128 -12
 288 00d4 00       		.byte	0
 289 00d5 09       		.uleb128 0x9
 290 00d6 01       		.byte	0x1
 291 00d7 33000000 		.4byte	.LASF16
 292 00db 01       		.byte	0x1
 293 00dc 36       		.byte	0x36
 294 00dd 01       		.byte	0x1
 295 00de 00000000 		.4byte	.LFB57
 296 00e2 16000000 		.4byte	.LFE57
 297 00e6 38000000 		.4byte	.LLST1
 298 00ea 01       		.byte	0x1
 299 00eb 0B010000 		.4byte	0x10b
 300 00ef 0A       		.uleb128 0xa
 301 00f0 7300     		.ascii	"s\000"
 302 00f2 01       		.byte	0x1
 303 00f3 36       		.byte	0x36
 304 00f4 7D000000 		.4byte	0x7d
 305 00f8 02       		.byte	0x2
 306 00f9 91       		.byte	0x91
 307 00fa 74       		.sleb128 -12
 308 00fb 0B       		.uleb128 0xb
 309 00fc 01       		.byte	0x1
 310 00fd 3E010000 		.4byte	.LASF19
 311 0101 01       		.byte	0x1
 312 0102 38       		.byte	0x38
 313 0103 4C000000 		.4byte	0x4c
 314 0107 01       		.byte	0x1
 315 0108 0C       		.uleb128 0xc
 316 0109 00       		.byte	0
 317 010a 00       		.byte	0
 318 010b 09       		.uleb128 0x9
 319 010c 01       		.byte	0x1
 320 010d 29000000 		.4byte	.LASF18
 321 0111 01       		.byte	0x1
 322 0112 3B       		.byte	0x3b
 323 0113 01       		.byte	0x1
ARM GAS  C:\Users\Owner\AppData\Local\Temp\cccwGtV3.s 			page 8


 324 0114 00000000 		.4byte	.LFB58
 325 0118 2E000000 		.4byte	.LFE58
 326 011c 70000000 		.4byte	.LLST2
 327 0120 01       		.byte	0x1
 328 0121 41010000 		.4byte	0x141
 329 0125 0A       		.uleb128 0xa
 330 0126 7300     		.ascii	"s\000"
 331 0128 01       		.byte	0x1
 332 0129 3B       		.byte	0x3b
 333 012a 7D000000 		.4byte	0x7d
 334 012e 02       		.byte	0x2
 335 012f 91       		.byte	0x91
 336 0130 74       		.sleb128 -12
 337 0131 0B       		.uleb128 0xb
 338 0132 01       		.byte	0x1
 339 0133 3E010000 		.4byte	.LASF19
 340 0137 01       		.byte	0x1
 341 0138 38       		.byte	0x38
 342 0139 4C000000 		.4byte	0x4c
 343 013d 01       		.byte	0x1
 344 013e 0C       		.uleb128 0xc
 345 013f 00       		.byte	0
 346 0140 00       		.byte	0
 347 0141 09       		.uleb128 0x9
 348 0142 01       		.byte	0x1
 349 0143 0E000000 		.4byte	.LASF20
 350 0147 01       		.byte	0x1
 351 0148 42       		.byte	0x42
 352 0149 01       		.byte	0x1
 353 014a 00000000 		.4byte	.LFB59
 354 014e 2E000000 		.4byte	.LFE59
 355 0152 A8000000 		.4byte	.LLST3
 356 0156 01       		.byte	0x1
 357 0157 77010000 		.4byte	0x177
 358 015b 0A       		.uleb128 0xa
 359 015c 7300     		.ascii	"s\000"
 360 015e 01       		.byte	0x1
 361 015f 42       		.byte	0x42
 362 0160 7D000000 		.4byte	0x7d
 363 0164 02       		.byte	0x2
 364 0165 91       		.byte	0x91
 365 0166 74       		.sleb128 -12
 366 0167 0B       		.uleb128 0xb
 367 0168 01       		.byte	0x1
 368 0169 3E010000 		.4byte	.LASF19
 369 016d 01       		.byte	0x1
 370 016e 38       		.byte	0x38
 371 016f 4C000000 		.4byte	0x4c
 372 0173 01       		.byte	0x1
 373 0174 0C       		.uleb128 0xc
 374 0175 00       		.byte	0
 375 0176 00       		.byte	0
 376 0177 0D       		.uleb128 0xd
 377 0178 E2000000 		.4byte	.LASF24
 378 017c 04       		.byte	0x4
 379 017d 1606     		.2byte	0x616
 380 017f 85010000 		.4byte	0x185
ARM GAS  C:\Users\Owner\AppData\Local\Temp\cccwGtV3.s 			page 9


 381 0183 01       		.byte	0x1
 382 0184 01       		.byte	0x1
 383 0185 0E       		.uleb128 0xe
 384 0186 88000000 		.4byte	0x88
 385 018a 00       		.byte	0
 386              		.section	.debug_abbrev,"",%progbits
 387              	.Ldebug_abbrev0:
 388 0000 01       		.uleb128 0x1
 389 0001 11       		.uleb128 0x11
 390 0002 01       		.byte	0x1
 391 0003 25       		.uleb128 0x25
 392 0004 0E       		.uleb128 0xe
 393 0005 13       		.uleb128 0x13
 394 0006 0B       		.uleb128 0xb
 395 0007 03       		.uleb128 0x3
 396 0008 0E       		.uleb128 0xe
 397 0009 1B       		.uleb128 0x1b
 398 000a 0E       		.uleb128 0xe
 399 000b 55       		.uleb128 0x55
 400 000c 06       		.uleb128 0x6
 401 000d 11       		.uleb128 0x11
 402 000e 01       		.uleb128 0x1
 403 000f 52       		.uleb128 0x52
 404 0010 01       		.uleb128 0x1
 405 0011 10       		.uleb128 0x10
 406 0012 06       		.uleb128 0x6
 407 0013 00       		.byte	0
 408 0014 00       		.byte	0
 409 0015 02       		.uleb128 0x2
 410 0016 24       		.uleb128 0x24
 411 0017 00       		.byte	0
 412 0018 0B       		.uleb128 0xb
 413 0019 0B       		.uleb128 0xb
 414 001a 3E       		.uleb128 0x3e
 415 001b 0B       		.uleb128 0xb
 416 001c 03       		.uleb128 0x3
 417 001d 0E       		.uleb128 0xe
 418 001e 00       		.byte	0
 419 001f 00       		.byte	0
 420 0020 03       		.uleb128 0x3
 421 0021 24       		.uleb128 0x24
 422 0022 00       		.byte	0
 423 0023 0B       		.uleb128 0xb
 424 0024 0B       		.uleb128 0xb
 425 0025 3E       		.uleb128 0x3e
 426 0026 0B       		.uleb128 0xb
 427 0027 03       		.uleb128 0x3
 428 0028 08       		.uleb128 0x8
 429 0029 00       		.byte	0
 430 002a 00       		.byte	0
 431 002b 04       		.uleb128 0x4
 432 002c 0F       		.uleb128 0xf
 433 002d 00       		.byte	0
 434 002e 0B       		.uleb128 0xb
 435 002f 0B       		.uleb128 0xb
 436 0030 49       		.uleb128 0x49
 437 0031 13       		.uleb128 0x13
ARM GAS  C:\Users\Owner\AppData\Local\Temp\cccwGtV3.s 			page 10


 438 0032 00       		.byte	0
 439 0033 00       		.byte	0
 440 0034 05       		.uleb128 0x5
 441 0035 26       		.uleb128 0x26
 442 0036 00       		.byte	0
 443 0037 49       		.uleb128 0x49
 444 0038 13       		.uleb128 0x13
 445 0039 00       		.byte	0
 446 003a 00       		.byte	0
 447 003b 06       		.uleb128 0x6
 448 003c 16       		.uleb128 0x16
 449 003d 00       		.byte	0
 450 003e 03       		.uleb128 0x3
 451 003f 0E       		.uleb128 0xe
 452 0040 3A       		.uleb128 0x3a
 453 0041 0B       		.uleb128 0xb
 454 0042 3B       		.uleb128 0x3b
 455 0043 0B       		.uleb128 0xb
 456 0044 49       		.uleb128 0x49
 457 0045 13       		.uleb128 0x13
 458 0046 00       		.byte	0
 459 0047 00       		.byte	0
 460 0048 07       		.uleb128 0x7
 461 0049 2E       		.uleb128 0x2e
 462 004a 01       		.byte	0x1
 463 004b 3F       		.uleb128 0x3f
 464 004c 0C       		.uleb128 0xc
 465 004d 03       		.uleb128 0x3
 466 004e 0E       		.uleb128 0xe
 467 004f 3A       		.uleb128 0x3a
 468 0050 0B       		.uleb128 0xb
 469 0051 3B       		.uleb128 0x3b
 470 0052 0B       		.uleb128 0xb
 471 0053 27       		.uleb128 0x27
 472 0054 0C       		.uleb128 0xc
 473 0055 11       		.uleb128 0x11
 474 0056 01       		.uleb128 0x1
 475 0057 12       		.uleb128 0x12
 476 0058 01       		.uleb128 0x1
 477 0059 40       		.uleb128 0x40
 478 005a 06       		.uleb128 0x6
 479 005b 9742     		.uleb128 0x2117
 480 005d 0C       		.uleb128 0xc
 481 005e 01       		.uleb128 0x1
 482 005f 13       		.uleb128 0x13
 483 0060 00       		.byte	0
 484 0061 00       		.byte	0
 485 0062 08       		.uleb128 0x8
 486 0063 05       		.uleb128 0x5
 487 0064 00       		.byte	0
 488 0065 03       		.uleb128 0x3
 489 0066 0E       		.uleb128 0xe
 490 0067 3A       		.uleb128 0x3a
 491 0068 0B       		.uleb128 0xb
 492 0069 3B       		.uleb128 0x3b
 493 006a 0B       		.uleb128 0xb
 494 006b 49       		.uleb128 0x49
ARM GAS  C:\Users\Owner\AppData\Local\Temp\cccwGtV3.s 			page 11


 495 006c 13       		.uleb128 0x13
 496 006d 02       		.uleb128 0x2
 497 006e 0A       		.uleb128 0xa
 498 006f 00       		.byte	0
 499 0070 00       		.byte	0
 500 0071 09       		.uleb128 0x9
 501 0072 2E       		.uleb128 0x2e
 502 0073 01       		.byte	0x1
 503 0074 3F       		.uleb128 0x3f
 504 0075 0C       		.uleb128 0xc
 505 0076 03       		.uleb128 0x3
 506 0077 0E       		.uleb128 0xe
 507 0078 3A       		.uleb128 0x3a
 508 0079 0B       		.uleb128 0xb
 509 007a 3B       		.uleb128 0x3b
 510 007b 0B       		.uleb128 0xb
 511 007c 27       		.uleb128 0x27
 512 007d 0C       		.uleb128 0xc
 513 007e 11       		.uleb128 0x11
 514 007f 01       		.uleb128 0x1
 515 0080 12       		.uleb128 0x12
 516 0081 01       		.uleb128 0x1
 517 0082 40       		.uleb128 0x40
 518 0083 06       		.uleb128 0x6
 519 0084 9642     		.uleb128 0x2116
 520 0086 0C       		.uleb128 0xc
 521 0087 01       		.uleb128 0x1
 522 0088 13       		.uleb128 0x13
 523 0089 00       		.byte	0
 524 008a 00       		.byte	0
 525 008b 0A       		.uleb128 0xa
 526 008c 05       		.uleb128 0x5
 527 008d 00       		.byte	0
 528 008e 03       		.uleb128 0x3
 529 008f 08       		.uleb128 0x8
 530 0090 3A       		.uleb128 0x3a
 531 0091 0B       		.uleb128 0xb
 532 0092 3B       		.uleb128 0x3b
 533 0093 0B       		.uleb128 0xb
 534 0094 49       		.uleb128 0x49
 535 0095 13       		.uleb128 0x13
 536 0096 02       		.uleb128 0x2
 537 0097 0A       		.uleb128 0xa
 538 0098 00       		.byte	0
 539 0099 00       		.byte	0
 540 009a 0B       		.uleb128 0xb
 541 009b 2E       		.uleb128 0x2e
 542 009c 01       		.byte	0x1
 543 009d 3F       		.uleb128 0x3f
 544 009e 0C       		.uleb128 0xc
 545 009f 03       		.uleb128 0x3
 546 00a0 0E       		.uleb128 0xe
 547 00a1 3A       		.uleb128 0x3a
 548 00a2 0B       		.uleb128 0xb
 549 00a3 3B       		.uleb128 0x3b
 550 00a4 0B       		.uleb128 0xb
 551 00a5 49       		.uleb128 0x49
ARM GAS  C:\Users\Owner\AppData\Local\Temp\cccwGtV3.s 			page 12


 552 00a6 13       		.uleb128 0x13
 553 00a7 3C       		.uleb128 0x3c
 554 00a8 0C       		.uleb128 0xc
 555 00a9 00       		.byte	0
 556 00aa 00       		.byte	0
 557 00ab 0C       		.uleb128 0xc
 558 00ac 18       		.uleb128 0x18
 559 00ad 00       		.byte	0
 560 00ae 00       		.byte	0
 561 00af 00       		.byte	0
 562 00b0 0D       		.uleb128 0xd
 563 00b1 34       		.uleb128 0x34
 564 00b2 00       		.byte	0
 565 00b3 03       		.uleb128 0x3
 566 00b4 0E       		.uleb128 0xe
 567 00b5 3A       		.uleb128 0x3a
 568 00b6 0B       		.uleb128 0xb
 569 00b7 3B       		.uleb128 0x3b
 570 00b8 05       		.uleb128 0x5
 571 00b9 49       		.uleb128 0x49
 572 00ba 13       		.uleb128 0x13
 573 00bb 3F       		.uleb128 0x3f
 574 00bc 0C       		.uleb128 0xc
 575 00bd 3C       		.uleb128 0x3c
 576 00be 0C       		.uleb128 0xc
 577 00bf 00       		.byte	0
 578 00c0 00       		.byte	0
 579 00c1 0E       		.uleb128 0xe
 580 00c2 35       		.uleb128 0x35
 581 00c3 00       		.byte	0
 582 00c4 49       		.uleb128 0x49
 583 00c5 13       		.uleb128 0x13
 584 00c6 00       		.byte	0
 585 00c7 00       		.byte	0
 586 00c8 00       		.byte	0
 587              		.section	.debug_loc,"",%progbits
 588              	.Ldebug_loc0:
 589              	.LLST0:
 590 0000 00000000 		.4byte	.LFB56
 591 0004 02000000 		.4byte	.LCFI0
 592 0008 0200     		.2byte	0x2
 593 000a 7D       		.byte	0x7d
 594 000b 00       		.sleb128 0
 595 000c 02000000 		.4byte	.LCFI0
 596 0010 04000000 		.4byte	.LCFI1
 597 0014 0200     		.2byte	0x2
 598 0016 7D       		.byte	0x7d
 599 0017 04       		.sleb128 4
 600 0018 04000000 		.4byte	.LCFI1
 601 001c 06000000 		.4byte	.LCFI2
 602 0020 0200     		.2byte	0x2
 603 0022 7D       		.byte	0x7d
 604 0023 10       		.sleb128 16
 605 0024 06000000 		.4byte	.LCFI2
 606 0028 0A000000 		.4byte	.LFE56
 607 002c 0200     		.2byte	0x2
 608 002e 77       		.byte	0x77
ARM GAS  C:\Users\Owner\AppData\Local\Temp\cccwGtV3.s 			page 13


 609 002f 10       		.sleb128 16
 610 0030 00000000 		.4byte	0
 611 0034 00000000 		.4byte	0
 612              	.LLST1:
 613 0038 00000000 		.4byte	.LFB57
 614 003c 02000000 		.4byte	.LCFI3
 615 0040 0200     		.2byte	0x2
 616 0042 7D       		.byte	0x7d
 617 0043 00       		.sleb128 0
 618 0044 02000000 		.4byte	.LCFI3
 619 0048 04000000 		.4byte	.LCFI4
 620 004c 0200     		.2byte	0x2
 621 004e 7D       		.byte	0x7d
 622 004f 08       		.sleb128 8
 623 0050 04000000 		.4byte	.LCFI4
 624 0054 06000000 		.4byte	.LCFI5
 625 0058 0200     		.2byte	0x2
 626 005a 7D       		.byte	0x7d
 627 005b 10       		.sleb128 16
 628 005c 06000000 		.4byte	.LCFI5
 629 0060 16000000 		.4byte	.LFE57
 630 0064 0200     		.2byte	0x2
 631 0066 77       		.byte	0x77
 632 0067 10       		.sleb128 16
 633 0068 00000000 		.4byte	0
 634 006c 00000000 		.4byte	0
 635              	.LLST2:
 636 0070 00000000 		.4byte	.LFB58
 637 0074 02000000 		.4byte	.LCFI6
 638 0078 0200     		.2byte	0x2
 639 007a 7D       		.byte	0x7d
 640 007b 00       		.sleb128 0
 641 007c 02000000 		.4byte	.LCFI6
 642 0080 04000000 		.4byte	.LCFI7
 643 0084 0200     		.2byte	0x2
 644 0086 7D       		.byte	0x7d
 645 0087 08       		.sleb128 8
 646 0088 04000000 		.4byte	.LCFI7
 647 008c 06000000 		.4byte	.LCFI8
 648 0090 0200     		.2byte	0x2
 649 0092 7D       		.byte	0x7d
 650 0093 10       		.sleb128 16
 651 0094 06000000 		.4byte	.LCFI8
 652 0098 2E000000 		.4byte	.LFE58
 653 009c 0200     		.2byte	0x2
 654 009e 77       		.byte	0x77
 655 009f 10       		.sleb128 16
 656 00a0 00000000 		.4byte	0
 657 00a4 00000000 		.4byte	0
 658              	.LLST3:
 659 00a8 00000000 		.4byte	.LFB59
 660 00ac 02000000 		.4byte	.LCFI9
 661 00b0 0200     		.2byte	0x2
 662 00b2 7D       		.byte	0x7d
 663 00b3 00       		.sleb128 0
 664 00b4 02000000 		.4byte	.LCFI9
 665 00b8 04000000 		.4byte	.LCFI10
ARM GAS  C:\Users\Owner\AppData\Local\Temp\cccwGtV3.s 			page 14


 666 00bc 0200     		.2byte	0x2
 667 00be 7D       		.byte	0x7d
 668 00bf 08       		.sleb128 8
 669 00c0 04000000 		.4byte	.LCFI10
 670 00c4 06000000 		.4byte	.LCFI11
 671 00c8 0200     		.2byte	0x2
 672 00ca 7D       		.byte	0x7d
 673 00cb 10       		.sleb128 16
 674 00cc 06000000 		.4byte	.LCFI11
 675 00d0 2E000000 		.4byte	.LFE59
 676 00d4 0200     		.2byte	0x2
 677 00d6 77       		.byte	0x77
 678 00d7 10       		.sleb128 16
 679 00d8 00000000 		.4byte	0
 680 00dc 00000000 		.4byte	0
 681              		.section	.debug_aranges,"",%progbits
 682 0000 34000000 		.4byte	0x34
 683 0004 0200     		.2byte	0x2
 684 0006 00000000 		.4byte	.Ldebug_info0
 685 000a 04       		.byte	0x4
 686 000b 00       		.byte	0
 687 000c 0000     		.2byte	0
 688 000e 0000     		.2byte	0
 689 0010 00000000 		.4byte	.LFB56
 690 0014 0A000000 		.4byte	.LFE56-.LFB56
 691 0018 00000000 		.4byte	.LFB57
 692 001c 16000000 		.4byte	.LFE57-.LFB57
 693 0020 00000000 		.4byte	.LFB58
 694 0024 2E000000 		.4byte	.LFE58-.LFB58
 695 0028 00000000 		.4byte	.LFB59
 696 002c 2E000000 		.4byte	.LFE59-.LFB59
 697 0030 00000000 		.4byte	0
 698 0034 00000000 		.4byte	0
 699              		.section	.debug_ranges,"",%progbits
 700              	.Ldebug_ranges0:
 701 0000 00000000 		.4byte	.LFB56
 702 0004 0A000000 		.4byte	.LFE56
 703 0008 00000000 		.4byte	.LFB57
 704 000c 16000000 		.4byte	.LFE57
 705 0010 00000000 		.4byte	.LFB58
 706 0014 2E000000 		.4byte	.LFE58
 707 0018 00000000 		.4byte	.LFB59
 708 001c 2E000000 		.4byte	.LFE59
 709 0020 00000000 		.4byte	0
 710 0024 00000000 		.4byte	0
 711              		.section	.debug_line,"",%progbits
 712              	.Ldebug_line0:
 713 0000 52010000 		.section	.debug_str,"MS",%progbits,1
 713      02000001 
 713      00000201 
 713      FB0E0D00 
 713      01010101 
 714              	.LASF5:
 715 0000 6C6F6E67 		.ascii	"long long int\000"
 715      206C6F6E 
 715      6720696E 
 715      7400
ARM GAS  C:\Users\Owner\AppData\Local\Temp\cccwGtV3.s 			page 15


 716              	.LASF20:
 717 000e 46535F58 		.ascii	"FS_X_ErrorOut\000"
 717      5F457272 
 717      6F724F75 
 717      7400
 718              	.LASF0:
 719 001c 756E7369 		.ascii	"unsigned int\000"
 719      676E6564 
 719      20696E74 
 719      00
 720              	.LASF18:
 721 0029 46535F58 		.ascii	"FS_X_Warn\000"
 721      5F576172 
 721      6E00
 722              	.LASF16:
 723 0033 46535F58 		.ascii	"FS_X_Log\000"
 723      5F4C6F67 
 723      00
 724              	.LASF21:
 725 003c 474E5520 		.ascii	"GNU C 4.7.3 20130312 (release) [ARM/embedded-4_7-br"
 725      4320342E 
 725      372E3320 
 725      32303133 
 725      30333132 
 726 006f 616E6368 		.ascii	"anch revision 196615]\000"
 726      20726576 
 726      6973696F 
 726      6E203139 
 726      36363135 
 727              	.LASF12:
 728 0085 75696E74 		.ascii	"uint8\000"
 728      3800
 729              	.LASF9:
 730 008b 6C6F6E67 		.ascii	"long unsigned int\000"
 730      20756E73 
 730      69676E65 
 730      6420696E 
 730      7400
 731              	.LASF6:
 732 009d 6C6F6E67 		.ascii	"long long unsigned int\000"
 732      206C6F6E 
 732      6720756E 
 732      7369676E 
 732      65642069 
 733              	.LASF15:
 734 00b4 46535F58 		.ascii	"FS_X_Panic\000"
 734      5F50616E 
 734      696300
 735              	.LASF22:
 736 00bf 2E5C4653 		.ascii	".\\FS_ConfigIO.c\000"
 736      5F436F6E 
 736      66696749 
 736      4F2E6300 
 737              	.LASF2:
 738 00cf 756E7369 		.ascii	"unsigned char\000"
 738      676E6564 
 738      20636861 
ARM GAS  C:\Users\Owner\AppData\Local\Temp\cccwGtV3.s 			page 16


 738      7200
 739              	.LASF10:
 740 00dd 63686172 		.ascii	"char\000"
 740      00
 741              	.LASF24:
 742 00e2 49544D5F 		.ascii	"ITM_RxBuffer\000"
 742      52784275 
 742      66666572 
 742      00
 743              	.LASF23:
 744 00ef 433A5C55 		.ascii	"C:\\Users\\Owner\\Desktop\\PSoC\\Psoc_program\\came"
 744      73657273 
 744      5C4F776E 
 744      65725C44 
 744      65736B74 
 745 011c 72613031 		.ascii	"ra01\\UART_1.cydsn\000"
 745      5C554152 
 745      545F312E 
 745      63796473 
 745      6E00
 746              	.LASF14:
 747 012e 646F7562 		.ascii	"double\000"
 747      6C6500
 748              	.LASF7:
 749 0135 6C6F6E67 		.ascii	"long int\000"
 749      20696E74 
 749      00
 750              	.LASF19:
 751 013e 55415254 		.ascii	"UART_PutString\000"
 751      5F507574 
 751      53747269 
 751      6E6700
 752              	.LASF17:
 753 014d 4572726F 		.ascii	"ErrorCode\000"
 753      72436F64 
 753      6500
 754              	.LASF4:
 755 0157 73686F72 		.ascii	"short unsigned int\000"
 755      7420756E 
 755      7369676E 
 755      65642069 
 755      6E7400
 756              	.LASF1:
 757 016a 7369676E 		.ascii	"signed char\000"
 757      65642063 
 757      68617200 
 758              	.LASF13:
 759 0176 666C6F61 		.ascii	"float\000"
 759      7400
 760              	.LASF3:
 761 017c 73686F72 		.ascii	"short int\000"
 761      7420696E 
 761      7400
 762              	.LASF11:
 763 0186 696E7433 		.ascii	"int32_t\000"
 763      325F7400 
 764              	.LASF8:
ARM GAS  C:\Users\Owner\AppData\Local\Temp\cccwGtV3.s 			page 17


 765 018e 73697A65 		.ascii	"sizetype\000"
 765      74797065 
 765      00
 766              		.ident	"GCC: (GNU Tools for ARM Embedded Processors) 4.7.3 20130312 (release) [ARM/embedded-4_7-br
