--------------- Rebuild Started: 12/21/2014 13:54:42 Project: UART_1, Configuration: ARM GCC 4.7.3 Debug ---------------
Deleting file ".\UART_1.cycdx"
Deleting file ".\UART_1.svd"
Deleting file ".\UART_1.rpt"
Deleting file ".\UART_1_timing.html"
cydsfit.exe "-.appdatapath" "C:\Users\Owner\AppData\Local\Cypress Semiconductor\PSoC Creator\3.0" "-.fdsnotice" "-.fdswarpdepfile=warp_dependencies.txt" "-.fdselabdepfile=elab_dependencies.txt" "-.fdsbldfile=generated_files.txt" "-p" "C:\Cypress\camera01\UART_1.cydsn\UART_1.cyprj" "-d" "CY8C5868AXI-LP035" "-s" "C:\Cypress\camera01\UART_1.cydsn\Generated_Source\PSoC5" "--" "-yv2" "-v3" "-ygs" "-q10" "-o2" "-.fftcfgtype=LE"
Elaborating Design...
HDL Generation ...
Synthesis ...
Place and Route ...
Tech mapping ...
Info: mpr.M0037: Unused pieces of the design have been optimized out. See the Tech mapping section of the report file for details. (App=cydsfit)
Analog Placement ...
Analog Routing ...
Analog Code Generation ...
Digital Placement ...
Digital Routing ...
Bitstream Generation ...
Static timing analysis ...
API Generation ...
Dependency Generation ...
Clean Temporary Files ...
arm-none-eabi-gcc.exe -I. -I./Generated_Source/PSoC5 -Wno-main -mcpu=cortex-m3 -mthumb -Wall -g -D DEBUG -Wa,-alh=.\CortexM3\ARM_GCC_473\Debug\main.lst -ffunction-sections -c .\main.c -o .\CortexM3\ARM_GCC_473\Debug\main.o
In file included from ./Generated_Source/PSoC5/emFile.h:23:0,
                 from ./Generated_Source/PSoC5/project.h:28,
                 from .\main.c:12:
./MMC_X_HW.h:48:49: error: expected ';', ',' or ')' before '*' token
./MMC_X_HW.h:49:49: error: expected ';', ',' or ')' before '*' token
In file included from .\main.c:13:0:
.\FS.h:37:59: fatal error: FS_ConfDefaults.h: No such file or directory
compilation terminated.
The command 'arm-none-eabi-gcc.exe' failed with exit code '1'.
--------------- Rebuild Failed: 12/21/2014 13:55:09 ---------------
