ARM GAS  C:\Users\LOCALA~1\AppData\Local\Temp\cc7CUxIk.s 			page 1


   1              		.syntax unified
   2              		.cpu cortex-m3
   3              		.fpu softvfp
   4              		.eabi_attribute 20, 1
   5              		.eabi_attribute 21, 1
   6              		.eabi_attribute 23, 3
   7              		.eabi_attribute 24, 1
   8              		.eabi_attribute 25, 1
   9              		.eabi_attribute 26, 1
  10              		.eabi_attribute 30, 6
  11              		.eabi_attribute 34, 1
  12              		.eabi_attribute 18, 4
  13              		.thumb
  14              		.file	"Cm3Start.c"
  15              		.text
  16              	.Ltext0:
  17              		.cfi_sections	.debug_frame
  18              		.section	.noinit,"aw",%progbits
  19              		.align	2
  20              		.type	cySysNoInitDataValid, %object
  21              		.size	cySysNoInitDataValid, 4
  22              	cySysNoInitDataValid:
  23 0000 00000000 		.space	4
  24              		.global	CyRamVectors
  25              		.section	.ramvectors,"aw",%progbits
  26              		.align	8
  27              		.type	CyRamVectors, %object
  28              		.size	CyRamVectors, 192
  29              	CyRamVectors:
  30 0000 00000000 		.space	192
  30      00000000 
  30      00000000 
  30      00000000 
  30      00000000 
  31 00c0 00000000 		.section	.text.IntDefaultHandler,"ax",%progbits
  31      00000000 
  31      00000000 
  31      00000000 
  31      00000000 
  32              		.align	2
  33              		.global	IntDefaultHandler
  34              		.thumb
  35              		.thumb_func
  36              		.type	IntDefaultHandler, %function
  37              	IntDefaultHandler:
  38              	.LFB0:
  39              		.file 1 "Generated_Source\\PSoC5\\Cm3Start.c"
   1:Generated_Source\PSoC5/Cm3Start.c **** /*******************************************************************************
   2:Generated_Source\PSoC5/Cm3Start.c **** * File Name: Cm3Start.c
   3:Generated_Source\PSoC5/Cm3Start.c **** * Version 4.10
   4:Generated_Source\PSoC5/Cm3Start.c **** *
   5:Generated_Source\PSoC5/Cm3Start.c **** *  Description:
   6:Generated_Source\PSoC5/Cm3Start.c **** *  Startup code for the ARM CM3.
   7:Generated_Source\PSoC5/Cm3Start.c **** *
   8:Generated_Source\PSoC5/Cm3Start.c **** ********************************************************************************
   9:Generated_Source\PSoC5/Cm3Start.c **** * Copyright 2008-2014, Cypress Semiconductor Corporation. All rights reserved.
  10:Generated_Source\PSoC5/Cm3Start.c **** * You may use this file only in accordance with the license, terms, conditions,
ARM GAS  C:\Users\LOCALA~1\AppData\Local\Temp\cc7CUxIk.s 			page 2


  11:Generated_Source\PSoC5/Cm3Start.c **** * disclaimers, and limitations in the end user license agreement accompanying
  12:Generated_Source\PSoC5/Cm3Start.c **** * the software package with which this file was provided.
  13:Generated_Source\PSoC5/Cm3Start.c **** *******************************************************************************/
  14:Generated_Source\PSoC5/Cm3Start.c **** 
  15:Generated_Source\PSoC5/Cm3Start.c **** #include <limits.h>
  16:Generated_Source\PSoC5/Cm3Start.c **** #include "cydevice_trm.h"
  17:Generated_Source\PSoC5/Cm3Start.c **** #include "cytypes.h"
  18:Generated_Source\PSoC5/Cm3Start.c **** #include "cyfitter_cfg.h"
  19:Generated_Source\PSoC5/Cm3Start.c **** #include "CyLib.h"
  20:Generated_Source\PSoC5/Cm3Start.c **** #include "CyDmac.h"
  21:Generated_Source\PSoC5/Cm3Start.c **** #include "cyfitter.h"
  22:Generated_Source\PSoC5/Cm3Start.c **** 
  23:Generated_Source\PSoC5/Cm3Start.c **** #define CY_NUM_INTERRUPTS           (32u)
  24:Generated_Source\PSoC5/Cm3Start.c **** #define CY_NUM_VECTORS              (CYINT_IRQ_BASE + CY_NUM_INTERRUPTS)
  25:Generated_Source\PSoC5/Cm3Start.c **** #define CY_NUM_ROM_VECTORS          (4u)
  26:Generated_Source\PSoC5/Cm3Start.c **** #define CY_NVIC_APINT_PTR           ((reg32 *) CYREG_NVIC_APPLN_INTR)
  27:Generated_Source\PSoC5/Cm3Start.c **** #define CY_NVIC_CFG_CTRL_PTR        ((reg32 *) CYREG_NVIC_CFG_CONTROL)
  28:Generated_Source\PSoC5/Cm3Start.c **** #define CY_NVIC_APINT_PRIGROUP_3_5  (0x00000400u)  /* Priority group 3.5 split */
  29:Generated_Source\PSoC5/Cm3Start.c **** #define CY_NVIC_APINT_VECTKEY       (0x05FA0000u)  /* This key is required in order to write the NV
  30:Generated_Source\PSoC5/Cm3Start.c **** #define CY_NVIC_CFG_STACKALIGN      (0x00000200u)  /* This specifies that the exception stack must 
  31:Generated_Source\PSoC5/Cm3Start.c **** 
  32:Generated_Source\PSoC5/Cm3Start.c **** 
  33:Generated_Source\PSoC5/Cm3Start.c **** /* Extern functions */
  34:Generated_Source\PSoC5/Cm3Start.c **** extern void CyBtldr_CheckLaunch(void);
  35:Generated_Source\PSoC5/Cm3Start.c **** 
  36:Generated_Source\PSoC5/Cm3Start.c **** /* Function prototypes */
  37:Generated_Source\PSoC5/Cm3Start.c **** void initialize_psoc(void);
  38:Generated_Source\PSoC5/Cm3Start.c **** CY_ISR(IntDefaultHandler);
  39:Generated_Source\PSoC5/Cm3Start.c **** void Reset(void);
  40:Generated_Source\PSoC5/Cm3Start.c **** CY_ISR(IntDefaultHandler);
  41:Generated_Source\PSoC5/Cm3Start.c **** 
  42:Generated_Source\PSoC5/Cm3Start.c **** #if defined(__ARMCC_VERSION)
  43:Generated_Source\PSoC5/Cm3Start.c ****     #define INITIAL_STACK_POINTER ((cyisraddress)(uint32)&Image$$ARM_LIB_STACK$$ZI$$Limit)
  44:Generated_Source\PSoC5/Cm3Start.c **** #elif defined (__GNUC__)
  45:Generated_Source\PSoC5/Cm3Start.c ****     #define INITIAL_STACK_POINTER (&__cy_stack)
  46:Generated_Source\PSoC5/Cm3Start.c **** #elif defined (__ICCARM__)
  47:Generated_Source\PSoC5/Cm3Start.c ****     #pragma language=extended
  48:Generated_Source\PSoC5/Cm3Start.c ****     #pragma segment="CSTACK"
  49:Generated_Source\PSoC5/Cm3Start.c ****     #define INITIAL_STACK_POINTER  { .__ptr = __sfe( "CSTACK" ) }
  50:Generated_Source\PSoC5/Cm3Start.c **** 
  51:Generated_Source\PSoC5/Cm3Start.c ****     extern void __iar_program_start( void );
  52:Generated_Source\PSoC5/Cm3Start.c ****     extern void __iar_data_init3 (void);
  53:Generated_Source\PSoC5/Cm3Start.c **** #endif  /* (__ARMCC_VERSION) */
  54:Generated_Source\PSoC5/Cm3Start.c **** 
  55:Generated_Source\PSoC5/Cm3Start.c **** /* Global variables */
  56:Generated_Source\PSoC5/Cm3Start.c **** #if !defined (__ICCARM__)
  57:Generated_Source\PSoC5/Cm3Start.c ****     CY_NOINIT static uint32 cySysNoInitDataValid;
  58:Generated_Source\PSoC5/Cm3Start.c **** #endif  /* !defined (__ICCARM__) */
  59:Generated_Source\PSoC5/Cm3Start.c **** 
  60:Generated_Source\PSoC5/Cm3Start.c **** 
  61:Generated_Source\PSoC5/Cm3Start.c **** /*******************************************************************************
  62:Generated_Source\PSoC5/Cm3Start.c **** * Default Ram Interrupt Vector table storage area. Must be 256-byte aligned.
  63:Generated_Source\PSoC5/Cm3Start.c **** *******************************************************************************/
  64:Generated_Source\PSoC5/Cm3Start.c **** #if defined (__ICCARM__)
  65:Generated_Source\PSoC5/Cm3Start.c ****     #pragma location=".ramvectors"
  66:Generated_Source\PSoC5/Cm3Start.c ****     #pragma data_alignment=256
  67:Generated_Source\PSoC5/Cm3Start.c **** #else
ARM GAS  C:\Users\LOCALA~1\AppData\Local\Temp\cc7CUxIk.s 			page 3


  68:Generated_Source\PSoC5/Cm3Start.c ****     CY_SECTION(".ramvectors")
  69:Generated_Source\PSoC5/Cm3Start.c ****     CY_ALIGN(256)
  70:Generated_Source\PSoC5/Cm3Start.c **** #endif  /* defined (__ICCARM__) */
  71:Generated_Source\PSoC5/Cm3Start.c **** cyisraddress CyRamVectors[CY_NUM_VECTORS];
  72:Generated_Source\PSoC5/Cm3Start.c **** 
  73:Generated_Source\PSoC5/Cm3Start.c **** 
  74:Generated_Source\PSoC5/Cm3Start.c **** /*******************************************************************************
  75:Generated_Source\PSoC5/Cm3Start.c **** * Function Name: IntDefaultHandler
  76:Generated_Source\PSoC5/Cm3Start.c **** ********************************************************************************
  77:Generated_Source\PSoC5/Cm3Start.c **** *
  78:Generated_Source\PSoC5/Cm3Start.c **** * Summary:
  79:Generated_Source\PSoC5/Cm3Start.c **** *  This function is called for all interrupts, other than a reset that gets
  80:Generated_Source\PSoC5/Cm3Start.c **** *  called before the system is setup.
  81:Generated_Source\PSoC5/Cm3Start.c **** *
  82:Generated_Source\PSoC5/Cm3Start.c **** * Parameters:
  83:Generated_Source\PSoC5/Cm3Start.c **** *  None
  84:Generated_Source\PSoC5/Cm3Start.c **** *
  85:Generated_Source\PSoC5/Cm3Start.c **** * Return:
  86:Generated_Source\PSoC5/Cm3Start.c **** *  None
  87:Generated_Source\PSoC5/Cm3Start.c **** *
  88:Generated_Source\PSoC5/Cm3Start.c **** * Theory:
  89:Generated_Source\PSoC5/Cm3Start.c **** *  Any value other than zero is acceptable.
  90:Generated_Source\PSoC5/Cm3Start.c **** *
  91:Generated_Source\PSoC5/Cm3Start.c **** *******************************************************************************/
  92:Generated_Source\PSoC5/Cm3Start.c **** CY_ISR(IntDefaultHandler)
  93:Generated_Source\PSoC5/Cm3Start.c **** {
  40              		.loc 1 93 0
  41              		.cfi_startproc
  42              		@ args = 0, pretend = 0, frame = 0
  43              		@ frame_needed = 1, uses_anonymous_args = 0
  44              		@ link register save eliminated.
  45 0000 80B4     		push	{r7}
  46              		.cfi_def_cfa_offset 4
  47              		.cfi_offset 7, -4
  48 0002 00AF     		add	r7, sp, #0
  49              		.cfi_def_cfa_register 7
  50              	.L2:
  94:Generated_Source\PSoC5/Cm3Start.c **** 
  95:Generated_Source\PSoC5/Cm3Start.c ****     while(1)
  96:Generated_Source\PSoC5/Cm3Start.c ****     {
  97:Generated_Source\PSoC5/Cm3Start.c ****         /***********************************************************************
  98:Generated_Source\PSoC5/Cm3Start.c ****         * We must not get here. If we do, a serious problem occurs, so go
  99:Generated_Source\PSoC5/Cm3Start.c ****         * into an infinite loop.
 100:Generated_Source\PSoC5/Cm3Start.c ****         ***********************************************************************/
 101:Generated_Source\PSoC5/Cm3Start.c ****     }
  51              		.loc 1 101 0 discriminator 1
  52 0004 FEE7     		b	.L2
  53              		.cfi_endproc
  54              	.LFE0:
  55              		.size	IntDefaultHandler, .-IntDefaultHandler
  56              		.section	.text.Reset,"ax",%progbits
  57              		.align	2
  58              		.global	Reset
  59              		.thumb
  60              		.thumb_func
  61              		.type	Reset, %function
  62              	Reset:
ARM GAS  C:\Users\LOCALA~1\AppData\Local\Temp\cc7CUxIk.s 			page 4


  63              	.LFB1:
 102:Generated_Source\PSoC5/Cm3Start.c **** }
 103:Generated_Source\PSoC5/Cm3Start.c **** 
 104:Generated_Source\PSoC5/Cm3Start.c **** 
 105:Generated_Source\PSoC5/Cm3Start.c **** #if defined(__ARMCC_VERSION)
 106:Generated_Source\PSoC5/Cm3Start.c **** 
 107:Generated_Source\PSoC5/Cm3Start.c **** /* Local function for device reset. */
 108:Generated_Source\PSoC5/Cm3Start.c **** extern void Reset(void);
 109:Generated_Source\PSoC5/Cm3Start.c **** 
 110:Generated_Source\PSoC5/Cm3Start.c **** /* Application entry point. */
 111:Generated_Source\PSoC5/Cm3Start.c **** extern void $Super$$main(void);
 112:Generated_Source\PSoC5/Cm3Start.c **** 
 113:Generated_Source\PSoC5/Cm3Start.c **** /* Linker-generated Stack Base addresses, Two Region and One Region */
 114:Generated_Source\PSoC5/Cm3Start.c **** extern uint32 Image$$ARM_LIB_STACK$$ZI$$Limit;
 115:Generated_Source\PSoC5/Cm3Start.c **** 
 116:Generated_Source\PSoC5/Cm3Start.c **** /* RealView C Library initialization. */
 117:Generated_Source\PSoC5/Cm3Start.c **** extern int __main(void);
 118:Generated_Source\PSoC5/Cm3Start.c **** 
 119:Generated_Source\PSoC5/Cm3Start.c **** 
 120:Generated_Source\PSoC5/Cm3Start.c **** /*******************************************************************************
 121:Generated_Source\PSoC5/Cm3Start.c **** * Function Name: Reset
 122:Generated_Source\PSoC5/Cm3Start.c **** ********************************************************************************
 123:Generated_Source\PSoC5/Cm3Start.c **** *
 124:Generated_Source\PSoC5/Cm3Start.c **** * Summary:
 125:Generated_Source\PSoC5/Cm3Start.c **** *  This function handles the reset interrupt for the RVDS/MDK toolchains.
 126:Generated_Source\PSoC5/Cm3Start.c **** *  This is the first bit of code that is executed at startup.
 127:Generated_Source\PSoC5/Cm3Start.c **** *
 128:Generated_Source\PSoC5/Cm3Start.c **** * Parameters:
 129:Generated_Source\PSoC5/Cm3Start.c **** *  None
 130:Generated_Source\PSoC5/Cm3Start.c **** *
 131:Generated_Source\PSoC5/Cm3Start.c **** * Return:
 132:Generated_Source\PSoC5/Cm3Start.c **** *  None
 133:Generated_Source\PSoC5/Cm3Start.c **** *
 134:Generated_Source\PSoC5/Cm3Start.c **** *******************************************************************************/
 135:Generated_Source\PSoC5/Cm3Start.c **** void Reset(void)
 136:Generated_Source\PSoC5/Cm3Start.c **** {
 137:Generated_Source\PSoC5/Cm3Start.c ****     #if(CYDEV_PROJ_TYPE != CYDEV_PROJ_TYPE_LOADABLE)
 138:Generated_Source\PSoC5/Cm3Start.c **** 
 139:Generated_Source\PSoC5/Cm3Start.c ****         /* For PSoC 5LP, debugging is enabled by default */
 140:Generated_Source\PSoC5/Cm3Start.c ****         #if(CYDEV_DEBUGGING_ENABLE == 0)
 141:Generated_Source\PSoC5/Cm3Start.c ****             *(reg32 *)(CYDEV_DEBUG_ENABLE_REGISTER) |= CYDEV_DEBUG_ENABLE_MASK;
 142:Generated_Source\PSoC5/Cm3Start.c ****         #endif /* (CYDEV_DEBUGGING_ENABLE) */
 143:Generated_Source\PSoC5/Cm3Start.c **** 
 144:Generated_Source\PSoC5/Cm3Start.c ****         /* Reset Status Register has Read-to-clear SW access mode.
 145:Generated_Source\PSoC5/Cm3Start.c ****         * Preserve current RESET_SR0 state to make it available for next reading.
 146:Generated_Source\PSoC5/Cm3Start.c ****         */
 147:Generated_Source\PSoC5/Cm3Start.c ****         *(reg32 *)(CYREG_PHUB_CFGMEM23_CFG1) = *(reg32 *)(CYREG_RESET_SR0);
 148:Generated_Source\PSoC5/Cm3Start.c **** 
 149:Generated_Source\PSoC5/Cm3Start.c ****     #endif  /* (CYDEV_PROJ_TYPE != CYDEV_PROJ_TYPE_LOADABLE) */
 150:Generated_Source\PSoC5/Cm3Start.c **** 
 151:Generated_Source\PSoC5/Cm3Start.c ****     #if(CYDEV_BOOTLOADER_ENABLE)
 152:Generated_Source\PSoC5/Cm3Start.c ****         CyBtldr_CheckLaunch();
 153:Generated_Source\PSoC5/Cm3Start.c ****     #endif /* (CYDEV_BOOTLOADER_ENABLE) */
 154:Generated_Source\PSoC5/Cm3Start.c **** 
 155:Generated_Source\PSoC5/Cm3Start.c ****     __main();
 156:Generated_Source\PSoC5/Cm3Start.c **** }
 157:Generated_Source\PSoC5/Cm3Start.c **** 
ARM GAS  C:\Users\LOCALA~1\AppData\Local\Temp\cc7CUxIk.s 			page 5


 158:Generated_Source\PSoC5/Cm3Start.c **** 
 159:Generated_Source\PSoC5/Cm3Start.c **** /*******************************************************************************
 160:Generated_Source\PSoC5/Cm3Start.c **** * Function Name: $Sub$$main
 161:Generated_Source\PSoC5/Cm3Start.c **** ********************************************************************************
 162:Generated_Source\PSoC5/Cm3Start.c **** *
 163:Generated_Source\PSoC5/Cm3Start.c **** * Summary:
 164:Generated_Source\PSoC5/Cm3Start.c **** *  This function is called immediately before the users main
 165:Generated_Source\PSoC5/Cm3Start.c **** *
 166:Generated_Source\PSoC5/Cm3Start.c **** * Parameters:
 167:Generated_Source\PSoC5/Cm3Start.c **** *  None
 168:Generated_Source\PSoC5/Cm3Start.c **** *
 169:Generated_Source\PSoC5/Cm3Start.c **** * Return:
 170:Generated_Source\PSoC5/Cm3Start.c **** *  None
 171:Generated_Source\PSoC5/Cm3Start.c **** *
 172:Generated_Source\PSoC5/Cm3Start.c **** *******************************************************************************/
 173:Generated_Source\PSoC5/Cm3Start.c **** void $Sub$$main(void)
 174:Generated_Source\PSoC5/Cm3Start.c **** {
 175:Generated_Source\PSoC5/Cm3Start.c ****     initialize_psoc();
 176:Generated_Source\PSoC5/Cm3Start.c **** 
 177:Generated_Source\PSoC5/Cm3Start.c ****     /* Call original main */
 178:Generated_Source\PSoC5/Cm3Start.c ****     $Super$$main();
 179:Generated_Source\PSoC5/Cm3Start.c **** 
 180:Generated_Source\PSoC5/Cm3Start.c ****     while (1)
 181:Generated_Source\PSoC5/Cm3Start.c ****     {
 182:Generated_Source\PSoC5/Cm3Start.c ****         /* If main returns, it is undefined what we should do. */
 183:Generated_Source\PSoC5/Cm3Start.c ****     }
 184:Generated_Source\PSoC5/Cm3Start.c **** }
 185:Generated_Source\PSoC5/Cm3Start.c **** 
 186:Generated_Source\PSoC5/Cm3Start.c **** #elif defined(__GNUC__)
 187:Generated_Source\PSoC5/Cm3Start.c **** 
 188:Generated_Source\PSoC5/Cm3Start.c **** void Start_c(void);
 189:Generated_Source\PSoC5/Cm3Start.c **** 
 190:Generated_Source\PSoC5/Cm3Start.c **** /* Stack Base address */
 191:Generated_Source\PSoC5/Cm3Start.c **** extern void __cy_stack(void);
 192:Generated_Source\PSoC5/Cm3Start.c **** 
 193:Generated_Source\PSoC5/Cm3Start.c **** /* Application entry point. */
 194:Generated_Source\PSoC5/Cm3Start.c **** extern int main(void);
 195:Generated_Source\PSoC5/Cm3Start.c **** 
 196:Generated_Source\PSoC5/Cm3Start.c **** /* Static objects constructors initializer */
 197:Generated_Source\PSoC5/Cm3Start.c **** extern void __libc_init_array(void);
 198:Generated_Source\PSoC5/Cm3Start.c **** 
 199:Generated_Source\PSoC5/Cm3Start.c **** typedef unsigned char __cy_byte_align8 __attribute ((aligned (8)));
 200:Generated_Source\PSoC5/Cm3Start.c **** 
 201:Generated_Source\PSoC5/Cm3Start.c **** struct __cy_region
 202:Generated_Source\PSoC5/Cm3Start.c **** {
 203:Generated_Source\PSoC5/Cm3Start.c ****     __cy_byte_align8 *init; /* Initial contents of this region.  */
 204:Generated_Source\PSoC5/Cm3Start.c ****     __cy_byte_align8 *data; /* Start address of region.  */
 205:Generated_Source\PSoC5/Cm3Start.c ****     size_t init_size;       /* Size of initial data.  */
 206:Generated_Source\PSoC5/Cm3Start.c ****     size_t zero_size;       /* Additional size to be zeroed.  */
 207:Generated_Source\PSoC5/Cm3Start.c **** };
 208:Generated_Source\PSoC5/Cm3Start.c **** 
 209:Generated_Source\PSoC5/Cm3Start.c **** extern const struct __cy_region __cy_regions[];
 210:Generated_Source\PSoC5/Cm3Start.c **** extern const char __cy_region_num __attribute__((weak));
 211:Generated_Source\PSoC5/Cm3Start.c **** #define __cy_region_num ((size_t)&__cy_region_num)
 212:Generated_Source\PSoC5/Cm3Start.c **** 
 213:Generated_Source\PSoC5/Cm3Start.c **** 
 214:Generated_Source\PSoC5/Cm3Start.c **** /*******************************************************************************
ARM GAS  C:\Users\LOCALA~1\AppData\Local\Temp\cc7CUxIk.s 			page 6


 215:Generated_Source\PSoC5/Cm3Start.c **** * Function Name: Reset
 216:Generated_Source\PSoC5/Cm3Start.c **** ********************************************************************************
 217:Generated_Source\PSoC5/Cm3Start.c **** *
 218:Generated_Source\PSoC5/Cm3Start.c **** * Summary:
 219:Generated_Source\PSoC5/Cm3Start.c **** *  This function handles the reset interrupt for the GCC toolchain. This is the
 220:Generated_Source\PSoC5/Cm3Start.c **** *  first bit of code that is executed at startup.
 221:Generated_Source\PSoC5/Cm3Start.c **** *
 222:Generated_Source\PSoC5/Cm3Start.c **** * Parameters:
 223:Generated_Source\PSoC5/Cm3Start.c **** *  None
 224:Generated_Source\PSoC5/Cm3Start.c **** *
 225:Generated_Source\PSoC5/Cm3Start.c **** * Return:
 226:Generated_Source\PSoC5/Cm3Start.c **** *  None
 227:Generated_Source\PSoC5/Cm3Start.c **** *
 228:Generated_Source\PSoC5/Cm3Start.c **** *******************************************************************************/
 229:Generated_Source\PSoC5/Cm3Start.c **** void Reset(void)
 230:Generated_Source\PSoC5/Cm3Start.c **** {
  64              		.loc 1 230 0
  65              		.cfi_startproc
  66              		@ args = 0, pretend = 0, frame = 0
  67              		@ frame_needed = 1, uses_anonymous_args = 0
  68 0000 80B5     		push	{r7, lr}
  69              		.cfi_def_cfa_offset 8
  70              		.cfi_offset 7, -8
  71              		.cfi_offset 14, -4
  72 0002 00AF     		add	r7, sp, #0
  73              		.cfi_def_cfa_register 7
 231:Generated_Source\PSoC5/Cm3Start.c ****     #if(CYDEV_PROJ_TYPE != CYDEV_PROJ_TYPE_LOADABLE)
 232:Generated_Source\PSoC5/Cm3Start.c **** 
 233:Generated_Source\PSoC5/Cm3Start.c ****         /* For PSoC 5LP, debugging is enabled by default */
 234:Generated_Source\PSoC5/Cm3Start.c ****         #if(CYDEV_DEBUGGING_ENABLE == 0)
 235:Generated_Source\PSoC5/Cm3Start.c ****             *(reg32 *)(CYDEV_DEBUG_ENABLE_REGISTER) |= CYDEV_DEBUG_ENABLE_MASK;
 236:Generated_Source\PSoC5/Cm3Start.c ****         #endif /* (CYDEV_DEBUGGING_ENABLE) */
 237:Generated_Source\PSoC5/Cm3Start.c **** 
 238:Generated_Source\PSoC5/Cm3Start.c ****         /* Reset Status Register has Read-to-clear SW access mode.
 239:Generated_Source\PSoC5/Cm3Start.c ****         * Preserve current RESET_SR0 state to make it available for next reading.
 240:Generated_Source\PSoC5/Cm3Start.c ****         */
 241:Generated_Source\PSoC5/Cm3Start.c ****         *(reg32 *)(CYREG_PHUB_CFGMEM23_CFG1) = *(reg32 *)(CYREG_RESET_SR0);
  74              		.loc 1 241 0
  75 0004 024A     		ldr	r2, .L4
  76 0006 034B     		ldr	r3, .L4+4
  77 0008 1B68     		ldr	r3, [r3]
  78 000a 1360     		str	r3, [r2]
 242:Generated_Source\PSoC5/Cm3Start.c **** 
 243:Generated_Source\PSoC5/Cm3Start.c ****     #endif  /* (CYDEV_PROJ_TYPE != CYDEV_PROJ_TYPE_LOADABLE) */
 244:Generated_Source\PSoC5/Cm3Start.c **** 
 245:Generated_Source\PSoC5/Cm3Start.c ****     #if(CYDEV_BOOTLOADER_ENABLE)
 246:Generated_Source\PSoC5/Cm3Start.c ****         CyBtldr_CheckLaunch();
 247:Generated_Source\PSoC5/Cm3Start.c ****     #endif /* (CYDEV_BOOTLOADER_ENABLE) */
 248:Generated_Source\PSoC5/Cm3Start.c **** 
 249:Generated_Source\PSoC5/Cm3Start.c ****     Start_c();
  79              		.loc 1 249 0
  80 000c FFF7FEFF 		bl	Start_c
  81              	.L5:
  82              		.align	2
  83              	.L4:
  84 0010 BC760040 		.word	1073772220
  85 0014 FA460040 		.word	1073759994
ARM GAS  C:\Users\LOCALA~1\AppData\Local\Temp\cc7CUxIk.s 			page 7


  86              		.cfi_endproc
  87              	.LFE1:
  88              		.size	Reset, .-Reset
  89              		.section	.text._exit,"ax",%progbits
  90              		.align	2
  91              		.weak	_exit
  92              		.thumb
  93              		.thumb_func
  94              		.type	_exit, %function
  95              	_exit:
  96              	.LFB2:
 250:Generated_Source\PSoC5/Cm3Start.c **** }
 251:Generated_Source\PSoC5/Cm3Start.c **** 
 252:Generated_Source\PSoC5/Cm3Start.c **** __attribute__((weak))
 253:Generated_Source\PSoC5/Cm3Start.c **** void _exit(int status)
 254:Generated_Source\PSoC5/Cm3Start.c **** {
  97              		.loc 1 254 0
  98              		.cfi_startproc
  99              		@ args = 0, pretend = 0, frame = 16
 100              		@ frame_needed = 1, uses_anonymous_args = 0
 101              		@ link register save eliminated.
 102 0000 80B4     		push	{r7}
 103              		.cfi_def_cfa_offset 4
 104              		.cfi_offset 7, -4
 105 0002 85B0     		sub	sp, sp, #20
 106              		.cfi_def_cfa_offset 24
 107 0004 00AF     		add	r7, sp, #0
 108              		.cfi_def_cfa_register 7
 109 0006 7860     		str	r0, [r7, #4]
 255:Generated_Source\PSoC5/Cm3Start.c ****     /* Cause divide by 0 exception */
 256:Generated_Source\PSoC5/Cm3Start.c ****     int x = status / INT_MAX;
 110              		.loc 1 256 0
 111 0008 7B68     		ldr	r3, [r7, #4]
 112 000a 064A     		ldr	r2, .L8
 113 000c 82FB0312 		smull	r1, r2, r2, r3
 114 0010 5217     		asrs	r2, r2, #29
 115 0012 DB17     		asrs	r3, r3, #31
 116 0014 D31A     		subs	r3, r2, r3
 117 0016 FB60     		str	r3, [r7, #12]
 257:Generated_Source\PSoC5/Cm3Start.c ****     x = 4 / x;
 118              		.loc 1 257 0
 119 0018 0422     		movs	r2, #4
 120 001a FB68     		ldr	r3, [r7, #12]
 121 001c 92FBF3F3 		sdiv	r3, r2, r3
 122 0020 FB60     		str	r3, [r7, #12]
 123              	.L7:
 258:Generated_Source\PSoC5/Cm3Start.c **** 
 259:Generated_Source\PSoC5/Cm3Start.c ****     while(1)
 260:Generated_Source\PSoC5/Cm3Start.c ****     {
 261:Generated_Source\PSoC5/Cm3Start.c ****     }
 124              		.loc 1 261 0 discriminator 1
 125 0022 FEE7     		b	.L7
 126              	.L9:
 127              		.align	2
 128              	.L8:
 129 0024 01000040 		.word	1073741825
 130              		.cfi_endproc
ARM GAS  C:\Users\LOCALA~1\AppData\Local\Temp\cc7CUxIk.s 			page 8


 131              	.LFE2:
 132              		.size	_exit, .-_exit
 133              		.section	.text.Start_c,"ax",%progbits
 134              		.align	2
 135              		.global	Start_c
 136              		.thumb
 137              		.thumb_func
 138              		.type	Start_c, %function
 139              	Start_c:
 140              	.LFB3:
 262:Generated_Source\PSoC5/Cm3Start.c **** }
 263:Generated_Source\PSoC5/Cm3Start.c **** 
 264:Generated_Source\PSoC5/Cm3Start.c **** /*******************************************************************************
 265:Generated_Source\PSoC5/Cm3Start.c **** * Function Name: Start_c
 266:Generated_Source\PSoC5/Cm3Start.c **** ********************************************************************************
 267:Generated_Source\PSoC5/Cm3Start.c **** *
 268:Generated_Source\PSoC5/Cm3Start.c **** * Summary:
 269:Generated_Source\PSoC5/Cm3Start.c **** *  This function handles initializing the .data and .bss sections in
 270:Generated_Source\PSoC5/Cm3Start.c **** *  preparation for running the standard C code.  Once initialization is complete
 271:Generated_Source\PSoC5/Cm3Start.c **** *  it will call main(). This function will never return.
 272:Generated_Source\PSoC5/Cm3Start.c **** *
 273:Generated_Source\PSoC5/Cm3Start.c **** * Parameters:
 274:Generated_Source\PSoC5/Cm3Start.c **** *  None
 275:Generated_Source\PSoC5/Cm3Start.c **** *
 276:Generated_Source\PSoC5/Cm3Start.c **** * Return:
 277:Generated_Source\PSoC5/Cm3Start.c **** *  None
 278:Generated_Source\PSoC5/Cm3Start.c **** *
 279:Generated_Source\PSoC5/Cm3Start.c **** *******************************************************************************/
 280:Generated_Source\PSoC5/Cm3Start.c **** void Start_c(void)  __attribute__ ((noreturn));
 281:Generated_Source\PSoC5/Cm3Start.c **** void Start_c(void)
 282:Generated_Source\PSoC5/Cm3Start.c **** {
 141              		.loc 1 282 0
 142              		.cfi_startproc
 143              		@ args = 0, pretend = 0, frame = 24
 144              		@ frame_needed = 1, uses_anonymous_args = 0
 145 0000 80B5     		push	{r7, lr}
 146              		.cfi_def_cfa_offset 8
 147              		.cfi_offset 7, -8
 148              		.cfi_offset 14, -4
 149 0002 86B0     		sub	sp, sp, #24
 150              		.cfi_def_cfa_offset 32
 151 0004 00AF     		add	r7, sp, #0
 152              		.cfi_def_cfa_register 7
 283:Generated_Source\PSoC5/Cm3Start.c ****     unsigned regions = __cy_region_num;
 153              		.loc 1 283 0
 154 0006 214B     		ldr	r3, .L18
 155 0008 7B61     		str	r3, [r7, #20]
 284:Generated_Source\PSoC5/Cm3Start.c ****     const struct __cy_region *rptr = __cy_regions;
 156              		.loc 1 284 0
 157 000a 214B     		ldr	r3, .L18+4
 158 000c 3B61     		str	r3, [r7, #16]
 285:Generated_Source\PSoC5/Cm3Start.c **** 
 286:Generated_Source\PSoC5/Cm3Start.c ****     /* Initialize memory */
 287:Generated_Source\PSoC5/Cm3Start.c ****     for (regions = __cy_region_num, rptr = __cy_regions; regions--; rptr++)
 159              		.loc 1 287 0
 160 000e 1F4B     		ldr	r3, .L18
 161 0010 7B61     		str	r3, [r7, #20]
ARM GAS  C:\Users\LOCALA~1\AppData\Local\Temp\cc7CUxIk.s 			page 9


 162 0012 1F4B     		ldr	r3, .L18+4
 163 0014 3B61     		str	r3, [r7, #16]
 164 0016 2FE0     		b	.L11
 165              	.L16:
 166              	.LBB2:
 288:Generated_Source\PSoC5/Cm3Start.c ****     {
 289:Generated_Source\PSoC5/Cm3Start.c ****         uint32 *src = (uint32 *)rptr->init;
 167              		.loc 1 289 0
 168 0018 3B69     		ldr	r3, [r7, #16]
 169 001a 1B68     		ldr	r3, [r3]
 170 001c FB60     		str	r3, [r7, #12]
 290:Generated_Source\PSoC5/Cm3Start.c ****         uint32 *dst = (uint32 *)rptr->data;
 171              		.loc 1 290 0
 172 001e 3B69     		ldr	r3, [r7, #16]
 173 0020 5B68     		ldr	r3, [r3, #4]
 174 0022 BB60     		str	r3, [r7, #8]
 291:Generated_Source\PSoC5/Cm3Start.c ****         unsigned limit = rptr->init_size;
 175              		.loc 1 291 0
 176 0024 3B69     		ldr	r3, [r7, #16]
 177 0026 9B68     		ldr	r3, [r3, #8]
 178 0028 3B60     		str	r3, [r7]
 292:Generated_Source\PSoC5/Cm3Start.c ****         unsigned count;
 293:Generated_Source\PSoC5/Cm3Start.c **** 
 294:Generated_Source\PSoC5/Cm3Start.c ****         for (count = 0u; count != limit; count += sizeof (uint32))
 179              		.loc 1 294 0
 180 002a 0023     		movs	r3, #0
 181 002c 7B60     		str	r3, [r7, #4]
 182 002e 0AE0     		b	.L12
 183              	.L13:
 295:Generated_Source\PSoC5/Cm3Start.c ****         {
 296:Generated_Source\PSoC5/Cm3Start.c ****             *dst++ = *src++;
 184              		.loc 1 296 0 discriminator 3
 185 0030 BB68     		ldr	r3, [r7, #8]
 186 0032 1A1D     		adds	r2, r3, #4
 187 0034 BA60     		str	r2, [r7, #8]
 188 0036 FA68     		ldr	r2, [r7, #12]
 189 0038 111D     		adds	r1, r2, #4
 190 003a F960     		str	r1, [r7, #12]
 191 003c 1268     		ldr	r2, [r2]
 192 003e 1A60     		str	r2, [r3]
 294:Generated_Source\PSoC5/Cm3Start.c ****         {
 193              		.loc 1 294 0 discriminator 3
 194 0040 7B68     		ldr	r3, [r7, #4]
 195 0042 0433     		adds	r3, r3, #4
 196 0044 7B60     		str	r3, [r7, #4]
 197              	.L12:
 294:Generated_Source\PSoC5/Cm3Start.c ****         {
 198              		.loc 1 294 0 is_stmt 0 discriminator 1
 199 0046 7A68     		ldr	r2, [r7, #4]
 200 0048 3B68     		ldr	r3, [r7]
 201 004a 9A42     		cmp	r2, r3
 202 004c F0D1     		bne	.L13
 297:Generated_Source\PSoC5/Cm3Start.c ****         }
 298:Generated_Source\PSoC5/Cm3Start.c ****         limit = rptr->zero_size;
 203              		.loc 1 298 0 is_stmt 1
 204 004e 3B69     		ldr	r3, [r7, #16]
 205 0050 DB68     		ldr	r3, [r3, #12]
ARM GAS  C:\Users\LOCALA~1\AppData\Local\Temp\cc7CUxIk.s 			page 10


 206 0052 3B60     		str	r3, [r7]
 299:Generated_Source\PSoC5/Cm3Start.c ****         for (count = 0u; count != limit; count += sizeof (uint32))
 207              		.loc 1 299 0
 208 0054 0023     		movs	r3, #0
 209 0056 7B60     		str	r3, [r7, #4]
 210 0058 07E0     		b	.L14
 211              	.L15:
 300:Generated_Source\PSoC5/Cm3Start.c ****         {
 301:Generated_Source\PSoC5/Cm3Start.c ****             *dst++ = 0u;
 212              		.loc 1 301 0 discriminator 3
 213 005a BB68     		ldr	r3, [r7, #8]
 214 005c 1A1D     		adds	r2, r3, #4
 215 005e BA60     		str	r2, [r7, #8]
 216 0060 0022     		movs	r2, #0
 217 0062 1A60     		str	r2, [r3]
 299:Generated_Source\PSoC5/Cm3Start.c ****         for (count = 0u; count != limit; count += sizeof (uint32))
 218              		.loc 1 299 0 discriminator 3
 219 0064 7B68     		ldr	r3, [r7, #4]
 220 0066 0433     		adds	r3, r3, #4
 221 0068 7B60     		str	r3, [r7, #4]
 222              	.L14:
 299:Generated_Source\PSoC5/Cm3Start.c ****         for (count = 0u; count != limit; count += sizeof (uint32))
 223              		.loc 1 299 0 is_stmt 0 discriminator 1
 224 006a 7A68     		ldr	r2, [r7, #4]
 225 006c 3B68     		ldr	r3, [r7]
 226 006e 9A42     		cmp	r2, r3
 227 0070 F3D1     		bne	.L15
 228              	.LBE2:
 287:Generated_Source\PSoC5/Cm3Start.c ****     {
 229              		.loc 1 287 0 is_stmt 1 discriminator 2
 230 0072 3B69     		ldr	r3, [r7, #16]
 231 0074 1033     		adds	r3, r3, #16
 232 0076 3B61     		str	r3, [r7, #16]
 233              	.L11:
 287:Generated_Source\PSoC5/Cm3Start.c ****     {
 234              		.loc 1 287 0 is_stmt 0 discriminator 1
 235 0078 7B69     		ldr	r3, [r7, #20]
 236 007a 5A1E     		subs	r2, r3, #1
 237 007c 7A61     		str	r2, [r7, #20]
 238 007e 002B     		cmp	r3, #0
 239 0080 CAD1     		bne	.L16
 302:Generated_Source\PSoC5/Cm3Start.c ****         }
 303:Generated_Source\PSoC5/Cm3Start.c ****     }
 304:Generated_Source\PSoC5/Cm3Start.c **** 
 305:Generated_Source\PSoC5/Cm3Start.c ****     /* Invoke static objects constructors */
 306:Generated_Source\PSoC5/Cm3Start.c ****     __libc_init_array();
 240              		.loc 1 306 0 is_stmt 1
 241 0082 FFF7FEFF 		bl	__libc_init_array
 307:Generated_Source\PSoC5/Cm3Start.c ****     (void) main();
 242              		.loc 1 307 0
 243 0086 FFF7FEFF 		bl	main
 244              	.L17:
 308:Generated_Source\PSoC5/Cm3Start.c **** 
 309:Generated_Source\PSoC5/Cm3Start.c ****     while (1)
 310:Generated_Source\PSoC5/Cm3Start.c ****     {
 311:Generated_Source\PSoC5/Cm3Start.c ****         /* If main returns, make sure we don't return. */
 312:Generated_Source\PSoC5/Cm3Start.c ****     }
ARM GAS  C:\Users\LOCALA~1\AppData\Local\Temp\cc7CUxIk.s 			page 11


 245              		.loc 1 312 0 discriminator 1
 246 008a FEE7     		b	.L17
 247              	.L19:
 248              		.align	2
 249              	.L18:
 250 008c 00000000 		.word	__cy_region_num
 251 0090 00000000 		.word	__cy_regions
 252              		.cfi_endproc
 253              	.LFE3:
 254              		.size	Start_c, .-Start_c
 255              		.global	RomVectors
 256              		.section	.romvectors,"a",%progbits
 257              		.align	2
 258              		.type	RomVectors, %object
 259              		.size	RomVectors, 16
 260              	RomVectors:
 261 0000 00000000 		.word	__cy_stack
 262 0004 00000000 		.word	Reset
 263 0008 00000000 		.word	IntDefaultHandler
 264 000c 00000000 		.word	IntDefaultHandler
 265              		.section	.text.initialize_psoc,"ax",%progbits
 266              		.align	2
 267              		.global	initialize_psoc
 268              		.thumb
 269              		.thumb_func
 270              		.type	initialize_psoc, %function
 271              	initialize_psoc:
 272              	.LFB4:
 313:Generated_Source\PSoC5/Cm3Start.c **** }
 314:Generated_Source\PSoC5/Cm3Start.c **** 
 315:Generated_Source\PSoC5/Cm3Start.c **** 
 316:Generated_Source\PSoC5/Cm3Start.c **** #elif defined (__ICCARM__)
 317:Generated_Source\PSoC5/Cm3Start.c **** 
 318:Generated_Source\PSoC5/Cm3Start.c **** /*******************************************************************************
 319:Generated_Source\PSoC5/Cm3Start.c **** * Function Name: __low_level_init
 320:Generated_Source\PSoC5/Cm3Start.c **** ********************************************************************************
 321:Generated_Source\PSoC5/Cm3Start.c **** *
 322:Generated_Source\PSoC5/Cm3Start.c **** * Summary:
 323:Generated_Source\PSoC5/Cm3Start.c **** *  This function performs early initializations for the IAR Embedded
 324:Generated_Source\PSoC5/Cm3Start.c **** *  Workbench IDE. It is executed in the context of a reset interrupt handler
 325:Generated_Source\PSoC5/Cm3Start.c **** *  before the data sections are initialized.
 326:Generated_Source\PSoC5/Cm3Start.c **** *
 327:Generated_Source\PSoC5/Cm3Start.c **** * Parameters:
 328:Generated_Source\PSoC5/Cm3Start.c **** *  None
 329:Generated_Source\PSoC5/Cm3Start.c **** *
 330:Generated_Source\PSoC5/Cm3Start.c **** * Return:
 331:Generated_Source\PSoC5/Cm3Start.c **** *  The value that determines whether or not data sections should be initialized
 332:Generated_Source\PSoC5/Cm3Start.c **** *  by the system startup code:
 333:Generated_Source\PSoC5/Cm3Start.c **** *    0 - skip data sections initialization;
 334:Generated_Source\PSoC5/Cm3Start.c **** *    1 - initialize data sections;
 335:Generated_Source\PSoC5/Cm3Start.c **** *
 336:Generated_Source\PSoC5/Cm3Start.c **** *******************************************************************************/
 337:Generated_Source\PSoC5/Cm3Start.c **** int __low_level_init(void)
 338:Generated_Source\PSoC5/Cm3Start.c **** {
 339:Generated_Source\PSoC5/Cm3Start.c ****     #if(CYDEV_PROJ_TYPE != CYDEV_PROJ_TYPE_LOADABLE)
 340:Generated_Source\PSoC5/Cm3Start.c **** 
 341:Generated_Source\PSoC5/Cm3Start.c ****         /* For PSoC 5LP, debugging is enabled by default */
ARM GAS  C:\Users\LOCALA~1\AppData\Local\Temp\cc7CUxIk.s 			page 12


 342:Generated_Source\PSoC5/Cm3Start.c ****         #if(CYDEV_DEBUGGING_ENABLE == 0)
 343:Generated_Source\PSoC5/Cm3Start.c ****             *(reg32 *)(CYDEV_DEBUG_ENABLE_REGISTER) |= CYDEV_DEBUG_ENABLE_MASK;
 344:Generated_Source\PSoC5/Cm3Start.c ****         #endif /* (CYDEV_DEBUGGING_ENABLE) */
 345:Generated_Source\PSoC5/Cm3Start.c **** 
 346:Generated_Source\PSoC5/Cm3Start.c ****         /* Reset Status Register has Read-to-clear SW access mode.
 347:Generated_Source\PSoC5/Cm3Start.c ****         * Preserve current RESET_SR0 state to make it available for next reading.
 348:Generated_Source\PSoC5/Cm3Start.c ****         */
 349:Generated_Source\PSoC5/Cm3Start.c ****         *(reg32 *)(CYREG_PHUB_CFGMEM23_CFG1) = *(reg32 *)(CYREG_RESET_SR0);
 350:Generated_Source\PSoC5/Cm3Start.c **** 
 351:Generated_Source\PSoC5/Cm3Start.c ****     #endif  /* (CYDEV_PROJ_TYPE != CYDEV_PROJ_TYPE_LOADABLE) */
 352:Generated_Source\PSoC5/Cm3Start.c **** 
 353:Generated_Source\PSoC5/Cm3Start.c ****     #if (CYDEV_BOOTLOADER_ENABLE)
 354:Generated_Source\PSoC5/Cm3Start.c ****         CyBtldr_CheckLaunch();
 355:Generated_Source\PSoC5/Cm3Start.c ****     #endif /* CYDEV_BOOTLOADER_ENABLE */
 356:Generated_Source\PSoC5/Cm3Start.c **** 
 357:Generated_Source\PSoC5/Cm3Start.c ****     /* Initialize data sections */
 358:Generated_Source\PSoC5/Cm3Start.c ****     __iar_data_init3();
 359:Generated_Source\PSoC5/Cm3Start.c **** 
 360:Generated_Source\PSoC5/Cm3Start.c ****     initialize_psoc();
 361:Generated_Source\PSoC5/Cm3Start.c **** 
 362:Generated_Source\PSoC5/Cm3Start.c ****     return 0;
 363:Generated_Source\PSoC5/Cm3Start.c **** }
 364:Generated_Source\PSoC5/Cm3Start.c **** 
 365:Generated_Source\PSoC5/Cm3Start.c **** #endif /* __GNUC__ */
 366:Generated_Source\PSoC5/Cm3Start.c **** 
 367:Generated_Source\PSoC5/Cm3Start.c **** 
 368:Generated_Source\PSoC5/Cm3Start.c **** /*******************************************************************************
 369:Generated_Source\PSoC5/Cm3Start.c **** *
 370:Generated_Source\PSoC5/Cm3Start.c **** * Default Rom Interrupt Vector table.
 371:Generated_Source\PSoC5/Cm3Start.c **** *
 372:Generated_Source\PSoC5/Cm3Start.c **** *******************************************************************************/
 373:Generated_Source\PSoC5/Cm3Start.c **** #if defined(__ARMCC_VERSION)
 374:Generated_Source\PSoC5/Cm3Start.c ****     /* Suppress diagnostic message 1296-D: extended constant initialiser used */
 375:Generated_Source\PSoC5/Cm3Start.c ****     #pragma diag_suppress 1296
 376:Generated_Source\PSoC5/Cm3Start.c **** #endif  /* defined(__ARMCC_VERSION) */
 377:Generated_Source\PSoC5/Cm3Start.c **** 
 378:Generated_Source\PSoC5/Cm3Start.c **** #if defined (__ICCARM__)
 379:Generated_Source\PSoC5/Cm3Start.c ****     #pragma location=".romvectors"
 380:Generated_Source\PSoC5/Cm3Start.c ****     const intvec_elem __vector_table[CY_NUM_ROM_VECTORS] =
 381:Generated_Source\PSoC5/Cm3Start.c **** #else
 382:Generated_Source\PSoC5/Cm3Start.c ****     CY_SECTION(".romvectors")
 383:Generated_Source\PSoC5/Cm3Start.c ****     const cyisraddress RomVectors[CY_NUM_ROM_VECTORS] =
 384:Generated_Source\PSoC5/Cm3Start.c **** #endif  /* defined (__ICCARM__) */
 385:Generated_Source\PSoC5/Cm3Start.c **** {
 386:Generated_Source\PSoC5/Cm3Start.c ****     INITIAL_STACK_POINTER,   /* Initial stack pointer  0 */
 387:Generated_Source\PSoC5/Cm3Start.c ****     #if defined (__ICCARM__) /* Reset handler          1 */
 388:Generated_Source\PSoC5/Cm3Start.c ****         __iar_program_start,
 389:Generated_Source\PSoC5/Cm3Start.c ****     #else
 390:Generated_Source\PSoC5/Cm3Start.c ****         (cyisraddress)&Reset,
 391:Generated_Source\PSoC5/Cm3Start.c ****     #endif  /* defined (__ICCARM__) */
 392:Generated_Source\PSoC5/Cm3Start.c ****     &IntDefaultHandler,      /* NMI handler            2 */
 393:Generated_Source\PSoC5/Cm3Start.c ****     &IntDefaultHandler,      /* Hard fault handler     3 */
 394:Generated_Source\PSoC5/Cm3Start.c **** };
 395:Generated_Source\PSoC5/Cm3Start.c **** 
 396:Generated_Source\PSoC5/Cm3Start.c **** #if defined(__ARMCC_VERSION)
 397:Generated_Source\PSoC5/Cm3Start.c ****     #pragma diag_default 1296
 398:Generated_Source\PSoC5/Cm3Start.c **** #endif  /* defined(__ARMCC_VERSION) */
ARM GAS  C:\Users\LOCALA~1\AppData\Local\Temp\cc7CUxIk.s 			page 13


 399:Generated_Source\PSoC5/Cm3Start.c **** 
 400:Generated_Source\PSoC5/Cm3Start.c **** 
 401:Generated_Source\PSoC5/Cm3Start.c **** /*******************************************************************************
 402:Generated_Source\PSoC5/Cm3Start.c **** * Function Name: initialize_psoc
 403:Generated_Source\PSoC5/Cm3Start.c **** ********************************************************************************
 404:Generated_Source\PSoC5/Cm3Start.c **** *
 405:Generated_Source\PSoC5/Cm3Start.c **** * Summary:
 406:Generated_Source\PSoC5/Cm3Start.c **** *  This function used to initialize the PSoC chip before calling main.
 407:Generated_Source\PSoC5/Cm3Start.c **** *
 408:Generated_Source\PSoC5/Cm3Start.c **** * Parameters:
 409:Generated_Source\PSoC5/Cm3Start.c **** *  None
 410:Generated_Source\PSoC5/Cm3Start.c **** *
 411:Generated_Source\PSoC5/Cm3Start.c **** * Return:
 412:Generated_Source\PSoC5/Cm3Start.c **** *  None
 413:Generated_Source\PSoC5/Cm3Start.c **** *
 414:Generated_Source\PSoC5/Cm3Start.c **** *******************************************************************************/
 415:Generated_Source\PSoC5/Cm3Start.c **** #if (defined(__GNUC__) && !defined(__ARMCC_VERSION))
 416:Generated_Source\PSoC5/Cm3Start.c **** __attribute__ ((constructor(101)))
 417:Generated_Source\PSoC5/Cm3Start.c **** #endif
 418:Generated_Source\PSoC5/Cm3Start.c **** void initialize_psoc(void)
 419:Generated_Source\PSoC5/Cm3Start.c **** {
 273              		.loc 1 419 0
 274              		.cfi_startproc
 275              		@ args = 0, pretend = 0, frame = 8
 276              		@ frame_needed = 1, uses_anonymous_args = 0
 277 0000 80B5     		push	{r7, lr}
 278              		.cfi_def_cfa_offset 8
 279              		.cfi_offset 7, -8
 280              		.cfi_offset 14, -4
 281 0002 82B0     		sub	sp, sp, #8
 282              		.cfi_def_cfa_offset 16
 283 0004 00AF     		add	r7, sp, #0
 284              		.cfi_def_cfa_register 7
 420:Generated_Source\PSoC5/Cm3Start.c ****     uint32 i;
 421:Generated_Source\PSoC5/Cm3Start.c **** 
 422:Generated_Source\PSoC5/Cm3Start.c ****     /* Set Priority group 5. */
 423:Generated_Source\PSoC5/Cm3Start.c **** 
 424:Generated_Source\PSoC5/Cm3Start.c ****     /* Writes to NVIC_APINT register require the VECTKEY in the upper half */
 425:Generated_Source\PSoC5/Cm3Start.c ****     *CY_NVIC_APINT_PTR = CY_NVIC_APINT_VECTKEY | CY_NVIC_APINT_PRIGROUP_3_5;
 285              		.loc 1 425 0
 286 0006 174B     		ldr	r3, .L25
 287 0008 174A     		ldr	r2, .L25+4
 288 000a 1A60     		str	r2, [r3]
 426:Generated_Source\PSoC5/Cm3Start.c ****     *CY_NVIC_CFG_CTRL_PTR |= CY_NVIC_CFG_STACKALIGN;
 289              		.loc 1 426 0
 290 000c 174A     		ldr	r2, .L25+8
 291 000e 174B     		ldr	r3, .L25+8
 292 0010 1B68     		ldr	r3, [r3]
 293 0012 43F40073 		orr	r3, r3, #512
 294 0016 1360     		str	r3, [r2]
 427:Generated_Source\PSoC5/Cm3Start.c **** 
 428:Generated_Source\PSoC5/Cm3Start.c ****     /* Set Ram interrupt vectors to default functions. */
 429:Generated_Source\PSoC5/Cm3Start.c ****     for (i = 0u; i < CY_NUM_VECTORS; i++)
 295              		.loc 1 429 0
 296 0018 0023     		movs	r3, #0
 297 001a 7B60     		str	r3, [r7, #4]
 298 001c 0FE0     		b	.L21
ARM GAS  C:\Users\LOCALA~1\AppData\Local\Temp\cc7CUxIk.s 			page 14


 299              	.L24:
 430:Generated_Source\PSoC5/Cm3Start.c ****     {
 431:Generated_Source\PSoC5/Cm3Start.c ****         #if defined (__ICCARM__)
 432:Generated_Source\PSoC5/Cm3Start.c ****             CyRamVectors[i] = (i < CY_NUM_ROM_VECTORS) ? __vector_table[i].__fun : &IntDefaultHandl
 433:Generated_Source\PSoC5/Cm3Start.c ****         #else
 434:Generated_Source\PSoC5/Cm3Start.c ****             CyRamVectors[i] = (i < CY_NUM_ROM_VECTORS) ? RomVectors[i] : &IntDefaultHandler;
 300              		.loc 1 434 0
 301 001e 7B68     		ldr	r3, [r7, #4]
 302 0020 032B     		cmp	r3, #3
 303 0022 04D8     		bhi	.L22
 304              		.loc 1 434 0 is_stmt 0 discriminator 1
 305 0024 124A     		ldr	r2, .L25+12
 306 0026 7B68     		ldr	r3, [r7, #4]
 307 0028 52F82330 		ldr	r3, [r2, r3, lsl #2]
 308 002c 00E0     		b	.L23
 309              	.L22:
 310              		.loc 1 434 0 discriminator 2
 311 002e 114B     		ldr	r3, .L25+16
 312              	.L23:
 313              		.loc 1 434 0 discriminator 4
 314 0030 1149     		ldr	r1, .L25+20
 315 0032 7A68     		ldr	r2, [r7, #4]
 316 0034 41F82230 		str	r3, [r1, r2, lsl #2]
 429:Generated_Source\PSoC5/Cm3Start.c ****     {
 317              		.loc 1 429 0 is_stmt 1 discriminator 4
 318 0038 7B68     		ldr	r3, [r7, #4]
 319 003a 0133     		adds	r3, r3, #1
 320 003c 7B60     		str	r3, [r7, #4]
 321              	.L21:
 429:Generated_Source\PSoC5/Cm3Start.c ****     {
 322              		.loc 1 429 0 is_stmt 0 discriminator 2
 323 003e 7B68     		ldr	r3, [r7, #4]
 324 0040 2F2B     		cmp	r3, #47
 325 0042 ECD9     		bls	.L24
 435:Generated_Source\PSoC5/Cm3Start.c ****         #endif  /* defined (__ICCARM__) */
 436:Generated_Source\PSoC5/Cm3Start.c ****     }
 437:Generated_Source\PSoC5/Cm3Start.c **** 
 438:Generated_Source\PSoC5/Cm3Start.c ****     /* Was stored in CFGMEM to avoid being cleared while SRAM gets cleared */
 439:Generated_Source\PSoC5/Cm3Start.c ****     CyResetStatus = CY_GET_REG8(CYREG_PHUB_CFGMEM23_CFG1);
 326              		.loc 1 439 0 is_stmt 1
 327 0044 0D4B     		ldr	r3, .L25+24
 328 0046 1B78     		ldrb	r3, [r3]
 329 0048 DAB2     		uxtb	r2, r3
 330 004a 0D4B     		ldr	r3, .L25+28
 331 004c 1A70     		strb	r2, [r3]
 440:Generated_Source\PSoC5/Cm3Start.c **** 
 441:Generated_Source\PSoC5/Cm3Start.c ****     /* Point NVIC at RAM vector table. */
 442:Generated_Source\PSoC5/Cm3Start.c ****     *CYINT_VECT_TABLE = CyRamVectors;
 332              		.loc 1 442 0
 333 004e 0D4B     		ldr	r3, .L25+32
 334 0050 094A     		ldr	r2, .L25+20
 335 0052 1A60     		str	r2, [r3]
 443:Generated_Source\PSoC5/Cm3Start.c **** 
 444:Generated_Source\PSoC5/Cm3Start.c ****     /* Initialize the configuration registers. */
 445:Generated_Source\PSoC5/Cm3Start.c ****     cyfitter_cfg();
 336              		.loc 1 445 0
 337 0054 FFF7FEFF 		bl	cyfitter_cfg
ARM GAS  C:\Users\LOCALA~1\AppData\Local\Temp\cc7CUxIk.s 			page 15


 446:Generated_Source\PSoC5/Cm3Start.c **** 
 447:Generated_Source\PSoC5/Cm3Start.c ****     #if(0u != DMA_CHANNELS_USED__MASK0)
 448:Generated_Source\PSoC5/Cm3Start.c **** 
 449:Generated_Source\PSoC5/Cm3Start.c ****         /* Setup DMA - only necessary if design contains DMA component. */
 450:Generated_Source\PSoC5/Cm3Start.c ****         CyDmacConfigure();
 451:Generated_Source\PSoC5/Cm3Start.c **** 
 452:Generated_Source\PSoC5/Cm3Start.c ****     #endif  /* (0u != DMA_CHANNELS_USED__MASK0) */
 453:Generated_Source\PSoC5/Cm3Start.c **** 
 454:Generated_Source\PSoC5/Cm3Start.c ****     #if !defined (__ICCARM__)
 455:Generated_Source\PSoC5/Cm3Start.c ****         /* Actually, no need to clean this variable, just to make compiler happy. */
 456:Generated_Source\PSoC5/Cm3Start.c ****         cySysNoInitDataValid = 0u;
 338              		.loc 1 456 0
 339 0058 0B4B     		ldr	r3, .L25+36
 340 005a 0022     		movs	r2, #0
 341 005c 1A60     		str	r2, [r3]
 457:Generated_Source\PSoC5/Cm3Start.c ****     #endif  /* !defined (__ICCARM__) */
 458:Generated_Source\PSoC5/Cm3Start.c **** }
 342              		.loc 1 458 0
 343 005e 0837     		adds	r7, r7, #8
 344              		.cfi_def_cfa_offset 8
 345 0060 BD46     		mov	sp, r7
 346              		.cfi_def_cfa_register 13
 347              		@ sp needed
 348 0062 80BD     		pop	{r7, pc}
 349              	.L26:
 350              		.align	2
 351              	.L25:
 352 0064 0CED00E0 		.word	-536810228
 353 0068 0004FA05 		.word	100271104
 354 006c 14ED00E0 		.word	-536810220
 355 0070 00000000 		.word	RomVectors
 356 0074 00000000 		.word	IntDefaultHandler
 357 0078 00000000 		.word	CyRamVectors
 358 007c BC760040 		.word	1073772220
 359 0080 00000000 		.word	CyResetStatus
 360 0084 08ED00E0 		.word	-536810232
 361 0088 00000000 		.word	cySysNoInitDataValid
 362              		.cfi_endproc
 363              	.LFE4:
 364              		.size	initialize_psoc, .-initialize_psoc
 365              		.section	.init_array,"aw",%init_array
 366              		.align	2
 367 0000 00000000 		.word	initialize_psoc(target1)
 368              		.weak	__cy_region_num
 369              		.text
 370              	.Letext0:
 371              		.file 2 "Generated_Source\\PSoC5\\cytypes.h"
 372              		.file 3 "c:\\program files (x86)\\cypress\\psoc creator\\4.0\\psoc creator\\import\\gnu\\arm\\4.9.
 373              		.file 4 "Generated_Source\\PSoC5\\CyLib.h"
 374              		.section	.debug_info,"",%progbits
 375              	.Ldebug_info0:
 376 0000 B8020000 		.4byte	0x2b8
 377 0004 0400     		.2byte	0x4
 378 0006 00000000 		.4byte	.Ldebug_abbrev0
 379 000a 04       		.byte	0x4
 380 000b 01       		.uleb128 0x1
 381 000c E5000000 		.4byte	.LASF39
ARM GAS  C:\Users\LOCALA~1\AppData\Local\Temp\cc7CUxIk.s 			page 16


 382 0010 01       		.byte	0x1
 383 0011 C3000000 		.4byte	.LASF40
 384 0015 0E020000 		.4byte	.LASF41
 385 0019 00000000 		.4byte	.Ldebug_ranges0+0
 386 001d 00000000 		.4byte	0
 387 0021 00000000 		.4byte	.Ldebug_line0
 388 0025 02       		.uleb128 0x2
 389 0026 01       		.byte	0x1
 390 0027 06       		.byte	0x6
 391 0028 6A020000 		.4byte	.LASF0
 392 002c 02       		.uleb128 0x2
 393 002d 01       		.byte	0x1
 394 002e 08       		.byte	0x8
 395 002f 71000000 		.4byte	.LASF1
 396 0033 02       		.uleb128 0x2
 397 0034 02       		.byte	0x2
 398 0035 05       		.byte	0x5
 399 0036 04020000 		.4byte	.LASF2
 400 003a 02       		.uleb128 0x2
 401 003b 02       		.byte	0x2
 402 003c 07       		.byte	0x7
 403 003d 28000000 		.4byte	.LASF3
 404 0041 02       		.uleb128 0x2
 405 0042 04       		.byte	0x4
 406 0043 05       		.byte	0x5
 407 0044 53020000 		.4byte	.LASF4
 408 0048 02       		.uleb128 0x2
 409 0049 04       		.byte	0x4
 410 004a 07       		.byte	0x7
 411 004b 8A000000 		.4byte	.LASF5
 412 004f 02       		.uleb128 0x2
 413 0050 08       		.byte	0x8
 414 0051 05       		.byte	0x5
 415 0052 F1010000 		.4byte	.LASF6
 416 0056 02       		.uleb128 0x2
 417 0057 08       		.byte	0x8
 418 0058 07       		.byte	0x7
 419 0059 9E010000 		.4byte	.LASF7
 420 005d 03       		.uleb128 0x3
 421 005e 04       		.byte	0x4
 422 005f 05       		.byte	0x5
 423 0060 696E7400 		.ascii	"int\000"
 424 0064 02       		.uleb128 0x2
 425 0065 04       		.byte	0x4
 426 0066 07       		.byte	0x7
 427 0067 91010000 		.4byte	.LASF8
 428 006b 04       		.uleb128 0x4
 429 006c B1000000 		.4byte	.LASF9
 430 0070 02       		.byte	0x2
 431 0071 5B       		.byte	0x5b
 432 0072 2C000000 		.4byte	0x2c
 433 0076 04       		.uleb128 0x4
 434 0077 8A010000 		.4byte	.LASF10
 435 007b 02       		.byte	0x2
 436 007c 5D       		.byte	0x5d
 437 007d 48000000 		.4byte	0x48
 438 0081 02       		.uleb128 0x2
ARM GAS  C:\Users\LOCALA~1\AppData\Local\Temp\cc7CUxIk.s 			page 17


 439 0082 04       		.byte	0x4
 440 0083 04       		.byte	0x4
 441 0084 66000000 		.4byte	.LASF11
 442 0088 02       		.uleb128 0x2
 443 0089 08       		.byte	0x8
 444 008a 04       		.byte	0x4
 445 008b 73010000 		.4byte	.LASF12
 446 008f 02       		.uleb128 0x2
 447 0090 01       		.byte	0x1
 448 0091 08       		.byte	0x8
 449 0092 FF010000 		.4byte	.LASF13
 450 0096 04       		.uleb128 0x4
 451 0097 E3010000 		.4byte	.LASF14
 452 009b 02       		.byte	0x2
 453 009c F0       		.byte	0xf0
 454 009d A1000000 		.4byte	0xa1
 455 00a1 05       		.uleb128 0x5
 456 00a2 6B000000 		.4byte	0x6b
 457 00a6 04       		.uleb128 0x4
 458 00a7 00000000 		.4byte	.LASF15
 459 00ab 02       		.byte	0x2
 460 00ac F2       		.byte	0xf2
 461 00ad B1000000 		.4byte	0xb1
 462 00b1 05       		.uleb128 0x5
 463 00b2 76000000 		.4byte	0x76
 464 00b6 06       		.uleb128 0x6
 465 00b7 BB010000 		.4byte	.LASF16
 466 00bb 02       		.byte	0x2
 467 00bc 0201     		.2byte	0x102
 468 00be C2000000 		.4byte	0xc2
 469 00c2 07       		.uleb128 0x7
 470 00c3 04       		.byte	0x4
 471 00c4 C8000000 		.4byte	0xc8
 472 00c8 08       		.uleb128 0x8
 473 00c9 04       		.uleb128 0x4
 474 00ca 06000000 		.4byte	.LASF17
 475 00ce 03       		.byte	0x3
 476 00cf D4       		.byte	0xd4
 477 00d0 64000000 		.4byte	0x64
 478 00d4 02       		.uleb128 0x2
 479 00d5 04       		.byte	0x4
 480 00d6 07       		.byte	0x7
 481 00d7 E8010000 		.4byte	.LASF18
 482 00db 09       		.uleb128 0x9
 483 00dc 8F000000 		.4byte	0x8f
 484 00e0 04       		.uleb128 0x4
 485 00e1 D2010000 		.4byte	.LASF19
 486 00e5 01       		.byte	0x1
 487 00e6 C7       		.byte	0xc7
 488 00e7 2C000000 		.4byte	0x2c
 489 00eb 0A       		.uleb128 0xa
 490 00ec 9D020000 		.4byte	.LASF42
 491 00f0 10       		.byte	0x10
 492 00f1 01       		.byte	0x1
 493 00f2 C9       		.byte	0xc9
 494 00f3 28010000 		.4byte	0x128
 495 00f7 0B       		.uleb128 0xb
ARM GAS  C:\Users\LOCALA~1\AppData\Local\Temp\cc7CUxIk.s 			page 18


 496 00f8 4B000000 		.4byte	.LASF20
 497 00fc 01       		.byte	0x1
 498 00fd CB       		.byte	0xcb
 499 00fe 28010000 		.4byte	0x128
 500 0102 00       		.byte	0
 501 0103 0B       		.uleb128 0xb
 502 0104 6C000000 		.4byte	.LASF21
 503 0108 01       		.byte	0x1
 504 0109 CC       		.byte	0xcc
 505 010a 28010000 		.4byte	0x128
 506 010e 04       		.byte	0x4
 507 010f 0B       		.uleb128 0xb
 508 0110 C8010000 		.4byte	.LASF22
 509 0114 01       		.byte	0x1
 510 0115 CD       		.byte	0xcd
 511 0116 C9000000 		.4byte	0xc9
 512 011a 08       		.byte	0x8
 513 011b 0B       		.uleb128 0xb
 514 011c 57000000 		.4byte	.LASF23
 515 0120 01       		.byte	0x1
 516 0121 CE       		.byte	0xce
 517 0122 C9000000 		.4byte	0xc9
 518 0126 0C       		.byte	0xc
 519 0127 00       		.byte	0
 520 0128 07       		.uleb128 0x7
 521 0129 04       		.byte	0x4
 522 012a E0000000 		.4byte	0xe0
 523 012e 0C       		.uleb128 0xc
 524 012f 76020000 		.4byte	.LASF24
 525 0133 01       		.byte	0x1
 526 0134 5C       		.byte	0x5c
 527 0135 00000000 		.4byte	.LFB0
 528 0139 06000000 		.4byte	.LFE0-.LFB0
 529 013d 01       		.uleb128 0x1
 530 013e 9C       		.byte	0x9c
 531 013f 0D       		.uleb128 0xd
 532 0140 B7000000 		.4byte	.LASF25
 533 0144 01       		.byte	0x1
 534 0145 E5       		.byte	0xe5
 535 0146 00000000 		.4byte	.LFB1
 536 014a 18000000 		.4byte	.LFE1-.LFB1
 537 014e 01       		.uleb128 0x1
 538 014f 9C       		.byte	0x9c
 539 0150 0E       		.uleb128 0xe
 540 0151 BD000000 		.4byte	.LASF26
 541 0155 01       		.byte	0x1
 542 0156 FD       		.byte	0xfd
 543 0157 00000000 		.4byte	.LFB2
 544 015b 28000000 		.4byte	.LFE2-.LFB2
 545 015f 01       		.uleb128 0x1
 546 0160 9C       		.byte	0x9c
 547 0161 81010000 		.4byte	0x181
 548 0165 0F       		.uleb128 0xf
 549 0166 50000000 		.4byte	.LASF43
 550 016a 01       		.byte	0x1
 551 016b FD       		.byte	0xfd
 552 016c 5D000000 		.4byte	0x5d
ARM GAS  C:\Users\LOCALA~1\AppData\Local\Temp\cc7CUxIk.s 			page 19


 553 0170 02       		.uleb128 0x2
 554 0171 91       		.byte	0x91
 555 0172 6C       		.sleb128 -20
 556 0173 10       		.uleb128 0x10
 557 0174 7800     		.ascii	"x\000"
 558 0176 01       		.byte	0x1
 559 0177 0001     		.2byte	0x100
 560 0179 5D000000 		.4byte	0x5d
 561 017d 02       		.uleb128 0x2
 562 017e 91       		.byte	0x91
 563 017f 74       		.sleb128 -12
 564 0180 00       		.byte	0
 565 0181 11       		.uleb128 0x11
 566 0182 1A000000 		.4byte	.LASF27
 567 0186 01       		.byte	0x1
 568 0187 1901     		.2byte	0x119
 569 0189 00000000 		.4byte	.LFB3
 570 018d 94000000 		.4byte	.LFE3-.LFB3
 571 0191 01       		.uleb128 0x1
 572 0192 9C       		.byte	0x9c
 573 0193 FC010000 		.4byte	0x1fc
 574 0197 12       		.uleb128 0x12
 575 0198 95020000 		.4byte	.LASF28
 576 019c 01       		.byte	0x1
 577 019d 1B01     		.2byte	0x11b
 578 019f 64000000 		.4byte	0x64
 579 01a3 02       		.uleb128 0x2
 580 01a4 91       		.byte	0x91
 581 01a5 74       		.sleb128 -12
 582 01a6 12       		.uleb128 0x12
 583 01a7 61000000 		.4byte	.LASF29
 584 01ab 01       		.byte	0x1
 585 01ac 1C01     		.2byte	0x11c
 586 01ae FC010000 		.4byte	0x1fc
 587 01b2 02       		.uleb128 0x2
 588 01b3 91       		.byte	0x91
 589 01b4 70       		.sleb128 -16
 590 01b5 13       		.uleb128 0x13
 591 01b6 18000000 		.4byte	.LBB2
 592 01ba 5A000000 		.4byte	.LBE2-.LBB2
 593 01be 10       		.uleb128 0x10
 594 01bf 73726300 		.ascii	"src\000"
 595 01c3 01       		.byte	0x1
 596 01c4 2101     		.2byte	0x121
 597 01c6 07020000 		.4byte	0x207
 598 01ca 02       		.uleb128 0x2
 599 01cb 91       		.byte	0x91
 600 01cc 6C       		.sleb128 -20
 601 01cd 10       		.uleb128 0x10
 602 01ce 64737400 		.ascii	"dst\000"
 603 01d2 01       		.byte	0x1
 604 01d3 2201     		.2byte	0x122
 605 01d5 07020000 		.4byte	0x207
 606 01d9 02       		.uleb128 0x2
 607 01da 91       		.byte	0x91
 608 01db 68       		.sleb128 -24
 609 01dc 12       		.uleb128 0x12
ARM GAS  C:\Users\LOCALA~1\AppData\Local\Temp\cc7CUxIk.s 			page 20


 610 01dd B5010000 		.4byte	.LASF30
 611 01e1 01       		.byte	0x1
 612 01e2 2301     		.2byte	0x123
 613 01e4 64000000 		.4byte	0x64
 614 01e8 02       		.uleb128 0x2
 615 01e9 91       		.byte	0x91
 616 01ea 60       		.sleb128 -32
 617 01eb 12       		.uleb128 0x12
 618 01ec 22000000 		.4byte	.LASF31
 619 01f0 01       		.byte	0x1
 620 01f1 2401     		.2byte	0x124
 621 01f3 64000000 		.4byte	0x64
 622 01f7 02       		.uleb128 0x2
 623 01f8 91       		.byte	0x91
 624 01f9 64       		.sleb128 -28
 625 01fa 00       		.byte	0
 626 01fb 00       		.byte	0
 627 01fc 07       		.uleb128 0x7
 628 01fd 04       		.byte	0x4
 629 01fe 02020000 		.4byte	0x202
 630 0202 09       		.uleb128 0x9
 631 0203 EB000000 		.4byte	0xeb
 632 0207 07       		.uleb128 0x7
 633 0208 04       		.byte	0x4
 634 0209 76000000 		.4byte	0x76
 635 020d 11       		.uleb128 0x11
 636 020e 7A010000 		.4byte	.LASF32
 637 0212 01       		.byte	0x1
 638 0213 A201     		.2byte	0x1a2
 639 0215 00000000 		.4byte	.LFB4
 640 0219 8C000000 		.4byte	.LFE4-.LFB4
 641 021d 01       		.uleb128 0x1
 642 021e 9C       		.byte	0x9c
 643 021f 31020000 		.4byte	0x231
 644 0223 10       		.uleb128 0x10
 645 0224 6900     		.ascii	"i\000"
 646 0226 01       		.byte	0x1
 647 0227 A401     		.2byte	0x1a4
 648 0229 76000000 		.4byte	0x76
 649 022d 02       		.uleb128 0x2
 650 022e 91       		.byte	0x91
 651 022f 74       		.sleb128 -12
 652 0230 00       		.byte	0
 653 0231 14       		.uleb128 0x14
 654 0232 9C000000 		.4byte	.LASF33
 655 0236 01       		.byte	0x1
 656 0237 39       		.byte	0x39
 657 0238 76000000 		.4byte	0x76
 658 023c 05       		.uleb128 0x5
 659 023d 03       		.byte	0x3
 660 023e 00000000 		.4byte	cySysNoInitDataValid
 661 0242 15       		.uleb128 0x15
 662 0243 5C020000 		.4byte	.LASF34
 663 0247 04       		.byte	0x4
 664 0248 2D       		.byte	0x2d
 665 0249 6B000000 		.4byte	0x6b
 666 024d 16       		.uleb128 0x16
ARM GAS  C:\Users\LOCALA~1\AppData\Local\Temp\cc7CUxIk.s 			page 21


 667 024e B6000000 		.4byte	0xb6
 668 0252 5D020000 		.4byte	0x25d
 669 0256 17       		.uleb128 0x17
 670 0257 D4000000 		.4byte	0xd4
 671 025b 2F       		.byte	0x2f
 672 025c 00       		.byte	0
 673 025d 18       		.uleb128 0x18
 674 025e 0D000000 		.4byte	.LASF35
 675 0262 01       		.byte	0x1
 676 0263 47       		.byte	0x47
 677 0264 4D020000 		.4byte	0x24d
 678 0268 05       		.uleb128 0x5
 679 0269 03       		.byte	0x3
 680 026a 00000000 		.4byte	CyRamVectors
 681 026e 16       		.uleb128 0x16
 682 026f EB000000 		.4byte	0xeb
 683 0273 79020000 		.4byte	0x279
 684 0277 19       		.uleb128 0x19
 685 0278 00       		.byte	0
 686 0279 15       		.uleb128 0x15
 687 027a 88020000 		.4byte	.LASF36
 688 027e 01       		.byte	0x1
 689 027f D1       		.byte	0xd1
 690 0280 84020000 		.4byte	0x284
 691 0284 09       		.uleb128 0x9
 692 0285 6E020000 		.4byte	0x26e
 693 0289 15       		.uleb128 0x15
 694 028a 3B000000 		.4byte	.LASF37
 695 028e 01       		.byte	0x1
 696 028f D2       		.byte	0xd2
 697 0290 DB000000 		.4byte	0xdb
 698 0294 16       		.uleb128 0x16
 699 0295 B6000000 		.4byte	0xb6
 700 0299 A4020000 		.4byte	0x2a4
 701 029d 17       		.uleb128 0x17
 702 029e D4000000 		.4byte	0xd4
 703 02a2 03       		.byte	0x3
 704 02a3 00       		.byte	0
 705 02a4 1A       		.uleb128 0x1a
 706 02a5 7F000000 		.4byte	.LASF38
 707 02a9 01       		.byte	0x1
 708 02aa 7F01     		.2byte	0x17f
 709 02ac B6020000 		.4byte	0x2b6
 710 02b0 05       		.uleb128 0x5
 711 02b1 03       		.byte	0x3
 712 02b2 00000000 		.4byte	RomVectors
 713 02b6 09       		.uleb128 0x9
 714 02b7 94020000 		.4byte	0x294
 715 02bb 00       		.byte	0
 716              		.section	.debug_abbrev,"",%progbits
 717              	.Ldebug_abbrev0:
 718 0000 01       		.uleb128 0x1
 719 0001 11       		.uleb128 0x11
 720 0002 01       		.byte	0x1
 721 0003 25       		.uleb128 0x25
 722 0004 0E       		.uleb128 0xe
 723 0005 13       		.uleb128 0x13
ARM GAS  C:\Users\LOCALA~1\AppData\Local\Temp\cc7CUxIk.s 			page 22


 724 0006 0B       		.uleb128 0xb
 725 0007 03       		.uleb128 0x3
 726 0008 0E       		.uleb128 0xe
 727 0009 1B       		.uleb128 0x1b
 728 000a 0E       		.uleb128 0xe
 729 000b 55       		.uleb128 0x55
 730 000c 17       		.uleb128 0x17
 731 000d 11       		.uleb128 0x11
 732 000e 01       		.uleb128 0x1
 733 000f 10       		.uleb128 0x10
 734 0010 17       		.uleb128 0x17
 735 0011 00       		.byte	0
 736 0012 00       		.byte	0
 737 0013 02       		.uleb128 0x2
 738 0014 24       		.uleb128 0x24
 739 0015 00       		.byte	0
 740 0016 0B       		.uleb128 0xb
 741 0017 0B       		.uleb128 0xb
 742 0018 3E       		.uleb128 0x3e
 743 0019 0B       		.uleb128 0xb
 744 001a 03       		.uleb128 0x3
 745 001b 0E       		.uleb128 0xe
 746 001c 00       		.byte	0
 747 001d 00       		.byte	0
 748 001e 03       		.uleb128 0x3
 749 001f 24       		.uleb128 0x24
 750 0020 00       		.byte	0
 751 0021 0B       		.uleb128 0xb
 752 0022 0B       		.uleb128 0xb
 753 0023 3E       		.uleb128 0x3e
 754 0024 0B       		.uleb128 0xb
 755 0025 03       		.uleb128 0x3
 756 0026 08       		.uleb128 0x8
 757 0027 00       		.byte	0
 758 0028 00       		.byte	0
 759 0029 04       		.uleb128 0x4
 760 002a 16       		.uleb128 0x16
 761 002b 00       		.byte	0
 762 002c 03       		.uleb128 0x3
 763 002d 0E       		.uleb128 0xe
 764 002e 3A       		.uleb128 0x3a
 765 002f 0B       		.uleb128 0xb
 766 0030 3B       		.uleb128 0x3b
 767 0031 0B       		.uleb128 0xb
 768 0032 49       		.uleb128 0x49
 769 0033 13       		.uleb128 0x13
 770 0034 00       		.byte	0
 771 0035 00       		.byte	0
 772 0036 05       		.uleb128 0x5
 773 0037 35       		.uleb128 0x35
 774 0038 00       		.byte	0
 775 0039 49       		.uleb128 0x49
 776 003a 13       		.uleb128 0x13
 777 003b 00       		.byte	0
 778 003c 00       		.byte	0
 779 003d 06       		.uleb128 0x6
 780 003e 16       		.uleb128 0x16
ARM GAS  C:\Users\LOCALA~1\AppData\Local\Temp\cc7CUxIk.s 			page 23


 781 003f 00       		.byte	0
 782 0040 03       		.uleb128 0x3
 783 0041 0E       		.uleb128 0xe
 784 0042 3A       		.uleb128 0x3a
 785 0043 0B       		.uleb128 0xb
 786 0044 3B       		.uleb128 0x3b
 787 0045 05       		.uleb128 0x5
 788 0046 49       		.uleb128 0x49
 789 0047 13       		.uleb128 0x13
 790 0048 00       		.byte	0
 791 0049 00       		.byte	0
 792 004a 07       		.uleb128 0x7
 793 004b 0F       		.uleb128 0xf
 794 004c 00       		.byte	0
 795 004d 0B       		.uleb128 0xb
 796 004e 0B       		.uleb128 0xb
 797 004f 49       		.uleb128 0x49
 798 0050 13       		.uleb128 0x13
 799 0051 00       		.byte	0
 800 0052 00       		.byte	0
 801 0053 08       		.uleb128 0x8
 802 0054 15       		.uleb128 0x15
 803 0055 00       		.byte	0
 804 0056 27       		.uleb128 0x27
 805 0057 19       		.uleb128 0x19
 806 0058 00       		.byte	0
 807 0059 00       		.byte	0
 808 005a 09       		.uleb128 0x9
 809 005b 26       		.uleb128 0x26
 810 005c 00       		.byte	0
 811 005d 49       		.uleb128 0x49
 812 005e 13       		.uleb128 0x13
 813 005f 00       		.byte	0
 814 0060 00       		.byte	0
 815 0061 0A       		.uleb128 0xa
 816 0062 13       		.uleb128 0x13
 817 0063 01       		.byte	0x1
 818 0064 03       		.uleb128 0x3
 819 0065 0E       		.uleb128 0xe
 820 0066 0B       		.uleb128 0xb
 821 0067 0B       		.uleb128 0xb
 822 0068 3A       		.uleb128 0x3a
 823 0069 0B       		.uleb128 0xb
 824 006a 3B       		.uleb128 0x3b
 825 006b 0B       		.uleb128 0xb
 826 006c 01       		.uleb128 0x1
 827 006d 13       		.uleb128 0x13
 828 006e 00       		.byte	0
 829 006f 00       		.byte	0
 830 0070 0B       		.uleb128 0xb
 831 0071 0D       		.uleb128 0xd
 832 0072 00       		.byte	0
 833 0073 03       		.uleb128 0x3
 834 0074 0E       		.uleb128 0xe
 835 0075 3A       		.uleb128 0x3a
 836 0076 0B       		.uleb128 0xb
 837 0077 3B       		.uleb128 0x3b
ARM GAS  C:\Users\LOCALA~1\AppData\Local\Temp\cc7CUxIk.s 			page 24


 838 0078 0B       		.uleb128 0xb
 839 0079 49       		.uleb128 0x49
 840 007a 13       		.uleb128 0x13
 841 007b 38       		.uleb128 0x38
 842 007c 0B       		.uleb128 0xb
 843 007d 00       		.byte	0
 844 007e 00       		.byte	0
 845 007f 0C       		.uleb128 0xc
 846 0080 2E       		.uleb128 0x2e
 847 0081 00       		.byte	0
 848 0082 3F       		.uleb128 0x3f
 849 0083 19       		.uleb128 0x19
 850 0084 03       		.uleb128 0x3
 851 0085 0E       		.uleb128 0xe
 852 0086 3A       		.uleb128 0x3a
 853 0087 0B       		.uleb128 0xb
 854 0088 3B       		.uleb128 0x3b
 855 0089 0B       		.uleb128 0xb
 856 008a 27       		.uleb128 0x27
 857 008b 19       		.uleb128 0x19
 858 008c 11       		.uleb128 0x11
 859 008d 01       		.uleb128 0x1
 860 008e 12       		.uleb128 0x12
 861 008f 06       		.uleb128 0x6
 862 0090 40       		.uleb128 0x40
 863 0091 18       		.uleb128 0x18
 864 0092 9742     		.uleb128 0x2117
 865 0094 19       		.uleb128 0x19
 866 0095 00       		.byte	0
 867 0096 00       		.byte	0
 868 0097 0D       		.uleb128 0xd
 869 0098 2E       		.uleb128 0x2e
 870 0099 00       		.byte	0
 871 009a 3F       		.uleb128 0x3f
 872 009b 19       		.uleb128 0x19
 873 009c 03       		.uleb128 0x3
 874 009d 0E       		.uleb128 0xe
 875 009e 3A       		.uleb128 0x3a
 876 009f 0B       		.uleb128 0xb
 877 00a0 3B       		.uleb128 0x3b
 878 00a1 0B       		.uleb128 0xb
 879 00a2 27       		.uleb128 0x27
 880 00a3 19       		.uleb128 0x19
 881 00a4 11       		.uleb128 0x11
 882 00a5 01       		.uleb128 0x1
 883 00a6 12       		.uleb128 0x12
 884 00a7 06       		.uleb128 0x6
 885 00a8 40       		.uleb128 0x40
 886 00a9 18       		.uleb128 0x18
 887 00aa 9642     		.uleb128 0x2116
 888 00ac 19       		.uleb128 0x19
 889 00ad 00       		.byte	0
 890 00ae 00       		.byte	0
 891 00af 0E       		.uleb128 0xe
 892 00b0 2E       		.uleb128 0x2e
 893 00b1 01       		.byte	0x1
 894 00b2 3F       		.uleb128 0x3f
ARM GAS  C:\Users\LOCALA~1\AppData\Local\Temp\cc7CUxIk.s 			page 25


 895 00b3 19       		.uleb128 0x19
 896 00b4 03       		.uleb128 0x3
 897 00b5 0E       		.uleb128 0xe
 898 00b6 3A       		.uleb128 0x3a
 899 00b7 0B       		.uleb128 0xb
 900 00b8 3B       		.uleb128 0x3b
 901 00b9 0B       		.uleb128 0xb
 902 00ba 27       		.uleb128 0x27
 903 00bb 19       		.uleb128 0x19
 904 00bc 11       		.uleb128 0x11
 905 00bd 01       		.uleb128 0x1
 906 00be 12       		.uleb128 0x12
 907 00bf 06       		.uleb128 0x6
 908 00c0 40       		.uleb128 0x40
 909 00c1 18       		.uleb128 0x18
 910 00c2 9742     		.uleb128 0x2117
 911 00c4 19       		.uleb128 0x19
 912 00c5 01       		.uleb128 0x1
 913 00c6 13       		.uleb128 0x13
 914 00c7 00       		.byte	0
 915 00c8 00       		.byte	0
 916 00c9 0F       		.uleb128 0xf
 917 00ca 05       		.uleb128 0x5
 918 00cb 00       		.byte	0
 919 00cc 03       		.uleb128 0x3
 920 00cd 0E       		.uleb128 0xe
 921 00ce 3A       		.uleb128 0x3a
 922 00cf 0B       		.uleb128 0xb
 923 00d0 3B       		.uleb128 0x3b
 924 00d1 0B       		.uleb128 0xb
 925 00d2 49       		.uleb128 0x49
 926 00d3 13       		.uleb128 0x13
 927 00d4 02       		.uleb128 0x2
 928 00d5 18       		.uleb128 0x18
 929 00d6 00       		.byte	0
 930 00d7 00       		.byte	0
 931 00d8 10       		.uleb128 0x10
 932 00d9 34       		.uleb128 0x34
 933 00da 00       		.byte	0
 934 00db 03       		.uleb128 0x3
 935 00dc 08       		.uleb128 0x8
 936 00dd 3A       		.uleb128 0x3a
 937 00de 0B       		.uleb128 0xb
 938 00df 3B       		.uleb128 0x3b
 939 00e0 05       		.uleb128 0x5
 940 00e1 49       		.uleb128 0x49
 941 00e2 13       		.uleb128 0x13
 942 00e3 02       		.uleb128 0x2
 943 00e4 18       		.uleb128 0x18
 944 00e5 00       		.byte	0
 945 00e6 00       		.byte	0
 946 00e7 11       		.uleb128 0x11
 947 00e8 2E       		.uleb128 0x2e
 948 00e9 01       		.byte	0x1
 949 00ea 3F       		.uleb128 0x3f
 950 00eb 19       		.uleb128 0x19
 951 00ec 03       		.uleb128 0x3
ARM GAS  C:\Users\LOCALA~1\AppData\Local\Temp\cc7CUxIk.s 			page 26


 952 00ed 0E       		.uleb128 0xe
 953 00ee 3A       		.uleb128 0x3a
 954 00ef 0B       		.uleb128 0xb
 955 00f0 3B       		.uleb128 0x3b
 956 00f1 05       		.uleb128 0x5
 957 00f2 27       		.uleb128 0x27
 958 00f3 19       		.uleb128 0x19
 959 00f4 11       		.uleb128 0x11
 960 00f5 01       		.uleb128 0x1
 961 00f6 12       		.uleb128 0x12
 962 00f7 06       		.uleb128 0x6
 963 00f8 40       		.uleb128 0x40
 964 00f9 18       		.uleb128 0x18
 965 00fa 9642     		.uleb128 0x2116
 966 00fc 19       		.uleb128 0x19
 967 00fd 01       		.uleb128 0x1
 968 00fe 13       		.uleb128 0x13
 969 00ff 00       		.byte	0
 970 0100 00       		.byte	0
 971 0101 12       		.uleb128 0x12
 972 0102 34       		.uleb128 0x34
 973 0103 00       		.byte	0
 974 0104 03       		.uleb128 0x3
 975 0105 0E       		.uleb128 0xe
 976 0106 3A       		.uleb128 0x3a
 977 0107 0B       		.uleb128 0xb
 978 0108 3B       		.uleb128 0x3b
 979 0109 05       		.uleb128 0x5
 980 010a 49       		.uleb128 0x49
 981 010b 13       		.uleb128 0x13
 982 010c 02       		.uleb128 0x2
 983 010d 18       		.uleb128 0x18
 984 010e 00       		.byte	0
 985 010f 00       		.byte	0
 986 0110 13       		.uleb128 0x13
 987 0111 0B       		.uleb128 0xb
 988 0112 01       		.byte	0x1
 989 0113 11       		.uleb128 0x11
 990 0114 01       		.uleb128 0x1
 991 0115 12       		.uleb128 0x12
 992 0116 06       		.uleb128 0x6
 993 0117 00       		.byte	0
 994 0118 00       		.byte	0
 995 0119 14       		.uleb128 0x14
 996 011a 34       		.uleb128 0x34
 997 011b 00       		.byte	0
 998 011c 03       		.uleb128 0x3
 999 011d 0E       		.uleb128 0xe
 1000 011e 3A       		.uleb128 0x3a
 1001 011f 0B       		.uleb128 0xb
 1002 0120 3B       		.uleb128 0x3b
 1003 0121 0B       		.uleb128 0xb
 1004 0122 49       		.uleb128 0x49
 1005 0123 13       		.uleb128 0x13
 1006 0124 02       		.uleb128 0x2
 1007 0125 18       		.uleb128 0x18
 1008 0126 00       		.byte	0
ARM GAS  C:\Users\LOCALA~1\AppData\Local\Temp\cc7CUxIk.s 			page 27


 1009 0127 00       		.byte	0
 1010 0128 15       		.uleb128 0x15
 1011 0129 34       		.uleb128 0x34
 1012 012a 00       		.byte	0
 1013 012b 03       		.uleb128 0x3
 1014 012c 0E       		.uleb128 0xe
 1015 012d 3A       		.uleb128 0x3a
 1016 012e 0B       		.uleb128 0xb
 1017 012f 3B       		.uleb128 0x3b
 1018 0130 0B       		.uleb128 0xb
 1019 0131 49       		.uleb128 0x49
 1020 0132 13       		.uleb128 0x13
 1021 0133 3F       		.uleb128 0x3f
 1022 0134 19       		.uleb128 0x19
 1023 0135 3C       		.uleb128 0x3c
 1024 0136 19       		.uleb128 0x19
 1025 0137 00       		.byte	0
 1026 0138 00       		.byte	0
 1027 0139 16       		.uleb128 0x16
 1028 013a 01       		.uleb128 0x1
 1029 013b 01       		.byte	0x1
 1030 013c 49       		.uleb128 0x49
 1031 013d 13       		.uleb128 0x13
 1032 013e 01       		.uleb128 0x1
 1033 013f 13       		.uleb128 0x13
 1034 0140 00       		.byte	0
 1035 0141 00       		.byte	0
 1036 0142 17       		.uleb128 0x17
 1037 0143 21       		.uleb128 0x21
 1038 0144 00       		.byte	0
 1039 0145 49       		.uleb128 0x49
 1040 0146 13       		.uleb128 0x13
 1041 0147 2F       		.uleb128 0x2f
 1042 0148 0B       		.uleb128 0xb
 1043 0149 00       		.byte	0
 1044 014a 00       		.byte	0
 1045 014b 18       		.uleb128 0x18
 1046 014c 34       		.uleb128 0x34
 1047 014d 00       		.byte	0
 1048 014e 03       		.uleb128 0x3
 1049 014f 0E       		.uleb128 0xe
 1050 0150 3A       		.uleb128 0x3a
 1051 0151 0B       		.uleb128 0xb
 1052 0152 3B       		.uleb128 0x3b
 1053 0153 0B       		.uleb128 0xb
 1054 0154 49       		.uleb128 0x49
 1055 0155 13       		.uleb128 0x13
 1056 0156 3F       		.uleb128 0x3f
 1057 0157 19       		.uleb128 0x19
 1058 0158 02       		.uleb128 0x2
 1059 0159 18       		.uleb128 0x18
 1060 015a 00       		.byte	0
 1061 015b 00       		.byte	0
 1062 015c 19       		.uleb128 0x19
 1063 015d 21       		.uleb128 0x21
 1064 015e 00       		.byte	0
 1065 015f 00       		.byte	0
ARM GAS  C:\Users\LOCALA~1\AppData\Local\Temp\cc7CUxIk.s 			page 28


 1066 0160 00       		.byte	0
 1067 0161 1A       		.uleb128 0x1a
 1068 0162 34       		.uleb128 0x34
 1069 0163 00       		.byte	0
 1070 0164 03       		.uleb128 0x3
 1071 0165 0E       		.uleb128 0xe
 1072 0166 3A       		.uleb128 0x3a
 1073 0167 0B       		.uleb128 0xb
 1074 0168 3B       		.uleb128 0x3b
 1075 0169 05       		.uleb128 0x5
 1076 016a 49       		.uleb128 0x49
 1077 016b 13       		.uleb128 0x13
 1078 016c 3F       		.uleb128 0x3f
 1079 016d 19       		.uleb128 0x19
 1080 016e 02       		.uleb128 0x2
 1081 016f 18       		.uleb128 0x18
 1082 0170 00       		.byte	0
 1083 0171 00       		.byte	0
 1084 0172 00       		.byte	0
 1085              		.section	.debug_aranges,"",%progbits
 1086 0000 3C000000 		.4byte	0x3c
 1087 0004 0200     		.2byte	0x2
 1088 0006 00000000 		.4byte	.Ldebug_info0
 1089 000a 04       		.byte	0x4
 1090 000b 00       		.byte	0
 1091 000c 0000     		.2byte	0
 1092 000e 0000     		.2byte	0
 1093 0010 00000000 		.4byte	.LFB0
 1094 0014 06000000 		.4byte	.LFE0-.LFB0
 1095 0018 00000000 		.4byte	.LFB1
 1096 001c 18000000 		.4byte	.LFE1-.LFB1
 1097 0020 00000000 		.4byte	.LFB2
 1098 0024 28000000 		.4byte	.LFE2-.LFB2
 1099 0028 00000000 		.4byte	.LFB3
 1100 002c 94000000 		.4byte	.LFE3-.LFB3
 1101 0030 00000000 		.4byte	.LFB4
 1102 0034 8C000000 		.4byte	.LFE4-.LFB4
 1103 0038 00000000 		.4byte	0
 1104 003c 00000000 		.4byte	0
 1105              		.section	.debug_ranges,"",%progbits
 1106              	.Ldebug_ranges0:
 1107 0000 00000000 		.4byte	.LFB0
 1108 0004 06000000 		.4byte	.LFE0
 1109 0008 00000000 		.4byte	.LFB1
 1110 000c 18000000 		.4byte	.LFE1
 1111 0010 00000000 		.4byte	.LFB2
 1112 0014 28000000 		.4byte	.LFE2
 1113 0018 00000000 		.4byte	.LFB3
 1114 001c 94000000 		.4byte	.LFE3
 1115 0020 00000000 		.4byte	.LFB4
 1116 0024 8C000000 		.4byte	.LFE4
 1117 0028 00000000 		.4byte	0
 1118 002c 00000000 		.4byte	0
 1119              		.section	.debug_line,"",%progbits
 1120              	.Ldebug_line0:
 1121 0000 A4010000 		.section	.debug_str,"MS",%progbits,1
 1121      0200D200 
ARM GAS  C:\Users\LOCALA~1\AppData\Local\Temp\cc7CUxIk.s 			page 29


 1121      00000201 
 1121      FB0E0D00 
 1121      01010101 
 1122              	.LASF15:
 1123 0000 72656733 		.ascii	"reg32\000"
 1123      3200
 1124              	.LASF17:
 1125 0006 73697A65 		.ascii	"size_t\000"
 1125      5F7400
 1126              	.LASF35:
 1127 000d 43795261 		.ascii	"CyRamVectors\000"
 1127      6D566563 
 1127      746F7273 
 1127      00
 1128              	.LASF27:
 1129 001a 53746172 		.ascii	"Start_c\000"
 1129      745F6300 
 1130              	.LASF31:
 1131 0022 636F756E 		.ascii	"count\000"
 1131      7400
 1132              	.LASF3:
 1133 0028 73686F72 		.ascii	"short unsigned int\000"
 1133      7420756E 
 1133      7369676E 
 1133      65642069 
 1133      6E7400
 1134              	.LASF37:
 1135 003b 5F5F6379 		.ascii	"__cy_region_num\000"
 1135      5F726567 
 1135      696F6E5F 
 1135      6E756D00 
 1136              	.LASF20:
 1137 004b 696E6974 		.ascii	"init\000"
 1137      00
 1138              	.LASF43:
 1139 0050 73746174 		.ascii	"status\000"
 1139      757300
 1140              	.LASF23:
 1141 0057 7A65726F 		.ascii	"zero_size\000"
 1141      5F73697A 
 1141      6500
 1142              	.LASF29:
 1143 0061 72707472 		.ascii	"rptr\000"
 1143      00
 1144              	.LASF11:
 1145 0066 666C6F61 		.ascii	"float\000"
 1145      7400
 1146              	.LASF21:
 1147 006c 64617461 		.ascii	"data\000"
 1147      00
 1148              	.LASF1:
 1149 0071 756E7369 		.ascii	"unsigned char\000"
 1149      676E6564 
 1149      20636861 
 1149      7200
 1150              	.LASF38:
 1151 007f 526F6D56 		.ascii	"RomVectors\000"
ARM GAS  C:\Users\LOCALA~1\AppData\Local\Temp\cc7CUxIk.s 			page 30


 1151      6563746F 
 1151      727300
 1152              	.LASF5:
 1153 008a 6C6F6E67 		.ascii	"long unsigned int\000"
 1153      20756E73 
 1153      69676E65 
 1153      6420696E 
 1153      7400
 1154              	.LASF33:
 1155 009c 63795379 		.ascii	"cySysNoInitDataValid\000"
 1155      734E6F49 
 1155      6E697444 
 1155      61746156 
 1155      616C6964 
 1156              	.LASF9:
 1157 00b1 75696E74 		.ascii	"uint8\000"
 1157      3800
 1158              	.LASF25:
 1159 00b7 52657365 		.ascii	"Reset\000"
 1159      7400
 1160              	.LASF26:
 1161 00bd 5F657869 		.ascii	"_exit\000"
 1161      7400
 1162              	.LASF40:
 1163 00c3 47656E65 		.ascii	"Generated_Source\\PSoC5\\Cm3Start.c\000"
 1163      72617465 
 1163      645F536F 
 1163      75726365 
 1163      5C50536F 
 1164              	.LASF39:
 1165 00e5 474E5520 		.ascii	"GNU C 4.9.3 20150303 (release) [ARM/embedded-4_9-br"
 1165      4320342E 
 1165      392E3320 
 1165      32303135 
 1165      30333033 
 1166 0118 616E6368 		.ascii	"anch revision 221220] -mcpu=cortex-m3 -mthumb -g -O"
 1166      20726576 
 1166      6973696F 
 1166      6E203232 
 1166      31323230 
 1167 014b 30202D66 		.ascii	"0 -ffunction-sections -ffat-lto-objects\000"
 1167      66756E63 
 1167      74696F6E 
 1167      2D736563 
 1167      74696F6E 
 1168              	.LASF12:
 1169 0173 646F7562 		.ascii	"double\000"
 1169      6C6500
 1170              	.LASF32:
 1171 017a 696E6974 		.ascii	"initialize_psoc\000"
 1171      69616C69 
 1171      7A655F70 
 1171      736F6300 
 1172              	.LASF10:
 1173 018a 75696E74 		.ascii	"uint32\000"
 1173      333200
 1174              	.LASF8:
ARM GAS  C:\Users\LOCALA~1\AppData\Local\Temp\cc7CUxIk.s 			page 31


 1175 0191 756E7369 		.ascii	"unsigned int\000"
 1175      676E6564 
 1175      20696E74 
 1175      00
 1176              	.LASF7:
 1177 019e 6C6F6E67 		.ascii	"long long unsigned int\000"
 1177      206C6F6E 
 1177      6720756E 
 1177      7369676E 
 1177      65642069 
 1178              	.LASF30:
 1179 01b5 6C696D69 		.ascii	"limit\000"
 1179      7400
 1180              	.LASF16:
 1181 01bb 63796973 		.ascii	"cyisraddress\000"
 1181      72616464 
 1181      72657373 
 1181      00
 1182              	.LASF22:
 1183 01c8 696E6974 		.ascii	"init_size\000"
 1183      5F73697A 
 1183      6500
 1184              	.LASF19:
 1185 01d2 5F5F6379 		.ascii	"__cy_byte_align8\000"
 1185      5F627974 
 1185      655F616C 
 1185      69676E38 
 1185      00
 1186              	.LASF14:
 1187 01e3 72656738 		.ascii	"reg8\000"
 1187      00
 1188              	.LASF18:
 1189 01e8 73697A65 		.ascii	"sizetype\000"
 1189      74797065 
 1189      00
 1190              	.LASF6:
 1191 01f1 6C6F6E67 		.ascii	"long long int\000"
 1191      206C6F6E 
 1191      6720696E 
 1191      7400
 1192              	.LASF13:
 1193 01ff 63686172 		.ascii	"char\000"
 1193      00
 1194              	.LASF2:
 1195 0204 73686F72 		.ascii	"short int\000"
 1195      7420696E 
 1195      7400
 1196              	.LASF41:
 1197 020e 433A5C55 		.ascii	"C:\\Users\\localadmin\\Downloads\\kam\\PSoC program"
 1197      73657273 
 1197      5C6C6F63 
 1197      616C6164 
 1197      6D696E5C 
 1198 023c 5C63616D 		.ascii	"\\camera01\\UART_1.cydsn\000"
 1198      65726130 
 1198      315C5541 
 1198      52545F31 
ARM GAS  C:\Users\LOCALA~1\AppData\Local\Temp\cc7CUxIk.s 			page 32


 1198      2E637964 
 1199              	.LASF4:
 1200 0253 6C6F6E67 		.ascii	"long int\000"
 1200      20696E74 
 1200      00
 1201              	.LASF34:
 1202 025c 43795265 		.ascii	"CyResetStatus\000"
 1202      73657453 
 1202      74617475 
 1202      7300
 1203              	.LASF0:
 1204 026a 7369676E 		.ascii	"signed char\000"
 1204      65642063 
 1204      68617200 
 1205              	.LASF24:
 1206 0276 496E7444 		.ascii	"IntDefaultHandler\000"
 1206      65666175 
 1206      6C744861 
 1206      6E646C65 
 1206      7200
 1207              	.LASF36:
 1208 0288 5F5F6379 		.ascii	"__cy_regions\000"
 1208      5F726567 
 1208      696F6E73 
 1208      00
 1209              	.LASF28:
 1210 0295 72656769 		.ascii	"regions\000"
 1210      6F6E7300 
 1211              	.LASF42:
 1212 029d 5F5F6379 		.ascii	"__cy_region\000"
 1212      5F726567 
 1212      696F6E00 
 1213              		.ident	"GCC: (GNU Tools for ARM Embedded Processors) 4.9.3 20150303 (release) [ARM/embedded-4_9-br
