ARM GAS  C:\Users\LOCALA~1\AppData\Local\Temp\ccTN4uMo.s 			page 1


   1              		.syntax unified
   2              		.cpu cortex-m3
   3              		.fpu softvfp
   4              		.eabi_attribute 20, 1
   5              		.eabi_attribute 21, 1
   6              		.eabi_attribute 23, 3
   7              		.eabi_attribute 24, 1
   8              		.eabi_attribute 25, 1
   9              		.eabi_attribute 26, 1
  10              		.eabi_attribute 30, 6
  11              		.eabi_attribute 34, 1
  12              		.eabi_attribute 18, 4
  13              		.thumb
  14              		.file	"cymetadata.c"
  15              		.text
  16              	.Ltext0:
  17              		.cfi_sections	.debug_frame
  18              		.global	cy_meta_configecc
  19              		.section	.cyconfigecc,"a",%progbits
  20              		.align	2
  21              		.type	cy_meta_configecc, %object
  22              		.size	cy_meta_configecc, 1728
  23              	cy_meta_configecc:
  24 0000 04       		.byte	4
  25 0001 52       		.byte	82
  26 0002 00       		.byte	0
  27 0003 40       		.byte	64
  28 0004 04       		.byte	4
  29 0005 64       		.byte	100
  30 0006 00       		.byte	0
  31 0007 40       		.byte	64
  32 0008 02       		.byte	2
  33 0009 65       		.byte	101
  34 000a 00       		.byte	0
  35 000b 40       		.byte	64
  36 000c 01       		.byte	1
  37 000d 03       		.byte	3
  38 000e 01       		.byte	1
  39 000f 40       		.byte	64
  40 0010 01       		.byte	1
  41 0011 07       		.byte	7
  42 0012 01       		.byte	1
  43 0013 40       		.byte	64
  44 0014 53       		.byte	83
  45 0015 08       		.byte	8
  46 0016 01       		.byte	1
  47 0017 40       		.byte	64
  48 0018 49       		.byte	73
  49 0019 09       		.byte	9
  50 001a 01       		.byte	1
  51 001b 40       		.byte	64
  52 001c 62       		.byte	98
  53 001d 0A       		.byte	10
  54 001e 01       		.byte	1
  55 001f 40       		.byte	64
  56 0020 46       		.byte	70
  57 0021 0B       		.byte	11
ARM GAS  C:\Users\LOCALA~1\AppData\Local\Temp\ccTN4uMo.s 			page 2


  58 0022 01       		.byte	1
  59 0023 40       		.byte	64
  60 0024 45       		.byte	69
  61 0025 0C       		.byte	12
  62 0026 01       		.byte	1
  63 0027 40       		.byte	64
  64 0028 2E       		.byte	46
  65 0029 0D       		.byte	13
  66 002a 01       		.byte	1
  67 002b 40       		.byte	64
  68 002c 01       		.byte	1
  69 002d 15       		.byte	21
  70 002e 01       		.byte	1
  71 002f 40       		.byte	64
  72 0030 5E       		.byte	94
  73 0031 18       		.byte	24
  74 0032 01       		.byte	1
  75 0033 40       		.byte	64
  76 0034 44       		.byte	68
  77 0035 19       		.byte	25
  78 0036 01       		.byte	1
  79 0037 40       		.byte	64
  80 0038 48       		.byte	72
  81 0039 1A       		.byte	26
  82 003a 01       		.byte	1
  83 003b 40       		.byte	64
  84 003c 48       		.byte	72
  85 003d 1B       		.byte	27
  86 003e 01       		.byte	1
  87 003f 40       		.byte	64
  88 0040 04       		.byte	4
  89 0041 40       		.byte	64
  90 0042 01       		.byte	1
  91 0043 40       		.byte	64
  92 0044 06       		.byte	6
  93 0045 41       		.byte	65
  94 0046 01       		.byte	1
  95 0047 40       		.byte	64
  96 0048 02       		.byte	2
  97 0049 42       		.byte	66
  98 004a 01       		.byte	1
  99 004b 40       		.byte	64
 100 004c 04       		.byte	4
 101 004d 43       		.byte	67
 102 004e 01       		.byte	1
 103 004f 40       		.byte	64
 104 0050 01       		.byte	1
 105 0051 48       		.byte	72
 106 0052 01       		.byte	1
 107 0053 40       		.byte	64
 108 0054 03       		.byte	3
 109 0055 49       		.byte	73
 110 0056 01       		.byte	1
 111 0057 40       		.byte	64
 112 0058 04       		.byte	4
 113 0059 4C       		.byte	76
 114 005a 01       		.byte	1
ARM GAS  C:\Users\LOCALA~1\AppData\Local\Temp\ccTN4uMo.s 			page 3


 115 005b 40       		.byte	64
 116 005c 0B       		.byte	11
 117 005d 4D       		.byte	77
 118 005e 01       		.byte	1
 119 005f 40       		.byte	64
 120 0060 05       		.byte	5
 121 0061 50       		.byte	80
 122 0062 01       		.byte	1
 123 0063 40       		.byte	64
 124 0064 01       		.byte	1
 125 0065 51       		.byte	81
 126 0066 01       		.byte	1
 127 0067 40       		.byte	64
 128 0068 08       		.byte	8
 129 0069 80       		.byte	-128
 130 006a 0C       		.byte	12
 131 006b 40       		.byte	64
 132 006c 61       		.byte	97
 133 006d 80       		.byte	-128
 134 006e 64       		.byte	100
 135 006f 40       		.byte	64
 136 0070 88       		.byte	-120
 137 0071 38       		.byte	56
 138 0072 89       		.byte	-119
 139 0073 0F       		.byte	15
 140 0074 8B       		.byte	-117
 141 0075 38       		.byte	56
 142 0076 8C       		.byte	-116
 143 0077 72       		.byte	114
 144 0078 89       		.byte	-119
 145 0079 72       		.byte	114
 146 007a 8B       		.byte	-117
 147 007b 0F       		.byte	15
 148 007c E6       		.byte	-26
 149 007d 48       		.byte	72
 150 007e E6       		.byte	-26
 151 007f 08       		.byte	8
 152 0080 00       		.byte	0
 153 0081 14       		.byte	20
 154 0082 05       		.byte	5
 155 0083 06       		.byte	6
 156 0084 08       		.byte	8
 157 0085 9C       		.byte	-100
 158 0086 0A       		.byte	10
 159 0087 22       		.byte	34
 160 0088 13       		.byte	19
 161 0089 05       		.byte	5
 162 008a 14       		.byte	20
 163 008b 30       		.byte	48
 164 008c 16       		.byte	22
 165 008d 4C       		.byte	76
 166 008e 17       		.byte	23
 167 008f 03       		.byte	3
 168 0090 1A       		.byte	26
 169 0091 03       		.byte	3
 170 0092 1B       		.byte	27
 171 0093 07       		.byte	7
ARM GAS  C:\Users\LOCALA~1\AppData\Local\Temp\ccTN4uMo.s 			page 4


 172 0094 1C       		.byte	28
 173 0095 80       		.byte	-128
 174 0096 1D       		.byte	29
 175 0097 02       		.byte	2
 176 0098 1E       		.byte	30
 177 0099 10       		.byte	16
 178 009a 20       		.byte	32
 179 009b 2C       		.byte	44
 180 009c 22       		.byte	34
 181 009d D1       		.byte	-47
 182 009e 2C       		.byte	44
 183 009f 09       		.byte	9
 184 00a0 2D       		.byte	45
 185 00a1 08       		.byte	8
 186 00a2 2E       		.byte	46
 187 00a3 F0       		.byte	-16
 188 00a4 32       		.byte	50
 189 00a5 E0       		.byte	-32
 190 00a6 33       		.byte	51
 191 00a7 08       		.byte	8
 192 00a8 34       		.byte	52
 193 00a9 1F       		.byte	31
 194 00aa 35       		.byte	53
 195 00ab 07       		.byte	7
 196 00ac 3A       		.byte	58
 197 00ad 08       		.byte	8
 198 00ae 3B       		.byte	59
 199 00af 20       		.byte	32
 200 00b0 3F       		.byte	63
 201 00b1 04       		.byte	4
 202 00b2 54       		.byte	84
 203 00b3 18       		.byte	24
 204 00b4 56       		.byte	86
 205 00b5 04       		.byte	4
 206 00b6 58       		.byte	88
 207 00b7 04       		.byte	4
 208 00b8 59       		.byte	89
 209 00b9 04       		.byte	4
 210 00ba 5B       		.byte	91
 211 00bb 04       		.byte	4
 212 00bc 5C       		.byte	92
 213 00bd 01       		.byte	1
 214 00be 5D       		.byte	93
 215 00bf 10       		.byte	16
 216 00c0 5F       		.byte	95
 217 00c1 01       		.byte	1
 218 00c2 84       		.byte	-124
 219 00c3 11       		.byte	17
 220 00c4 85       		.byte	-123
 221 00c5 19       		.byte	25
 222 00c6 86       		.byte	-122
 223 00c7 22       		.byte	34
 224 00c8 87       		.byte	-121
 225 00c9 40       		.byte	64
 226 00ca 8D       		.byte	-115
 227 00cb 03       		.byte	3
 228 00cc 8F       		.byte	-113
ARM GAS  C:\Users\LOCALA~1\AppData\Local\Temp\ccTN4uMo.s 			page 5


 229 00cd 44       		.byte	68
 230 00ce 90       		.byte	-112
 231 00cf 24       		.byte	36
 232 00d0 91       		.byte	-111
 233 00d1 73       		.byte	115
 234 00d2 92       		.byte	-110
 235 00d3 12       		.byte	18
 236 00d4 93       		.byte	-109
 237 00d5 0C       		.byte	12
 238 00d6 94       		.byte	-108
 239 00d7 02       		.byte	2
 240 00d8 95       		.byte	-107
 241 00d9 73       		.byte	115
 242 00da 96       		.byte	-106
 243 00db 05       		.byte	5
 244 00dc 97       		.byte	-105
 245 00dd 04       		.byte	4
 246 00de A0       		.byte	-96
 247 00df 08       		.byte	8
 248 00e0 A4       		.byte	-92
 249 00e1 37       		.byte	55
 250 00e2 A8       		.byte	-88
 251 00e3 37       		.byte	55
 252 00e4 AB       		.byte	-85
 253 00e5 6E       		.byte	110
 254 00e6 B0       		.byte	-80
 255 00e7 30       		.byte	48
 256 00e8 B1       		.byte	-79
 257 00e9 0F       		.byte	15
 258 00ea B2       		.byte	-78
 259 00eb 07       		.byte	7
 260 00ec B3       		.byte	-77
 261 00ed 30       		.byte	48
 262 00ee B4       		.byte	-76
 263 00ef 08       		.byte	8
 264 00f0 B6       		.byte	-74
 265 00f1 08       		.byte	8
 266 00f2 B7       		.byte	-73
 267 00f3 40       		.byte	64
 268 00f4 B9       		.byte	-71
 269 00f5 08       		.byte	8
 270 00f6 BB       		.byte	-69
 271 00f7 02       		.byte	2
 272 00f8 BE       		.byte	-66
 273 00f9 40       		.byte	64
 274 00fa BF       		.byte	-65
 275 00fb 44       		.byte	68
 276 00fc C0       		.byte	-64
 277 00fd 41       		.byte	65
 278 00fe C1       		.byte	-63
 279 00ff 03       		.byte	3
 280 0100 C6       		.byte	-58
 281 0101 EC       		.byte	-20
 282 0102 C7       		.byte	-57
 283 0103 0B       		.byte	11
 284 0104 C8       		.byte	-56
 285 0105 1C       		.byte	28
ARM GAS  C:\Users\LOCALA~1\AppData\Local\Temp\ccTN4uMo.s 			page 6


 286 0106 C9       		.byte	-55
 287 0107 FF       		.byte	-1
 288 0108 CA       		.byte	-54
 289 0109 FF       		.byte	-1
 290 010a CB       		.byte	-53
 291 010b FF       		.byte	-1
 292 010c CE       		.byte	-50
 293 010d F0       		.byte	-16
 294 010e CF       		.byte	-49
 295 010f 44       		.byte	68
 296 0110 D0       		.byte	-48
 297 0111 0C       		.byte	12
 298 0112 D4       		.byte	-44
 299 0113 01       		.byte	1
 300 0114 D6       		.byte	-42
 301 0115 04       		.byte	4
 302 0116 D8       		.byte	-40
 303 0117 04       		.byte	4
 304 0118 D9       		.byte	-39
 305 0119 04       		.byte	4
 306 011a DA       		.byte	-38
 307 011b 04       		.byte	4
 308 011c DB       		.byte	-37
 309 011d 04       		.byte	4
 310 011e DF       		.byte	-33
 311 011f 01       		.byte	1
 312 0120 E6       		.byte	-26
 313 0121 C0       		.byte	-64
 314 0122 EA       		.byte	-22
 315 0123 40       		.byte	64
 316 0124 EB       		.byte	-21
 317 0125 02       		.byte	2
 318 0126 01       		.byte	1
 319 0127 08       		.byte	8
 320 0128 04       		.byte	4
 321 0129 10       		.byte	16
 322 012a 06       		.byte	6
 323 012b 40       		.byte	64
 324 012c 0A       		.byte	10
 325 012d 50       		.byte	80
 326 012e 0E       		.byte	14
 327 012f 24       		.byte	36
 328 0130 0F       		.byte	15
 329 0131 02       		.byte	2
 330 0132 10       		.byte	16
 331 0133 A8       		.byte	-88
 332 0134 15       		.byte	21
 333 0135 40       		.byte	64
 334 0136 17       		.byte	23
 335 0137 01       		.byte	1
 336 0138 18       		.byte	24
 337 0139 20       		.byte	32
 338 013a 19       		.byte	25
 339 013b 20       		.byte	32
 340 013c 1A       		.byte	26
 341 013d 51       		.byte	81
 342 013e 1C       		.byte	28
ARM GAS  C:\Users\LOCALA~1\AppData\Local\Temp\ccTN4uMo.s 			page 7


 343 013f 10       		.byte	16
 344 0140 1E       		.byte	30
 345 0141 04       		.byte	4
 346 0142 1F       		.byte	31
 347 0143 08       		.byte	8
 348 0144 21       		.byte	33
 349 0145 0A       		.byte	10
 350 0146 22       		.byte	34
 351 0147 40       		.byte	64
 352 0148 25       		.byte	37
 353 0149 04       		.byte	4
 354 014a 27       		.byte	39
 355 014b 04       		.byte	4
 356 014c 29       		.byte	41
 357 014d 20       		.byte	32
 358 014e 2E       		.byte	46
 359 014f 80       		.byte	-128
 360 0150 2F       		.byte	47
 361 0151 02       		.byte	2
 362 0152 30       		.byte	48
 363 0153 01       		.byte	1
 364 0154 31       		.byte	49
 365 0155 02       		.byte	2
 366 0156 33       		.byte	51
 367 0157 04       		.byte	4
 368 0158 34       		.byte	52
 369 0159 01       		.byte	1
 370 015a 35       		.byte	53
 371 015b 20       		.byte	32
 372 015c 36       		.byte	54
 373 015d 80       		.byte	-128
 374 015e 37       		.byte	55
 375 015f 04       		.byte	4
 376 0160 38       		.byte	56
 377 0161 80       		.byte	-128
 378 0162 39       		.byte	57
 379 0163 08       		.byte	8
 380 0164 3A       		.byte	58
 381 0165 08       		.byte	8
 382 0166 3E       		.byte	62
 383 0167 08       		.byte	8
 384 0168 41       		.byte	65
 385 0169 02       		.byte	2
 386 016a 42       		.byte	66
 387 016b 01       		.byte	1
 388 016c 43       		.byte	67
 389 016d 04       		.byte	4
 390 016e 50       		.byte	80
 391 016f 40       		.byte	64
 392 0170 52       		.byte	82
 393 0171 24       		.byte	36
 394 0172 59       		.byte	89
 395 0173 04       		.byte	4
 396 0174 5A       		.byte	90
 397 0175 82       		.byte	-126
 398 0176 5B       		.byte	91
 399 0177 20       		.byte	32
ARM GAS  C:\Users\LOCALA~1\AppData\Local\Temp\ccTN4uMo.s 			page 8


 400 0178 5C       		.byte	92
 401 0179 02       		.byte	2
 402 017a 63       		.byte	99
 403 017b 80       		.byte	-128
 404 017c 64       		.byte	100
 405 017d 40       		.byte	64
 406 017e 65       		.byte	101
 407 017f 40       		.byte	64
 408 0180 67       		.byte	103
 409 0181 04       		.byte	4
 410 0182 84       		.byte	-124
 411 0183 40       		.byte	64
 412 0184 90       		.byte	-112
 413 0185 40       		.byte	64
 414 0186 91       		.byte	-111
 415 0187 08       		.byte	8
 416 0188 92       		.byte	-110
 417 0189 20       		.byte	32
 418 018a 94       		.byte	-108
 419 018b 20       		.byte	32
 420 018c 96       		.byte	-106
 421 018d 40       		.byte	64
 422 018e 98       		.byte	-104
 423 018f 10       		.byte	16
 424 0190 99       		.byte	-103
 425 0191 04       		.byte	4
 426 0192 9A       		.byte	-102
 427 0193 41       		.byte	65
 428 0194 9C       		.byte	-100
 429 0195 01       		.byte	1
 430 0196 9D       		.byte	-99
 431 0197 28       		.byte	40
 432 0198 9E       		.byte	-98
 433 0199 84       		.byte	-124
 434 019a 9F       		.byte	-97
 435 019b 04       		.byte	4
 436 019c A0       		.byte	-96
 437 019d E8       		.byte	-24
 438 019e A2       		.byte	-94
 439 019f 80       		.byte	-128
 440 01a0 A5       		.byte	-91
 441 01a1 5C       		.byte	92
 442 01a2 A6       		.byte	-90
 443 01a3 20       		.byte	32
 444 01a4 A7       		.byte	-89
 445 01a5 C8       		.byte	-56
 446 01a6 C0       		.byte	-64
 447 01a7 54       		.byte	84
 448 01a8 C2       		.byte	-62
 449 01a9 EC       		.byte	-20
 450 01aa C4       		.byte	-60
 451 01ab 9E       		.byte	-98
 452 01ac CA       		.byte	-54
 453 01ad 14       		.byte	20
 454 01ae CC       		.byte	-52
 455 01af F3       		.byte	-13
 456 01b0 CE       		.byte	-50
ARM GAS  C:\Users\LOCALA~1\AppData\Local\Temp\ccTN4uMo.s 			page 9


 457 01b1 4A       		.byte	74
 458 01b2 D0       		.byte	-48
 459 01b3 0B       		.byte	11
 460 01b4 D6       		.byte	-42
 461 01b5 8F       		.byte	-113
 462 01b6 D8       		.byte	-40
 463 01b7 B1       		.byte	-79
 464 01b8 04       		.byte	4
 465 01b9 01       		.byte	1
 466 01ba 05       		.byte	5
 467 01bb 9C       		.byte	-100
 468 01bc 07       		.byte	7
 469 01bd 22       		.byte	34
 470 01be 15       		.byte	21
 471 01bf 2C       		.byte	44
 472 01c0 17       		.byte	23
 473 01c1 D1       		.byte	-47
 474 01c2 1B       		.byte	27
 475 01c3 03       		.byte	3
 476 01c4 1D       		.byte	29
 477 01c5 80       		.byte	-128
 478 01c6 1F       		.byte	31
 479 01c7 10       		.byte	16
 480 01c8 25       		.byte	37
 481 01c9 14       		.byte	20
 482 01ca 29       		.byte	41
 483 01cb 09       		.byte	9
 484 01cc 2B       		.byte	43
 485 01cd F0       		.byte	-16
 486 01ce 2D       		.byte	45
 487 01cf 30       		.byte	48
 488 01d0 2F       		.byte	47
 489 01d1 4C       		.byte	76
 490 01d2 32       		.byte	50
 491 01d3 01       		.byte	1
 492 01d4 33       		.byte	51
 493 01d5 E0       		.byte	-32
 494 01d6 35       		.byte	53
 495 01d7 1F       		.byte	31
 496 01d8 3B       		.byte	59
 497 01d9 08       		.byte	8
 498 01da 3E       		.byte	62
 499 01db 04       		.byte	4
 500 01dc 40       		.byte	64
 501 01dd 03       		.byte	3
 502 01de 45       		.byte	69
 503 01df 50       		.byte	80
 504 01e0 46       		.byte	70
 505 01e1 01       		.byte	1
 506 01e2 48       		.byte	72
 507 01e3 06       		.byte	6
 508 01e4 49       		.byte	73
 509 01e5 FF       		.byte	-1
 510 01e6 4A       		.byte	74
 511 01e7 07       		.byte	7
 512 01e8 4B       		.byte	75
 513 01e9 FF       		.byte	-1
ARM GAS  C:\Users\LOCALA~1\AppData\Local\Temp\ccTN4uMo.s 			page 10


 514 01ea 4C       		.byte	76
 515 01eb 40       		.byte	64
 516 01ec 4D       		.byte	77
 517 01ed 20       		.byte	32
 518 01ee 4E       		.byte	78
 519 01ef F0       		.byte	-16
 520 01f0 4F       		.byte	79
 521 01f1 05       		.byte	5
 522 01f2 50       		.byte	80
 523 01f3 08       		.byte	8
 524 01f4 58       		.byte	88
 525 01f5 04       		.byte	4
 526 01f6 59       		.byte	89
 527 01f7 04       		.byte	4
 528 01f8 5A       		.byte	90
 529 01f9 04       		.byte	4
 530 01fa 5F       		.byte	95
 531 01fb 01       		.byte	1
 532 01fc 60       		.byte	96
 533 01fd 40       		.byte	64
 534 01fe 61       		.byte	97
 535 01ff A8       		.byte	-88
 536 0200 62       		.byte	98
 537 0201 40       		.byte	64
 538 0202 63       		.byte	99
 539 0203 20       		.byte	32
 540 0204 85       		.byte	-123
 541 0205 08       		.byte	8
 542 0206 86       		.byte	-122
 543 0207 08       		.byte	8
 544 0208 89       		.byte	-119
 545 0209 1C       		.byte	28
 546 020a 8A       		.byte	-118
 547 020b 10       		.byte	16
 548 020c 8B       		.byte	-117
 549 020d 21       		.byte	33
 550 020e 8E       		.byte	-114
 551 020f 04       		.byte	4
 552 0210 8F       		.byte	-113
 553 0211 23       		.byte	35
 554 0212 91       		.byte	-111
 555 0213 3C       		.byte	60
 556 0214 92       		.byte	-110
 557 0215 08       		.byte	8
 558 0216 93       		.byte	-109
 559 0217 02       		.byte	2
 560 0218 95       		.byte	-107
 561 0219 27       		.byte	39
 562 021a 96       		.byte	-106
 563 021b 04       		.byte	4
 564 021c 97       		.byte	-105
 565 021d 18       		.byte	24
 566 021e 99       		.byte	-103
 567 021f 3F       		.byte	63
 568 0220 9D       		.byte	-99
 569 0221 10       		.byte	16
 570 0222 9E       		.byte	-98
ARM GAS  C:\Users\LOCALA~1\AppData\Local\Temp\ccTN4uMo.s 			page 11


 571 0223 02       		.byte	2
 572 0224 A0       		.byte	-96
 573 0225 01       		.byte	1
 574 0226 A3       		.byte	-93
 575 0227 04       		.byte	4
 576 0228 A5       		.byte	-91
 577 0229 04       		.byte	4
 578 022a A6       		.byte	-90
 579 022b 02       		.byte	2
 580 022c A9       		.byte	-87
 581 022d 18       		.byte	24
 582 022e B0       		.byte	-80
 583 022f 01       		.byte	1
 584 0230 B2       		.byte	-78
 585 0231 04       		.byte	4
 586 0232 B4       		.byte	-76
 587 0233 02       		.byte	2
 588 0234 B5       		.byte	-75
 589 0235 38       		.byte	56
 590 0236 B6       		.byte	-74
 591 0237 18       		.byte	24
 592 0238 B7       		.byte	-73
 593 0239 1F       		.byte	31
 594 023a BB       		.byte	-69
 595 023b 80       		.byte	-128
 596 023c BE       		.byte	-66
 597 023d 54       		.byte	84
 598 023e C0       		.byte	-64
 599 023f 65       		.byte	101
 600 0240 C1       		.byte	-63
 601 0241 02       		.byte	2
 602 0242 C2       		.byte	-62
 603 0243 03       		.byte	3
 604 0244 C4       		.byte	-60
 605 0245 01       		.byte	1
 606 0246 C5       		.byte	-59
 607 0247 C0       		.byte	-64
 608 0248 C6       		.byte	-58
 609 0249 E0       		.byte	-32
 610 024a C8       		.byte	-56
 611 024b 0A       		.byte	10
 612 024c C9       		.byte	-55
 613 024d FF       		.byte	-1
 614 024e CA       		.byte	-54
 615 024f FF       		.byte	-1
 616 0250 CB       		.byte	-53
 617 0251 FF       		.byte	-1
 618 0252 CC       		.byte	-52
 619 0253 62       		.byte	98
 620 0254 CD       		.byte	-51
 621 0255 A0       		.byte	-96
 622 0256 CE       		.byte	-50
 623 0257 F0       		.byte	-16
 624 0258 CF       		.byte	-49
 625 0259 41       		.byte	65
 626 025a D0       		.byte	-48
 627 025b 0C       		.byte	12
ARM GAS  C:\Users\LOCALA~1\AppData\Local\Temp\ccTN4uMo.s 			page 12


 628 025c D4       		.byte	-44
 629 025d 18       		.byte	24
 630 025e D6       		.byte	-42
 631 025f 04       		.byte	4
 632 0260 D8       		.byte	-40
 633 0261 04       		.byte	4
 634 0262 D9       		.byte	-39
 635 0263 04       		.byte	4
 636 0264 DA       		.byte	-38
 637 0265 04       		.byte	4
 638 0266 DB       		.byte	-37
 639 0267 04       		.byte	4
 640 0268 DC       		.byte	-36
 641 0269 01       		.byte	1
 642 026a DF       		.byte	-33
 643 026b 01       		.byte	1
 644 026c E6       		.byte	-26
 645 026d 40       		.byte	64
 646 026e E7       		.byte	-25
 647 026f 02       		.byte	2
 648 0270 E9       		.byte	-23
 649 0271 10       		.byte	16
 650 0272 EA       		.byte	-22
 651 0273 30       		.byte	48
 652 0274 EB       		.byte	-21
 653 0275 10       		.byte	16
 654 0276 ED       		.byte	-19
 655 0277 10       		.byte	16
 656 0278 EE       		.byte	-18
 657 0279 10       		.byte	16
 658 027a EF       		.byte	-17
 659 027b 12       		.byte	18
 660 027c 02       		.byte	2
 661 027d 20       		.byte	32
 662 027e 04       		.byte	4
 663 027f A0       		.byte	-96
 664 0280 05       		.byte	5
 665 0281 18       		.byte	24
 666 0282 0E       		.byte	14
 667 0283 40       		.byte	64
 668 0284 0F       		.byte	15
 669 0285 22       		.byte	34
 670 0286 16       		.byte	22
 671 0287 80       		.byte	-128
 672 0288 17       		.byte	23
 673 0289 08       		.byte	8
 674 028a 19       		.byte	25
 675 028b 04       		.byte	4
 676 028c 1C       		.byte	28
 677 028d 80       		.byte	-128
 678 028e 1D       		.byte	29
 679 028f 82       		.byte	-126
 680 0290 1E       		.byte	30
 681 0291 08       		.byte	8
 682 0292 1F       		.byte	31
 683 0293 04       		.byte	4
 684 0294 21       		.byte	33
ARM GAS  C:\Users\LOCALA~1\AppData\Local\Temp\ccTN4uMo.s 			page 13


 685 0295 04       		.byte	4
 686 0296 22       		.byte	34
 687 0297 10       		.byte	16
 688 0298 27       		.byte	39
 689 0299 09       		.byte	9
 690 029a 28       		.byte	40
 691 029b 01       		.byte	1
 692 029c 29       		.byte	41
 693 029d 20       		.byte	32
 694 029e 2A       		.byte	42
 695 029f 04       		.byte	4
 696 02a0 2D       		.byte	45
 697 02a1 08       		.byte	8
 698 02a2 2E       		.byte	46
 699 02a3 20       		.byte	32
 700 02a4 2F       		.byte	47
 701 02a5 80       		.byte	-128
 702 02a6 32       		.byte	50
 703 02a7 90       		.byte	-112
 704 02a8 33       		.byte	51
 705 02a9 04       		.byte	4
 706 02aa 35       		.byte	53
 707 02ab 40       		.byte	64
 708 02ac 36       		.byte	54
 709 02ad 08       		.byte	8
 710 02ae 37       		.byte	55
 711 02af 11       		.byte	17
 712 02b0 39       		.byte	57
 713 02b1 08       		.byte	8
 714 02b2 3C       		.byte	60
 715 02b3 10       		.byte	16
 716 02b4 3E       		.byte	62
 717 02b5 08       		.byte	8
 718 02b6 3F       		.byte	63
 719 02b7 40       		.byte	64
 720 02b8 41       		.byte	65
 721 02b9 08       		.byte	8
 722 02ba 45       		.byte	69
 723 02bb A0       		.byte	-96
 724 02bc 47       		.byte	71
 725 02bd 18       		.byte	24
 726 02be 4A       		.byte	74
 727 02bf 80       		.byte	-128
 728 02c0 4E       		.byte	78
 729 02c1 09       		.byte	9
 730 02c2 4F       		.byte	79
 731 02c3 42       		.byte	66
 732 02c4 50       		.byte	80
 733 02c5 80       		.byte	-128
 734 02c6 57       		.byte	87
 735 02c7 10       		.byte	16
 736 02c8 5F       		.byte	95
 737 02c9 02       		.byte	2
 738 02ca 64       		.byte	100
 739 02cb 40       		.byte	64
 740 02cc 67       		.byte	103
 741 02cd 0A       		.byte	10
ARM GAS  C:\Users\LOCALA~1\AppData\Local\Temp\ccTN4uMo.s 			page 14


 742 02ce 8E       		.byte	-114
 743 02cf 04       		.byte	4
 744 02d0 8F       		.byte	-113
 745 02d1 01       		.byte	1
 746 02d2 90       		.byte	-112
 747 02d3 D0       		.byte	-48
 748 02d4 92       		.byte	-110
 749 02d5 02       		.byte	2
 750 02d6 96       		.byte	-106
 751 02d7 40       		.byte	64
 752 02d8 98       		.byte	-104
 753 02d9 10       		.byte	16
 754 02da 99       		.byte	-103
 755 02db 40       		.byte	64
 756 02dc 9A       		.byte	-102
 757 02dd 69       		.byte	105
 758 02de 9B       		.byte	-101
 759 02df 02       		.byte	2
 760 02e0 9C       		.byte	-100
 761 02e1 40       		.byte	64
 762 02e2 9D       		.byte	-99
 763 02e3 18       		.byte	24
 764 02e4 9F       		.byte	-97
 765 02e5 01       		.byte	1
 766 02e6 A0       		.byte	-96
 767 02e7 28       		.byte	40
 768 02e8 A1       		.byte	-95
 769 02e9 20       		.byte	32
 770 02ea A2       		.byte	-94
 771 02eb 08       		.byte	8
 772 02ec A5       		.byte	-91
 773 02ed 56       		.byte	86
 774 02ee A7       		.byte	-89
 775 02ef 48       		.byte	72
 776 02f0 B2       		.byte	-78
 777 02f1 20       		.byte	32
 778 02f2 B3       		.byte	-77
 779 02f3 40       		.byte	64
 780 02f4 C0       		.byte	-64
 781 02f5 E4       		.byte	-28
 782 02f6 C2       		.byte	-62
 783 02f7 B0       		.byte	-80
 784 02f8 C4       		.byte	-60
 785 02f9 30       		.byte	48
 786 02fa CA       		.byte	-54
 787 02fb EE       		.byte	-18
 788 02fc CC       		.byte	-52
 789 02fd FE       		.byte	-2
 790 02fe CE       		.byte	-50
 791 02ff 72       		.byte	114
 792 0300 D0       		.byte	-48
 793 0301 72       		.byte	114
 794 0302 D2       		.byte	-46
 795 0303 30       		.byte	48
 796 0304 D6       		.byte	-42
 797 0305 80       		.byte	-128
 798 0306 D8       		.byte	-40
ARM GAS  C:\Users\LOCALA~1\AppData\Local\Temp\ccTN4uMo.s 			page 15


 799 0307 B0       		.byte	-80
 800 0308 00       		.byte	0
 801 0309 01       		.byte	1
 802 030a 04       		.byte	4
 803 030b 01       		.byte	1
 804 030c 05       		.byte	5
 805 030d 04       		.byte	4
 806 030e 08       		.byte	8
 807 030f 1A       		.byte	26
 808 0310 09       		.byte	9
 809 0311 0C       		.byte	12
 810 0312 0A       		.byte	10
 811 0313 04       		.byte	4
 812 0314 0C       		.byte	12
 813 0315 10       		.byte	16
 814 0316 0D       		.byte	13
 815 0317 22       		.byte	34
 816 0318 10       		.byte	16
 817 0319 1E       		.byte	30
 818 031a 11       		.byte	17
 819 031b 0C       		.byte	12
 820 031c 13       		.byte	19
 821 031d 73       		.byte	115
 822 031e 14       		.byte	20
 823 031f 06       		.byte	6
 824 0320 15       		.byte	21
 825 0321 73       		.byte	115
 826 0322 16       		.byte	22
 827 0323 18       		.byte	24
 828 0324 17       		.byte	23
 829 0325 0C       		.byte	12
 830 0326 18       		.byte	24
 831 0327 01       		.byte	1
 832 0328 19       		.byte	25
 833 0329 33       		.byte	51
 834 032a 1D       		.byte	29
 835 032b 08       		.byte	8
 836 032c 1E       		.byte	30
 837 032d 04       		.byte	4
 838 032e 20       		.byte	32
 839 032f 1A       		.byte	26
 840 0330 22       		.byte	34
 841 0331 04       		.byte	4
 842 0332 23       		.byte	35
 843 0333 33       		.byte	51
 844 0334 24       		.byte	36
 845 0335 08       		.byte	8
 846 0336 25       		.byte	37
 847 0337 11       		.byte	17
 848 0338 28       		.byte	40
 849 0339 18       		.byte	24
 850 033a 29       		.byte	41
 851 033b 0F       		.byte	15
 852 033c 2B       		.byte	43
 853 033d 70       		.byte	112
 854 033e 2D       		.byte	45
 855 033f 7F       		.byte	127
ARM GAS  C:\Users\LOCALA~1\AppData\Local\Temp\ccTN4uMo.s 			page 16


 856 0340 31       		.byte	49
 857 0341 40       		.byte	64
 858 0342 32       		.byte	50
 859 0343 1C       		.byte	28
 860 0344 33       		.byte	51
 861 0345 0F       		.byte	15
 862 0346 34       		.byte	52
 863 0347 02       		.byte	2
 864 0348 36       		.byte	54
 865 0349 01       		.byte	1
 866 034a 37       		.byte	55
 867 034b 30       		.byte	48
 868 034c 39       		.byte	57
 869 034d 02       		.byte	2
 870 034e 3A       		.byte	58
 871 034f 08       		.byte	8
 872 0350 3B       		.byte	59
 873 0351 28       		.byte	40
 874 0352 3E       		.byte	62
 875 0353 10       		.byte	16
 876 0354 40       		.byte	64
 877 0355 23       		.byte	35
 878 0356 41       		.byte	65
 879 0357 01       		.byte	1
 880 0358 46       		.byte	70
 881 0359 CB       		.byte	-53
 882 035a 47       		.byte	71
 883 035b E0       		.byte	-32
 884 035c 48       		.byte	72
 885 035d 2C       		.byte	44
 886 035e 49       		.byte	73
 887 035f FF       		.byte	-1
 888 0360 4A       		.byte	74
 889 0361 FF       		.byte	-1
 890 0362 4B       		.byte	75
 891 0363 FF       		.byte	-1
 892 0364 4E       		.byte	78
 893 0365 F0       		.byte	-16
 894 0366 4F       		.byte	79
 895 0367 44       		.byte	68
 896 0368 50       		.byte	80
 897 0369 0C       		.byte	12
 898 036a 56       		.byte	86
 899 036b 02       		.byte	2
 900 036c 57       		.byte	87
 901 036d 12       		.byte	18
 902 036e 58       		.byte	88
 903 036f 04       		.byte	4
 904 0370 59       		.byte	89
 905 0371 04       		.byte	4
 906 0372 5A       		.byte	90
 907 0373 04       		.byte	4
 908 0374 5B       		.byte	91
 909 0375 04       		.byte	4
 910 0376 5D       		.byte	93
 911 0377 01       		.byte	1
 912 0378 5F       		.byte	95
ARM GAS  C:\Users\LOCALA~1\AppData\Local\Temp\ccTN4uMo.s 			page 17


 913 0379 01       		.byte	1
 914 037a 66       		.byte	102
 915 037b C0       		.byte	-64
 916 037c 6A       		.byte	106
 917 037d 40       		.byte	64
 918 037e 6B       		.byte	107
 919 037f 02       		.byte	2
 920 0380 8A       		.byte	-118
 921 0381 01       		.byte	1
 922 0382 92       		.byte	-110
 923 0383 01       		.byte	1
 924 0384 A6       		.byte	-90
 925 0385 01       		.byte	1
 926 0386 A8       		.byte	-88
 927 0387 01       		.byte	1
 928 0388 AC       		.byte	-84
 929 0389 01       		.byte	1
 930 038a B0       		.byte	-80
 931 038b 01       		.byte	1
 932 038c BE       		.byte	-66
 933 038d 01       		.byte	1
 934 038e D8       		.byte	-40
 935 038f 04       		.byte	4
 936 0390 DF       		.byte	-33
 937 0391 01       		.byte	1
 938 0392 03       		.byte	3
 939 0393 08       		.byte	8
 940 0394 04       		.byte	4
 941 0395 1A       		.byte	26
 942 0396 05       		.byte	5
 943 0397 40       		.byte	64
 944 0398 09       		.byte	9
 945 0399 82       		.byte	-126
 946 039a 0A       		.byte	10
 947 039b 02       		.byte	2
 948 039c 0C       		.byte	12
 949 039d 21       		.byte	33
 950 039e 0D       		.byte	13
 951 039f 88       		.byte	-120
 952 03a0 0F       		.byte	15
 953 03a1 40       		.byte	64
 954 03a2 10       		.byte	16
 955 03a3 10       		.byte	16
 956 03a4 11       		.byte	17
 957 03a5 A0       		.byte	-96
 958 03a6 12       		.byte	18
 959 03a7 10       		.byte	16
 960 03a8 17       		.byte	23
 961 03a9 15       		.byte	21
 962 03aa 18       		.byte	24
 963 03ab 40       		.byte	64
 964 03ac 1C       		.byte	28
 965 03ad 10       		.byte	16
 966 03ae 1D       		.byte	29
 967 03af 80       		.byte	-128
 968 03b0 1E       		.byte	30
 969 03b1 08       		.byte	8
ARM GAS  C:\Users\LOCALA~1\AppData\Local\Temp\ccTN4uMo.s 			page 18


 970 03b2 1F       		.byte	31
 971 03b3 44       		.byte	68
 972 03b4 24       		.byte	36
 973 03b5 80       		.byte	-128
 974 03b6 25       		.byte	37
 975 03b7 28       		.byte	40
 976 03b8 26       		.byte	38
 977 03b9 28       		.byte	40
 978 03ba 27       		.byte	39
 979 03bb 02       		.byte	2
 980 03bc 2C       		.byte	44
 981 03bd 01       		.byte	1
 982 03be 2D       		.byte	45
 983 03bf 08       		.byte	8
 984 03c0 2F       		.byte	47
 985 03c1 44       		.byte	68
 986 03c2 35       		.byte	53
 987 03c3 50       		.byte	80
 988 03c4 36       		.byte	54
 989 03c5 08       		.byte	8
 990 03c6 37       		.byte	55
 991 03c7 01       		.byte	1
 992 03c8 3E       		.byte	62
 993 03c9 68       		.byte	104
 994 03ca 45       		.byte	69
 995 03cb 54       		.byte	84
 996 03cc 56       		.byte	86
 997 03cd 51       		.byte	81
 998 03ce 5E       		.byte	94
 999 03cf 08       		.byte	8
 1000 03d0 6C       		.byte	108
 1001 03d1 2D       		.byte	45
 1002 03d2 75       		.byte	117
 1003 03d3 40       		.byte	64
 1004 03d4 76       		.byte	118
 1005 03d5 28       		.byte	40
 1006 03d6 77       		.byte	119
 1007 03d7 14       		.byte	20
 1008 03d8 84       		.byte	-124
 1009 03d9 40       		.byte	64
 1010 03da 8F       		.byte	-113
 1011 03db 40       		.byte	64
 1012 03dc C0       		.byte	-64
 1013 03dd F2       		.byte	-14
 1014 03de C2       		.byte	-62
 1015 03df F8       		.byte	-8
 1016 03e0 C4       		.byte	-60
 1017 03e1 77       		.byte	119
 1018 03e2 CA       		.byte	-54
 1019 03e3 F0       		.byte	-16
 1020 03e4 CC       		.byte	-52
 1021 03e5 F0       		.byte	-16
 1022 03e6 CE       		.byte	-50
 1023 03e7 70       		.byte	112
 1024 03e8 D0       		.byte	-48
 1025 03e9 70       		.byte	112
 1026 03ea D6       		.byte	-42
ARM GAS  C:\Users\LOCALA~1\AppData\Local\Temp\ccTN4uMo.s 			page 19


 1027 03eb 40       		.byte	64
 1028 03ec E6       		.byte	-26
 1029 03ed 40       		.byte	64
 1030 03ee E6       		.byte	-26
 1031 03ef 02       		.byte	2
 1032 03f0 01       		.byte	1
 1033 03f1 20       		.byte	32
 1034 03f2 06       		.byte	6
 1035 03f3 01       		.byte	1
 1036 03f4 09       		.byte	9
 1037 03f5 03       		.byte	3
 1038 03f6 0B       		.byte	11
 1039 03f7 1C       		.byte	28
 1040 03f8 11       		.byte	17
 1041 03f9 03       		.byte	3
 1042 03fa 13       		.byte	19
 1043 03fb 34       		.byte	52
 1044 03fc 19       		.byte	25
 1045 03fd 03       		.byte	3
 1046 03fe 1B       		.byte	27
 1047 03ff 04       		.byte	4
 1048 0400 29       		.byte	41
 1049 0401 29       		.byte	41
 1050 0402 2C       		.byte	44
 1051 0403 02       		.byte	2
 1052 0404 2F       		.byte	47
 1053 0405 3E       		.byte	62
 1054 0406 34       		.byte	52
 1055 0407 02       		.byte	2
 1056 0408 35       		.byte	53
 1057 0409 0F       		.byte	15
 1058 040a 36       		.byte	54
 1059 040b 01       		.byte	1
 1060 040c 37       		.byte	55
 1061 040d 38       		.byte	56
 1062 040e 3B       		.byte	59
 1063 040f A0       		.byte	-96
 1064 0410 3E       		.byte	62
 1065 0411 10       		.byte	16
 1066 0412 40       		.byte	64
 1067 0413 02       		.byte	2
 1068 0414 45       		.byte	69
 1069 0415 50       		.byte	80
 1070 0416 47       		.byte	71
 1071 0417 10       		.byte	16
 1072 0418 48       		.byte	72
 1073 0419 22       		.byte	34
 1074 041a 49       		.byte	73
 1075 041b FF       		.byte	-1
 1076 041c 4A       		.byte	74
 1077 041d 07       		.byte	7
 1078 041e 4B       		.byte	75
 1079 041f FF       		.byte	-1
 1080 0420 4C       		.byte	76
 1081 0421 40       		.byte	64
 1082 0422 4D       		.byte	77
 1083 0423 20       		.byte	32
ARM GAS  C:\Users\LOCALA~1\AppData\Local\Temp\ccTN4uMo.s 			page 20


 1084 0424 4E       		.byte	78
 1085 0425 F0       		.byte	-16
 1086 0426 4F       		.byte	79
 1087 0427 05       		.byte	5
 1088 0428 50       		.byte	80
 1089 0429 08       		.byte	8
 1090 042a 58       		.byte	88
 1091 042b 04       		.byte	4
 1092 042c 59       		.byte	89
 1093 042d 04       		.byte	4
 1094 042e 5A       		.byte	90
 1095 042f 04       		.byte	4
 1096 0430 5C       		.byte	92
 1097 0431 10       		.byte	16
 1098 0432 5D       		.byte	93
 1099 0433 01       		.byte	1
 1100 0434 5F       		.byte	95
 1101 0435 01       		.byte	1
 1102 0436 60       		.byte	96
 1103 0437 40       		.byte	64
 1104 0438 61       		.byte	97
 1105 0439 A8       		.byte	-88
 1106 043a 62       		.byte	98
 1107 043b 40       		.byte	64
 1108 043c 63       		.byte	99
 1109 043d 20       		.byte	32
 1110 043e 83       		.byte	-125
 1111 043f 01       		.byte	1
 1112 0440 85       		.byte	-123
 1113 0441 18       		.byte	24
 1114 0442 89       		.byte	-119
 1115 0443 18       		.byte	24
 1116 0444 8A       		.byte	-118
 1117 0445 04       		.byte	4
 1118 0446 8D       		.byte	-115
 1119 0447 10       		.byte	16
 1120 0448 8F       		.byte	-113
 1121 0449 0C       		.byte	12
 1122 044a 90       		.byte	-112
 1123 044b 01       		.byte	1
 1124 044c 94       		.byte	-108
 1125 044d 02       		.byte	2
 1126 044e 97       		.byte	-105
 1127 044f 02       		.byte	2
 1128 0450 9E       		.byte	-98
 1129 0451 04       		.byte	4
 1130 0452 9F       		.byte	-97
 1131 0453 01       		.byte	1
 1132 0454 A4       		.byte	-92
 1133 0455 01       		.byte	1
 1134 0456 A5       		.byte	-91
 1135 0457 08       		.byte	8
 1136 0458 A7       		.byte	-89
 1137 0459 14       		.byte	20
 1138 045a A8       		.byte	-88
 1139 045b 01       		.byte	1
 1140 045c B0       		.byte	-80
ARM GAS  C:\Users\LOCALA~1\AppData\Local\Temp\ccTN4uMo.s 			page 21


 1141 045d 02       		.byte	2
 1142 045e B1       		.byte	-79
 1143 045f 18       		.byte	24
 1144 0460 B4       		.byte	-76
 1145 0461 01       		.byte	1
 1146 0462 B5       		.byte	-75
 1147 0463 01       		.byte	1
 1148 0464 B6       		.byte	-74
 1149 0465 04       		.byte	4
 1150 0466 B7       		.byte	-73
 1151 0467 06       		.byte	6
 1152 0468 BB       		.byte	-69
 1153 0469 08       		.byte	8
 1154 046a BE       		.byte	-66
 1155 046b 41       		.byte	65
 1156 046c BF       		.byte	-65
 1157 046d 50       		.byte	80
 1158 046e C0       		.byte	-64
 1159 046f 52       		.byte	82
 1160 0470 C1       		.byte	-63
 1161 0471 03       		.byte	3
 1162 0472 C2       		.byte	-62
 1163 0473 04       		.byte	4
 1164 0474 C4       		.byte	-60
 1165 0475 01       		.byte	1
 1166 0476 C5       		.byte	-59
 1167 0477 EC       		.byte	-20
 1168 0478 C8       		.byte	-56
 1169 0479 03       		.byte	3
 1170 047a C9       		.byte	-55
 1171 047b FF       		.byte	-1
 1172 047c CA       		.byte	-54
 1173 047d FF       		.byte	-1
 1174 047e CB       		.byte	-53
 1175 047f FF       		.byte	-1
 1176 0480 CC       		.byte	-52
 1177 0481 62       		.byte	98
 1178 0482 CD       		.byte	-51
 1179 0483 A0       		.byte	-96
 1180 0484 CE       		.byte	-50
 1181 0485 F0       		.byte	-16
 1182 0486 CF       		.byte	-49
 1183 0487 41       		.byte	65
 1184 0488 D0       		.byte	-48
 1185 0489 0C       		.byte	12
 1186 048a D6       		.byte	-42
 1187 048b 02       		.byte	2
 1188 048c D7       		.byte	-41
 1189 048d 11       		.byte	17
 1190 048e D8       		.byte	-40
 1191 048f 04       		.byte	4
 1192 0490 D9       		.byte	-39
 1193 0491 04       		.byte	4
 1194 0492 DA       		.byte	-38
 1195 0493 04       		.byte	4
 1196 0494 DB       		.byte	-37
 1197 0495 04       		.byte	4
ARM GAS  C:\Users\LOCALA~1\AppData\Local\Temp\ccTN4uMo.s 			page 22


 1198 0496 DC       		.byte	-36
 1199 0497 11       		.byte	17
 1200 0498 DD       		.byte	-35
 1201 0499 11       		.byte	17
 1202 049a DF       		.byte	-33
 1203 049b 01       		.byte	1
 1204 049c E6       		.byte	-26
 1205 049d 40       		.byte	64
 1206 049e E7       		.byte	-25
 1207 049f 02       		.byte	2
 1208 04a0 E9       		.byte	-23
 1209 04a1 10       		.byte	16
 1210 04a2 EA       		.byte	-22
 1211 04a3 30       		.byte	48
 1212 04a4 EB       		.byte	-21
 1213 04a5 10       		.byte	16
 1214 04a6 ED       		.byte	-19
 1215 04a7 10       		.byte	16
 1216 04a8 EE       		.byte	-18
 1217 04a9 10       		.byte	16
 1218 04aa EF       		.byte	-17
 1219 04ab 12       		.byte	18
 1220 04ac 00       		.byte	0
 1221 04ad A0       		.byte	-96
 1222 04ae 01       		.byte	1
 1223 04af 40       		.byte	64
 1224 04b0 05       		.byte	5
 1225 04b1 08       		.byte	8
 1226 04b2 08       		.byte	8
 1227 04b3 80       		.byte	-128
 1228 04b4 0A       		.byte	10
 1229 04b5 62       		.byte	98
 1230 04b6 11       		.byte	17
 1231 04b7 14       		.byte	20
 1232 04b8 16       		.byte	22
 1233 04b9 01       		.byte	1
 1234 04ba 18       		.byte	24
 1235 04bb 84       		.byte	-124
 1236 04bc 19       		.byte	25
 1237 04bd 40       		.byte	64
 1238 04be 1E       		.byte	30
 1239 04bf 08       		.byte	8
 1240 04c0 1F       		.byte	31
 1241 04c1 80       		.byte	-128
 1242 04c2 21       		.byte	33
 1243 04c3 44       		.byte	68
 1244 04c4 22       		.byte	34
 1245 04c5 02       		.byte	2
 1246 04c6 23       		.byte	35
 1247 04c7 54       		.byte	84
 1248 04c8 25       		.byte	37
 1249 04c9 50       		.byte	80
 1250 04ca 26       		.byte	38
 1251 04cb 10       		.byte	16
 1252 04cc 27       		.byte	39
 1253 04cd 01       		.byte	1
 1254 04ce 28       		.byte	40
ARM GAS  C:\Users\LOCALA~1\AppData\Local\Temp\ccTN4uMo.s 			page 23


 1255 04cf 20       		.byte	32
 1256 04d0 2D       		.byte	45
 1257 04d1 40       		.byte	64
 1258 04d2 2F       		.byte	47
 1259 04d3 08       		.byte	8
 1260 04d4 32       		.byte	50
 1261 04d5 80       		.byte	-128
 1262 04d6 33       		.byte	51
 1263 04d7 04       		.byte	4
 1264 04d8 34       		.byte	52
 1265 04d9 10       		.byte	16
 1266 04da 35       		.byte	53
 1267 04db 20       		.byte	32
 1268 04dc 37       		.byte	55
 1269 04dd 01       		.byte	1
 1270 04de 39       		.byte	57
 1271 04df 16       		.byte	22
 1272 04e0 3B       		.byte	59
 1273 04e1 40       		.byte	64
 1274 04e2 3D       		.byte	61
 1275 04e3 20       		.byte	32
 1276 04e4 3F       		.byte	63
 1277 04e5 02       		.byte	2
 1278 04e6 40       		.byte	64
 1279 04e7 84       		.byte	-124
 1280 04e8 41       		.byte	65
 1281 04e9 44       		.byte	68
 1282 04ea 47       		.byte	71
 1283 04eb 10       		.byte	16
 1284 04ec 48       		.byte	72
 1285 04ed 11       		.byte	17
 1286 04ee 4A       		.byte	74
 1287 04ef 80       		.byte	-128
 1288 04f0 4F       		.byte	79
 1289 04f1 02       		.byte	2
 1290 04f2 57       		.byte	87
 1291 04f3 02       		.byte	2
 1292 04f4 59       		.byte	89
 1293 04f5 10       		.byte	16
 1294 04f6 68       		.byte	104
 1295 04f7 04       		.byte	4
 1296 04f8 69       		.byte	105
 1297 04f9 14       		.byte	20
 1298 04fa 6A       		.byte	106
 1299 04fb 40       		.byte	64
 1300 04fc 70       		.byte	112
 1301 04fd A0       		.byte	-96
 1302 04fe 72       		.byte	114
 1303 04ff 20       		.byte	32
 1304 0500 90       		.byte	-112
 1305 0501 40       		.byte	64
 1306 0502 92       		.byte	-110
 1307 0503 24       		.byte	36
 1308 0504 95       		.byte	-107
 1309 0505 40       		.byte	64
 1310 0506 97       		.byte	-105
 1311 0507 04       		.byte	4
ARM GAS  C:\Users\LOCALA~1\AppData\Local\Temp\ccTN4uMo.s 			page 24


 1312 0508 98       		.byte	-104
 1313 0509 10       		.byte	16
 1314 050a 9A       		.byte	-102
 1315 050b 01       		.byte	1
 1316 050c 9C       		.byte	-100
 1317 050d 02       		.byte	2
 1318 050e 9D       		.byte	-99
 1319 050f 48       		.byte	72
 1320 0510 9F       		.byte	-97
 1321 0511 01       		.byte	1
 1322 0512 A0       		.byte	-96
 1323 0513 40       		.byte	64
 1324 0514 A3       		.byte	-93
 1325 0515 08       		.byte	8
 1326 0516 A5       		.byte	-91
 1327 0517 50       		.byte	80
 1328 0518 A6       		.byte	-90
 1329 0519 10       		.byte	16
 1330 051a A7       		.byte	-89
 1331 051b 83       		.byte	-125
 1332 051c A8       		.byte	-88
 1333 051d 40       		.byte	64
 1334 051e AB       		.byte	-85
 1335 051f 20       		.byte	32
 1336 0520 B2       		.byte	-78
 1337 0521 21       		.byte	33
 1338 0522 C0       		.byte	-64
 1339 0523 22       		.byte	34
 1340 0524 C2       		.byte	-62
 1341 0525 0D       		.byte	13
 1342 0526 C4       		.byte	-60
 1343 0527 86       		.byte	-122
 1344 0528 CA       		.byte	-54
 1345 0529 32       		.byte	50
 1346 052a CC       		.byte	-52
 1347 052b AA       		.byte	-86
 1348 052c CE       		.byte	-50
 1349 052d AF       		.byte	-81
 1350 052e D0       		.byte	-48
 1351 052f 2F       		.byte	47
 1352 0530 D2       		.byte	-46
 1353 0531 08       		.byte	8
 1354 0532 D6       		.byte	-42
 1355 0533 04       		.byte	4
 1356 0534 00       		.byte	0
 1357 0535 4F       		.byte	79
 1358 0536 01       		.byte	1
 1359 0537 41       		.byte	65
 1360 0538 02       		.byte	2
 1361 0539 30       		.byte	48
 1362 053a 06       		.byte	6
 1363 053b 4B       		.byte	75
 1364 053c 07       		.byte	7
 1365 053d 33       		.byte	51
 1366 053e 08       		.byte	8
 1367 053f 74       		.byte	116
 1368 0540 09       		.byte	9
ARM GAS  C:\Users\LOCALA~1\AppData\Local\Temp\ccTN4uMo.s 			page 25


 1369 0541 FF       		.byte	-1
 1370 0542 0A       		.byte	10
 1371 0543 0B       		.byte	11
 1372 0544 0C       		.byte	12
 1373 0545 01       		.byte	1
 1374 0546 0D       		.byte	13
 1375 0547 03       		.byte	3
 1376 0548 10       		.byte	16
 1377 0549 03       		.byte	3
 1378 054a 11       		.byte	17
 1379 054b 02       		.byte	2
 1380 054c 14       		.byte	20
 1381 054d 34       		.byte	52
 1382 054e 15       		.byte	21
 1383 054f 4C       		.byte	76
 1384 0550 16       		.byte	22
 1385 0551 4B       		.byte	75
 1386 0552 17       		.byte	23
 1387 0553 A3       		.byte	-93
 1388 0554 19       		.byte	25
 1389 0555 04       		.byte	4
 1390 0556 1C       		.byte	28
 1391 0557 7F       		.byte	127
 1392 0558 1F       		.byte	31
 1393 0559 40       		.byte	64
 1394 055a 20       		.byte	32
 1395 055b 20       		.byte	32
 1396 055c 21       		.byte	33
 1397 055d 08       		.byte	8
 1398 055e 24       		.byte	36
 1399 055f 10       		.byte	16
 1400 0560 25       		.byte	37
 1401 0561 4F       		.byte	79
 1402 0562 27       		.byte	39
 1403 0563 90       		.byte	-112
 1404 0564 28       		.byte	40
 1405 0565 30       		.byte	48
 1406 0566 29       		.byte	41
 1407 0567 0C       		.byte	12
 1408 0568 2C       		.byte	44
 1409 0569 02       		.byte	2
 1410 056a 2D       		.byte	45
 1411 056b F3       		.byte	-13
 1412 056c 2F       		.byte	47
 1413 056d 0C       		.byte	12
 1414 056e 30       		.byte	48
 1415 056f 03       		.byte	3
 1416 0570 31       		.byte	49
 1417 0571 80       		.byte	-128
 1418 0572 32       		.byte	50
 1419 0573 38       		.byte	56
 1420 0574 33       		.byte	51
 1421 0575 7C       		.byte	124
 1422 0576 34       		.byte	52
 1423 0577 04       		.byte	4
 1424 0578 36       		.byte	54
 1425 0579 70       		.byte	112
ARM GAS  C:\Users\LOCALA~1\AppData\Local\Temp\ccTN4uMo.s 			page 26


 1426 057a 37       		.byte	55
 1427 057b 0F       		.byte	15
 1428 057c 39       		.byte	57
 1429 057d 02       		.byte	2
 1430 057e 3A       		.byte	58
 1431 057f 08       		.byte	8
 1432 0580 3B       		.byte	59
 1433 0581 88       		.byte	-120
 1434 0582 3E       		.byte	62
 1435 0583 10       		.byte	16
 1436 0584 58       		.byte	88
 1437 0585 04       		.byte	4
 1438 0586 59       		.byte	89
 1439 0587 04       		.byte	4
 1440 0588 5C       		.byte	92
 1441 0589 11       		.byte	17
 1442 058a 5F       		.byte	95
 1443 058b 01       		.byte	1
 1444 058c 85       		.byte	-123
 1445 058d 38       		.byte	56
 1446 058e 89       		.byte	-119
 1447 058f 06       		.byte	6
 1448 0590 8F       		.byte	-113
 1449 0591 04       		.byte	4
 1450 0592 91       		.byte	-111
 1451 0593 06       		.byte	6
 1452 0594 98       		.byte	-104
 1453 0595 01       		.byte	1
 1454 0596 99       		.byte	-103
 1455 0597 10       		.byte	16
 1456 0598 9B       		.byte	-101
 1457 0599 09       		.byte	9
 1458 059a A1       		.byte	-95
 1459 059b 08       		.byte	8
 1460 059c A3       		.byte	-93
 1461 059d 30       		.byte	48
 1462 059e A5       		.byte	-91
 1463 059f 38       		.byte	56
 1464 05a0 A9       		.byte	-87
 1465 05a1 02       		.byte	2
 1466 05a2 AD       		.byte	-83
 1467 05a3 20       		.byte	32
 1468 05a4 AF       		.byte	-81
 1469 05a5 08       		.byte	8
 1470 05a6 B1       		.byte	-79
 1471 05a7 01       		.byte	1
 1472 05a8 B3       		.byte	-77
 1473 05a9 06       		.byte	6
 1474 05aa B5       		.byte	-75
 1475 05ab 38       		.byte	56
 1476 05ac B6       		.byte	-74
 1477 05ad 01       		.byte	1
 1478 05ae B9       		.byte	-71
 1479 05af 08       		.byte	8
 1480 05b0 BE       		.byte	-66
 1481 05b1 40       		.byte	64
 1482 05b2 BF       		.byte	-65
ARM GAS  C:\Users\LOCALA~1\AppData\Local\Temp\ccTN4uMo.s 			page 27


 1483 05b3 04       		.byte	4
 1484 05b4 D4       		.byte	-44
 1485 05b5 01       		.byte	1
 1486 05b6 D6       		.byte	-42
 1487 05b7 04       		.byte	4
 1488 05b8 D8       		.byte	-40
 1489 05b9 04       		.byte	4
 1490 05ba D9       		.byte	-39
 1491 05bb 04       		.byte	4
 1492 05bc DB       		.byte	-37
 1493 05bd 04       		.byte	4
 1494 05be DC       		.byte	-36
 1495 05bf 10       		.byte	16
 1496 05c0 DD       		.byte	-35
 1497 05c1 10       		.byte	16
 1498 05c2 DF       		.byte	-33
 1499 05c3 01       		.byte	1
 1500 05c4 00       		.byte	0
 1501 05c5 24       		.byte	36
 1502 05c6 01       		.byte	1
 1503 05c7 40       		.byte	64
 1504 05c8 02       		.byte	2
 1505 05c9 C0       		.byte	-64
 1506 05ca 06       		.byte	6
 1507 05cb 01       		.byte	1
 1508 05cc 07       		.byte	7
 1509 05cd 02       		.byte	2
 1510 05ce 0A       		.byte	10
 1511 05cf 21       		.byte	33
 1512 05d0 0B       		.byte	11
 1513 05d1 80       		.byte	-128
 1514 05d2 0E       		.byte	14
 1515 05d3 04       		.byte	4
 1516 05d4 10       		.byte	16
 1517 05d5 E4       		.byte	-28
 1518 05d6 12       		.byte	18
 1519 05d7 02       		.byte	2
 1520 05d8 19       		.byte	25
 1521 05d9 16       		.byte	22
 1522 05da 1A       		.byte	26
 1523 05db 22       		.byte	34
 1524 05dc 1E       		.byte	30
 1525 05dd 02       		.byte	2
 1526 05de 20       		.byte	32
 1527 05df 22       		.byte	34
 1528 05e0 21       		.byte	33
 1529 05e1 01       		.byte	1
 1530 05e2 22       		.byte	34
 1531 05e3 84       		.byte	-124
 1532 05e4 27       		.byte	39
 1533 05e5 5C       		.byte	92
 1534 05e6 28       		.byte	40
 1535 05e7 44       		.byte	68
 1536 05e8 29       		.byte	41
 1537 05e9 04       		.byte	4
 1538 05ea 2A       		.byte	42
 1539 05eb 60       		.byte	96
ARM GAS  C:\Users\LOCALA~1\AppData\Local\Temp\ccTN4uMo.s 			page 28


 1540 05ec 2D       		.byte	45
 1541 05ed 04       		.byte	4
 1542 05ee 2F       		.byte	47
 1543 05ef 4A       		.byte	74
 1544 05f0 30       		.byte	48
 1545 05f1 20       		.byte	32
 1546 05f2 32       		.byte	50
 1547 05f3 06       		.byte	6
 1548 05f4 33       		.byte	51
 1549 05f5 42       		.byte	66
 1550 05f6 34       		.byte	52
 1551 05f7 20       		.byte	32
 1552 05f8 37       		.byte	55
 1553 05f9 01       		.byte	1
 1554 05fa 38       		.byte	56
 1555 05fb 06       		.byte	6
 1556 05fc 3B       		.byte	59
 1557 05fd 90       		.byte	-112
 1558 05fe 3C       		.byte	60
 1559 05ff 88       		.byte	-120
 1560 0600 3D       		.byte	61
 1561 0601 20       		.byte	32
 1562 0602 58       		.byte	88
 1563 0603 02       		.byte	2
 1564 0604 59       		.byte	89
 1565 0605 02       		.byte	2
 1566 0606 5C       		.byte	92
 1567 0607 40       		.byte	64
 1568 0608 5D       		.byte	93
 1569 0609 20       		.byte	32
 1570 060a 5E       		.byte	94
 1571 060b 08       		.byte	8
 1572 060c 5F       		.byte	95
 1573 060d 02       		.byte	2
 1574 060e 67       		.byte	103
 1575 060f 40       		.byte	64
 1576 0610 82       		.byte	-126
 1577 0611 01       		.byte	1
 1578 0612 87       		.byte	-121
 1579 0613 40       		.byte	64
 1580 0614 8B       		.byte	-117
 1581 0615 48       		.byte	72
 1582 0616 8C       		.byte	-116
 1583 0617 21       		.byte	33
 1584 0618 8D       		.byte	-115
 1585 0619 40       		.byte	64
 1586 061a 90       		.byte	-112
 1587 061b 44       		.byte	68
 1588 061c 91       		.byte	-111
 1589 061d 04       		.byte	4
 1590 061e 92       		.byte	-110
 1591 061f 05       		.byte	5
 1592 0620 93       		.byte	-109
 1593 0621 10       		.byte	16
 1594 0622 95       		.byte	-107
 1595 0623 02       		.byte	2
 1596 0624 96       		.byte	-106
ARM GAS  C:\Users\LOCALA~1\AppData\Local\Temp\ccTN4uMo.s 			page 29


 1597 0625 02       		.byte	2
 1598 0626 99       		.byte	-103
 1599 0627 20       		.byte	32
 1600 0628 9A       		.byte	-102
 1601 0629 21       		.byte	33
 1602 062a 9B       		.byte	-101
 1603 062b 01       		.byte	1
 1604 062c 9C       		.byte	-100
 1605 062d 22       		.byte	34
 1606 062e 9D       		.byte	-99
 1607 062f 10       		.byte	16
 1608 0630 9F       		.byte	-97
 1609 0631 14       		.byte	20
 1610 0632 A0       		.byte	-96
 1611 0633 E4       		.byte	-28
 1612 0634 A1       		.byte	-95
 1613 0635 10       		.byte	16
 1614 0636 A2       		.byte	-94
 1615 0637 06       		.byte	6
 1616 0638 A3       		.byte	-93
 1617 0639 08       		.byte	8
 1618 063a A4       		.byte	-92
 1619 063b 01       		.byte	1
 1620 063c B1       		.byte	-79
 1621 063d 0C       		.byte	12
 1622 063e B2       		.byte	-78
 1623 063f 01       		.byte	1
 1624 0640 B4       		.byte	-76
 1625 0641 40       		.byte	64
 1626 0642 C0       		.byte	-64
 1627 0643 0F       		.byte	15
 1628 0644 C2       		.byte	-62
 1629 0645 4D       		.byte	77
 1630 0646 C4       		.byte	-60
 1631 0647 0F       		.byte	15
 1632 0648 CA       		.byte	-54
 1633 0649 FF       		.byte	-1
 1634 064a CC       		.byte	-52
 1635 064b AF       		.byte	-81
 1636 064c CE       		.byte	-50
 1637 064d 7F       		.byte	127
 1638 064e D6       		.byte	-42
 1639 064f F0       		.byte	-16
 1640 0650 D8       		.byte	-40
 1641 0651 80       		.byte	-128
 1642 0652 E4       		.byte	-28
 1643 0653 01       		.byte	1
 1644 0654 30       		.byte	48
 1645 0655 42       		.byte	66
 1646 0656 34       		.byte	52
 1647 0657 02       		.byte	2
 1648 0658 36       		.byte	54
 1649 0659 80       		.byte	-128
 1650 065a CC       		.byte	-52
 1651 065b F0       		.byte	-16
 1652 065c 84       		.byte	-124
 1653 065d 40       		.byte	64
ARM GAS  C:\Users\LOCALA~1\AppData\Local\Temp\ccTN4uMo.s 			page 30


 1654 065e 8C       		.byte	-116
 1655 065f 02       		.byte	2
 1656 0660 9C       		.byte	-100
 1657 0661 42       		.byte	66
 1658 0662 A4       		.byte	-92
 1659 0663 02       		.byte	2
 1660 0664 A6       		.byte	-90
 1661 0665 80       		.byte	-128
 1662 0666 E6       		.byte	-26
 1663 0667 10       		.byte	16
 1664 0668 9C       		.byte	-100
 1665 0669 02       		.byte	2
 1666 066a A6       		.byte	-90
 1667 066b 80       		.byte	-128
 1668 066c 86       		.byte	-122
 1669 066d 80       		.byte	-128
 1670 066e 9C       		.byte	-100
 1671 066f 02       		.byte	2
 1672 0670 A6       		.byte	-90
 1673 0671 80       		.byte	-128
 1674 0672 E6       		.byte	-26
 1675 0673 10       		.byte	16
 1676 0674 9C       		.byte	-100
 1677 0675 02       		.byte	2
 1678 0676 84       		.byte	-124
 1679 0677 02       		.byte	2
 1680 0678 9C       		.byte	-100
 1681 0679 02       		.byte	2
 1682 067a E6       		.byte	-26
 1683 067b 40       		.byte	64
 1684 067c 08       		.byte	8
 1685 067d 40       		.byte	64
 1686 067e 5C       		.byte	92
 1687 067f 01       		.byte	1
 1688 0680 C2       		.byte	-62
 1689 0681 02       		.byte	2
 1690 0682 D6       		.byte	-42
 1691 0683 01       		.byte	1
 1692 0684 12       		.byte	18
 1693 0685 80       		.byte	-128
 1694 0686 70       		.byte	112
 1695 0687 04       		.byte	4
 1696 0688 80       		.byte	-128
 1697 0689 04       		.byte	4
 1698 068a 8E       		.byte	-114
 1699 068b 80       		.byte	-128
 1700 068c B0       		.byte	-80
 1701 068d 40       		.byte	64
 1702 068e B4       		.byte	-76
 1703 068f 01       		.byte	1
 1704 0690 C4       		.byte	-60
 1705 0691 08       		.byte	8
 1706 0692 DC       		.byte	-36
 1707 0693 01       		.byte	1
 1708 0694 E2       		.byte	-30
 1709 0695 02       		.byte	2
 1710 0696 EA       		.byte	-22
ARM GAS  C:\Users\LOCALA~1\AppData\Local\Temp\ccTN4uMo.s 			page 31


 1711 0697 01       		.byte	1
 1712 0698 EC       		.byte	-20
 1713 0699 08       		.byte	8
 1714 069a 00       		.byte	0
 1715 069b 03       		.byte	3
 1716 069c 0C       		.byte	12
 1717 069d 03       		.byte	3
 1718 069e 0E       		.byte	14
 1719 069f 03       		.byte	3
 1720 06a0 10       		.byte	16
 1721 06a1 03       		.byte	3
 1722 06a2 1C       		.byte	28
 1723 06a3 03       		.byte	3
 1724 06a4 00       		.byte	0
 1725 06a5 FF       		.byte	-1
 1726 06a6 00       		.byte	0
 1727 06a7 00       		.byte	0
 1728 06a8 80       		.byte	-128
 1729 06a9 00       		.byte	0
 1730 06aa 40       		.byte	64
 1731 06ab 80       		.byte	-128
 1732 06ac 80       		.byte	-128
 1733 06ad 00       		.byte	0
 1734 06ae 80       		.byte	-128
 1735 06af 00       		.byte	0
 1736 06b0 00       		.byte	0
 1737 06b1 00       		.byte	0
 1738 06b2 00       		.byte	0
 1739 06b3 00       		.byte	0
 1740 06b4 80       		.byte	-128
 1741 06b5 00       		.byte	0
 1742 06b6 40       		.byte	64
 1743 06b7 8B       		.byte	-117
 1744 06b8 8B       		.byte	-117
 1745 06b9 00       		.byte	0
 1746 06ba 80       		.byte	-128
 1747 06bb 00       		.byte	0
 1748 06bc 00       		.byte	0
 1749 06bd 00       		.byte	0
 1750 06be 00       		.byte	0
 1751 06bf 00       		.byte	0
 1752              		.global	cy_meta_custnvl
 1753              		.section	.cycustnvl,"a",%progbits
 1754              		.align	2
 1755              		.type	cy_meta_custnvl, %object
 1756              		.size	cy_meta_custnvl, 4
 1757              	cy_meta_custnvl:
 1758 0000 00       		.byte	0
 1759 0001 00       		.byte	0
 1760 0002 40       		.byte	64
 1761 0003 05       		.byte	5
 1762              		.global	cy_meta_wonvl
 1763              		.section	.cywolatch,"a",%progbits
 1764              		.align	2
 1765              		.type	cy_meta_wonvl, %object
 1766              		.size	cy_meta_wonvl, 4
 1767              	cy_meta_wonvl:
ARM GAS  C:\Users\LOCALA~1\AppData\Local\Temp\ccTN4uMo.s 			page 32


 1768 0000 BC       		.byte	-68
 1769 0001 90       		.byte	-112
 1770 0002 AC       		.byte	-84
 1771 0003 AF       		.byte	-81
 1772              		.global	cy_meta_flashprotect
 1773              		.section	.cyflashprotect,"a",%progbits
 1774              		.align	2
 1775              		.type	cy_meta_flashprotect, %object
 1776              		.size	cy_meta_flashprotect, 256
 1777              	cy_meta_flashprotect:
 1778 0000 00000000 		.space	256
 1778      00000000 
 1778      00000000 
 1778      00000000 
 1778      00000000 
 1779              		.global	cy_metadata
 1780              		.section	.cymeta,"a",%progbits
 1781              		.align	2
 1782              		.type	cy_metadata, %object
 1783              		.size	cy_metadata, 12
 1784              	cy_metadata:
 1785 0000 00       		.byte	0
 1786 0001 01       		.byte	1
 1787 0002 2E       		.byte	46
 1788 0003 16       		.byte	22
 1789 0004 10       		.byte	16
 1790 0005 69       		.byte	105
 1791 0006 00       		.byte	0
 1792 0007 01       		.byte	1
 1793 0008 00       		.byte	0
 1794 0009 00       		.byte	0
 1795 000a 00       		.byte	0
 1796 000b 00       		.byte	0
 1797              		.text
 1798              	.Letext0:
 1799              		.file 1 "Generated_Source\\PSoC5\\cymetadata.c"
 1800              		.file 2 "Generated_Source\\PSoC5\\cytypes.h"
 1801              		.section	.debug_info,"",%progbits
 1802              	.Ldebug_info0:
 1803 0000 3A010000 		.4byte	0x13a
 1804 0004 0400     		.2byte	0x4
 1805 0006 00000000 		.4byte	.Ldebug_abbrev0
 1806 000a 04       		.byte	0x4
 1807 000b 01       		.uleb128 0x1
 1808 000c 00000000 		.4byte	.LASF18
 1809 0010 01       		.byte	0x1
 1810 0011 C9010000 		.4byte	.LASF19
 1811 0015 84010000 		.4byte	.LASF20
 1812 0019 00000000 		.4byte	.Ldebug_line0
 1813 001d 02       		.uleb128 0x2
 1814 001e 01       		.byte	0x1
 1815 001f 06       		.byte	0x6
 1816 0020 78010000 		.4byte	.LASF0
 1817 0024 02       		.uleb128 0x2
 1818 0025 01       		.byte	0x1
 1819 0026 08       		.byte	0x8
 1820 0027 A0000000 		.4byte	.LASF1
ARM GAS  C:\Users\LOCALA~1\AppData\Local\Temp\ccTN4uMo.s 			page 33


 1821 002b 02       		.uleb128 0x2
 1822 002c 02       		.byte	0x2
 1823 002d 05       		.byte	0x5
 1824 002e 5F010000 		.4byte	.LASF2
 1825 0032 02       		.uleb128 0x2
 1826 0033 02       		.byte	0x2
 1827 0034 07       		.byte	0x7
 1828 0035 C0000000 		.4byte	.LASF3
 1829 0039 02       		.uleb128 0x2
 1830 003a 04       		.byte	0x4
 1831 003b 05       		.byte	0x5
 1832 003c 6F010000 		.4byte	.LASF4
 1833 0040 02       		.uleb128 0x2
 1834 0041 04       		.byte	0x4
 1835 0042 07       		.byte	0x7
 1836 0043 AE000000 		.4byte	.LASF5
 1837 0047 02       		.uleb128 0x2
 1838 0048 08       		.byte	0x8
 1839 0049 05       		.byte	0x5
 1840 004a 4C010000 		.4byte	.LASF6
 1841 004e 02       		.uleb128 0x2
 1842 004f 08       		.byte	0x8
 1843 0050 07       		.byte	0x7
 1844 0051 09010000 		.4byte	.LASF7
 1845 0055 03       		.uleb128 0x3
 1846 0056 04       		.byte	0x4
 1847 0057 05       		.byte	0x5
 1848 0058 696E7400 		.ascii	"int\000"
 1849 005c 02       		.uleb128 0x2
 1850 005d 04       		.byte	0x4
 1851 005e 07       		.byte	0x7
 1852 005f FC000000 		.4byte	.LASF8
 1853 0063 04       		.uleb128 0x4
 1854 0064 69010000 		.4byte	.LASF21
 1855 0068 02       		.byte	0x2
 1856 0069 5B       		.byte	0x5b
 1857 006a 24000000 		.4byte	0x24
 1858 006e 02       		.uleb128 0x2
 1859 006f 04       		.byte	0x4
 1860 0070 04       		.byte	0x4
 1861 0071 9A000000 		.4byte	.LASF9
 1862 0075 02       		.uleb128 0x2
 1863 0076 08       		.byte	0x8
 1864 0077 04       		.byte	0x4
 1865 0078 D3000000 		.4byte	.LASF10
 1866 007c 02       		.uleb128 0x2
 1867 007d 01       		.byte	0x1
 1868 007e 08       		.byte	0x8
 1869 007f 5A010000 		.4byte	.LASF11
 1870 0083 05       		.uleb128 0x5
 1871 0084 63000000 		.4byte	0x63
 1872 0088 94000000 		.4byte	0x94
 1873 008c 06       		.uleb128 0x6
 1874 008d 94000000 		.4byte	0x94
 1875 0091 BF06     		.2byte	0x6bf
 1876 0093 00       		.byte	0
 1877 0094 02       		.uleb128 0x2
ARM GAS  C:\Users\LOCALA~1\AppData\Local\Temp\ccTN4uMo.s 			page 34


 1878 0095 04       		.byte	0x4
 1879 0096 07       		.byte	0x7
 1880 0097 43010000 		.4byte	.LASF12
 1881 009b 07       		.uleb128 0x7
 1882 009c EA000000 		.4byte	.LASF13
 1883 00a0 01       		.byte	0x1
 1884 00a1 1F       		.byte	0x1f
 1885 00a2 AC000000 		.4byte	0xac
 1886 00a6 05       		.uleb128 0x5
 1887 00a7 03       		.byte	0x3
 1888 00a8 00000000 		.4byte	cy_meta_configecc
 1889 00ac 08       		.uleb128 0x8
 1890 00ad 83000000 		.4byte	0x83
 1891 00b1 05       		.uleb128 0x5
 1892 00b2 63000000 		.4byte	0x63
 1893 00b6 C1000000 		.4byte	0xc1
 1894 00ba 09       		.uleb128 0x9
 1895 00bb 94000000 		.4byte	0x94
 1896 00bf 03       		.byte	0x3
 1897 00c0 00       		.byte	0
 1898 00c1 0A       		.uleb128 0xa
 1899 00c2 DA000000 		.4byte	.LASF14
 1900 00c6 01       		.byte	0x1
 1901 00c7 0401     		.2byte	0x104
 1902 00c9 D3000000 		.4byte	0xd3
 1903 00cd 05       		.uleb128 0x5
 1904 00ce 03       		.byte	0x3
 1905 00cf 00000000 		.4byte	cy_meta_custnvl
 1906 00d3 08       		.uleb128 0x8
 1907 00d4 B1000000 		.4byte	0xb1
 1908 00d8 0A       		.uleb128 0xa
 1909 00d9 35010000 		.4byte	.LASF15
 1910 00dd 01       		.byte	0x1
 1911 00de 1201     		.2byte	0x112
 1912 00e0 EA000000 		.4byte	0xea
 1913 00e4 05       		.uleb128 0x5
 1914 00e5 03       		.byte	0x3
 1915 00e6 00000000 		.4byte	cy_meta_wonvl
 1916 00ea 08       		.uleb128 0x8
 1917 00eb B1000000 		.4byte	0xb1
 1918 00ef 05       		.uleb128 0x5
 1919 00f0 63000000 		.4byte	0x63
 1920 00f4 FF000000 		.4byte	0xff
 1921 00f8 09       		.uleb128 0x9
 1922 00f9 94000000 		.4byte	0x94
 1923 00fd FF       		.byte	0xff
 1924 00fe 00       		.byte	0
 1925 00ff 0A       		.uleb128 0xa
 1926 0100 20010000 		.4byte	.LASF16
 1927 0104 01       		.byte	0x1
 1928 0105 2001     		.2byte	0x120
 1929 0107 11010000 		.4byte	0x111
 1930 010b 05       		.uleb128 0x5
 1931 010c 03       		.byte	0x3
 1932 010d 00000000 		.4byte	cy_meta_flashprotect
 1933 0111 08       		.uleb128 0x8
 1934 0112 EF000000 		.4byte	0xef
ARM GAS  C:\Users\LOCALA~1\AppData\Local\Temp\ccTN4uMo.s 			page 35


 1935 0116 05       		.uleb128 0x5
 1936 0117 63000000 		.4byte	0x63
 1937 011b 26010000 		.4byte	0x126
 1938 011f 09       		.uleb128 0x9
 1939 0120 94000000 		.4byte	0x94
 1940 0124 0B       		.byte	0xb
 1941 0125 00       		.byte	0
 1942 0126 0A       		.uleb128 0xa
 1943 0127 8E000000 		.4byte	.LASF17
 1944 012b 01       		.byte	0x1
 1945 012c 4D01     		.2byte	0x14d
 1946 012e 38010000 		.4byte	0x138
 1947 0132 05       		.uleb128 0x5
 1948 0133 03       		.byte	0x3
 1949 0134 00000000 		.4byte	cy_metadata
 1950 0138 08       		.uleb128 0x8
 1951 0139 16010000 		.4byte	0x116
 1952 013d 00       		.byte	0
 1953              		.section	.debug_abbrev,"",%progbits
 1954              	.Ldebug_abbrev0:
 1955 0000 01       		.uleb128 0x1
 1956 0001 11       		.uleb128 0x11
 1957 0002 01       		.byte	0x1
 1958 0003 25       		.uleb128 0x25
 1959 0004 0E       		.uleb128 0xe
 1960 0005 13       		.uleb128 0x13
 1961 0006 0B       		.uleb128 0xb
 1962 0007 03       		.uleb128 0x3
 1963 0008 0E       		.uleb128 0xe
 1964 0009 1B       		.uleb128 0x1b
 1965 000a 0E       		.uleb128 0xe
 1966 000b 10       		.uleb128 0x10
 1967 000c 17       		.uleb128 0x17
 1968 000d 00       		.byte	0
 1969 000e 00       		.byte	0
 1970 000f 02       		.uleb128 0x2
 1971 0010 24       		.uleb128 0x24
 1972 0011 00       		.byte	0
 1973 0012 0B       		.uleb128 0xb
 1974 0013 0B       		.uleb128 0xb
 1975 0014 3E       		.uleb128 0x3e
 1976 0015 0B       		.uleb128 0xb
 1977 0016 03       		.uleb128 0x3
 1978 0017 0E       		.uleb128 0xe
 1979 0018 00       		.byte	0
 1980 0019 00       		.byte	0
 1981 001a 03       		.uleb128 0x3
 1982 001b 24       		.uleb128 0x24
 1983 001c 00       		.byte	0
 1984 001d 0B       		.uleb128 0xb
 1985 001e 0B       		.uleb128 0xb
 1986 001f 3E       		.uleb128 0x3e
 1987 0020 0B       		.uleb128 0xb
 1988 0021 03       		.uleb128 0x3
 1989 0022 08       		.uleb128 0x8
 1990 0023 00       		.byte	0
 1991 0024 00       		.byte	0
ARM GAS  C:\Users\LOCALA~1\AppData\Local\Temp\ccTN4uMo.s 			page 36


 1992 0025 04       		.uleb128 0x4
 1993 0026 16       		.uleb128 0x16
 1994 0027 00       		.byte	0
 1995 0028 03       		.uleb128 0x3
 1996 0029 0E       		.uleb128 0xe
 1997 002a 3A       		.uleb128 0x3a
 1998 002b 0B       		.uleb128 0xb
 1999 002c 3B       		.uleb128 0x3b
 2000 002d 0B       		.uleb128 0xb
 2001 002e 49       		.uleb128 0x49
 2002 002f 13       		.uleb128 0x13
 2003 0030 00       		.byte	0
 2004 0031 00       		.byte	0
 2005 0032 05       		.uleb128 0x5
 2006 0033 01       		.uleb128 0x1
 2007 0034 01       		.byte	0x1
 2008 0035 49       		.uleb128 0x49
 2009 0036 13       		.uleb128 0x13
 2010 0037 01       		.uleb128 0x1
 2011 0038 13       		.uleb128 0x13
 2012 0039 00       		.byte	0
 2013 003a 00       		.byte	0
 2014 003b 06       		.uleb128 0x6
 2015 003c 21       		.uleb128 0x21
 2016 003d 00       		.byte	0
 2017 003e 49       		.uleb128 0x49
 2018 003f 13       		.uleb128 0x13
 2019 0040 2F       		.uleb128 0x2f
 2020 0041 05       		.uleb128 0x5
 2021 0042 00       		.byte	0
 2022 0043 00       		.byte	0
 2023 0044 07       		.uleb128 0x7
 2024 0045 34       		.uleb128 0x34
 2025 0046 00       		.byte	0
 2026 0047 03       		.uleb128 0x3
 2027 0048 0E       		.uleb128 0xe
 2028 0049 3A       		.uleb128 0x3a
 2029 004a 0B       		.uleb128 0xb
 2030 004b 3B       		.uleb128 0x3b
 2031 004c 0B       		.uleb128 0xb
 2032 004d 49       		.uleb128 0x49
 2033 004e 13       		.uleb128 0x13
 2034 004f 3F       		.uleb128 0x3f
 2035 0050 19       		.uleb128 0x19
 2036 0051 02       		.uleb128 0x2
 2037 0052 18       		.uleb128 0x18
 2038 0053 00       		.byte	0
 2039 0054 00       		.byte	0
 2040 0055 08       		.uleb128 0x8
 2041 0056 26       		.uleb128 0x26
 2042 0057 00       		.byte	0
 2043 0058 49       		.uleb128 0x49
 2044 0059 13       		.uleb128 0x13
 2045 005a 00       		.byte	0
 2046 005b 00       		.byte	0
 2047 005c 09       		.uleb128 0x9
 2048 005d 21       		.uleb128 0x21
ARM GAS  C:\Users\LOCALA~1\AppData\Local\Temp\ccTN4uMo.s 			page 37


 2049 005e 00       		.byte	0
 2050 005f 49       		.uleb128 0x49
 2051 0060 13       		.uleb128 0x13
 2052 0061 2F       		.uleb128 0x2f
 2053 0062 0B       		.uleb128 0xb
 2054 0063 00       		.byte	0
 2055 0064 00       		.byte	0
 2056 0065 0A       		.uleb128 0xa
 2057 0066 34       		.uleb128 0x34
 2058 0067 00       		.byte	0
 2059 0068 03       		.uleb128 0x3
 2060 0069 0E       		.uleb128 0xe
 2061 006a 3A       		.uleb128 0x3a
 2062 006b 0B       		.uleb128 0xb
 2063 006c 3B       		.uleb128 0x3b
 2064 006d 05       		.uleb128 0x5
 2065 006e 49       		.uleb128 0x49
 2066 006f 13       		.uleb128 0x13
 2067 0070 3F       		.uleb128 0x3f
 2068 0071 19       		.uleb128 0x19
 2069 0072 02       		.uleb128 0x2
 2070 0073 18       		.uleb128 0x18
 2071 0074 00       		.byte	0
 2072 0075 00       		.byte	0
 2073 0076 00       		.byte	0
 2074              		.section	.debug_aranges,"",%progbits
 2075 0000 14000000 		.4byte	0x14
 2076 0004 0200     		.2byte	0x2
 2077 0006 00000000 		.4byte	.Ldebug_info0
 2078 000a 04       		.byte	0x4
 2079 000b 00       		.byte	0
 2080 000c 0000     		.2byte	0
 2081 000e 0000     		.2byte	0
 2082 0010 00000000 		.4byte	0
 2083 0014 00000000 		.4byte	0
 2084              		.section	.debug_line,"",%progbits
 2085              	.Ldebug_line0:
 2086 0000 4D000000 		.section	.debug_str,"MS",%progbits,1
 2086      02004700 
 2086      00000201 
 2086      FB0E0D00 
 2086      01010101 
 2087              	.LASF18:
 2088 0000 474E5520 		.ascii	"GNU C 4.9.3 20150303 (release) [ARM/embedded-4_9-br"
 2088      4320342E 
 2088      392E3320 
 2088      32303135 
 2088      30333033 
 2089 0033 616E6368 		.ascii	"anch revision 221220] -mcpu=cortex-m3 -mthumb -g -O"
 2089      20726576 
 2089      6973696F 
 2089      6E203232 
 2089      31323230 
 2090 0066 30202D66 		.ascii	"0 -ffunction-sections -ffat-lto-objects\000"
 2090      66756E63 
 2090      74696F6E 
 2090      2D736563 
ARM GAS  C:\Users\LOCALA~1\AppData\Local\Temp\ccTN4uMo.s 			page 38


 2090      74696F6E 
 2091              	.LASF17:
 2092 008e 63795F6D 		.ascii	"cy_metadata\000"
 2092      65746164 
 2092      61746100 
 2093              	.LASF9:
 2094 009a 666C6F61 		.ascii	"float\000"
 2094      7400
 2095              	.LASF1:
 2096 00a0 756E7369 		.ascii	"unsigned char\000"
 2096      676E6564 
 2096      20636861 
 2096      7200
 2097              	.LASF5:
 2098 00ae 6C6F6E67 		.ascii	"long unsigned int\000"
 2098      20756E73 
 2098      69676E65 
 2098      6420696E 
 2098      7400
 2099              	.LASF3:
 2100 00c0 73686F72 		.ascii	"short unsigned int\000"
 2100      7420756E 
 2100      7369676E 
 2100      65642069 
 2100      6E7400
 2101              	.LASF10:
 2102 00d3 646F7562 		.ascii	"double\000"
 2102      6C6500
 2103              	.LASF14:
 2104 00da 63795F6D 		.ascii	"cy_meta_custnvl\000"
 2104      6574615F 
 2104      63757374 
 2104      6E766C00 
 2105              	.LASF13:
 2106 00ea 63795F6D 		.ascii	"cy_meta_configecc\000"
 2106      6574615F 
 2106      636F6E66 
 2106      69676563 
 2106      6300
 2107              	.LASF8:
 2108 00fc 756E7369 		.ascii	"unsigned int\000"
 2108      676E6564 
 2108      20696E74 
 2108      00
 2109              	.LASF7:
 2110 0109 6C6F6E67 		.ascii	"long long unsigned int\000"
 2110      206C6F6E 
 2110      6720756E 
 2110      7369676E 
 2110      65642069 
 2111              	.LASF16:
 2112 0120 63795F6D 		.ascii	"cy_meta_flashprotect\000"
 2112      6574615F 
 2112      666C6173 
 2112      6870726F 
 2112      74656374 
 2113              	.LASF15:
ARM GAS  C:\Users\LOCALA~1\AppData\Local\Temp\ccTN4uMo.s 			page 39


 2114 0135 63795F6D 		.ascii	"cy_meta_wonvl\000"
 2114      6574615F 
 2114      776F6E76 
 2114      6C00
 2115              	.LASF12:
 2116 0143 73697A65 		.ascii	"sizetype\000"
 2116      74797065 
 2116      00
 2117              	.LASF6:
 2118 014c 6C6F6E67 		.ascii	"long long int\000"
 2118      206C6F6E 
 2118      6720696E 
 2118      7400
 2119              	.LASF11:
 2120 015a 63686172 		.ascii	"char\000"
 2120      00
 2121              	.LASF2:
 2122 015f 73686F72 		.ascii	"short int\000"
 2122      7420696E 
 2122      7400
 2123              	.LASF21:
 2124 0169 75696E74 		.ascii	"uint8\000"
 2124      3800
 2125              	.LASF4:
 2126 016f 6C6F6E67 		.ascii	"long int\000"
 2126      20696E74 
 2126      00
 2127              	.LASF0:
 2128 0178 7369676E 		.ascii	"signed char\000"
 2128      65642063 
 2128      68617200 
 2129              	.LASF20:
 2130 0184 433A5C55 		.ascii	"C:\\Users\\localadmin\\Downloads\\kam\\PSoC program"
 2130      73657273 
 2130      5C6C6F63 
 2130      616C6164 
 2130      6D696E5C 
 2131 01b2 5C63616D 		.ascii	"\\camera01\\UART_1.cydsn\000"
 2131      65726130 
 2131      315C5541 
 2131      52545F31 
 2131      2E637964 
 2132              	.LASF19:
 2133 01c9 47656E65 		.ascii	"Generated_Source\\PSoC5\\cymetadata.c\000"
 2133      72617465 
 2133      645F536F 
 2133      75726365 
 2133      5C50536F 
 2134              		.ident	"GCC: (GNU Tools for ARM Embedded Processors) 4.9.3 20150303 (release) [ARM/embedded-4_9-br
