ARM GAS  C:\Users\LOCALA~1\AppData\Local\Temp\ccMUUDeZ.s 			page 1


   1              		.syntax unified
   2              		.cpu cortex-m3
   3              		.fpu softvfp
   4              		.eabi_attribute 20, 1
   5              		.eabi_attribute 21, 1
   6              		.eabi_attribute 23, 3
   7              		.eabi_attribute 24, 1
   8              		.eabi_attribute 25, 1
   9              		.eabi_attribute 26, 1
  10              		.eabi_attribute 30, 6
  11              		.eabi_attribute 34, 1
  12              		.eabi_attribute 18, 4
  13              		.thumb
  14              		.file	"main.c"
  15              		.text
  16              	.Ltext0:
  17              		.cfi_sections	.debug_frame
  18              		.comm	rec,1,1
  19              		.global	get
  20              		.data
  21              		.align	2
  22              		.type	get, %object
  23              		.size	get, 4
  24              	get:
  25 0000 56       		.byte	86
  26 0001 00       		.byte	0
  27 0002 11       		.byte	17
  28 0003 00       		.byte	0
  29              		.global	reset_camera
  30              		.align	2
  31              		.type	reset_camera, %object
  32              		.size	reset_camera, 4
  33              	reset_camera:
  34 0004 56       		.byte	86
  35 0005 00       		.byte	0
  36 0006 26       		.byte	38
  37 0007 00       		.byte	0
  38              		.global	baurate
  39              		.align	2
  40              		.type	baurate, %object
  41              		.size	baurate, 7
  42              	baurate:
  43 0008 56       		.byte	86
  44 0009 00       		.byte	0
  45 000a 24       		.byte	36
  46 000b 16       		.byte	22
  47 000c 01       		.byte	1
  48 000d 2A       		.byte	42
  49 000e F2       		.byte	-14
  50              		.global	config_datasize
  51 000f 00       		.align	2
  52              		.type	config_datasize, %object
  53              		.size	config_datasize, 9
  54              	config_datasize:
  55 0010 56       		.byte	86
  56 0011 00       		.byte	0
  57 0012 31       		.byte	49
ARM GAS  C:\Users\LOCALA~1\AppData\Local\Temp\ccMUUDeZ.s 			page 2


  58 0013 05       		.byte	5
  59 0014 04       		.byte	4
  60 0015 01       		.byte	1
  61 0016 00       		.byte	0
  62 0017 19       		.byte	25
  63 0018 00       		.byte	0
  64              		.global	take_picture
  65 0019 000000   		.align	2
  66              		.type	take_picture, %object
  67              		.size	take_picture, 5
  68              	take_picture:
  69 001c 56       		.byte	86
  70 001d 00       		.byte	0
  71 001e 36       		.byte	54
  72 001f 01       		.byte	1
  73 0020 00       		.byte	0
  74              		.global	read_datasize
  75 0021 000000   		.align	2
  76              		.type	read_datasize, %object
  77              		.size	read_datasize, 5
  78              	read_datasize:
  79 0024 56       		.byte	86
  80 0025 00       		.byte	0
  81 0026 34       		.byte	52
  82 0027 01       		.byte	1
  83 0028 00       		.byte	0
  84              		.global	load_data
  85 0029 000000   		.align	2
  86              		.type	load_data, %object
  87              		.size	load_data, 16
  88              	load_data:
  89 002c 56       		.byte	86
  90 002d 00       		.byte	0
  91 002e 32       		.byte	50
  92 002f 0C       		.byte	12
  93 0030 00       		.byte	0
  94 0031 0A       		.byte	10
  95 0032 00       		.byte	0
  96 0033 00       		.byte	0
  97 0034 00       		.byte	0
  98 0035 00       		.byte	0
  99 0036 00       		.byte	0
 100 0037 00       		.byte	0
 101 0038 CA       		.byte	-54
 102 0039 6C       		.byte	108
 103 003a 00       		.byte	0
 104 003b FF       		.byte	-1
 105              		.section	.rodata
 106              		.align	2
 107              	.LC1:
 108 0000 54584441 		.ascii	"TXDA 1111\015\012\000"
 108      20313131 
 108      310D0A00 
 109              		.align	2
 110              	.LC2:
 111 000c 54584441 		.ascii	"TXDA 2222\015\012\000"
 111      20323232 
ARM GAS  C:\Users\LOCALA~1\AppData\Local\Temp\ccMUUDeZ.s 			page 3


 111      320D0A00 
 112              		.align	2
 113              	.LC3:
 114 0018 54584441 		.ascii	"TXDA 3333\015\012\000"
 114      20333333 
 114      330D0A00 
 115              		.align	2
 116              	.LC4:
 117 0024 54584441 		.ascii	"TXDA 4444\015\012\000"
 117      20343434 
 117      340D0A00 
 118              		.align	2
 119              	.LC5:
 120 0030 54584441 		.ascii	"TXDA 5555\015\012\000"
 120      20353535 
 120      350D0A00 
 121              		.align	2
 122              	.LC0:
 123 003c 54584441 		.ascii	"TXDA 0000\015\012\000"
 123      20303030 
 123      300D0A00 
 124              		.section	.text.main,"ax",%progbits
 125              		.align	2
 126              		.global	main
 127              		.thumb
 128              		.thumb_func
 129              		.type	main, %function
 130              	main:
 131              	.LFB56:
 132              		.file 1 "main.c"
   1:main.c        **** #include <project.h>
   2:main.c        **** #include <stdio.h>
   3:main.c        **** uint8 rec;
   4:main.c        **** uint8 get[]            ={0x56, 0x00, 0x11, 0x00};
   5:main.c        **** uint8 reset_camera[]    =  { 0x56, 0x00, 0x26, 0x00 };
   6:main.c        **** uint8 baurate[]         =  { 0x56, 0x00, 0x24, 0x16, 0x01, 0x2A, 0xF2 };
   7:main.c        **** uint8 config_datasize[] =  { 0x56, 0x00, 0x31, 0x05, 0x04, 0x01, 0x00, 0x19, 0x00 };    //640×480
   8:main.c        **** uint8 take_picture[]    =  { 0x56, 0x00, 0x36, 0x01, 0x00 };
   9:main.c        **** uint8 read_datasize[]   =  { 0x56, 0x00, 0x34, 0x01, 0x00 };
  10:main.c        **** uint8 load_data[]       =  { 0x56, 0x00, 0x32, 0x0C, 0x00, 0x0A, 0x00, 0x00, 0x00, 0x00, 0x00, 0x00
  11:main.c        **** 
  12:main.c        **** CY_ISR_PROTO(isr_tx1);
  13:main.c        **** CY_ISR_PROTO(isr_tx2);
  14:main.c        **** CY_ISR_PROTO(isr_rx1);
  15:main.c        **** CY_ISR_PROTO(isr_rx2);
  16:main.c        **** 
  17:main.c        **** int main()
  18:main.c        **** {
 133              		.loc 1 18 0
 134              		.cfi_startproc
 135              		@ args = 0, pretend = 0, frame = 80
 136              		@ frame_needed = 1, uses_anonymous_args = 0
 137 0000 80B5     		push	{r7, lr}
 138              		.cfi_def_cfa_offset 8
 139              		.cfi_offset 7, -8
 140              		.cfi_offset 14, -4
 141 0002 94B0     		sub	sp, sp, #80
ARM GAS  C:\Users\LOCALA~1\AppData\Local\Temp\ccMUUDeZ.s 			page 4


 142              		.cfi_def_cfa_offset 88
 143 0004 00AF     		add	r7, sp, #0
 144              		.cfi_def_cfa_register 7
  19:main.c        ****     char  str;
  20:main.c        ****     char log[] = "TXDA 0000\r\n";
 145              		.loc 1 20 0
 146 0006 394A     		ldr	r2, .L6
 147 0008 07F14003 		add	r3, r7, #64
 148 000c 07CA     		ldmia	r2, {r0, r1, r2}
 149 000e 83E80700 		stmia	r3, {r0, r1, r2}
  21:main.c        ****     char snd[64];
  22:main.c        ****     char recv;
  23:main.c        **** UART_1_Start();
 150              		.loc 1 23 0
 151 0012 FFF7FEFF 		bl	UART_1_Start
  24:main.c        **** UART_2_Start();
 152              		.loc 1 24 0
 153 0016 FFF7FEFF 		bl	UART_2_Start
  25:main.c        **** isr_rx1_StartEx(isr_rx1 );
 154              		.loc 1 25 0
 155 001a 3548     		ldr	r0, .L6+4
 156 001c FFF7FEFF 		bl	isr_rx1_StartEx
  26:main.c        **** CyGlobalIntEnable;// Parameter pointer  
 157              		.loc 1 26 0
 158              	@ 26 "main.c" 1
 159 0020 62B6     		CPSIE   i
 160              	@ 0 "" 2
 161              		.thumb
 162              	.L5:
  27:main.c        **** while(1){
  28:main.c        **** 
  29:main.c        **** //UART_1_PutArray(reset_camera,4);
  30:main.c        ****             str=0x00;
 163              		.loc 1 30 0
 164 0022 0023     		movs	r3, #0
 165 0024 87F84F30 		strb	r3, [r7, #79]
  31:main.c        ****             str = UART_2_GetChar();
 166              		.loc 1 31 0
 167 0028 FFF7FEFF 		bl	UART_2_GetChar
 168 002c 0346     		mov	r3, r0
 169 002e 87F84F30 		strb	r3, [r7, #79]
  32:main.c        **** 
  33:main.c        ****             if(str == 0x00 || str == 0x30 || str == 0x0D || str == 0x0A){
 170              		.loc 1 33 0
 171 0032 97F84F30 		ldrb	r3, [r7, #79]	@ zero_extendqisi2
 172 0036 002B     		cmp	r3, #0
 173 0038 0BD0     		beq	.L2
 174              		.loc 1 33 0 is_stmt 0 discriminator 1
 175 003a 97F84F30 		ldrb	r3, [r7, #79]	@ zero_extendqisi2
 176 003e 302B     		cmp	r3, #48
 177 0040 07D0     		beq	.L2
 178              		.loc 1 33 0 discriminator 2
 179 0042 97F84F30 		ldrb	r3, [r7, #79]	@ zero_extendqisi2
 180 0046 0D2B     		cmp	r3, #13
 181 0048 03D0     		beq	.L2
 182              		.loc 1 33 0 discriminator 3
 183 004a 97F84F30 		ldrb	r3, [r7, #79]	@ zero_extendqisi2
ARM GAS  C:\Users\LOCALA~1\AppData\Local\Temp\ccMUUDeZ.s 			page 5


 184 004e 0A2B     		cmp	r3, #10
 185 0050 00D1     		bne	.L3
 186              	.L2:
  34:main.c        ****             //UART_1_PutChar(strPtr);
  35:main.c        ****            // }
  36:main.c        ****                 continue;
 187              		.loc 1 36 0 is_stmt 1
 188 0052 49E0     		b	.L4
 189              	.L3:
  37:main.c        ****             }
  38:main.c        ****             if(str != 0x4F && str != 0x4B && str != 0x4E &&  str != 0x47){
 190              		.loc 1 38 0
 191 0054 97F84F30 		ldrb	r3, [r7, #79]	@ zero_extendqisi2
 192 0058 4F2B     		cmp	r3, #79
 193 005a 45D0     		beq	.L4
 194              		.loc 1 38 0 is_stmt 0 discriminator 1
 195 005c 97F84F30 		ldrb	r3, [r7, #79]	@ zero_extendqisi2
 196 0060 4B2B     		cmp	r3, #75
 197 0062 41D0     		beq	.L4
 198              		.loc 1 38 0 discriminator 2
 199 0064 97F84F30 		ldrb	r3, [r7, #79]	@ zero_extendqisi2
 200 0068 4E2B     		cmp	r3, #78
 201 006a 3DD0     		beq	.L4
 202              		.loc 1 38 0 discriminator 3
 203 006c 97F84F30 		ldrb	r3, [r7, #79]	@ zero_extendqisi2
 204 0070 472B     		cmp	r3, #71
 205 0072 39D0     		beq	.L4
  39:main.c        **** //sprintf(snd,"TXDA %x\r\n",str);
  40:main.c        **** //UART_2_PutString(snd);
  41:main.c        **** //UART_2_PutString(log);
  42:main.c        **** CyDelay(100);
 206              		.loc 1 42 0 is_stmt 1
 207 0074 6420     		movs	r0, #100
 208 0076 FFF7FEFF 		bl	CyDelay
  43:main.c        **** UART_2_PutString("TXDA 1111\r\n");
 209              		.loc 1 43 0
 210 007a 1E48     		ldr	r0, .L6+8
 211 007c FFF7FEFF 		bl	UART_2_PutString
  44:main.c        **** //CyDelay(500);
  45:main.c        **** CyDelay(100);
 212              		.loc 1 45 0
 213 0080 6420     		movs	r0, #100
 214 0082 FFF7FEFF 		bl	CyDelay
  46:main.c        **** UART_1_PutArray(config_datasize,9);
 215              		.loc 1 46 0
 216 0086 1C48     		ldr	r0, .L6+12
 217 0088 0921     		movs	r1, #9
 218 008a FFF7FEFF 		bl	UART_1_PutArray
  47:main.c        **** //UART_2_PutString("TXDA 2222\r\n");
  48:main.c        **** 
  49:main.c        **** //UART_2_PutString(log);
  50:main.c        **** //recv = UART_1_GetChar();
  51:main.c        **** //sprintf(snd,"TXDA 3333%c\r\n",recv);
  52:main.c        **** //UART_2_PutString(snd);
  53:main.c        **** CyDelay(100);
 219              		.loc 1 53 0
 220 008e 6420     		movs	r0, #100
ARM GAS  C:\Users\LOCALA~1\AppData\Local\Temp\ccMUUDeZ.s 			page 6


 221 0090 FFF7FEFF 		bl	CyDelay
  54:main.c        **** UART_2_PutString("TXDA 2222\r\n");
 222              		.loc 1 54 0
 223 0094 1948     		ldr	r0, .L6+16
 224 0096 FFF7FEFF 		bl	UART_2_PutString
  55:main.c        **** //CyDelay(300);
  56:main.c        **** CyDelay(100);
 225              		.loc 1 56 0
 226 009a 6420     		movs	r0, #100
 227 009c FFF7FEFF 		bl	CyDelay
  57:main.c        **** UART_1_PutArray(take_picture,5);
 228              		.loc 1 57 0
 229 00a0 1748     		ldr	r0, .L6+20
 230 00a2 0521     		movs	r1, #5
 231 00a4 FFF7FEFF 		bl	UART_1_PutArray
  58:main.c        **** CyDelay(100);
 232              		.loc 1 58 0
 233 00a8 6420     		movs	r0, #100
 234 00aa FFF7FEFF 		bl	CyDelay
  59:main.c        **** UART_2_PutString("TXDA 3333\r\n");
 235              		.loc 1 59 0
 236 00ae 1548     		ldr	r0, .L6+24
 237 00b0 FFF7FEFF 		bl	UART_2_PutString
  60:main.c        **** //UART_2_PutString(log);
  61:main.c        **** //recv = UART_1_GetChar();
  62:main.c        **** //sprintf(snd,"TXDA 4444%c\r\n",recv);
  63:main.c        **** //UART_2_PutString(snd);
  64:main.c        **** CyDelay(100);
 238              		.loc 1 64 0
 239 00b4 6420     		movs	r0, #100
 240 00b6 FFF7FEFF 		bl	CyDelay
  65:main.c        **** //CyDelay(300);
  66:main.c        **** UART_1_PutArray(read_datasize,5);
 241              		.loc 1 66 0
 242 00ba 1348     		ldr	r0, .L6+28
 243 00bc 0521     		movs	r1, #5
 244 00be FFF7FEFF 		bl	UART_1_PutArray
  67:main.c        **** CyDelay(100);
 245              		.loc 1 67 0
 246 00c2 6420     		movs	r0, #100
 247 00c4 FFF7FEFF 		bl	CyDelay
  68:main.c        **** UART_2_PutString("TXDA 4444\r\n");
 248              		.loc 1 68 0
 249 00c8 1048     		ldr	r0, .L6+32
 250 00ca FFF7FEFF 		bl	UART_2_PutString
  69:main.c        **** //recv = UART_1_GetChar();
  70:main.c        **** //sprintf(snd,"TXDA 030%c\r\n",recv);
  71:main.c        **** //UART_2_PutString(snd);
  72:main.c        **** 
  73:main.c        **** //CyDelay(500);
  74:main.c        **** CyDelay(100);
 251              		.loc 1 74 0
 252 00ce 6420     		movs	r0, #100
 253 00d0 FFF7FEFF 		bl	CyDelay
  75:main.c        **** UART_1_PutArray(load_data,16);
 254              		.loc 1 75 0
 255 00d4 0E48     		ldr	r0, .L6+36
ARM GAS  C:\Users\LOCALA~1\AppData\Local\Temp\ccMUUDeZ.s 			page 7


 256 00d6 1021     		movs	r1, #16
 257 00d8 FFF7FEFF 		bl	UART_1_PutArray
  76:main.c        **** CyDelay(100);
 258              		.loc 1 76 0
 259 00dc 6420     		movs	r0, #100
 260 00de FFF7FEFF 		bl	CyDelay
  77:main.c        **** UART_2_PutString("TXDA 5555\r\n");
 261              		.loc 1 77 0
 262 00e2 0C48     		ldr	r0, .L6+40
 263 00e4 FFF7FEFF 		bl	UART_2_PutString
 264              	.L4:
  78:main.c        **** 
  79:main.c        **** 
  80:main.c        ****             }
  81:main.c        **** }
 265              		.loc 1 81 0
 266 00e8 9BE7     		b	.L5
 267              	.L7:
 268 00ea 00BF     		.align	2
 269              	.L6:
 270 00ec 3C000000 		.word	.LC0
 271 00f0 00000000 		.word	isr_rx1
 272 00f4 00000000 		.word	.LC1
 273 00f8 00000000 		.word	config_datasize
 274 00fc 0C000000 		.word	.LC2
 275 0100 00000000 		.word	take_picture
 276 0104 18000000 		.word	.LC3
 277 0108 00000000 		.word	read_datasize
 278 010c 24000000 		.word	.LC4
 279 0110 00000000 		.word	load_data
 280 0114 30000000 		.word	.LC5
 281              		.cfi_endproc
 282              	.LFE56:
 283              		.size	main, .-main
 284              		.section	.text.isr_rx1,"ax",%progbits
 285              		.align	2
 286              		.global	isr_rx1
 287              		.thumb
 288              		.thumb_func
 289              		.type	isr_rx1, %function
 290              	isr_rx1:
 291              	.LFB57:
  82:main.c        **** }
  83:main.c        **** 
  84:main.c        **** #pragma interrupt_handler isr_rx1
  85:main.c        **** CY_ISR(isr_rx1)
  86:main.c        **** {
 292              		.loc 1 86 0
 293              		.cfi_startproc
 294              		@ args = 0, pretend = 0, frame = 24
 295              		@ frame_needed = 1, uses_anonymous_args = 0
 296              		@ link register save eliminated.
 297 0000 80B4     		push	{r7}
 298              		.cfi_def_cfa_offset 4
 299              		.cfi_offset 7, -4
 300 0002 87B0     		sub	sp, sp, #28
 301              		.cfi_def_cfa_offset 32
ARM GAS  C:\Users\LOCALA~1\AppData\Local\Temp\ccMUUDeZ.s 			page 8


 302 0004 00AF     		add	r7, sp, #0
 303              		.cfi_def_cfa_register 7
  87:main.c        ****  char recv_data;
  88:main.c        ****  char rec[20] = {0};
 304              		.loc 1 88 0
 305 0006 3B1D     		adds	r3, r7, #4
 306 0008 0022     		movs	r2, #0
 307 000a 1A60     		str	r2, [r3]
 308 000c 0433     		adds	r3, r3, #4
 309 000e 0022     		movs	r2, #0
 310 0010 1A60     		str	r2, [r3]
 311 0012 0433     		adds	r3, r3, #4
 312 0014 0022     		movs	r2, #0
 313 0016 1A60     		str	r2, [r3]
 314 0018 0433     		adds	r3, r3, #4
 315 001a 0022     		movs	r2, #0
 316 001c 1A60     		str	r2, [r3]
 317 001e 0433     		adds	r3, r3, #4
 318 0020 0022     		movs	r2, #0
 319 0022 1A60     		str	r2, [r3]
 320 0024 0433     		adds	r3, r3, #4
  89:main.c        ****  //recv_data = UART_1_GetChar(); // read UART
  90:main.c        **** //UART_2_PutString("TXDA 8888\r\n");
  91:main.c        **** //sprintf(rec,"TXDA 03%c\r\n",recv_data); 
  92:main.c        **** 
  93:main.c        **** //CyDelay(1000);
  94:main.c        **** //UART_2_PutString(rec);
  95:main.c        **** 
  96:main.c        **** //CyDelay(1000);
  97:main.c        **** //UART_2_PutString("TXDA 9999\r\n");
  98:main.c        **** //UART_2_PutChar(rec); // echo
  99:main.c        **** }
 321              		.loc 1 99 0
 322 0026 1C37     		adds	r7, r7, #28
 323              		.cfi_def_cfa_offset 4
 324 0028 BD46     		mov	sp, r7
 325              		.cfi_def_cfa_register 13
 326              		@ sp needed
 327 002a 5DF8047B 		ldr	r7, [sp], #4
 328              		.cfi_restore 7
 329              		.cfi_def_cfa_offset 0
 330 002e 7047     		bx	lr
 331              		.cfi_endproc
 332              	.LFE57:
 333              		.size	isr_rx1, .-isr_rx1
 334              		.text
 335              	.Letext0:
 336              		.file 2 "c:\\program files (x86)\\cypress\\psoc creator\\4.0\\psoc creator\\import\\gnu\\arm\\4.9.
 337              		.file 3 "c:\\program files (x86)\\cypress\\psoc creator\\4.0\\psoc creator\\import\\gnu\\arm\\4.9.
 338              		.file 4 "Generated_Source\\PSoC5/cytypes.h"
 339              		.file 5 "Generated_Source\\PSoC5/core_cm3.h"
 340              		.section	.debug_info,"",%progbits
 341              	.Ldebug_info0:
 342 0000 3D020000 		.4byte	0x23d
 343 0004 0400     		.2byte	0x4
 344 0006 00000000 		.4byte	.Ldebug_abbrev0
 345 000a 04       		.byte	0x4
ARM GAS  C:\Users\LOCALA~1\AppData\Local\Temp\ccMUUDeZ.s 			page 9


 346 000b 01       		.uleb128 0x1
 347 000c 0A000000 		.4byte	.LASF27
 348 0010 01       		.byte	0x1
 349 0011 76010000 		.4byte	.LASF28
 350 0015 BF010000 		.4byte	.LASF29
 351 0019 00000000 		.4byte	.Ldebug_ranges0+0
 352 001d 00000000 		.4byte	0
 353 0021 00000000 		.4byte	.Ldebug_line0
 354 0025 02       		.uleb128 0x2
 355 0026 01       		.byte	0x1
 356 0027 06       		.byte	0x6
 357 0028 A5000000 		.4byte	.LASF0
 358 002c 02       		.uleb128 0x2
 359 002d 01       		.byte	0x1
 360 002e 08       		.byte	0x8
 361 002f BE000000 		.4byte	.LASF1
 362 0033 02       		.uleb128 0x2
 363 0034 02       		.byte	0x2
 364 0035 05       		.byte	0x5
 365 0036 82010000 		.4byte	.LASF2
 366 003a 02       		.uleb128 0x2
 367 003b 02       		.byte	0x2
 368 003c 07       		.byte	0x7
 369 003d DC000000 		.4byte	.LASF3
 370 0041 03       		.uleb128 0x3
 371 0042 00000000 		.4byte	.LASF9
 372 0046 02       		.byte	0x2
 373 0047 3F       		.byte	0x3f
 374 0048 4C000000 		.4byte	0x4c
 375 004c 02       		.uleb128 0x2
 376 004d 04       		.byte	0x4
 377 004e 05       		.byte	0x5
 378 004f AC010000 		.4byte	.LASF4
 379 0053 02       		.uleb128 0x2
 380 0054 04       		.byte	0x4
 381 0055 07       		.byte	0x7
 382 0056 FC000000 		.4byte	.LASF5
 383 005a 02       		.uleb128 0x2
 384 005b 08       		.byte	0x8
 385 005c 05       		.byte	0x5
 386 005d 68010000 		.4byte	.LASF6
 387 0061 02       		.uleb128 0x2
 388 0062 08       		.byte	0x8
 389 0063 07       		.byte	0x7
 390 0064 2E010000 		.4byte	.LASF7
 391 0068 04       		.uleb128 0x4
 392 0069 04       		.byte	0x4
 393 006a 05       		.byte	0x5
 394 006b 696E7400 		.ascii	"int\000"
 395 006f 02       		.uleb128 0x2
 396 0070 04       		.byte	0x4
 397 0071 07       		.byte	0x7
 398 0072 13010000 		.4byte	.LASF8
 399 0076 03       		.uleb128 0x3
 400 0077 52010000 		.4byte	.LASF10
 401 007b 03       		.byte	0x3
 402 007c 2C       		.byte	0x2c
ARM GAS  C:\Users\LOCALA~1\AppData\Local\Temp\ccMUUDeZ.s 			page 10


 403 007d 41000000 		.4byte	0x41
 404 0081 03       		.uleb128 0x3
 405 0082 96010000 		.4byte	.LASF11
 406 0086 04       		.byte	0x4
 407 0087 5B       		.byte	0x5b
 408 0088 2C000000 		.4byte	0x2c
 409 008c 02       		.uleb128 0x2
 410 008d 04       		.byte	0x4
 411 008e 04       		.byte	0x4
 412 008f 9F000000 		.4byte	.LASF12
 413 0093 02       		.uleb128 0x2
 414 0094 08       		.byte	0x8
 415 0095 04       		.byte	0x4
 416 0096 98000000 		.4byte	.LASF13
 417 009a 02       		.uleb128 0x2
 418 009b 01       		.byte	0x1
 419 009c 08       		.byte	0x8
 420 009d 7D010000 		.4byte	.LASF14
 421 00a1 02       		.uleb128 0x2
 422 00a2 04       		.byte	0x4
 423 00a3 07       		.byte	0x7
 424 00a4 5A010000 		.4byte	.LASF15
 425 00a8 05       		.uleb128 0x5
 426 00a9 81000000 		.4byte	0x81
 427 00ad B8000000 		.4byte	0xb8
 428 00b1 06       		.uleb128 0x6
 429 00b2 A1000000 		.4byte	0xa1
 430 00b6 03       		.byte	0x3
 431 00b7 00       		.byte	0
 432 00b8 07       		.uleb128 0x7
 433 00b9 0E010000 		.4byte	.LASF16
 434 00bd 01       		.byte	0x1
 435 00be 11       		.byte	0x11
 436 00bf 68000000 		.4byte	0x68
 437 00c3 00000000 		.4byte	.LFB56
 438 00c7 18010000 		.4byte	.LFE56-.LFB56
 439 00cb 01       		.uleb128 0x1
 440 00cc 9C       		.byte	0x9c
 441 00cd 08010000 		.4byte	0x108
 442 00d1 08       		.uleb128 0x8
 443 00d2 73747200 		.ascii	"str\000"
 444 00d6 01       		.byte	0x1
 445 00d7 13       		.byte	0x13
 446 00d8 9A000000 		.4byte	0x9a
 447 00dc 02       		.uleb128 0x2
 448 00dd 91       		.byte	0x91
 449 00de 77       		.sleb128 -9
 450 00df 08       		.uleb128 0x8
 451 00e0 6C6F6700 		.ascii	"log\000"
 452 00e4 01       		.byte	0x1
 453 00e5 14       		.byte	0x14
 454 00e6 08010000 		.4byte	0x108
 455 00ea 02       		.uleb128 0x2
 456 00eb 91       		.byte	0x91
 457 00ec 68       		.sleb128 -24
 458 00ed 08       		.uleb128 0x8
 459 00ee 736E6400 		.ascii	"snd\000"
ARM GAS  C:\Users\LOCALA~1\AppData\Local\Temp\ccMUUDeZ.s 			page 11


 460 00f2 01       		.byte	0x1
 461 00f3 15       		.byte	0x15
 462 00f4 18010000 		.4byte	0x118
 463 00f8 03       		.uleb128 0x3
 464 00f9 91       		.byte	0x91
 465 00fa A87F     		.sleb128 -88
 466 00fc 09       		.uleb128 0x9
 467 00fd 63010000 		.4byte	.LASF18
 468 0101 01       		.byte	0x1
 469 0102 16       		.byte	0x16
 470 0103 9A000000 		.4byte	0x9a
 471 0107 00       		.byte	0
 472 0108 05       		.uleb128 0x5
 473 0109 9A000000 		.4byte	0x9a
 474 010d 18010000 		.4byte	0x118
 475 0111 06       		.uleb128 0x6
 476 0112 A1000000 		.4byte	0xa1
 477 0116 0B       		.byte	0xb
 478 0117 00       		.byte	0
 479 0118 05       		.uleb128 0x5
 480 0119 9A000000 		.4byte	0x9a
 481 011d 28010000 		.4byte	0x128
 482 0121 06       		.uleb128 0x6
 483 0122 A1000000 		.4byte	0xa1
 484 0126 3F       		.byte	0x3f
 485 0127 00       		.byte	0
 486 0128 0A       		.uleb128 0xa
 487 0129 A4010000 		.4byte	.LASF17
 488 012d 01       		.byte	0x1
 489 012e 55       		.byte	0x55
 490 012f 00000000 		.4byte	.LFB57
 491 0133 30000000 		.4byte	.LFE57-.LFB57
 492 0137 01       		.uleb128 0x1
 493 0138 9C       		.byte	0x9c
 494 0139 57010000 		.4byte	0x157
 495 013d 09       		.uleb128 0x9
 496 013e B5010000 		.4byte	.LASF19
 497 0142 01       		.byte	0x1
 498 0143 57       		.byte	0x57
 499 0144 9A000000 		.4byte	0x9a
 500 0148 08       		.uleb128 0x8
 501 0149 72656300 		.ascii	"rec\000"
 502 014d 01       		.byte	0x1
 503 014e 58       		.byte	0x58
 504 014f 57010000 		.4byte	0x157
 505 0153 02       		.uleb128 0x2
 506 0154 91       		.byte	0x91
 507 0155 64       		.sleb128 -28
 508 0156 00       		.byte	0
 509 0157 05       		.uleb128 0x5
 510 0158 9A000000 		.4byte	0x9a
 511 015c 67010000 		.4byte	0x167
 512 0160 06       		.uleb128 0x6
 513 0161 A1000000 		.4byte	0xa1
 514 0165 13       		.byte	0x13
 515 0166 00       		.byte	0
 516 0167 0B       		.uleb128 0xb
ARM GAS  C:\Users\LOCALA~1\AppData\Local\Temp\ccMUUDeZ.s 			page 12


 517 0168 EF000000 		.4byte	.LASF20
 518 016c 05       		.byte	0x5
 519 016d 1606     		.2byte	0x616
 520 016f 73010000 		.4byte	0x173
 521 0173 0C       		.uleb128 0xc
 522 0174 76000000 		.4byte	0x76
 523 0178 0D       		.uleb128 0xd
 524 0179 72656300 		.ascii	"rec\000"
 525 017d 01       		.byte	0x1
 526 017e 03       		.byte	0x3
 527 017f 81000000 		.4byte	0x81
 528 0183 05       		.uleb128 0x5
 529 0184 03       		.byte	0x3
 530 0185 00000000 		.4byte	rec
 531 0189 0D       		.uleb128 0xd
 532 018a 67657400 		.ascii	"get\000"
 533 018e 01       		.byte	0x1
 534 018f 04       		.byte	0x4
 535 0190 A8000000 		.4byte	0xa8
 536 0194 05       		.uleb128 0x5
 537 0195 03       		.byte	0x3
 538 0196 00000000 		.4byte	get
 539 019a 0E       		.uleb128 0xe
 540 019b 45010000 		.4byte	.LASF21
 541 019f 01       		.byte	0x1
 542 01a0 05       		.byte	0x5
 543 01a1 A8000000 		.4byte	0xa8
 544 01a5 05       		.uleb128 0x5
 545 01a6 03       		.byte	0x3
 546 01a7 00000000 		.4byte	reset_camera
 547 01ab 05       		.uleb128 0x5
 548 01ac 81000000 		.4byte	0x81
 549 01b0 BB010000 		.4byte	0x1bb
 550 01b4 06       		.uleb128 0x6
 551 01b5 A1000000 		.4byte	0xa1
 552 01b9 06       		.byte	0x6
 553 01ba 00       		.byte	0
 554 01bb 0E       		.uleb128 0xe
 555 01bc 9C010000 		.4byte	.LASF22
 556 01c0 01       		.byte	0x1
 557 01c1 06       		.byte	0x6
 558 01c2 AB010000 		.4byte	0x1ab
 559 01c6 05       		.uleb128 0x5
 560 01c7 03       		.byte	0x3
 561 01c8 00000000 		.4byte	baurate
 562 01cc 05       		.uleb128 0x5
 563 01cd 81000000 		.4byte	0x81
 564 01d1 DC010000 		.4byte	0x1dc
 565 01d5 06       		.uleb128 0x6
 566 01d6 A1000000 		.4byte	0xa1
 567 01da 08       		.byte	0x8
 568 01db 00       		.byte	0
 569 01dc 0E       		.uleb128 0xe
 570 01dd CC000000 		.4byte	.LASF23
 571 01e1 01       		.byte	0x1
 572 01e2 07       		.byte	0x7
 573 01e3 CC010000 		.4byte	0x1cc
ARM GAS  C:\Users\LOCALA~1\AppData\Local\Temp\ccMUUDeZ.s 			page 13


 574 01e7 05       		.uleb128 0x5
 575 01e8 03       		.byte	0x3
 576 01e9 00000000 		.4byte	config_datasize
 577 01ed 05       		.uleb128 0x5
 578 01ee 81000000 		.4byte	0x81
 579 01f2 FD010000 		.4byte	0x1fd
 580 01f6 06       		.uleb128 0x6
 581 01f7 A1000000 		.4byte	0xa1
 582 01fb 04       		.byte	0x4
 583 01fc 00       		.byte	0
 584 01fd 0E       		.uleb128 0xe
 585 01fe B1000000 		.4byte	.LASF24
 586 0202 01       		.byte	0x1
 587 0203 08       		.byte	0x8
 588 0204 ED010000 		.4byte	0x1ed
 589 0208 05       		.uleb128 0x5
 590 0209 03       		.byte	0x3
 591 020a 00000000 		.4byte	take_picture
 592 020e 0E       		.uleb128 0xe
 593 020f 20010000 		.4byte	.LASF25
 594 0213 01       		.byte	0x1
 595 0214 09       		.byte	0x9
 596 0215 ED010000 		.4byte	0x1ed
 597 0219 05       		.uleb128 0x5
 598 021a 03       		.byte	0x3
 599 021b 00000000 		.4byte	read_datasize
 600 021f 05       		.uleb128 0x5
 601 0220 81000000 		.4byte	0x81
 602 0224 2F020000 		.4byte	0x22f
 603 0228 06       		.uleb128 0x6
 604 0229 A1000000 		.4byte	0xa1
 605 022d 0F       		.byte	0xf
 606 022e 00       		.byte	0
 607 022f 0E       		.uleb128 0xe
 608 0230 8C010000 		.4byte	.LASF26
 609 0234 01       		.byte	0x1
 610 0235 0A       		.byte	0xa
 611 0236 1F020000 		.4byte	0x21f
 612 023a 05       		.uleb128 0x5
 613 023b 03       		.byte	0x3
 614 023c 00000000 		.4byte	load_data
 615 0240 00       		.byte	0
 616              		.section	.debug_abbrev,"",%progbits
 617              	.Ldebug_abbrev0:
 618 0000 01       		.uleb128 0x1
 619 0001 11       		.uleb128 0x11
 620 0002 01       		.byte	0x1
 621 0003 25       		.uleb128 0x25
 622 0004 0E       		.uleb128 0xe
 623 0005 13       		.uleb128 0x13
 624 0006 0B       		.uleb128 0xb
 625 0007 03       		.uleb128 0x3
 626 0008 0E       		.uleb128 0xe
 627 0009 1B       		.uleb128 0x1b
 628 000a 0E       		.uleb128 0xe
 629 000b 55       		.uleb128 0x55
 630 000c 17       		.uleb128 0x17
ARM GAS  C:\Users\LOCALA~1\AppData\Local\Temp\ccMUUDeZ.s 			page 14


 631 000d 11       		.uleb128 0x11
 632 000e 01       		.uleb128 0x1
 633 000f 10       		.uleb128 0x10
 634 0010 17       		.uleb128 0x17
 635 0011 00       		.byte	0
 636 0012 00       		.byte	0
 637 0013 02       		.uleb128 0x2
 638 0014 24       		.uleb128 0x24
 639 0015 00       		.byte	0
 640 0016 0B       		.uleb128 0xb
 641 0017 0B       		.uleb128 0xb
 642 0018 3E       		.uleb128 0x3e
 643 0019 0B       		.uleb128 0xb
 644 001a 03       		.uleb128 0x3
 645 001b 0E       		.uleb128 0xe
 646 001c 00       		.byte	0
 647 001d 00       		.byte	0
 648 001e 03       		.uleb128 0x3
 649 001f 16       		.uleb128 0x16
 650 0020 00       		.byte	0
 651 0021 03       		.uleb128 0x3
 652 0022 0E       		.uleb128 0xe
 653 0023 3A       		.uleb128 0x3a
 654 0024 0B       		.uleb128 0xb
 655 0025 3B       		.uleb128 0x3b
 656 0026 0B       		.uleb128 0xb
 657 0027 49       		.uleb128 0x49
 658 0028 13       		.uleb128 0x13
 659 0029 00       		.byte	0
 660 002a 00       		.byte	0
 661 002b 04       		.uleb128 0x4
 662 002c 24       		.uleb128 0x24
 663 002d 00       		.byte	0
 664 002e 0B       		.uleb128 0xb
 665 002f 0B       		.uleb128 0xb
 666 0030 3E       		.uleb128 0x3e
 667 0031 0B       		.uleb128 0xb
 668 0032 03       		.uleb128 0x3
 669 0033 08       		.uleb128 0x8
 670 0034 00       		.byte	0
 671 0035 00       		.byte	0
 672 0036 05       		.uleb128 0x5
 673 0037 01       		.uleb128 0x1
 674 0038 01       		.byte	0x1
 675 0039 49       		.uleb128 0x49
 676 003a 13       		.uleb128 0x13
 677 003b 01       		.uleb128 0x1
 678 003c 13       		.uleb128 0x13
 679 003d 00       		.byte	0
 680 003e 00       		.byte	0
 681 003f 06       		.uleb128 0x6
 682 0040 21       		.uleb128 0x21
 683 0041 00       		.byte	0
 684 0042 49       		.uleb128 0x49
 685 0043 13       		.uleb128 0x13
 686 0044 2F       		.uleb128 0x2f
 687 0045 0B       		.uleb128 0xb
ARM GAS  C:\Users\LOCALA~1\AppData\Local\Temp\ccMUUDeZ.s 			page 15


 688 0046 00       		.byte	0
 689 0047 00       		.byte	0
 690 0048 07       		.uleb128 0x7
 691 0049 2E       		.uleb128 0x2e
 692 004a 01       		.byte	0x1
 693 004b 3F       		.uleb128 0x3f
 694 004c 19       		.uleb128 0x19
 695 004d 03       		.uleb128 0x3
 696 004e 0E       		.uleb128 0xe
 697 004f 3A       		.uleb128 0x3a
 698 0050 0B       		.uleb128 0xb
 699 0051 3B       		.uleb128 0x3b
 700 0052 0B       		.uleb128 0xb
 701 0053 49       		.uleb128 0x49
 702 0054 13       		.uleb128 0x13
 703 0055 11       		.uleb128 0x11
 704 0056 01       		.uleb128 0x1
 705 0057 12       		.uleb128 0x12
 706 0058 06       		.uleb128 0x6
 707 0059 40       		.uleb128 0x40
 708 005a 18       		.uleb128 0x18
 709 005b 9642     		.uleb128 0x2116
 710 005d 19       		.uleb128 0x19
 711 005e 01       		.uleb128 0x1
 712 005f 13       		.uleb128 0x13
 713 0060 00       		.byte	0
 714 0061 00       		.byte	0
 715 0062 08       		.uleb128 0x8
 716 0063 34       		.uleb128 0x34
 717 0064 00       		.byte	0
 718 0065 03       		.uleb128 0x3
 719 0066 08       		.uleb128 0x8
 720 0067 3A       		.uleb128 0x3a
 721 0068 0B       		.uleb128 0xb
 722 0069 3B       		.uleb128 0x3b
 723 006a 0B       		.uleb128 0xb
 724 006b 49       		.uleb128 0x49
 725 006c 13       		.uleb128 0x13
 726 006d 02       		.uleb128 0x2
 727 006e 18       		.uleb128 0x18
 728 006f 00       		.byte	0
 729 0070 00       		.byte	0
 730 0071 09       		.uleb128 0x9
 731 0072 34       		.uleb128 0x34
 732 0073 00       		.byte	0
 733 0074 03       		.uleb128 0x3
 734 0075 0E       		.uleb128 0xe
 735 0076 3A       		.uleb128 0x3a
 736 0077 0B       		.uleb128 0xb
 737 0078 3B       		.uleb128 0x3b
 738 0079 0B       		.uleb128 0xb
 739 007a 49       		.uleb128 0x49
 740 007b 13       		.uleb128 0x13
 741 007c 00       		.byte	0
 742 007d 00       		.byte	0
 743 007e 0A       		.uleb128 0xa
 744 007f 2E       		.uleb128 0x2e
ARM GAS  C:\Users\LOCALA~1\AppData\Local\Temp\ccMUUDeZ.s 			page 16


 745 0080 01       		.byte	0x1
 746 0081 3F       		.uleb128 0x3f
 747 0082 19       		.uleb128 0x19
 748 0083 03       		.uleb128 0x3
 749 0084 0E       		.uleb128 0xe
 750 0085 3A       		.uleb128 0x3a
 751 0086 0B       		.uleb128 0xb
 752 0087 3B       		.uleb128 0x3b
 753 0088 0B       		.uleb128 0xb
 754 0089 27       		.uleb128 0x27
 755 008a 19       		.uleb128 0x19
 756 008b 11       		.uleb128 0x11
 757 008c 01       		.uleb128 0x1
 758 008d 12       		.uleb128 0x12
 759 008e 06       		.uleb128 0x6
 760 008f 40       		.uleb128 0x40
 761 0090 18       		.uleb128 0x18
 762 0091 9742     		.uleb128 0x2117
 763 0093 19       		.uleb128 0x19
 764 0094 01       		.uleb128 0x1
 765 0095 13       		.uleb128 0x13
 766 0096 00       		.byte	0
 767 0097 00       		.byte	0
 768 0098 0B       		.uleb128 0xb
 769 0099 34       		.uleb128 0x34
 770 009a 00       		.byte	0
 771 009b 03       		.uleb128 0x3
 772 009c 0E       		.uleb128 0xe
 773 009d 3A       		.uleb128 0x3a
 774 009e 0B       		.uleb128 0xb
 775 009f 3B       		.uleb128 0x3b
 776 00a0 05       		.uleb128 0x5
 777 00a1 49       		.uleb128 0x49
 778 00a2 13       		.uleb128 0x13
 779 00a3 3F       		.uleb128 0x3f
 780 00a4 19       		.uleb128 0x19
 781 00a5 3C       		.uleb128 0x3c
 782 00a6 19       		.uleb128 0x19
 783 00a7 00       		.byte	0
 784 00a8 00       		.byte	0
 785 00a9 0C       		.uleb128 0xc
 786 00aa 35       		.uleb128 0x35
 787 00ab 00       		.byte	0
 788 00ac 49       		.uleb128 0x49
 789 00ad 13       		.uleb128 0x13
 790 00ae 00       		.byte	0
 791 00af 00       		.byte	0
 792 00b0 0D       		.uleb128 0xd
 793 00b1 34       		.uleb128 0x34
 794 00b2 00       		.byte	0
 795 00b3 03       		.uleb128 0x3
 796 00b4 08       		.uleb128 0x8
 797 00b5 3A       		.uleb128 0x3a
 798 00b6 0B       		.uleb128 0xb
 799 00b7 3B       		.uleb128 0x3b
 800 00b8 0B       		.uleb128 0xb
 801 00b9 49       		.uleb128 0x49
ARM GAS  C:\Users\LOCALA~1\AppData\Local\Temp\ccMUUDeZ.s 			page 17


 802 00ba 13       		.uleb128 0x13
 803 00bb 3F       		.uleb128 0x3f
 804 00bc 19       		.uleb128 0x19
 805 00bd 02       		.uleb128 0x2
 806 00be 18       		.uleb128 0x18
 807 00bf 00       		.byte	0
 808 00c0 00       		.byte	0
 809 00c1 0E       		.uleb128 0xe
 810 00c2 34       		.uleb128 0x34
 811 00c3 00       		.byte	0
 812 00c4 03       		.uleb128 0x3
 813 00c5 0E       		.uleb128 0xe
 814 00c6 3A       		.uleb128 0x3a
 815 00c7 0B       		.uleb128 0xb
 816 00c8 3B       		.uleb128 0x3b
 817 00c9 0B       		.uleb128 0xb
 818 00ca 49       		.uleb128 0x49
 819 00cb 13       		.uleb128 0x13
 820 00cc 3F       		.uleb128 0x3f
 821 00cd 19       		.uleb128 0x19
 822 00ce 02       		.uleb128 0x2
 823 00cf 18       		.uleb128 0x18
 824 00d0 00       		.byte	0
 825 00d1 00       		.byte	0
 826 00d2 00       		.byte	0
 827              		.section	.debug_aranges,"",%progbits
 828 0000 24000000 		.4byte	0x24
 829 0004 0200     		.2byte	0x2
 830 0006 00000000 		.4byte	.Ldebug_info0
 831 000a 04       		.byte	0x4
 832 000b 00       		.byte	0
 833 000c 0000     		.2byte	0
 834 000e 0000     		.2byte	0
 835 0010 00000000 		.4byte	.LFB56
 836 0014 18010000 		.4byte	.LFE56-.LFB56
 837 0018 00000000 		.4byte	.LFB57
 838 001c 30000000 		.4byte	.LFE57-.LFB57
 839 0020 00000000 		.4byte	0
 840 0024 00000000 		.4byte	0
 841              		.section	.debug_ranges,"",%progbits
 842              	.Ldebug_ranges0:
 843 0000 00000000 		.4byte	.LFB56
 844 0004 18010000 		.4byte	.LFE56
 845 0008 00000000 		.4byte	.LFB57
 846 000c 30000000 		.4byte	.LFE57
 847 0010 00000000 		.4byte	0
 848 0014 00000000 		.4byte	0
 849              		.section	.debug_line,"",%progbits
 850              	.Ldebug_line0:
 851 0000 AF010000 		.section	.debug_str,"MS",%progbits,1
 851      02004701 
 851      00000201 
 851      FB0E0D00 
 851      01010101 
 852              	.LASF9:
 853 0000 5F5F696E 		.ascii	"__int32_t\000"
 853      7433325F 
ARM GAS  C:\Users\LOCALA~1\AppData\Local\Temp\ccMUUDeZ.s 			page 18


 853      7400
 854              	.LASF27:
 855 000a 474E5520 		.ascii	"GNU C 4.9.3 20150303 (release) [ARM/embedded-4_9-br"
 855      4320342E 
 855      392E3320 
 855      32303135 
 855      30333033 
 856 003d 616E6368 		.ascii	"anch revision 221220] -mcpu=cortex-m3 -mthumb -g -O"
 856      20726576 
 856      6973696F 
 856      6E203232 
 856      31323230 
 857 0070 30202D66 		.ascii	"0 -ffunction-sections -ffat-lto-objects\000"
 857      66756E63 
 857      74696F6E 
 857      2D736563 
 857      74696F6E 
 858              	.LASF13:
 859 0098 646F7562 		.ascii	"double\000"
 859      6C6500
 860              	.LASF12:
 861 009f 666C6F61 		.ascii	"float\000"
 861      7400
 862              	.LASF0:
 863 00a5 7369676E 		.ascii	"signed char\000"
 863      65642063 
 863      68617200 
 864              	.LASF24:
 865 00b1 74616B65 		.ascii	"take_picture\000"
 865      5F706963 
 865      74757265 
 865      00
 866              	.LASF1:
 867 00be 756E7369 		.ascii	"unsigned char\000"
 867      676E6564 
 867      20636861 
 867      7200
 868              	.LASF23:
 869 00cc 636F6E66 		.ascii	"config_datasize\000"
 869      69675F64 
 869      61746173 
 869      697A6500 
 870              	.LASF3:
 871 00dc 73686F72 		.ascii	"short unsigned int\000"
 871      7420756E 
 871      7369676E 
 871      65642069 
 871      6E7400
 872              	.LASF20:
 873 00ef 49544D5F 		.ascii	"ITM_RxBuffer\000"
 873      52784275 
 873      66666572 
 873      00
 874              	.LASF5:
 875 00fc 6C6F6E67 		.ascii	"long unsigned int\000"
 875      20756E73 
 875      69676E65 
ARM GAS  C:\Users\LOCALA~1\AppData\Local\Temp\ccMUUDeZ.s 			page 19


 875      6420696E 
 875      7400
 876              	.LASF16:
 877 010e 6D61696E 		.ascii	"main\000"
 877      00
 878              	.LASF8:
 879 0113 756E7369 		.ascii	"unsigned int\000"
 879      676E6564 
 879      20696E74 
 879      00
 880              	.LASF25:
 881 0120 72656164 		.ascii	"read_datasize\000"
 881      5F646174 
 881      6173697A 
 881      6500
 882              	.LASF7:
 883 012e 6C6F6E67 		.ascii	"long long unsigned int\000"
 883      206C6F6E 
 883      6720756E 
 883      7369676E 
 883      65642069 
 884              	.LASF21:
 885 0145 72657365 		.ascii	"reset_camera\000"
 885      745F6361 
 885      6D657261 
 885      00
 886              	.LASF10:
 887 0152 696E7433 		.ascii	"int32_t\000"
 887      325F7400 
 888              	.LASF15:
 889 015a 73697A65 		.ascii	"sizetype\000"
 889      74797065 
 889      00
 890              	.LASF18:
 891 0163 72656376 		.ascii	"recv\000"
 891      00
 892              	.LASF6:
 893 0168 6C6F6E67 		.ascii	"long long int\000"
 893      206C6F6E 
 893      6720696E 
 893      7400
 894              	.LASF28:
 895 0176 6D61696E 		.ascii	"main.c\000"
 895      2E6300
 896              	.LASF14:
 897 017d 63686172 		.ascii	"char\000"
 897      00
 898              	.LASF2:
 899 0182 73686F72 		.ascii	"short int\000"
 899      7420696E 
 899      7400
 900              	.LASF26:
 901 018c 6C6F6164 		.ascii	"load_data\000"
 901      5F646174 
 901      6100
 902              	.LASF11:
 903 0196 75696E74 		.ascii	"uint8\000"
ARM GAS  C:\Users\LOCALA~1\AppData\Local\Temp\ccMUUDeZ.s 			page 20


 903      3800
 904              	.LASF22:
 905 019c 62617572 		.ascii	"baurate\000"
 905      61746500 
 906              	.LASF17:
 907 01a4 6973725F 		.ascii	"isr_rx1\000"
 907      72783100 
 908              	.LASF4:
 909 01ac 6C6F6E67 		.ascii	"long int\000"
 909      20696E74 
 909      00
 910              	.LASF19:
 911 01b5 72656376 		.ascii	"recv_data\000"
 911      5F646174 
 911      6100
 912              	.LASF29:
 913 01bf 433A5C55 		.ascii	"C:\\Users\\localadmin\\Downloads\\kam\\PSoC program"
 913      73657273 
 913      5C6C6F63 
 913      616C6164 
 913      6D696E5C 
 914 01ed 5C63616D 		.ascii	"\\camera01\\UART_1.cydsn\000"
 914      65726130 
 914      315C5541 
 914      52545F31 
 914      2E637964 
 915              		.ident	"GCC: (GNU Tools for ARM Embedded Processors) 4.9.3 20150303 (release) [ARM/embedded-4_9-br
