ARM GAS  C:\Users\LOCALA~1\AppData\Local\Temp\cclHjy0w.s 			page 1


   1              		.syntax unified
   2              		.cpu cortex-m3
   3              		.fpu softvfp
   4              		.eabi_attribute 20, 1
   5              		.eabi_attribute 21, 1
   6              		.eabi_attribute 23, 3
   7              		.eabi_attribute 24, 1
   8              		.eabi_attribute 25, 1
   9              		.eabi_attribute 26, 1
  10              		.eabi_attribute 30, 6
  11              		.eabi_attribute 34, 1
  12              		.eabi_attribute 18, 4
  13              		.thumb
  14              		.file	"UART_2_PM.c"
  15              		.text
  16              	.Ltext0:
  17              		.cfi_sections	.debug_frame
  18              		.bss
  19              		.align	2
  20              	UART_2_backup:
  21 0000 000000   		.space	3
  22 0003 00       		.section	.text.UART_2_SaveConfig,"ax",%progbits
  23              		.align	2
  24              		.global	UART_2_SaveConfig
  25              		.thumb
  26              		.thumb_func
  27              		.type	UART_2_SaveConfig, %function
  28              	UART_2_SaveConfig:
  29              	.LFB0:
  30              		.file 1 "Generated_Source\\PSoC5\\UART_2_PM.c"
   1:Generated_Source\PSoC5/UART_2_PM.c **** /*******************************************************************************
   2:Generated_Source\PSoC5/UART_2_PM.c **** * File Name: UART_2_PM.c
   3:Generated_Source\PSoC5/UART_2_PM.c **** * Version 2.30
   4:Generated_Source\PSoC5/UART_2_PM.c **** *
   5:Generated_Source\PSoC5/UART_2_PM.c **** * Description:
   6:Generated_Source\PSoC5/UART_2_PM.c **** *  This file provides Sleep/WakeUp APIs functionality.
   7:Generated_Source\PSoC5/UART_2_PM.c **** *
   8:Generated_Source\PSoC5/UART_2_PM.c **** * Note:
   9:Generated_Source\PSoC5/UART_2_PM.c **** *
  10:Generated_Source\PSoC5/UART_2_PM.c **** ********************************************************************************
  11:Generated_Source\PSoC5/UART_2_PM.c **** * Copyright 2008-2012, Cypress Semiconductor Corporation.  All rights reserved.
  12:Generated_Source\PSoC5/UART_2_PM.c **** * You may use this file only in accordance with the license, terms, conditions,
  13:Generated_Source\PSoC5/UART_2_PM.c **** * disclaimers, and limitations in the end user license agreement accompanying
  14:Generated_Source\PSoC5/UART_2_PM.c **** * the software package with which this file was provided.
  15:Generated_Source\PSoC5/UART_2_PM.c **** *******************************************************************************/
  16:Generated_Source\PSoC5/UART_2_PM.c **** 
  17:Generated_Source\PSoC5/UART_2_PM.c **** #include "UART_2.h"
  18:Generated_Source\PSoC5/UART_2_PM.c **** 
  19:Generated_Source\PSoC5/UART_2_PM.c **** 
  20:Generated_Source\PSoC5/UART_2_PM.c **** /***************************************
  21:Generated_Source\PSoC5/UART_2_PM.c **** * Local data allocation
  22:Generated_Source\PSoC5/UART_2_PM.c **** ***************************************/
  23:Generated_Source\PSoC5/UART_2_PM.c **** 
  24:Generated_Source\PSoC5/UART_2_PM.c **** static UART_2_BACKUP_STRUCT  UART_2_backup =
  25:Generated_Source\PSoC5/UART_2_PM.c **** {
  26:Generated_Source\PSoC5/UART_2_PM.c ****     /* enableState - disabled */
  27:Generated_Source\PSoC5/UART_2_PM.c ****     0u,
ARM GAS  C:\Users\LOCALA~1\AppData\Local\Temp\cclHjy0w.s 			page 2


  28:Generated_Source\PSoC5/UART_2_PM.c **** };
  29:Generated_Source\PSoC5/UART_2_PM.c **** 
  30:Generated_Source\PSoC5/UART_2_PM.c **** 
  31:Generated_Source\PSoC5/UART_2_PM.c **** 
  32:Generated_Source\PSoC5/UART_2_PM.c **** /*******************************************************************************
  33:Generated_Source\PSoC5/UART_2_PM.c **** * Function Name: UART_2_SaveConfig
  34:Generated_Source\PSoC5/UART_2_PM.c **** ********************************************************************************
  35:Generated_Source\PSoC5/UART_2_PM.c **** *
  36:Generated_Source\PSoC5/UART_2_PM.c **** * Summary:
  37:Generated_Source\PSoC5/UART_2_PM.c **** *  Saves the current user configuration.
  38:Generated_Source\PSoC5/UART_2_PM.c **** *
  39:Generated_Source\PSoC5/UART_2_PM.c **** * Parameters:
  40:Generated_Source\PSoC5/UART_2_PM.c **** *  None.
  41:Generated_Source\PSoC5/UART_2_PM.c **** *
  42:Generated_Source\PSoC5/UART_2_PM.c **** * Return:
  43:Generated_Source\PSoC5/UART_2_PM.c **** *  None.
  44:Generated_Source\PSoC5/UART_2_PM.c **** *
  45:Generated_Source\PSoC5/UART_2_PM.c **** * Global Variables:
  46:Generated_Source\PSoC5/UART_2_PM.c **** *  UART_2_backup - modified when non-retention registers are saved.
  47:Generated_Source\PSoC5/UART_2_PM.c **** *
  48:Generated_Source\PSoC5/UART_2_PM.c **** * Reentrant:
  49:Generated_Source\PSoC5/UART_2_PM.c **** *  No.
  50:Generated_Source\PSoC5/UART_2_PM.c **** *
  51:Generated_Source\PSoC5/UART_2_PM.c **** *******************************************************************************/
  52:Generated_Source\PSoC5/UART_2_PM.c **** void UART_2_SaveConfig(void)
  53:Generated_Source\PSoC5/UART_2_PM.c **** {
  31              		.loc 1 53 0
  32              		.cfi_startproc
  33              		@ args = 0, pretend = 0, frame = 0
  34              		@ frame_needed = 1, uses_anonymous_args = 0
  35              		@ link register save eliminated.
  36 0000 80B4     		push	{r7}
  37              		.cfi_def_cfa_offset 4
  38              		.cfi_offset 7, -4
  39 0002 00AF     		add	r7, sp, #0
  40              		.cfi_def_cfa_register 7
  54:Generated_Source\PSoC5/UART_2_PM.c ****     #if (CY_UDB_V0)
  55:Generated_Source\PSoC5/UART_2_PM.c **** 
  56:Generated_Source\PSoC5/UART_2_PM.c ****         #if(UART_2_CONTROL_REG_REMOVED == 0u)
  57:Generated_Source\PSoC5/UART_2_PM.c ****             UART_2_backup.cr = UART_2_CONTROL_REG;
  58:Generated_Source\PSoC5/UART_2_PM.c ****         #endif /* End UART_2_CONTROL_REG_REMOVED */
  59:Generated_Source\PSoC5/UART_2_PM.c **** 
  60:Generated_Source\PSoC5/UART_2_PM.c ****         #if( (UART_2_RX_ENABLED) || (UART_2_HD_ENABLED) )
  61:Generated_Source\PSoC5/UART_2_PM.c ****             UART_2_backup.rx_period = UART_2_RXBITCTR_PERIOD_REG;
  62:Generated_Source\PSoC5/UART_2_PM.c ****             UART_2_backup.rx_mask = UART_2_RXSTATUS_MASK_REG;
  63:Generated_Source\PSoC5/UART_2_PM.c ****             #if (UART_2_RXHW_ADDRESS_ENABLED)
  64:Generated_Source\PSoC5/UART_2_PM.c ****                 UART_2_backup.rx_addr1 = UART_2_RXADDRESS1_REG;
  65:Generated_Source\PSoC5/UART_2_PM.c ****                 UART_2_backup.rx_addr2 = UART_2_RXADDRESS2_REG;
  66:Generated_Source\PSoC5/UART_2_PM.c ****             #endif /* End UART_2_RXHW_ADDRESS_ENABLED */
  67:Generated_Source\PSoC5/UART_2_PM.c ****         #endif /* End UART_2_RX_ENABLED | UART_2_HD_ENABLED*/
  68:Generated_Source\PSoC5/UART_2_PM.c **** 
  69:Generated_Source\PSoC5/UART_2_PM.c ****         #if(UART_2_TX_ENABLED)
  70:Generated_Source\PSoC5/UART_2_PM.c ****             #if(UART_2_TXCLKGEN_DP)
  71:Generated_Source\PSoC5/UART_2_PM.c ****                 UART_2_backup.tx_clk_ctr = UART_2_TXBITCLKGEN_CTR_REG;
  72:Generated_Source\PSoC5/UART_2_PM.c ****                 UART_2_backup.tx_clk_compl = UART_2_TXBITCLKTX_COMPLETE_REG;
  73:Generated_Source\PSoC5/UART_2_PM.c ****             #else
  74:Generated_Source\PSoC5/UART_2_PM.c ****                 UART_2_backup.tx_period = UART_2_TXBITCTR_PERIOD_REG;
ARM GAS  C:\Users\LOCALA~1\AppData\Local\Temp\cclHjy0w.s 			page 3


  75:Generated_Source\PSoC5/UART_2_PM.c ****             #endif /*End UART_2_TXCLKGEN_DP */
  76:Generated_Source\PSoC5/UART_2_PM.c ****             UART_2_backup.tx_mask = UART_2_TXSTATUS_MASK_REG;
  77:Generated_Source\PSoC5/UART_2_PM.c ****         #endif /*End UART_2_TX_ENABLED */
  78:Generated_Source\PSoC5/UART_2_PM.c **** 
  79:Generated_Source\PSoC5/UART_2_PM.c **** 
  80:Generated_Source\PSoC5/UART_2_PM.c ****     #else /* CY_UDB_V1 */
  81:Generated_Source\PSoC5/UART_2_PM.c **** 
  82:Generated_Source\PSoC5/UART_2_PM.c ****         #if(UART_2_CONTROL_REG_REMOVED == 0u)
  83:Generated_Source\PSoC5/UART_2_PM.c ****             UART_2_backup.cr = UART_2_CONTROL_REG;
  84:Generated_Source\PSoC5/UART_2_PM.c ****         #endif /* End UART_2_CONTROL_REG_REMOVED */
  85:Generated_Source\PSoC5/UART_2_PM.c **** 
  86:Generated_Source\PSoC5/UART_2_PM.c ****     #endif  /* End CY_UDB_V0 */
  87:Generated_Source\PSoC5/UART_2_PM.c **** }
  41              		.loc 1 87 0
  42 0004 BD46     		mov	sp, r7
  43              		.cfi_def_cfa_register 13
  44              		@ sp needed
  45 0006 5DF8047B 		ldr	r7, [sp], #4
  46              		.cfi_restore 7
  47              		.cfi_def_cfa_offset 0
  48 000a 7047     		bx	lr
  49              		.cfi_endproc
  50              	.LFE0:
  51              		.size	UART_2_SaveConfig, .-UART_2_SaveConfig
  52              		.section	.text.UART_2_RestoreConfig,"ax",%progbits
  53              		.align	2
  54              		.global	UART_2_RestoreConfig
  55              		.thumb
  56              		.thumb_func
  57              		.type	UART_2_RestoreConfig, %function
  58              	UART_2_RestoreConfig:
  59              	.LFB1:
  88:Generated_Source\PSoC5/UART_2_PM.c **** 
  89:Generated_Source\PSoC5/UART_2_PM.c **** 
  90:Generated_Source\PSoC5/UART_2_PM.c **** /*******************************************************************************
  91:Generated_Source\PSoC5/UART_2_PM.c **** * Function Name: UART_2_RestoreConfig
  92:Generated_Source\PSoC5/UART_2_PM.c **** ********************************************************************************
  93:Generated_Source\PSoC5/UART_2_PM.c **** *
  94:Generated_Source\PSoC5/UART_2_PM.c **** * Summary:
  95:Generated_Source\PSoC5/UART_2_PM.c **** *  Restores the current user configuration.
  96:Generated_Source\PSoC5/UART_2_PM.c **** *
  97:Generated_Source\PSoC5/UART_2_PM.c **** * Parameters:
  98:Generated_Source\PSoC5/UART_2_PM.c **** *  None.
  99:Generated_Source\PSoC5/UART_2_PM.c **** *
 100:Generated_Source\PSoC5/UART_2_PM.c **** * Return:
 101:Generated_Source\PSoC5/UART_2_PM.c **** *  None.
 102:Generated_Source\PSoC5/UART_2_PM.c **** *
 103:Generated_Source\PSoC5/UART_2_PM.c **** * Global Variables:
 104:Generated_Source\PSoC5/UART_2_PM.c **** *  UART_2_backup - used when non-retention registers are restored.
 105:Generated_Source\PSoC5/UART_2_PM.c **** *
 106:Generated_Source\PSoC5/UART_2_PM.c **** * Reentrant:
 107:Generated_Source\PSoC5/UART_2_PM.c **** *  No.
 108:Generated_Source\PSoC5/UART_2_PM.c **** *
 109:Generated_Source\PSoC5/UART_2_PM.c **** *******************************************************************************/
 110:Generated_Source\PSoC5/UART_2_PM.c **** void UART_2_RestoreConfig(void)
 111:Generated_Source\PSoC5/UART_2_PM.c **** {
  60              		.loc 1 111 0
ARM GAS  C:\Users\LOCALA~1\AppData\Local\Temp\cclHjy0w.s 			page 4


  61              		.cfi_startproc
  62              		@ args = 0, pretend = 0, frame = 0
  63              		@ frame_needed = 1, uses_anonymous_args = 0
  64              		@ link register save eliminated.
  65 0000 80B4     		push	{r7}
  66              		.cfi_def_cfa_offset 4
  67              		.cfi_offset 7, -4
  68 0002 00AF     		add	r7, sp, #0
  69              		.cfi_def_cfa_register 7
 112:Generated_Source\PSoC5/UART_2_PM.c **** 
 113:Generated_Source\PSoC5/UART_2_PM.c ****     #if (CY_UDB_V0)
 114:Generated_Source\PSoC5/UART_2_PM.c **** 
 115:Generated_Source\PSoC5/UART_2_PM.c ****         #if(UART_2_CONTROL_REG_REMOVED == 0u)
 116:Generated_Source\PSoC5/UART_2_PM.c ****             UART_2_CONTROL_REG = UART_2_backup.cr;
 117:Generated_Source\PSoC5/UART_2_PM.c ****         #endif /* End UART_2_CONTROL_REG_REMOVED */
 118:Generated_Source\PSoC5/UART_2_PM.c **** 
 119:Generated_Source\PSoC5/UART_2_PM.c ****         #if( (UART_2_RX_ENABLED) || (UART_2_HD_ENABLED) )
 120:Generated_Source\PSoC5/UART_2_PM.c ****             UART_2_RXBITCTR_PERIOD_REG = UART_2_backup.rx_period;
 121:Generated_Source\PSoC5/UART_2_PM.c ****             UART_2_RXSTATUS_MASK_REG = UART_2_backup.rx_mask;
 122:Generated_Source\PSoC5/UART_2_PM.c ****             #if (UART_2_RXHW_ADDRESS_ENABLED)
 123:Generated_Source\PSoC5/UART_2_PM.c ****                 UART_2_RXADDRESS1_REG = UART_2_backup.rx_addr1;
 124:Generated_Source\PSoC5/UART_2_PM.c ****                 UART_2_RXADDRESS2_REG = UART_2_backup.rx_addr2;
 125:Generated_Source\PSoC5/UART_2_PM.c ****             #endif /* End UART_2_RXHW_ADDRESS_ENABLED */
 126:Generated_Source\PSoC5/UART_2_PM.c ****         #endif  /* End (UART_2_RX_ENABLED) || (UART_2_HD_ENABLED) */
 127:Generated_Source\PSoC5/UART_2_PM.c **** 
 128:Generated_Source\PSoC5/UART_2_PM.c ****         #if(UART_2_TX_ENABLED)
 129:Generated_Source\PSoC5/UART_2_PM.c ****             #if(UART_2_TXCLKGEN_DP)
 130:Generated_Source\PSoC5/UART_2_PM.c ****                 UART_2_TXBITCLKGEN_CTR_REG = UART_2_backup.tx_clk_ctr;
 131:Generated_Source\PSoC5/UART_2_PM.c ****                 UART_2_TXBITCLKTX_COMPLETE_REG = UART_2_backup.tx_clk_compl;
 132:Generated_Source\PSoC5/UART_2_PM.c ****             #else
 133:Generated_Source\PSoC5/UART_2_PM.c ****                 UART_2_TXBITCTR_PERIOD_REG = UART_2_backup.tx_period;
 134:Generated_Source\PSoC5/UART_2_PM.c ****             #endif /*End UART_2_TXCLKGEN_DP */
 135:Generated_Source\PSoC5/UART_2_PM.c ****             UART_2_TXSTATUS_MASK_REG = UART_2_backup.tx_mask;
 136:Generated_Source\PSoC5/UART_2_PM.c ****         #endif /*End UART_2_TX_ENABLED */
 137:Generated_Source\PSoC5/UART_2_PM.c **** 
 138:Generated_Source\PSoC5/UART_2_PM.c ****     #else /* CY_UDB_V1 */
 139:Generated_Source\PSoC5/UART_2_PM.c **** 
 140:Generated_Source\PSoC5/UART_2_PM.c ****         #if(UART_2_CONTROL_REG_REMOVED == 0u)
 141:Generated_Source\PSoC5/UART_2_PM.c ****             UART_2_CONTROL_REG = UART_2_backup.cr;
 142:Generated_Source\PSoC5/UART_2_PM.c ****         #endif /* End UART_2_CONTROL_REG_REMOVED */
 143:Generated_Source\PSoC5/UART_2_PM.c **** 
 144:Generated_Source\PSoC5/UART_2_PM.c ****     #endif  /* End CY_UDB_V0 */
 145:Generated_Source\PSoC5/UART_2_PM.c **** }
  70              		.loc 1 145 0
  71 0004 BD46     		mov	sp, r7
  72              		.cfi_def_cfa_register 13
  73              		@ sp needed
  74 0006 5DF8047B 		ldr	r7, [sp], #4
  75              		.cfi_restore 7
  76              		.cfi_def_cfa_offset 0
  77 000a 7047     		bx	lr
  78              		.cfi_endproc
  79              	.LFE1:
  80              		.size	UART_2_RestoreConfig, .-UART_2_RestoreConfig
  81              		.section	.text.UART_2_Sleep,"ax",%progbits
  82              		.align	2
  83              		.global	UART_2_Sleep
ARM GAS  C:\Users\LOCALA~1\AppData\Local\Temp\cclHjy0w.s 			page 5


  84              		.thumb
  85              		.thumb_func
  86              		.type	UART_2_Sleep, %function
  87              	UART_2_Sleep:
  88              	.LFB2:
 146:Generated_Source\PSoC5/UART_2_PM.c **** 
 147:Generated_Source\PSoC5/UART_2_PM.c **** 
 148:Generated_Source\PSoC5/UART_2_PM.c **** /*******************************************************************************
 149:Generated_Source\PSoC5/UART_2_PM.c **** * Function Name: UART_2_Sleep
 150:Generated_Source\PSoC5/UART_2_PM.c **** ********************************************************************************
 151:Generated_Source\PSoC5/UART_2_PM.c **** *
 152:Generated_Source\PSoC5/UART_2_PM.c **** * Summary:
 153:Generated_Source\PSoC5/UART_2_PM.c **** *  Stops and saves the user configuration. Should be called
 154:Generated_Source\PSoC5/UART_2_PM.c **** *  just prior to entering sleep.
 155:Generated_Source\PSoC5/UART_2_PM.c **** *
 156:Generated_Source\PSoC5/UART_2_PM.c **** *
 157:Generated_Source\PSoC5/UART_2_PM.c **** * Parameters:
 158:Generated_Source\PSoC5/UART_2_PM.c **** *  None.
 159:Generated_Source\PSoC5/UART_2_PM.c **** *
 160:Generated_Source\PSoC5/UART_2_PM.c **** * Return:
 161:Generated_Source\PSoC5/UART_2_PM.c **** *  None.
 162:Generated_Source\PSoC5/UART_2_PM.c **** *
 163:Generated_Source\PSoC5/UART_2_PM.c **** * Global Variables:
 164:Generated_Source\PSoC5/UART_2_PM.c **** *  UART_2_backup - modified when non-retention registers are saved.
 165:Generated_Source\PSoC5/UART_2_PM.c **** *
 166:Generated_Source\PSoC5/UART_2_PM.c **** * Reentrant:
 167:Generated_Source\PSoC5/UART_2_PM.c **** *  No.
 168:Generated_Source\PSoC5/UART_2_PM.c **** *
 169:Generated_Source\PSoC5/UART_2_PM.c **** *******************************************************************************/
 170:Generated_Source\PSoC5/UART_2_PM.c **** void UART_2_Sleep(void)
 171:Generated_Source\PSoC5/UART_2_PM.c **** {
  89              		.loc 1 171 0
  90              		.cfi_startproc
  91              		@ args = 0, pretend = 0, frame = 0
  92              		@ frame_needed = 1, uses_anonymous_args = 0
  93 0000 80B5     		push	{r7, lr}
  94              		.cfi_def_cfa_offset 8
  95              		.cfi_offset 7, -8
  96              		.cfi_offset 14, -4
  97 0002 00AF     		add	r7, sp, #0
  98              		.cfi_def_cfa_register 7
 172:Generated_Source\PSoC5/UART_2_PM.c **** 
 173:Generated_Source\PSoC5/UART_2_PM.c ****     #if(UART_2_RX_ENABLED || UART_2_HD_ENABLED)
 174:Generated_Source\PSoC5/UART_2_PM.c ****         if((UART_2_RXSTATUS_ACTL_REG  & UART_2_INT_ENABLE) != 0u)
  99              		.loc 1 174 0
 100 0004 094B     		ldr	r3, .L6
 101 0006 1B78     		ldrb	r3, [r3]
 102 0008 DBB2     		uxtb	r3, r3
 103 000a 03F01003 		and	r3, r3, #16
 104 000e 002B     		cmp	r3, #0
 105 0010 03D0     		beq	.L4
 175:Generated_Source\PSoC5/UART_2_PM.c ****         {
 176:Generated_Source\PSoC5/UART_2_PM.c ****             UART_2_backup.enableState = 1u;
 106              		.loc 1 176 0
 107 0012 074B     		ldr	r3, .L6+4
 108 0014 0122     		movs	r2, #1
 109 0016 1A70     		strb	r2, [r3]
ARM GAS  C:\Users\LOCALA~1\AppData\Local\Temp\cclHjy0w.s 			page 6


 110 0018 02E0     		b	.L5
 111              	.L4:
 177:Generated_Source\PSoC5/UART_2_PM.c ****         }
 178:Generated_Source\PSoC5/UART_2_PM.c ****         else
 179:Generated_Source\PSoC5/UART_2_PM.c ****         {
 180:Generated_Source\PSoC5/UART_2_PM.c ****             UART_2_backup.enableState = 0u;
 112              		.loc 1 180 0
 113 001a 054B     		ldr	r3, .L6+4
 114 001c 0022     		movs	r2, #0
 115 001e 1A70     		strb	r2, [r3]
 116              	.L5:
 181:Generated_Source\PSoC5/UART_2_PM.c ****         }
 182:Generated_Source\PSoC5/UART_2_PM.c ****     #else
 183:Generated_Source\PSoC5/UART_2_PM.c ****         if((UART_2_TXSTATUS_ACTL_REG  & UART_2_INT_ENABLE) !=0u)
 184:Generated_Source\PSoC5/UART_2_PM.c ****         {
 185:Generated_Source\PSoC5/UART_2_PM.c ****             UART_2_backup.enableState = 1u;
 186:Generated_Source\PSoC5/UART_2_PM.c ****         }
 187:Generated_Source\PSoC5/UART_2_PM.c ****         else
 188:Generated_Source\PSoC5/UART_2_PM.c ****         {
 189:Generated_Source\PSoC5/UART_2_PM.c ****             UART_2_backup.enableState = 0u;
 190:Generated_Source\PSoC5/UART_2_PM.c ****         }
 191:Generated_Source\PSoC5/UART_2_PM.c ****     #endif /* End UART_2_RX_ENABLED || UART_2_HD_ENABLED*/
 192:Generated_Source\PSoC5/UART_2_PM.c **** 
 193:Generated_Source\PSoC5/UART_2_PM.c ****     UART_2_Stop();
 117              		.loc 1 193 0
 118 0020 FFF7FEFF 		bl	UART_2_Stop
 194:Generated_Source\PSoC5/UART_2_PM.c ****     UART_2_SaveConfig();
 119              		.loc 1 194 0
 120 0024 FFF7FEFF 		bl	UART_2_SaveConfig
 195:Generated_Source\PSoC5/UART_2_PM.c **** }
 121              		.loc 1 195 0
 122 0028 80BD     		pop	{r7, pc}
 123              	.L7:
 124 002a 00BF     		.align	2
 125              	.L6:
 126 002c 98640040 		.word	1073767576
 127 0030 00000000 		.word	UART_2_backup
 128              		.cfi_endproc
 129              	.LFE2:
 130              		.size	UART_2_Sleep, .-UART_2_Sleep
 131              		.section	.text.UART_2_Wakeup,"ax",%progbits
 132              		.align	2
 133              		.global	UART_2_Wakeup
 134              		.thumb
 135              		.thumb_func
 136              		.type	UART_2_Wakeup, %function
 137              	UART_2_Wakeup:
 138              	.LFB3:
 196:Generated_Source\PSoC5/UART_2_PM.c **** 
 197:Generated_Source\PSoC5/UART_2_PM.c **** 
 198:Generated_Source\PSoC5/UART_2_PM.c **** /*******************************************************************************
 199:Generated_Source\PSoC5/UART_2_PM.c **** * Function Name: UART_2_Wakeup
 200:Generated_Source\PSoC5/UART_2_PM.c **** ********************************************************************************
 201:Generated_Source\PSoC5/UART_2_PM.c **** *
 202:Generated_Source\PSoC5/UART_2_PM.c **** * Summary:
 203:Generated_Source\PSoC5/UART_2_PM.c **** *  Restores and enables the user configuration. Should be called
 204:Generated_Source\PSoC5/UART_2_PM.c **** *  just after awaking from sleep.
ARM GAS  C:\Users\LOCALA~1\AppData\Local\Temp\cclHjy0w.s 			page 7


 205:Generated_Source\PSoC5/UART_2_PM.c **** *
 206:Generated_Source\PSoC5/UART_2_PM.c **** * Parameters:
 207:Generated_Source\PSoC5/UART_2_PM.c **** *  None.
 208:Generated_Source\PSoC5/UART_2_PM.c **** *
 209:Generated_Source\PSoC5/UART_2_PM.c **** * Return:
 210:Generated_Source\PSoC5/UART_2_PM.c **** *  None.
 211:Generated_Source\PSoC5/UART_2_PM.c **** *
 212:Generated_Source\PSoC5/UART_2_PM.c **** * Global Variables:
 213:Generated_Source\PSoC5/UART_2_PM.c **** *  UART_2_backup - used when non-retention registers are restored.
 214:Generated_Source\PSoC5/UART_2_PM.c **** *
 215:Generated_Source\PSoC5/UART_2_PM.c **** * Reentrant:
 216:Generated_Source\PSoC5/UART_2_PM.c **** *  No.
 217:Generated_Source\PSoC5/UART_2_PM.c **** *
 218:Generated_Source\PSoC5/UART_2_PM.c **** *******************************************************************************/
 219:Generated_Source\PSoC5/UART_2_PM.c **** void UART_2_Wakeup(void)
 220:Generated_Source\PSoC5/UART_2_PM.c **** {
 139              		.loc 1 220 0
 140              		.cfi_startproc
 141              		@ args = 0, pretend = 0, frame = 0
 142              		@ frame_needed = 1, uses_anonymous_args = 0
 143 0000 80B5     		push	{r7, lr}
 144              		.cfi_def_cfa_offset 8
 145              		.cfi_offset 7, -8
 146              		.cfi_offset 14, -4
 147 0002 00AF     		add	r7, sp, #0
 148              		.cfi_def_cfa_register 7
 221:Generated_Source\PSoC5/UART_2_PM.c ****     UART_2_RestoreConfig();
 149              		.loc 1 221 0
 150 0004 FFF7FEFF 		bl	UART_2_RestoreConfig
 222:Generated_Source\PSoC5/UART_2_PM.c ****     #if( (UART_2_RX_ENABLED) || (UART_2_HD_ENABLED) )
 223:Generated_Source\PSoC5/UART_2_PM.c ****         UART_2_ClearRxBuffer();
 151              		.loc 1 223 0
 152 0008 FFF7FEFF 		bl	UART_2_ClearRxBuffer
 224:Generated_Source\PSoC5/UART_2_PM.c ****     #endif /* End (UART_2_RX_ENABLED) || (UART_2_HD_ENABLED) */
 225:Generated_Source\PSoC5/UART_2_PM.c ****     #if(UART_2_TX_ENABLED || UART_2_HD_ENABLED)
 226:Generated_Source\PSoC5/UART_2_PM.c ****         UART_2_ClearTxBuffer();
 153              		.loc 1 226 0
 154 000c FFF7FEFF 		bl	UART_2_ClearTxBuffer
 227:Generated_Source\PSoC5/UART_2_PM.c ****     #endif /* End UART_2_TX_ENABLED || UART_2_HD_ENABLED */
 228:Generated_Source\PSoC5/UART_2_PM.c **** 
 229:Generated_Source\PSoC5/UART_2_PM.c ****     if(UART_2_backup.enableState != 0u)
 155              		.loc 1 229 0
 156 0010 034B     		ldr	r3, .L10
 157 0012 1B78     		ldrb	r3, [r3]	@ zero_extendqisi2
 158 0014 002B     		cmp	r3, #0
 159 0016 01D0     		beq	.L8
 230:Generated_Source\PSoC5/UART_2_PM.c ****     {
 231:Generated_Source\PSoC5/UART_2_PM.c ****         UART_2_Enable();
 160              		.loc 1 231 0
 161 0018 FFF7FEFF 		bl	UART_2_Enable
 162              	.L8:
 232:Generated_Source\PSoC5/UART_2_PM.c ****     }
 233:Generated_Source\PSoC5/UART_2_PM.c **** }
 163              		.loc 1 233 0
 164 001c 80BD     		pop	{r7, pc}
 165              	.L11:
 166 001e 00BF     		.align	2
ARM GAS  C:\Users\LOCALA~1\AppData\Local\Temp\cclHjy0w.s 			page 8


 167              	.L10:
 168 0020 00000000 		.word	UART_2_backup
 169              		.cfi_endproc
 170              	.LFE3:
 171              		.size	UART_2_Wakeup, .-UART_2_Wakeup
 172              		.text
 173              	.Letext0:
 174              		.file 2 "Generated_Source\\PSoC5\\cytypes.h"
 175              		.file 3 "Generated_Source\\PSoC5\\UART_2.h"
 176              		.section	.debug_info,"",%progbits
 177              	.Ldebug_info0:
 178 0000 30010000 		.4byte	0x130
 179 0004 0400     		.2byte	0x4
 180 0006 00000000 		.4byte	.Ldebug_abbrev0
 181 000a 04       		.byte	0x4
 182 000b 01       		.uleb128 0x1
 183 000c F8000000 		.4byte	.LASF23
 184 0010 01       		.byte	0x1
 185 0011 27000000 		.4byte	.LASF24
 186 0015 CE010000 		.4byte	.LASF25
 187 0019 00000000 		.4byte	.Ldebug_ranges0+0
 188 001d 00000000 		.4byte	0
 189 0021 00000000 		.4byte	.Ldebug_line0
 190 0025 02       		.uleb128 0x2
 191 0026 01       		.byte	0x1
 192 0027 06       		.byte	0x6
 193 0028 C2010000 		.4byte	.LASF0
 194 002c 02       		.uleb128 0x2
 195 002d 01       		.byte	0x1
 196 002e 08       		.byte	0x8
 197 002f DC000000 		.4byte	.LASF1
 198 0033 02       		.uleb128 0x2
 199 0034 02       		.byte	0x2
 200 0035 05       		.byte	0x5
 201 0036 19020000 		.4byte	.LASF2
 202 003a 02       		.uleb128 0x2
 203 003b 02       		.byte	0x2
 204 003c 07       		.byte	0x7
 205 003d AF010000 		.4byte	.LASF3
 206 0041 02       		.uleb128 0x2
 207 0042 04       		.byte	0x4
 208 0043 05       		.byte	0x5
 209 0044 EF000000 		.4byte	.LASF4
 210 0048 02       		.uleb128 0x2
 211 0049 04       		.byte	0x4
 212 004a 07       		.byte	0x7
 213 004b 8C000000 		.4byte	.LASF5
 214 004f 02       		.uleb128 0x2
 215 0050 08       		.byte	0x8
 216 0051 05       		.byte	0x5
 217 0052 00000000 		.4byte	.LASF6
 218 0056 02       		.uleb128 0x2
 219 0057 08       		.byte	0x8
 220 0058 07       		.byte	0x7
 221 0059 AC000000 		.4byte	.LASF7
 222 005d 03       		.uleb128 0x3
 223 005e 04       		.byte	0x4
ARM GAS  C:\Users\LOCALA~1\AppData\Local\Temp\cclHjy0w.s 			page 9


 224 005f 05       		.byte	0x5
 225 0060 696E7400 		.ascii	"int\000"
 226 0064 02       		.uleb128 0x2
 227 0065 04       		.byte	0x4
 228 0066 07       		.byte	0x7
 229 0067 1A000000 		.4byte	.LASF8
 230 006b 04       		.uleb128 0x4
 231 006c 86000000 		.4byte	.LASF12
 232 0070 02       		.byte	0x2
 233 0071 5B       		.byte	0x5b
 234 0072 2C000000 		.4byte	0x2c
 235 0076 02       		.uleb128 0x2
 236 0077 04       		.byte	0x4
 237 0078 04       		.byte	0x4
 238 0079 13020000 		.4byte	.LASF9
 239 007d 02       		.uleb128 0x2
 240 007e 08       		.byte	0x8
 241 007f 04       		.byte	0x4
 242 0080 93010000 		.4byte	.LASF10
 243 0084 02       		.uleb128 0x2
 244 0085 01       		.byte	0x1
 245 0086 08       		.byte	0x8
 246 0087 EA000000 		.4byte	.LASF11
 247 008b 04       		.uleb128 0x4
 248 008c 23020000 		.4byte	.LASF13
 249 0090 02       		.byte	0x2
 250 0091 F0       		.byte	0xf0
 251 0092 96000000 		.4byte	0x96
 252 0096 05       		.uleb128 0x5
 253 0097 6B000000 		.4byte	0x6b
 254 009b 02       		.uleb128 0x2
 255 009c 04       		.byte	0x4
 256 009d 07       		.byte	0x7
 257 009e 32020000 		.4byte	.LASF14
 258 00a2 06       		.uleb128 0x6
 259 00a3 71000000 		.4byte	.LASF26
 260 00a7 03       		.byte	0x3
 261 00a8 03       		.byte	0x3
 262 00a9 45       		.byte	0x45
 263 00aa D3000000 		.4byte	0xd3
 264 00ae 07       		.uleb128 0x7
 265 00af 0E000000 		.4byte	.LASF15
 266 00b3 03       		.byte	0x3
 267 00b4 47       		.byte	0x47
 268 00b5 6B000000 		.4byte	0x6b
 269 00b9 00       		.byte	0
 270 00ba 07       		.uleb128 0x7
 271 00bb 28020000 		.4byte	.LASF16
 272 00bf 03       		.byte	0x3
 273 00c0 4D       		.byte	0x4d
 274 00c1 6B000000 		.4byte	0x6b
 275 00c5 01       		.byte	0x1
 276 00c6 07       		.uleb128 0x7
 277 00c7 D1000000 		.4byte	.LASF17
 278 00cb 03       		.byte	0x3
 279 00cc 59       		.byte	0x59
 280 00cd 6B000000 		.4byte	0x6b
ARM GAS  C:\Users\LOCALA~1\AppData\Local\Temp\cclHjy0w.s 			page 10


 281 00d1 02       		.byte	0x2
 282 00d2 00       		.byte	0
 283 00d3 04       		.uleb128 0x4
 284 00d4 9A010000 		.4byte	.LASF18
 285 00d8 03       		.byte	0x3
 286 00d9 64       		.byte	0x64
 287 00da A2000000 		.4byte	0xa2
 288 00de 08       		.uleb128 0x8
 289 00df 5F000000 		.4byte	.LASF19
 290 00e3 01       		.byte	0x1
 291 00e4 34       		.byte	0x34
 292 00e5 00000000 		.4byte	.LFB0
 293 00e9 0C000000 		.4byte	.LFE0-.LFB0
 294 00ed 01       		.uleb128 0x1
 295 00ee 9C       		.byte	0x9c
 296 00ef 08       		.uleb128 0x8
 297 00f0 4A000000 		.4byte	.LASF20
 298 00f4 01       		.byte	0x1
 299 00f5 6E       		.byte	0x6e
 300 00f6 00000000 		.4byte	.LFB1
 301 00fa 0C000000 		.4byte	.LFE1-.LFB1
 302 00fe 01       		.uleb128 0x1
 303 00ff 9C       		.byte	0x9c
 304 0100 09       		.uleb128 0x9
 305 0101 86010000 		.4byte	.LASF21
 306 0105 01       		.byte	0x1
 307 0106 AA       		.byte	0xaa
 308 0107 00000000 		.4byte	.LFB2
 309 010b 34000000 		.4byte	.LFE2-.LFB2
 310 010f 01       		.uleb128 0x1
 311 0110 9C       		.byte	0x9c
 312 0111 09       		.uleb128 0x9
 313 0112 C3000000 		.4byte	.LASF22
 314 0116 01       		.byte	0x1
 315 0117 DB       		.byte	0xdb
 316 0118 00000000 		.4byte	.LFB3
 317 011c 24000000 		.4byte	.LFE3-.LFB3
 318 0120 01       		.uleb128 0x1
 319 0121 9C       		.byte	0x9c
 320 0122 0A       		.uleb128 0xa
 321 0123 9E000000 		.4byte	.LASF27
 322 0127 01       		.byte	0x1
 323 0128 18       		.byte	0x18
 324 0129 D3000000 		.4byte	0xd3
 325 012d 05       		.uleb128 0x5
 326 012e 03       		.byte	0x3
 327 012f 00000000 		.4byte	UART_2_backup
 328 0133 00       		.byte	0
 329              		.section	.debug_abbrev,"",%progbits
 330              	.Ldebug_abbrev0:
 331 0000 01       		.uleb128 0x1
 332 0001 11       		.uleb128 0x11
 333 0002 01       		.byte	0x1
 334 0003 25       		.uleb128 0x25
 335 0004 0E       		.uleb128 0xe
 336 0005 13       		.uleb128 0x13
 337 0006 0B       		.uleb128 0xb
ARM GAS  C:\Users\LOCALA~1\AppData\Local\Temp\cclHjy0w.s 			page 11


 338 0007 03       		.uleb128 0x3
 339 0008 0E       		.uleb128 0xe
 340 0009 1B       		.uleb128 0x1b
 341 000a 0E       		.uleb128 0xe
 342 000b 55       		.uleb128 0x55
 343 000c 17       		.uleb128 0x17
 344 000d 11       		.uleb128 0x11
 345 000e 01       		.uleb128 0x1
 346 000f 10       		.uleb128 0x10
 347 0010 17       		.uleb128 0x17
 348 0011 00       		.byte	0
 349 0012 00       		.byte	0
 350 0013 02       		.uleb128 0x2
 351 0014 24       		.uleb128 0x24
 352 0015 00       		.byte	0
 353 0016 0B       		.uleb128 0xb
 354 0017 0B       		.uleb128 0xb
 355 0018 3E       		.uleb128 0x3e
 356 0019 0B       		.uleb128 0xb
 357 001a 03       		.uleb128 0x3
 358 001b 0E       		.uleb128 0xe
 359 001c 00       		.byte	0
 360 001d 00       		.byte	0
 361 001e 03       		.uleb128 0x3
 362 001f 24       		.uleb128 0x24
 363 0020 00       		.byte	0
 364 0021 0B       		.uleb128 0xb
 365 0022 0B       		.uleb128 0xb
 366 0023 3E       		.uleb128 0x3e
 367 0024 0B       		.uleb128 0xb
 368 0025 03       		.uleb128 0x3
 369 0026 08       		.uleb128 0x8
 370 0027 00       		.byte	0
 371 0028 00       		.byte	0
 372 0029 04       		.uleb128 0x4
 373 002a 16       		.uleb128 0x16
 374 002b 00       		.byte	0
 375 002c 03       		.uleb128 0x3
 376 002d 0E       		.uleb128 0xe
 377 002e 3A       		.uleb128 0x3a
 378 002f 0B       		.uleb128 0xb
 379 0030 3B       		.uleb128 0x3b
 380 0031 0B       		.uleb128 0xb
 381 0032 49       		.uleb128 0x49
 382 0033 13       		.uleb128 0x13
 383 0034 00       		.byte	0
 384 0035 00       		.byte	0
 385 0036 05       		.uleb128 0x5
 386 0037 35       		.uleb128 0x35
 387 0038 00       		.byte	0
 388 0039 49       		.uleb128 0x49
 389 003a 13       		.uleb128 0x13
 390 003b 00       		.byte	0
 391 003c 00       		.byte	0
 392 003d 06       		.uleb128 0x6
 393 003e 13       		.uleb128 0x13
 394 003f 01       		.byte	0x1
ARM GAS  C:\Users\LOCALA~1\AppData\Local\Temp\cclHjy0w.s 			page 12


 395 0040 03       		.uleb128 0x3
 396 0041 0E       		.uleb128 0xe
 397 0042 0B       		.uleb128 0xb
 398 0043 0B       		.uleb128 0xb
 399 0044 3A       		.uleb128 0x3a
 400 0045 0B       		.uleb128 0xb
 401 0046 3B       		.uleb128 0x3b
 402 0047 0B       		.uleb128 0xb
 403 0048 01       		.uleb128 0x1
 404 0049 13       		.uleb128 0x13
 405 004a 00       		.byte	0
 406 004b 00       		.byte	0
 407 004c 07       		.uleb128 0x7
 408 004d 0D       		.uleb128 0xd
 409 004e 00       		.byte	0
 410 004f 03       		.uleb128 0x3
 411 0050 0E       		.uleb128 0xe
 412 0051 3A       		.uleb128 0x3a
 413 0052 0B       		.uleb128 0xb
 414 0053 3B       		.uleb128 0x3b
 415 0054 0B       		.uleb128 0xb
 416 0055 49       		.uleb128 0x49
 417 0056 13       		.uleb128 0x13
 418 0057 38       		.uleb128 0x38
 419 0058 0B       		.uleb128 0xb
 420 0059 00       		.byte	0
 421 005a 00       		.byte	0
 422 005b 08       		.uleb128 0x8
 423 005c 2E       		.uleb128 0x2e
 424 005d 00       		.byte	0
 425 005e 3F       		.uleb128 0x3f
 426 005f 19       		.uleb128 0x19
 427 0060 03       		.uleb128 0x3
 428 0061 0E       		.uleb128 0xe
 429 0062 3A       		.uleb128 0x3a
 430 0063 0B       		.uleb128 0xb
 431 0064 3B       		.uleb128 0x3b
 432 0065 0B       		.uleb128 0xb
 433 0066 27       		.uleb128 0x27
 434 0067 19       		.uleb128 0x19
 435 0068 11       		.uleb128 0x11
 436 0069 01       		.uleb128 0x1
 437 006a 12       		.uleb128 0x12
 438 006b 06       		.uleb128 0x6
 439 006c 40       		.uleb128 0x40
 440 006d 18       		.uleb128 0x18
 441 006e 9742     		.uleb128 0x2117
 442 0070 19       		.uleb128 0x19
 443 0071 00       		.byte	0
 444 0072 00       		.byte	0
 445 0073 09       		.uleb128 0x9
 446 0074 2E       		.uleb128 0x2e
 447 0075 00       		.byte	0
 448 0076 3F       		.uleb128 0x3f
 449 0077 19       		.uleb128 0x19
 450 0078 03       		.uleb128 0x3
 451 0079 0E       		.uleb128 0xe
ARM GAS  C:\Users\LOCALA~1\AppData\Local\Temp\cclHjy0w.s 			page 13


 452 007a 3A       		.uleb128 0x3a
 453 007b 0B       		.uleb128 0xb
 454 007c 3B       		.uleb128 0x3b
 455 007d 0B       		.uleb128 0xb
 456 007e 27       		.uleb128 0x27
 457 007f 19       		.uleb128 0x19
 458 0080 11       		.uleb128 0x11
 459 0081 01       		.uleb128 0x1
 460 0082 12       		.uleb128 0x12
 461 0083 06       		.uleb128 0x6
 462 0084 40       		.uleb128 0x40
 463 0085 18       		.uleb128 0x18
 464 0086 9642     		.uleb128 0x2116
 465 0088 19       		.uleb128 0x19
 466 0089 00       		.byte	0
 467 008a 00       		.byte	0
 468 008b 0A       		.uleb128 0xa
 469 008c 34       		.uleb128 0x34
 470 008d 00       		.byte	0
 471 008e 03       		.uleb128 0x3
 472 008f 0E       		.uleb128 0xe
 473 0090 3A       		.uleb128 0x3a
 474 0091 0B       		.uleb128 0xb
 475 0092 3B       		.uleb128 0x3b
 476 0093 0B       		.uleb128 0xb
 477 0094 49       		.uleb128 0x49
 478 0095 13       		.uleb128 0x13
 479 0096 02       		.uleb128 0x2
 480 0097 18       		.uleb128 0x18
 481 0098 00       		.byte	0
 482 0099 00       		.byte	0
 483 009a 00       		.byte	0
 484              		.section	.debug_aranges,"",%progbits
 485 0000 34000000 		.4byte	0x34
 486 0004 0200     		.2byte	0x2
 487 0006 00000000 		.4byte	.Ldebug_info0
 488 000a 04       		.byte	0x4
 489 000b 00       		.byte	0
 490 000c 0000     		.2byte	0
 491 000e 0000     		.2byte	0
 492 0010 00000000 		.4byte	.LFB0
 493 0014 0C000000 		.4byte	.LFE0-.LFB0
 494 0018 00000000 		.4byte	.LFB1
 495 001c 0C000000 		.4byte	.LFE1-.LFB1
 496 0020 00000000 		.4byte	.LFB2
 497 0024 34000000 		.4byte	.LFE2-.LFB2
 498 0028 00000000 		.4byte	.LFB3
 499 002c 24000000 		.4byte	.LFE3-.LFB3
 500 0030 00000000 		.4byte	0
 501 0034 00000000 		.4byte	0
 502              		.section	.debug_ranges,"",%progbits
 503              	.Ldebug_ranges0:
 504 0000 00000000 		.4byte	.LFB0
 505 0004 0C000000 		.4byte	.LFE0
 506 0008 00000000 		.4byte	.LFB1
 507 000c 0C000000 		.4byte	.LFE1
 508 0010 00000000 		.4byte	.LFB2
ARM GAS  C:\Users\LOCALA~1\AppData\Local\Temp\cclHjy0w.s 			page 14


 509 0014 34000000 		.4byte	.LFE2
 510 0018 00000000 		.4byte	.LFB3
 511 001c 24000000 		.4byte	.LFE3
 512 0020 00000000 		.4byte	0
 513 0024 00000000 		.4byte	0
 514              		.section	.debug_line,"",%progbits
 515              	.Ldebug_line0:
 516 0000 AB000000 		.section	.debug_str,"MS",%progbits,1
 516      02005200 
 516      00000201 
 516      FB0E0D00 
 516      01010101 
 517              	.LASF6:
 518 0000 6C6F6E67 		.ascii	"long long int\000"
 518      206C6F6E 
 518      6720696E 
 518      7400
 519              	.LASF15:
 520 000e 656E6162 		.ascii	"enableState\000"
 520      6C655374 
 520      61746500 
 521              	.LASF8:
 522 001a 756E7369 		.ascii	"unsigned int\000"
 522      676E6564 
 522      20696E74 
 522      00
 523              	.LASF24:
 524 0027 47656E65 		.ascii	"Generated_Source\\PSoC5\\UART_2_PM.c\000"
 524      72617465 
 524      645F536F 
 524      75726365 
 524      5C50536F 
 525              	.LASF20:
 526 004a 55415254 		.ascii	"UART_2_RestoreConfig\000"
 526      5F325F52 
 526      6573746F 
 526      7265436F 
 526      6E666967 
 527              	.LASF19:
 528 005f 55415254 		.ascii	"UART_2_SaveConfig\000"
 528      5F325F53 
 528      61766543 
 528      6F6E6669 
 528      6700
 529              	.LASF26:
 530 0071 55415254 		.ascii	"UART_2_backupStruct_\000"
 530      5F325F62 
 530      61636B75 
 530      70537472 
 530      7563745F 
 531              	.LASF12:
 532 0086 75696E74 		.ascii	"uint8\000"
 532      3800
 533              	.LASF5:
 534 008c 6C6F6E67 		.ascii	"long unsigned int\000"
 534      20756E73 
 534      69676E65 
ARM GAS  C:\Users\LOCALA~1\AppData\Local\Temp\cclHjy0w.s 			page 15


 534      6420696E 
 534      7400
 535              	.LASF27:
 536 009e 55415254 		.ascii	"UART_2_backup\000"
 536      5F325F62 
 536      61636B75 
 536      7000
 537              	.LASF7:
 538 00ac 6C6F6E67 		.ascii	"long long unsigned int\000"
 538      206C6F6E 
 538      6720756E 
 538      7369676E 
 538      65642069 
 539              	.LASF22:
 540 00c3 55415254 		.ascii	"UART_2_Wakeup\000"
 540      5F325F57 
 540      616B6575 
 540      7000
 541              	.LASF17:
 542 00d1 74785F63 		.ascii	"tx_clk_ctr\000"
 542      6C6B5F63 
 542      747200
 543              	.LASF1:
 544 00dc 756E7369 		.ascii	"unsigned char\000"
 544      676E6564 
 544      20636861 
 544      7200
 545              	.LASF11:
 546 00ea 63686172 		.ascii	"char\000"
 546      00
 547              	.LASF4:
 548 00ef 6C6F6E67 		.ascii	"long int\000"
 548      20696E74 
 548      00
 549              	.LASF23:
 550 00f8 474E5520 		.ascii	"GNU C 4.9.3 20150303 (release) [ARM/embedded-4_9-br"
 550      4320342E 
 550      392E3320 
 550      32303135 
 550      30333033 
 551 012b 616E6368 		.ascii	"anch revision 221220] -mcpu=cortex-m3 -mthumb -g -O"
 551      20726576 
 551      6973696F 
 551      6E203232 
 551      31323230 
 552 015e 30202D66 		.ascii	"0 -ffunction-sections -ffat-lto-objects\000"
 552      66756E63 
 552      74696F6E 
 552      2D736563 
 552      74696F6E 
 553              	.LASF21:
 554 0186 55415254 		.ascii	"UART_2_Sleep\000"
 554      5F325F53 
 554      6C656570 
 554      00
 555              	.LASF10:
 556 0193 646F7562 		.ascii	"double\000"
ARM GAS  C:\Users\LOCALA~1\AppData\Local\Temp\cclHjy0w.s 			page 16


 556      6C6500
 557              	.LASF18:
 558 019a 55415254 		.ascii	"UART_2_BACKUP_STRUCT\000"
 558      5F325F42 
 558      41434B55 
 558      505F5354 
 558      52554354 
 559              	.LASF3:
 560 01af 73686F72 		.ascii	"short unsigned int\000"
 560      7420756E 
 560      7369676E 
 560      65642069 
 560      6E7400
 561              	.LASF0:
 562 01c2 7369676E 		.ascii	"signed char\000"
 562      65642063 
 562      68617200 
 563              	.LASF25:
 564 01ce 433A5C55 		.ascii	"C:\\Users\\localadmin\\Downloads\\kam\\PSoC program"
 564      73657273 
 564      5C6C6F63 
 564      616C6164 
 564      6D696E5C 
 565 01fc 5C63616D 		.ascii	"\\camera01\\UART_1.cydsn\000"
 565      65726130 
 565      315C5541 
 565      52545F31 
 565      2E637964 
 566              	.LASF9:
 567 0213 666C6F61 		.ascii	"float\000"
 567      7400
 568              	.LASF2:
 569 0219 73686F72 		.ascii	"short int\000"
 569      7420696E 
 569      7400
 570              	.LASF13:
 571 0223 72656738 		.ascii	"reg8\000"
 571      00
 572              	.LASF16:
 573 0228 72785F70 		.ascii	"rx_period\000"
 573      6572696F 
 573      6400
 574              	.LASF14:
 575 0232 73697A65 		.ascii	"sizetype\000"
 575      74797065 
 575      00
 576              		.ident	"GCC: (GNU Tools for ARM Embedded Processors) 4.9.3 20150303 (release) [ARM/embedded-4_9-br
